Started by user unknown or anonymous
Obtained Jenkinsfile from git https://github.com/superigno/berlin-clock
Running in Durability level: MAX_SURVIVABILITY
[8mha:////4BE22HpetdifMHYMQM2iNtAvnSS9To7WxNYqzfaLwdtAAAAAoh+LCAAAAAAAAP9tjTEOwjAQBM8BClpKHuFItIiK1krDC0x8GCfWnbEdkooX8TX+gCESFVvtrLSa5wtWKcKBo5UdUu8otU4GP9jS5Mixv3geZcdn2TIl9igbHBs2eJyx4YwwR1SwULBGaj0nRzbDRnX6rmuvydanHMu2V1A5c4MHCFXMWcf8hSnC9jqYxPTz/BXAFEIGsfuclm8zQVqFvQAAAA==[0m[Pipeline] Start of Pipeline
[8mha:////4KC+D2chgoQ5Z3fYuiEkDhekuJpDvz0ZOOjLyfMpUoZHAAAApR+LCAAAAAAAAP9tjTEOwjAUQ3+KOrAycohUghExsUZZOEFIQkgb/d8mKe3EibgadyBQiQlLlmxL1nu+oE4RjhQdby12HpP2vA+jK4lPFLtroIm3dOGaMFGwXNpJkrGnpUrKFhaxClYC1hZ1oOTRZdiIVt1VExS65pxj2Q4CKm8GeAAThZxVzN8yR9jeRpMIf5y/AJj7DGxXvP/86jduZBmjwAAAAA==[0m[Pipeline] node
Running on [8mha:////4JvjCxRw38TcAXXJCNf0hlMG93yI1zFTwW85ZM4hsHFfAAAAnh+LCAAAAAAAAP9b85aBtbiIQTGjNKU4P08vOT+vOD8nVc83PyU1x6OyILUoJzMv2y+/JJUBAhiZGBgqihhk0NSjKDWzXb3RdlLBUSYGJk8GtpzUvPSSDB8G5tKinBIGIZ+sxLJE/ZzEvHT94JKizLx0a6BxUmjGOUNodHsLgAz2EgZh/eT83ILSktQifY3cxGIgrakPAHib2iPIAAAA[0mJenkins in /var/jenkins_home/jobs/pipeline-script-from-scm/workspace
[8mha:////4E20iQoyWRor0qooHDe/UTCnznCictSz6H1QC5z2aF1jAAAApR+LCAAAAAAAAP9tjTEOwjAUQ3+KOrAycoh0gA0xsUZZOEFIQkgb/d8mKe3EibgadyBQiQlLlmxL1nu+oE4RjhQdby12HpP2vA+jK4lPFLtroIm3dOGaMFGwXNpJkrGnpUrKFhaxClYC1hZ1oOTRZdiIVt1VExS65pxj2Q4CKm8GeAAThZxVzN8yR9jeRpMIf5y/AJj7DGxXvP/86jfoP95RwAAAAA==[0m[Pipeline] {
[8mha:////4IYdQXjIRTeNgRBHKUBDVR+9m7FuvuZdmOESfdtMeM4HAAAApR+LCAAAAAAAAP9tjTEOwjAUQ3+KOrAycoh0gQkxsUZZOEFIQkgb/d8mKe3EibgadyBQiQlLlmxL1nu+oE4RjhQdby12HpP2vA+jK4lPFLtroIm3dOGaMFGwXNpJkrGnpUrKFhaxClYC1hZ1oOTRZdiIVt1VExS65pxj2Q4CKm8GeAAThZxVzN8yR9jeRpMIf5y/AJj7DGxXvP/86jc09154wAAAAA==[0m[Pipeline] stage
[8mha:////4LHUztGM+SZiqFAvseLQAJKBc7/UAWAdFtZ3hWhRNNTRAAAApR+LCAAAAAAAAP9tjTEOwjAUQ3+KOrAycoh0ggUxsUZZOEFIQkgb/d8mKe3EibgadyBQiQlLlmxL1nu+oE4RjhQdby12HpP2vA+jK4lPFLtroIm3dOGaMFGwXNpJkrGnpUrKFhaxClYC1hZ1oOTRZdiIVt1VExS65pxj2Q4CKm8GeAAThZxVzN8yR9jeRpMIf5y/AJj7DGxXvP/86jek7ggRwAAAAA==[0m[Pipeline] { (Declarative: Checkout SCM)
[8mha:////4MM6ML5Q+llJe0Yj/E2e6psCBnLIfM2jQCMA4VOyvFSEAAAAoh+LCAAAAAAAAP9tjTEOAiEURD9rLGwtPQTbaWGsbAmNJ0AWEZb8zwLrbuWJvJp3kLiJlZNMMm+a93rDOic4UbLcG+wdZu14DKOti0+U+lugiXu6ck2YKRguzSSpM+cFJRUDS1gDKwEbgzpQdmgLbIVXD9UGhba9lFS/o4DGdQM8gYlqLiqVL8wJdvexy4Q/z18BzLEA29ce4gfg7KmOvAAAAA==[0m[Pipeline] checkout
No credentials specified
 > git rev-parse --is-inside-work-tree # timeout=10
Fetching changes from the remote Git repository
 > git config remote.origin.url https://github.com/superigno/berlin-clock # timeout=10
Fetching upstream changes from https://github.com/superigno/berlin-clock
 > git --version # timeout=10
 > git fetch --tags --progress -- https://github.com/superigno/berlin-clock +refs/heads/*:refs/remotes/origin/* # timeout=10
 > git rev-parse refs/remotes/origin/master^{commit} # timeout=10
 > git rev-parse refs/remotes/origin/origin/master^{commit} # timeout=10
Checking out Revision 2efb48cb5deef6ecf57e3f36cb64044d6b027675 (refs/remotes/origin/master)
 > git config core.sparsecheckout # timeout=10
 > git checkout -f 2efb48cb5deef6ecf57e3f36cb64044d6b027675 # timeout=10
Commit message: "revert"
 > git rev-list --no-walk 2efb48cb5deef6ecf57e3f36cb64044d6b027675 # timeout=10
[8mha:////4KnVLM6Uki7fmueeDagmu3W5zcteL2/YsV0BULOE+WK3AAAAoh+LCAAAAAAAAP9tjTEOAiEURD9rLGwtPQTbGRNjZUtoPAGyiLDkfxZYdytP5NW8g8RNrJxkknnTvNcb1jnBiZLl3mDvMGvHYxhtXXyi1N8CTdzTlWvCTMFwaSZJnTkvKKkYWMIaWAnYGNSBskNbYCu8eqg2KLTtpaT6HQU0rhvgCUxUc1GpfGFOsLuPXSb8ef4KYI6xADvU7j9Dg2gqvAAAAA==[0m[Pipeline] }
[8mha:////4NjFrN281BNgmExMbrSy3dc/5Cq3MWHBfUczVS1TtTwlAAAAoh+LCAAAAAAAAP9tjTEOAiEURD9rLGwtPQRbWRhjZUtoPAGyiLDkfxZYdytP5NW8g8RNrJxkknnTvNcb1jnBiZLl3mDvMGvHYxhtXXyi1N8CTdzTlWvCTMFwaSZJnTkvKKkYWMIaWAnYGNSBskNbYCu8eqg2KLTtpaT6HQU0rhvgCUxUc1GpfGFOsLuPXSb8ef4KYI6xADvU7j9J+wGOvAAAAA==[0m[Pipeline] // stage
[8mha:////4PadWXqoNFxZbZcE35xe/BULGaqIWmDUNAegO6oezYJsAAAAph+LCAAAAAAAAP9tjTEOwjAQBM9BKWgpeYQDEh2iorXc8AITG+PEugv2haTiRXyNPxCIRMVWOyut5vmCMic4UPKycdgGzHWQXez91ORAqb1EGmRDZ1kTZopOajdosu44oyZ2MEcUsFCwdFhHygE9w0o15m6qaNBXJ07TtldQBHuDBwg1mdkk/sKYYH3tbSb8ef4KYOwYxI6h2G4+x/INtuQqUcEAAAA=[0m[Pipeline] withEnv
[8mha:////4NYmX2Pmn/NUMw5WH9GwvoPQmF8H0r9p7Yr/VLw7bH8MAAAApR+LCAAAAAAAAP9tjTEOwjAUQ3+DOrAycoiUzoiJNerCCUITQtLo/zZJSSdOxNW4Ay2VmPBg2Zas93pDGQOcKBjuNHYWY2t570czJ54pdDdPmTu68pYwkte80bkhpc9rbShpWFUw2AjYamw9RYsmwU44+ZCVl2iqSwrzdhTArBrgCYWYyUmG9C1TgP19VJHwx/kLgKlPwOrDYvXyLD8BobDcwgAAAA==[0m[Pipeline] {
[8mha:////4JWX8lI3IboApyqvLRBDl1zRBpt/vNkWitxQ/6c3cCkVAAAAph+LCAAAAAAAAP9tjTEOwjAUQ3+LOrAycohUZUVMrFEWThCaEJJG/7dJSjpxIq7GHWipxIQHy7ZkvdcbqhjgRMEwp7GzGFvLej+aObFMobt5yszRlbWEkbxmQmdBSp/XKihpWFWUsOGw1dh6ihZNgh138iFrL9HUlxTm7cihtGqAJxR8JicZ0rdMAfb3UUXCH+cvAKY+Qdk0ix2WZ/UBbwyqm8IAAAA=[0m[Pipeline] stage
[8mha:////4PamffJ8vT/oLbjn25/UOHOhhIzpIYxTdP/hS4g/88KdAAAAph+LCAAAAAAAAP9tjTEOwjAUQ3+LOrAycohUwIiYukZZOEFoQkgb/V9+UtqJE3E17kBLJSY8WLYl673eUESGE7ETjcXWY6y96ELvpiQG4vYaaBANXURNGClYoeygyNhqqYqShUVZDisJa4t1oOjRJdjIRj90GTS68px42o4Scm/u8IRMTuSkOX3LyLC99SYS/jh/ATB2CfLdfrbD/Cw+y7kUycIAAAA=[0m[Pipeline] { (Declarative: Tool Install)
[8mha:////4NFBpjCiadF5DL+hL9pgOk37/pZQpIjZ15BwayGAzJrgAAAApB+LCAAAAAAAAP9tjTEOwjAQBC9BFLSUPOIiBB2iSmu54QUmNsaJdWdsh6TiRXyNPxCIRMUWq51t5vmCZYpw5GixNdQ5So3D4Hs7LRw4dhfPA7Z8xoYpsTcozSBZm3pGydnAnKKEhYCVocZzcmQzrEWr7qryimx1ynH6DgJKp2/wgEJM5qxi/sIYYXPtdWL6ef4KYAwZyu3uU/vwBgq0rvS+AAAA[0m[Pipeline] tool
Unpacking file:/var/jenkins_home/downloads/jdk-8u131-linux-x64.tar.gz to /var/jenkins_home/tools/hudson.model.JDK/jdk8 on Jenkins
[8mha:////4Nx1ZG8FSO06vEuqmooc+gIC1YScw9MuQWnMHM2M0hdGAAAApB+LCAAAAAAAAP9tjTEOwjAQBC9BFLSUPOIihKgQVVrLDS8wsTFOrDtjOyQVL+Jr/IFAJCq2WO1sM88XLFOEI0eLraHOUWocBt/baeHAsbt4HrDlMzZMib1BaQbJ2tQzSs4G5hQlLASsDDWekyObYS1adVeVV2SrU47TdxBQOn2DBxRiMmcV8xfGCJtrrxPTz/NXAGPIUG53n9qHN0uFte2+AAAA[0m[Pipeline] envVarsForTool
[8mha:////4P7ABV8oOwHmA3x2pDY+K5inF6kGfWlx7eF94GpH9K35AAAApR+LCAAAAAAAAP9tjTEOwjAQBC9BFLSUPOIihESDqNJabniBiY1xYt0Z2yGpeBFf4w8EIlGxxWpnm3m+YJkiHDlabA11jlLjMPjeTgsHjt3F84Atn7FhSuwNSjNI1qaeUXI2MKcoYSFgZajxnBzZDGvRqruqvCJbnXKcvoOA0ukbPKAQkzmrmL8wRthce52Yfp6/AhhDhnK7+9Q+vAGI1pjGvgAAAA==[0m[Pipeline] tool
Unpacking file:/var/jenkins_home/downloads/apache-maven-3.5.0-bin.tar.gz to /var/jenkins_home/tools/hudson.tasks.Maven_MavenInstallation/maven3 on Jenkins
[8mha:////4CgukGVAolQryMcrNY17DxEPMbVoscuPhd+0u8ibQDwzAAAApR+LCAAAAAAAAP9tjTEOwjAQBC9BFLSUPOIiREGBqNJabniBiY1xYt0Z2yGpeBFf4w8EIlGxxWpnm3m+YJkiHDlabA11jlLjMPjeTgsHjt3F84Atn7FhSuwNSjNI1qaeUXI2MKcoYSFgZajxnBzZDGvRqruqvCJbnXKcvoOA0ukbPKAQkzmrmL8wRthce52Yfp6/AhhDhnK7+9Q+vAHJ54PfvgAAAA==[0m[Pipeline] envVarsForTool
[8mha:////4EGGC5pXSp7+Wwg4+YklC8GG1d4FYyKamwPKkVoOzlBEAAAApR+LCAAAAAAAAP9tjTEOwjAQBC9BFLSUPOIiRIOEqNJabniBiY1xYt0Z2yGpeBFf4w8EIlGxxWpnm3m+YJkiHDlabA11jlLjMPjeTgsHjt3F84Atn7FhSuwNSjNI1qaeUXI2MKcoYSFgZajxnBzZDGvRqruqvCJbnXKcvoOA0ukbPKAQkzmrmL8wRthce52Yfp6/AhhDyFBu95/avQFudLBjvgAAAA==[0m[Pipeline] }
[8mha:////4KbkV1ttfKGcBsBsQd4xcGm/MefJNfEKZuUKp++XIme1AAAApB+LCAAAAAAAAP9tjTEOwjAQBC9BFLSUPOIi6BCiSmu54QUmNsaJdWdsh6TiRXyNPxCIRMUWq51t5vmCZYpw5GixNdQ5So3D4Hs7LRw4dhfPA7Z8xoYpsTcozSBZm3pGydnAnKKEhYCVocZzcmQzrEWr7qryimx1ynH6DgJKp2/wgEJM5qxi/sIYYXPtdWL6ef4KYAwhQ7ndf2r3Bl2X69++AAAA[0m[Pipeline] // stage
[8mha:////4HaeA57BeMkXACHEkvLeMyft8SHfdEew8lBy22kqqTppAAAAph+LCAAAAAAAAP9tjTEOwjAUQ3+LOrAycoiUsiKmrlEWThCSENJG/5ckpZ04EVfjDgQqMeHBsi1Z7/mCKgY4UrCsM9g7jMqxwY82JzZR6C+eJtbRmSnCSN4wYSZB2rRLFZQMLCpKWHFYG1SeokObYMM7eZe1l2jrUwp5O3Aonb7BAwqeyUmG9C1zgO111JHwx/kLgHlIUDZNtv3u86ze+beK58IAAAA=[0m[Pipeline] withEnv
[8mha:////4D+1BehsBNXaNnMTUcDII+85ykjOa5YYjeGqqJKPKoeMAAAAph+LCAAAAAAAAP9tjTEOwjAUQ3+LOrAycogUWBFT1ygLJwhNCGmj/8tPSjtxIq7GHWipxIQHy7ZkvdcbishwInaisdh6jLUXXejdlMRA3F4DDaKhi6gJIwUrlB0UGVstVVGysCjLYSVhbbEOFD26BBvZ6Icug0ZXnhNP21FC7s0dnpDJiZw0p28ZGba33kTCH+cvAMYuQX7Yzbafn8UHbGnGmsIAAAA=[0m[Pipeline] {
[8mha:////4Mizv9PDNUnJt0rnBHikiBuJ6dlxtEARyuz0r8wgD7ruAAAAph+LCAAAAAAAAP9tjTEOwjAUQ3+DOrAycohUdEVMrFEXThCaEJJG/7dJSjpxIq7GHWipxIQHy7ZkvdcbyhjgRMFwp7GzGFvLez+aOfFMobt5ytzRlbeEkbzmjc4NKX1ea0NJw6qCwUbAVmPrKVo0CXbCyYesvERTXVKYt6MAZtUATyjETE4ypG+ZAuzvo4qEP85fAEx9AlYfFquXZ/kBAsTc3cIAAAA=[0m[Pipeline] stage
[8mha:////4CzeydT87y7Nno8uKnZDQIsCovDnFkHqIPR21fLZf06hAAAAph+LCAAAAAAAAP9tjTEOwjAUQ3+LOrAycohUKiNiYo2ycILQhJA0+r9NUtKJE3E17kBLJSY8WLYl673eUMUAJwqGOY2dxdha1vvRzIllCt3NU2aOrqwljOQ1EzoLUvq8VkFJw6qihA2HrcbWU7RoEuy4kw9Ze4mmvqQwb0cOpVUDPKHgMznJkL5lCrC/jyoS/jh/ATD1CcqmWeywPKsPpnFij8IAAAA=[0m[Pipeline] { (install and sonar parallel)
[8mha:////4GwpVv1xnouds+iVB9pK94HarFVLdLfKAgrwHyJ3iN7DAAAApB+LCAAAAAAAAP9tjTEOwjAQBC9BFLSUPOIiAR2iSmu54QUmNsaJdWdsh6TiRXyNPxCIRMUWq51t5vmCZYpw5GixNdQ5So3D4Hs7LRw4dhfPA7Z8xoYpsTcozSBZm3pGydnAnKKEhYCVocZzcmQzrEWr7qryimx1ynH6DgJKp2/wgEJM5qxi/sIYYXPtdWL6ef4KYAwZyu3uU/vwBrANZ3i+AAAA[0m[Pipeline] tool
[8mha:////4CpkjoqGwepK4NGbT9Jygw6GNVUU4PKI0vN6PF6XN1RaAAAApB+LCAAAAAAAAP9tjTEOwjAQBC9BFLSUPOIigagQVVrLDS8wsTFOrDtjOyQVL+Jr/IFAJCq2WO1sM88XLFOEI0eLraHOUWocBt/baeHAsbt4HrDlMzZMib1BaQbJ2tQzSs4G5hQlLASsDDWekyObYS1adVeVV2SrU47TdxBQOn2DBxRiMmcV8xfGCJtrrxPTz/NXAGPIUG53n9qHN/E8fGG+AAAA[0m[Pipeline] envVarsForTool
[8mha:////4L4ZuP2+o14sfM+PsUrilocCIbQA9Fj41Eo9bElpEa/SAAAApR+LCAAAAAAAAP9tjTEOwjAQBC9BFLSUPOIigUSDqNJabniBiY1xYt0Z2yGpeBFf4w8EIlGxxWpnm3m+YJkiHDlabA11jlLjMPjeTgsHjt3F84Atn7FhSuwNSjNI1qaeUXI2MKcoYSFgZajxnBzZDGvRqruqvCJbnXKcvoOA0ukbPKAQkzmrmL8wRthce52Yfp6/AhhDhnK7+9Q+vAEyb1FKvgAAAA==[0m[Pipeline] tool
[8mha:////4P/ml4SO4svu6l6PD4zsil/VthbRxzAkuy7B8JuZrl84AAAApR+LCAAAAAAAAP9tjTEOwjAQBC9BFLSUPOIiQUGBqNJabniBiY1xYt0Z2yGpeBFf4w8EIlGxxWpnm3m+YJkiHDlabA11jlLjMPjeTgsHjt3F84Atn7FhSuwNSjNI1qaeUXI2MKcoYSFgZajxnBzZDGvRqruqvCJbnXKcvoOA0ukbPKAQkzmrmL8wRthce52Yfp6/AhhDhnK7+9Q+vAFzXkpTvgAAAA==[0m[Pipeline] envVarsForTool
[8mha:////4CGP3IxkAydwp9piuVDgA+wYV+BYfMSBIv3q12nXqqeVAAAAqB+LCAAAAAAAAP9tjTEOwjAUQ3+LOrAycohUggUJMXWNsnCC0ISQNvq//KS0EyfiatyBlkpMeLBsS9Z7vaGIDCdiJxqLrcdYe9GF3k1JDMTtNdAgGrqImjBSsELZQZGx1VIVJQuLshxWEtYW60DRo0uwkY1+6DJodOU58bQdJeTe3OEJmZzISXP6lpFhe+tNJPxx/gJg7BLku/1sh/lZfAClXiskwgAAAA==[0m[Pipeline] withEnv
[8mha:////4DpBSwA5Ts2RakZrzQOsEkpyZGVPPrOH/GHScz0kNPm0AAAApx+LCAAAAAAAAP9tjTEOwjAUQ3+LOrAycohUYgIhpq5RFk4QmhDSRv+Xn5R24kRcjTvQUokJD5ZtyXqvNxSR4UTsRGOx9RhrL7rQuymJgbi9BhpEQxdRE0YKVig7KDK2WqqiZGFRlsNKwtpiHSh6dAk2stEPXQaNrjwnnrajhNybOzwhkxM5aU7fMjJsb72JhD/OXwCMXYJ8t5/tMD+LD0QKVszCAAAA[0m[Pipeline] {
[8mha:////4K0Sm1inagUwRnn6Y8GXQrHj79dPsqTR4MEN3LmvWqYhAAAAqB+LCAAAAAAAAP9tjTEOwjAUQ3+LOrAycogUwYRQJ9aoCycITQhJo/9LkpJOnIircQcClZjwYNmWrPd8QRU8NOQ1swp7g6EzbHCjzokl8v3FUWKWzqwjDOQUa1VqSarjXFuKCmYVJSw4LBV2joJBHWHFrbiL2gnU9Sn6vB04lEbe4AEFz+QofPyWycP6OspA+OP8BcA0RCi3+2y7zedZvQH4j6CMwgAAAA==[0m[Pipeline] parallel
[8mha:////4OB0Wbzf/VEyNRShLSwp1b7KrkZhLkxIH2AphIAxGndKAAAAph+LCAAAAAAAAP9tjTEOwjAUQ3+LOrAycogUwYiYukZZOEFoQkgb/V9+UtqJE3E17kBLJSY8WLYl673eUESGE7ETjcXWY6y96ELvpiQG4vYaaBANXURNGClYoeygyNhqqYqShUVZDisJa4t1oOjRJdjIRj90GTS68px42o4Scm/u8IRMTuSkOX3LyLC99SYS/jh/ATB2CfLDbrb9/Cw+GVyAIcIAAAA=[0m[Pipeline] { (Branch: install)
[8mha:////4BYM1cH6P0TrpH+WZSP5pybkLjeHJbD/MKGPdr6+zv9HAAAAph+LCAAAAAAAAP9tjTEOwjAUQ3+DOrAycogUqSNiYo26cILQhJA0+r9NUtKJE3E17kBLJSY8WLYl673eUMYAJwqGO42dxdha3vvRzIlnCt3NU+aOrrwljOQ1b3RuSOnzWhtKGlYVDDYCthpbT9GiSbATTj5k5SWa6pLCvB0FMKsGeEIhZnKSIX3LFGB/H1Uk/HH+AmDqE7D6sFi9PMsPvI/c6sIAAAA=[0m[Pipeline] { (Branch: sonar)
[8mha:////4PvZAmWjtaOc3IekAhEjKqgmhAPLYUxpi5NKrcM28TK5AAAApB+LCAAAAAAAAP9tjTEOwjAQBC9BFLSUPOIiAR2iSmu54QUmNsaJdWdsh6TiRXyNPxCIRMUWq51t5vmCZYpw5GixNdQ5So3D4Hs7LRw4dhfPA7Z8xoYpsTcozSBZm3pGydnAnKKEhYCVocZzcmQzrEWr7qryimx1ynH6DgJKp2/wgEJM5qxi/sIYYXPtdWL6ef4KYAwZyt32U/vwBq1seBO+AAAA[0m[Pipeline] sh
[8mha:////4J1RbJ0NoBWGdxwiYmEzCBes22PTDG6q7x8OFW32syMlAAAAox+LCAAAAAAAAP9tjTESwiAURH/iWNhaeghSZKwcK1uGxhNggghh/idAJJUn8mreQTQzVm6xs2+b93zBOgY4UtDMKhwMxs4w7yZdFssUhqujzCxdWEcYySkmVBbUq9OCgpKCJVUNKw4bhZ2jaFAn2HIr77JxEnVzTqF8Bw616Ud4QMWLOcmQvjAH2N2mPhL+PH8FMPsEddt+au/fWFYUrL4AAAA=[0m[Pipeline] sh
+ mvn -U clean test cobertura:cobertura -Dcobertura.report.format=xml
+ mvn sonar:sonar -Dsonar.host.url=http://172.19.96.1:9004
[INFO] Scanning for projects...
[INFO] Scanning for projects...
[INFO] 
[INFO] ------------------------------------------------------------------------
[INFO] Building berlin-clock 1.1-SNAPSHOT
[INFO] ------------------------------------------------------------------------
[INFO] 
[INFO] --- sonar-maven-plugin:3.7.0.1746:sonar (default-cli) @ berlin-clock ---
Downloading: https://repo.maven.apache.org/maven2/org/apache/maven/plugins/maven-metadata.xml
Downloading: https://repo.maven.apache.org/maven2/org/codehaus/mojo/maven-metadata.xml
[INFO] User cache: /var/jenkins_home/.sonar/cache
Progress (1): 2.2/20 kBProgress (2): 2.2/20 kB | 2.2/14 kBProgress (2): 2.2/20 kB | 5.0/14 kBProgress (2): 2.2/20 kB | 7.8/14 kBProgress (2): 5.0/20 kB | 7.8/14 kBProgress (2): 7.8/20 kB | 7.8/14 kBProgress (2): 11/20 kB | 7.8/14 kB Progress (2): 13/20 kB | 7.8/14 kBProgress (2): 13/20 kB | 11/14 kB Progress (2): 13/20 kB | 13/14 kBProgress (2): 13/20 kB | 14 kB   Progress (2): 16/20 kB | 14 kBProgress (2): 19/20 kB | 14 kBProgress (2): 20 kB | 14 kB                              Downloaded: https://repo.maven.apache.org/maven2/org/codehaus/mojo/maven-metadata.xml (20 kB at 8.8 kB/s)
Downloaded: https://repo.maven.apache.org/maven2/org/apache/maven/plugins/maven-metadata.xml (14 kB at 5.8 kB/s)
[INFO] SonarQube version: 7.8.0
Downloading: https://repo.maven.apache.org/maven2/org/codehaus/mojo/cobertura-maven-plugin/maven-metadata.xml
Progress (1): 605 B[INFO] Default locale: "en", source code encoding: "UTF-8"
                   Downloaded: https://repo.maven.apache.org/maven2/org/codehaus/mojo/cobertura-maven-plugin/maven-metadata.xml (605 B at 1.7 kB/s)
[INFO] 
[INFO] ------------------------------------------------------------------------
[INFO] Building berlin-clock 1.1-SNAPSHOT
[INFO] ------------------------------------------------------------------------
[INFO] 
[INFO] --- maven-clean-plugin:2.5:clean (default-clean) @ berlin-clock ---
[INFO] Deleting /var/jenkins_home/jobs/pipeline-script-from-scm/workspace/target
[INFO] 
[INFO] --- maven-resources-plugin:2.6:resources (default-resources) @ berlin-clock ---
[WARNING] SonarQube scanners will require Java 11+ starting on next version
[INFO] Using 'UTF-8' encoding to copy filtered resources.
[INFO] skip non existing resourceDirectory /var/jenkins_home/jobs/pipeline-script-from-scm/workspace/src/main/resources
[INFO] 
[INFO] --- maven-compiler-plugin:3.1:compile (default-compile) @ berlin-clock ---
[INFO] Load global settings
[INFO] Load global settings (done) | time=767ms
[INFO] Server id: BF41A1F2-AW-DEfIe60HdSCUiXpXw
[INFO] User cache: /var/jenkins_home/.sonar/cache
[INFO] Load/download plugins
[INFO] Load plugins index
[INFO] Changes detected - recompiling the module!
[INFO] Compiling 20 source files to /var/jenkins_home/jobs/pipeline-script-from-scm/workspace/target/classes
[INFO] Load plugins index (done) | time=311ms
[INFO] 
[INFO] --- maven-resources-plugin:2.6:testResources (default-testResources) @ berlin-clock ---
[INFO] Using 'UTF-8' encoding to copy filtered resources.
[INFO] skip non existing resourceDirectory /var/jenkins_home/jobs/pipeline-script-from-scm/workspace/src/test/resources
[INFO] 
[INFO] --- maven-compiler-plugin:3.1:testCompile (default-testCompile) @ berlin-clock ---
[INFO] Changes detected - recompiling the module!
[INFO] Compiling 13 source files to /var/jenkins_home/jobs/pipeline-script-from-scm/workspace/target/test-classes
[INFO] 
[INFO] --- maven-surefire-plugin:2.12.4:test (default-test) @ berlin-clock ---
[INFO] Surefire report directory: /var/jenkins_home/jobs/pipeline-script-from-scm/workspace/target/surefire-reports
[INFO] Load/download plugins (done) | time=5723ms

-------------------------------------------------------
 T E S T S
-------------------------------------------------------
Running ken.kata.techtest.parser.BerlinClockParserTest
Tests run: 2, Failures: 0, Errors: 0, Skipped: 0, Time elapsed: 0.425 sec
Running ken.kata.techtest.BerlinClockLoadTest
[INFO] Process project properties
[INFO] Execute project builders
[INFO] Execute project builders (done) | time=7ms
[INFO] Project key: ken:berlin-clock
[INFO] Base dir: /var/jenkins_home/jobs/pipeline-script-from-scm/workspace
[INFO] Working dir: /var/jenkins_home/jobs/pipeline-script-from-scm/workspace/target/sonar
[INFO] Load project settings for component key: 'ken:berlin-clock'
[INFO] Load project settings for component key: 'ken:berlin-clock' (done) | time=80ms
[INFO] Load quality profiles
Tests run: 1, Failures: 0, Errors: 0, Skipped: 0, Time elapsed: 0.459 sec
Running ken.kata.techtest.clock.SecondsTest
Tests run: 3, Failures: 0, Errors: 0, Skipped: 0, Time elapsed: 0.009 sec
Running ken.kata.techtest.clock.HoursTest
RROO OOOO
Tests run: 5, Failures: 0, Errors: 0, Skipped: 0, Time elapsed: 0.023 sec
Running ken.kata.techtest.clock.MinutesTest
Tests run: 5, Failures: 0, Errors: 0, Skipped: 0, Time elapsed: 0.011 sec
Running ken.kata.techtest.clock.HoursTimeUnitBottomPartTest
Tests run: 3, Failures: 0, Errors: 0, Skipped: 0, Time elapsed: 0.008 sec
Running ken.kata.techtest.clock.SecondsTimeUnitPartTest
Tests run: 2, Failures: 0, Errors: 0, Skipped: 0, Time elapsed: 0.015 sec
Running ken.kata.techtest.clock.HoursTimeUnitTopPartTest
Tests run: 3, Failures: 0, Errors: 0, Skipped: 0, Time elapsed: 0.007 sec
Running ken.kata.techtest.clock.MinutesTimeUnitTopPartTest
Tests run: 4, Failures: 0, Errors: 0, Skipped: 0, Time elapsed: 0.008 sec
Running ken.kata.techtest.clock.MinutesTimeUnitBottomPartTest
Tests run: 4, Failures: 0, Errors: 0, Skipped: 0, Time elapsed: 0.017 sec
Running ken.kata.techtest.BerlinClockUTest
13::17:01 -> O RROO RRRO YYROOOOOOOO YYOO
23::59:59 -> O RRRR RRRO YYRYYRYYRYY YYYY
24::00:00 -> Y RRRR RRRR OOOOOOOOOOO OOOO
24::00:01 -> O RRRR RRRR OOOOOOOOOOO OOOO
01::00:00 -> Y OOOO ROOO OOOOOOOOOOO OOOO
10::10:10 -> Y RROO OOOO YYOOOOOOOOO OOOO
16::16:16 -> Y RRRO ROOO YYROOOOOOOO YOOO
Tests run: 8, Failures: 0, Errors: 0, Skipped: 0, Time elapsed: 0.063 sec

Results :

Tests run: 40, Failures: 0, Errors: 0, Skipped: 0

[INFO] 
[INFO] >>> cobertura-maven-plugin:2.7:cobertura (default-cli) > [cobertura]test @ berlin-clock >>>
[INFO] 
[INFO] --- maven-resources-plugin:2.6:resources (default-resources) @ berlin-clock ---
[INFO] Using 'UTF-8' encoding to copy filtered resources.
[INFO] skip non existing resourceDirectory /var/jenkins_home/jobs/pipeline-script-from-scm/workspace/src/main/resources
[INFO] 
[INFO] --- maven-compiler-plugin:3.1:compile (default-compile) @ berlin-clock ---
[INFO] Nothing to compile - all classes are up to date
[INFO] 
[INFO] --- cobertura-maven-plugin:2.7:instrument (default-cli) @ berlin-clock ---
[INFO] Load quality profiles (done) | time=741ms
[INFO] Load active rules
[INFO] Cobertura 2.1.1 - GNU GPL License (NO WARRANTY) - See COPYRIGHT file
[WARN] Unable to instrument file /var/jenkins_home/jobs/pipeline-script-from-scm/workspace/target/generated-classes/cobertura/ken/kata/techtest/clock/TimeUnitPart.class
java.lang.IllegalArgumentException: INVOKESPECIAL/STATIC on interfaces require ASM 5
	at org.objectweb.asm.MethodVisitor.visitMethodInsn(Unknown Source) ~[asm-5.0.1.jar:5.0.1]
	at org.objectweb.asm.ClassReader.a(Unknown Source) ~[asm-5.0.1.jar:5.0.1]
	at org.objectweb.asm.ClassReader.b(Unknown Source) ~[asm-5.0.1.jar:5.0.1]
	at org.objectweb.asm.ClassReader.accept(Unknown Source) ~[asm-5.0.1.jar:5.0.1]
	at org.objectweb.asm.ClassReader.accept(Unknown Source) ~[asm-5.0.1.jar:5.0.1]
	at net.sourceforge.cobertura.instrument.CoberturaInstrumenter.instrumentClass(CoberturaInstrumenter.java:161) [cobertura-2.1.1.jar:2.1.1]
	at net.sourceforge.cobertura.instrument.CoberturaInstrumenter.instrumentClass(CoberturaInstrumenter.java:129) [cobertura-2.1.1.jar:2.1.1]
	at net.sourceforge.cobertura.instrument.CoberturaInstrumenter.addInstrumentationToSingleClass(CoberturaInstrumenter.java:243) [cobertura-2.1.1.jar:2.1.1]
	at net.sourceforge.cobertura.instrument.CodeInstrumentationTask.addInstrumentationToSingleClass(CodeInstrumentationTask.java:299) [cobertura-2.1.1.jar:2.1.1]
	at net.sourceforge.cobertura.instrument.CodeInstrumentationTask.addInstrumentation(CodeInstrumentationTask.java:308) [cobertura-2.1.1.jar:2.1.1]
	at net.sourceforge.cobertura.instrument.CodeInstrumentationTask.instrument(CodeInstrumentationTask.java:90) [cobertura-2.1.1.jar:2.1.1]
	at net.sourceforge.cobertura.dsl.Cobertura.instrumentCode(Cobertura.java:74) [cobertura-2.1.1.jar:2.1.1]
	at net.sourceforge.cobertura.instrument.InstrumentMain.instrument(InstrumentMain.java:82) [cobertura-2.1.1.jar:2.1.1]
	at net.sourceforge.cobertura.instrument.InstrumentMain.main(InstrumentMain.java:99) [cobertura-2.1.1.jar:2.1.1]
[INFO] Cobertura: Saved information on 19 classes.
[INFO] Cobertura: Saved information on 19 classes.

[INFO] Instrumentation was successful.
[INFO] NOT adding cobertura ser file to attached artifacts list.
[INFO] 
[INFO] --- maven-resources-plugin:2.6:testResources (default-testResources) @ berlin-clock ---
[INFO] Using 'UTF-8' encoding to copy filtered resources.
[INFO] skip non existing resourceDirectory /var/jenkins_home/jobs/pipeline-script-from-scm/workspace/src/test/resources
[INFO] 
[INFO] --- maven-compiler-plugin:3.1:testCompile (default-testCompile) @ berlin-clock ---
[INFO] Nothing to compile - all classes are up to date
[INFO] 
[INFO] --- maven-surefire-plugin:2.12.4:test (default-test) @ berlin-clock ---
[INFO] Surefire report directory: /var/jenkins_home/jobs/pipeline-script-from-scm/workspace/target/surefire-reports

-------------------------------------------------------
 T E S T S
-------------------------------------------------------
Running ken.kata.techtest.parser.BerlinClockParserTest
Tests run: 2, Failures: 0, Errors: 0, Skipped: 0, Time elapsed: 1.083 sec
Running ken.kata.techtest.BerlinClockLoadTest
Tests run: 1, Failures: 0, Errors: 0, Skipped: 0, Time elapsed: 0.302 sec
Running ken.kata.techtest.clock.SecondsTest
Tests run: 3, Failures: 0, Errors: 0, Skipped: 0, Time elapsed: 0.017 sec
Running ken.kata.techtest.clock.HoursTest
RROO OOOO
Tests run: 5, Failures: 0, Errors: 0, Skipped: 0, Time elapsed: 0.033 sec
Running ken.kata.techtest.clock.MinutesTest
Tests run: 5, Failures: 0, Errors: 0, Skipped: 0, Time elapsed: 0.012 sec
Running ken.kata.techtest.clock.HoursTimeUnitBottomPartTest
Tests run: 3, Failures: 0, Errors: 0, Skipped: 0, Time elapsed: 0.016 sec
Running ken.kata.techtest.clock.SecondsTimeUnitPartTest
Tests run: 2, Failures: 0, Errors: 0, Skipped: 0, Time elapsed: 0 sec
Running ken.kata.techtest.clock.HoursTimeUnitTopPartTest
Tests run: 3, Failures: 0, Errors: 0, Skipped: 0, Time elapsed: 0.003 sec
Running ken.kata.techtest.clock.MinutesTimeUnitTopPartTest
Tests run: 4, Failures: 0, Errors: 0, Skipped: 0, Time elapsed: 0.016 sec
Running ken.kata.techtest.clock.MinutesTimeUnitBottomPartTest
Tests run: 4, Failures: 0, Errors: 0, Skipped: 0, Time elapsed: 0.004 sec
Running ken.kata.techtest.BerlinClockUTest
13::17:01 -> O RROO RRRO YYROOOOOOOO YYOO
23::59:59 -> O RRRR RRRO YYRYYRYYRYY YYYY
24::00:00 -> Y RRRR RRRR OOOOOOOOOOO OOOO
24::00:01 -> O RRRR RRRR OOOOOOOOOOO OOOO
01::00:00 -> Y OOOO ROOO OOOOOOOOOOO OOOO
10::10:10 -> Y RROO OOOO YYOOOOOOOOO OOOO
16::16:16 -> Y RRRO ROOO YYROOOOOOOO YOOO
Tests run: 8, Failures: 0, Errors: 0, Skipped: 0, Time elapsed: 0.049 sec
[INFO] Cobertura: Loaded information on 19 classes.
[INFO] Cobertura: Saved information on 19 classes.

Results :

Tests run: 40, Failures: 0, Errors: 0, Skipped: 0

[INFO] 
[INFO] <<< cobertura-maven-plugin:2.7:cobertura (default-cli) < [cobertura]test @ berlin-clock <<<
[INFO] 
[INFO] 
[INFO] --- cobertura-maven-plugin:2.7:cobertura (default-cli) @ berlin-clock ---
[INFO] Load active rules (done) | time=6109ms
[INFO] Indexing files...
[INFO] Project configuration:
[INFO] 34 files indexed
[INFO] 0 files ignored because of scm ignore settings
[INFO] Quality profile for java: Sonar way
[INFO] Quality profile for xml: Sonar way
[INFO] ------------- Run sensors on module berlin-clock
[INFO] Load metrics repository
[INFO] Load metrics repository (done) | time=55ms
[INFO] Cobertura 2.1.1 - GNU GPL License (NO WARRANTY) - See COPYRIGHT file
[INFO] Cobertura: Loaded information on 19 classes.
[WARN] JavaNCSS got an error while parsing the java file /var/jenkins_home/jobs/pipeline-script-from-scm/workspace/src/main/java/ken/kata/techtest/clock/AbstractTimeUnit.java
ParseException in STDIN
Last useful checkpoint: "ken.kata.techtest.clock.AbstractTimeUnit.display(int)"
Encountered " ">" "> "" at line 20, column 35.
Was expecting one of:
    "assert" ...
    "boolean" ...
    "byte" ...
    "char" ...
    "double" ...
    "enum" ...
    "false" ...
    "float" ...
    "int" ...
    "long" ...
    "new" ...
    "null" ...
    "short" ...
    "super" ...
    "this" ...
    "true" ...
    "void" ...
    <INTEGER_LITERAL> ...
    <FLOATING_POINT_LITERAL> ...
    <CHARACTER_LITERAL> ...
    <STRING_LITERAL> ...
    <IDENTIFIER> ...
    "(" ...
    "!" ...
    "~" ...
    "++" ...
    "--" ...
    "+" ...
    "-" ...
    

[WARN] JavaNCSS got an error while parsing the java file /var/jenkins_home/jobs/pipeline-script-from-scm/workspace/src/main/java/ken/kata/techtest/clock/hours/Hours.java
ParseException in STDIN
Last useful checkpoint: "ken.kata.techtest.clock.hours.Hoursken.kata.techtest.clock.hours.Hours.Hours()"
Encountered " ">" "> "" at line 11, column 26.
Was expecting one of:
    "assert" ...
    "boolean" ...
    "byte" ...
    "char" ...
    "double" ...
    "enum" ...
    "false" ...
    "float" ...
    "int" ...
    "long" ...
    "new" ...
    "null" ...
    "short" ...
    "super" ...
    "this" ...
    "true" ...
    "void" ...
    <INTEGER_LITERAL> ...
    <FLOATING_POINT_LITERAL> ...
    <CHARACTER_LITERAL> ...
    <STRING_LITERAL> ...
    <IDENTIFIER> ...
    "(" ...
    "!" ...
    "~" ...
    "++" ...
    "--" ...
    "+" ...
    "-" ...
    

[WARN] JavaNCSS got an error while parsing the java file /var/jenkins_home/jobs/pipeline-script-from-scm/workspace/src/main/java/ken/kata/techtest/clock/hours/HoursFactory.java
ParseException in STDIN
Last useful checkpoint: "ken.kata.techtest.clock.hours.HoursFactory.createTopPart()"
Encountered " ">" "> "" at line 25, column 26.
Was expecting one of:
    "assert" ...
    "boolean" ...
    "byte" ...
    "char" ...
    "double" ...
    "enum" ...
    "false" ...
    "float" ...
    "int" ...
    "long" ...
    "new" ...
    "null" ...
    "short" ...
    "super" ...
    "this" ...
    "true" ...
    "void" ...
    <INTEGER_LITERAL> ...
    <FLOATING_POINT_LITERAL> ...
    <CHARACTER_LITERAL> ...
    <STRING_LITERAL> ...
    <IDENTIFIER> ...
    "(" ...
    "!" ...
    "~" ...
    "++" ...
    "--" ...
    "+" ...
    "-" ...
    

[WARN] JavaNCSS got an error while parsing the java file /var/jenkins_home/jobs/pipeline-script-from-scm/workspace/src/main/java/ken/kata/techtest/clock/minutes/Minutes.java
ParseException in STDIN
Last useful checkpoint: "ken.kata.techtest.clock.minutes.Minutesken.kata.techtest.clock.minutes.Minutes.Minutes()"
Encountered " ">" "> "" at line 11, column 26.
Was expecting one of:
    "assert" ...
    "boolean" ...
    "byte" ...
    "char" ...
    "double" ...
    "enum" ...
    "false" ...
    "float" ...
    "int" ...
    "long" ...
    "new" ...
    "null" ...
    "short" ...
    "super" ...
    "this" ...
    "true" ...
    "void" ...
    <INTEGER_LITERAL> ...
    <FLOATING_POINT_LITERAL> ...
    <CHARACTER_LITERAL> ...
    <STRING_LITERAL> ...
    <IDENTIFIER> ...
    "(" ...
    "!" ...
    "~" ...
    "++" ...
    "--" ...
    "+" ...
    "-" ...
    

[WARN] JavaNCSS got an error while parsing the java file /var/jenkins_home/jobs/pipeline-script-from-scm/workspace/src/main/java/ken/kata/techtest/clock/minutes/MinutesFactory.java
ParseException in STDIN
Last useful checkpoint: "ken.kata.techtest.clock.minutes.MinutesFactory.createTopPart()"
Encountered " ">" "> "" at line 32, column 26.
Was expecting one of:
    "assert" ...
    "boolean" ...
    "byte" ...
    "char" ...
    "double" ...
    "enum" ...
    "false" ...
    "float" ...
    "int" ...
    "long" ...
    "new" ...
    "null" ...
    "short" ...
    "super" ...
    "this" ...
    "true" ...
    "void" ...
    <INTEGER_LITERAL> ...
    <FLOATING_POINT_LITERAL> ...
    <CHARACTER_LITERAL> ...
    <STRING_LITERAL> ...
    <IDENTIFIER> ...
    "(" ...
    "!" ...
    "~" ...
    "++" ...
    "--" ...
    "+" ...
    "-" ...
    

[WARN] JavaNCSS got an error while parsing the java file /var/jenkins_home/jobs/pipeline-script-from-scm/workspace/src/main/java/ken/kata/techtest/clock/seconds/Seconds.java
ParseException in STDIN
Last useful checkpoint: "ken.kata.techtest.clock.seconds.Secondsken.kata.techtest.clock.seconds.Seconds.Seconds()"
Encountered " ">" "> "" at line 11, column 26.
Was expecting one of:
    "assert" ...
    "boolean" ...
    "byte" ...
    "char" ...
    "double" ...
    "enum" ...
    "false" ...
    "float" ...
    "int" ...
    "long" ...
    "new" ...
    "null" ...
    "short" ...
    "super" ...
    "this" ...
    "true" ...
    "void" ...
    <INTEGER_LITERAL> ...
    <FLOATING_POINT_LITERAL> ...
    <CHARACTER_LITERAL> ...
    <STRING_LITERAL> ...
    <IDENTIFIER> ...
    "(" ...
    "!" ...
    "~" ...
    "++" ...
    "--" ...
    "+" ...
    "-" ...
    

[WARN] JavaNCSS got an error while parsing the java file /var/jenkins_home/jobs/pipeline-script-from-scm/workspace/src/main/java/ken/kata/techtest/clock/seconds/SecondsFactory.java
ParseException in STDIN
Last useful checkpoint: "ken.kata.techtest.clock.seconds.SecondsFactory.createPart()"
Encountered " ">" "> "" at line 21, column 26.
Was expecting one of:
    "assert" ...
    "boolean" ...
    "byte" ...
    "char" ...
    "double" ...
    "enum" ...
    "false" ...
    "float" ...
    "int" ...
    "long" ...
    "new" ...
    "null" ...
    "short" ...
    "super" ...
    "this" ...
    "true" ...
    "void" ...
    <INTEGER_LITERAL> ...
    <FLOATING_POINT_LITERAL> ...
    <CHARACTER_LITERAL> ...
    <STRING_LITERAL> ...
    <IDENTIFIER> ...
    "(" ...
    "!" ...
    "~" ...
    "++" ...
    "--" ...
    "+" ...
    "-" ...
    

Report time: 525ms

[ERROR] net.sourceforge.cobertura.javancss.parser.ParseException: Encountered " ">" "> "" at line 20, column 35.
Was expecting one of:
    "assert" ...
    "boolean" ...
    "byte" ...
    "char" ...
    "double" ...
    "enum" ...
    "false" ...
    "float" ...
    "int" ...
    "long" ...
    "new" ...
    "null" ...
    "short" ...
    "super" ...
    "this" ...
    "true" ...
    "void" ...
    <INTEGER_LITERAL> ...
    <FLOATING_POINT_LITERAL> ...
    <CHARACTER_LITERAL> ...
    <STRING_LITERAL> ...
    <IDENTIFIER> ...
    "(" ...
    "!" ...
    "~" ...
    "++" ...
    "--" ...
    "+" ...
    "-" ...
    
	at net.sourceforge.cobertura.javancss.parser.JavaParser.generateParseException(JavaParser.java:10490)
	at net.sourceforge.cobertura.javancss.parser.JavaParser.jj_consume_token(JavaParser.java:10366)
	at net.sourceforge.cobertura.javancss.parser.JavaParser.UnaryExpression(JavaParser.java:3175)
	at net.sourceforge.cobertura.javancss.parser.JavaParser.MultiplicativeExpression(JavaParser.java:3090)
	at net.sourceforge.cobertura.javancss.parser.JavaParser.AdditiveExpression(JavaParser.java:3085)
	at net.sourceforge.cobertura.javancss.parser.JavaParser.ShiftExpression(JavaParser.java:3027)
	at net.sourceforge.cobertura.javancss.parser.JavaParser.RelationalExpression(JavaParser.java:2990)
	at net.sourceforge.cobertura.javancss.parser.JavaParser.InstanceOfExpression(JavaParser.java:2977)
	at net.sourceforge.cobertura.javancss.parser.JavaParser.AssigmentExpression(JavaParser.java:2959)
	at net.sourceforge.cobertura.javancss.parser.JavaParser.EqualityExpression(JavaParser.java:2886)
	at net.sourceforge.cobertura.javancss.parser.JavaParser.AndExpression(JavaParser.java:2860)
	at net.sourceforge.cobertura.javancss.parser.JavaParser.ExclusiveOrExpression(JavaParser.java:2843)
	at net.sourceforge.cobertura.javancss.parser.JavaParser.InclusiveOrExpression(JavaParser.java:2826)
	at net.sourceforge.cobertura.javancss.parser.JavaParser.ConditionalAndExpression(JavaParser.java:2808)
	at net.sourceforge.cobertura.javancss.parser.JavaParser.ConditionalOrExpression(JavaParser.java:2790)
	at net.sourceforge.cobertura.javancss.parser.JavaParser.ConditionalExpression(JavaParser.java:2774)
	at net.sourceforge.cobertura.javancss.parser.JavaParser.Expression(JavaParser.java:2718)
	at net.sourceforge.cobertura.javancss.parser.JavaParser.ArgumentList(JavaParser.java:3620)
	at net.sourceforge.cobertura.javancss.parser.JavaParser.Arguments(JavaParser.java:3610)
	at net.sourceforge.cobertura.javancss.parser.JavaParser.PrimarySuffix(JavaParser.java:3511)
	at net.sourceforge.cobertura.javancss.parser.JavaParser.PrimaryExpression(JavaParser.java:3384)
	at net.sourceforge.cobertura.javancss.parser.JavaParser.PostfixExpression(JavaParser.java:3330)
	at net.sourceforge.cobertura.javancss.parser.JavaParser.UnaryExpressionNotPlusMinus(JavaParser.java:3237)
	at net.sourceforge.cobertura.javancss.parser.JavaParser.UnaryExpression(JavaParser.java:3171)
	at net.sourceforge.cobertura.javancss.parser.JavaParser.MultiplicativeExpression(JavaParser.java:3090)
	at net.sourceforge.cobertura.javancss.parser.JavaParser.AdditiveExpression(JavaParser.java:3061)
	at net.sourceforge.cobertura.javancss.parser.JavaParser.ShiftExpression(JavaParser.java:3027)
	at net.sourceforge.cobertura.javancss.parser.JavaParser.RelationalExpression(JavaParser.java:2990)
	at net.sourceforge.cobertura.javancss.parser.JavaParser.InstanceOfExpression(JavaParser.java:2977)
	at net.sourceforge.cobertura.javancss.parser.JavaParser.AssigmentExpression(JavaParser.java:2959)
	at net.sourceforge.cobertura.javancss.parser.JavaParser.EqualityExpression(JavaParser.java:2886)
	at net.sourceforge.cobertura.javancss.parser.JavaParser.AndExpression(JavaParser.java:2860)
	at net.sourceforge.cobertura.javancss.parser.JavaParser.ExclusiveOrExpression(JavaParser.java:2843)
	at net.sourceforge.cobertura.javancss.parser.JavaParser.InclusiveOrExpression(JavaParser.java:2826)
	at net.sourceforge.cobertura.javancss.parser.JavaParser.ConditionalAndExpression(JavaParser.java:2808)
	at net.sourceforge.cobertura.javancss.parser.JavaParser.ConditionalOrExpression(JavaParser.java:2790)
	at net.sourceforge.cobertura.javancss.parser.JavaParser.ConditionalExpression(JavaParser.java:2774)
	at net.sourceforge.cobertura.javancss.parser.JavaParser.Expression(JavaParser.java:2718)
	at net.sourceforge.cobertura.javancss.parser.JavaParser.ReturnStatement(JavaParser.java:4572)
	at net.sourceforge.cobertura.javancss.parser.JavaParser.Statement(JavaParser.java:3825)
	at net.sourceforge.cobertura.javancss.parser.JavaParser.BlockStatement(JavaParser.java:3984)
	at net.sourceforge.cobertura.javancss.parser.JavaParser.Block(JavaParser.java:3934)
	at net.sourceforge.cobertura.javancss.parser.JavaParser.MethodDeclaration(JavaParser.java:1987)
	at net.sourceforge.cobertura.javancss.parser.JavaParser.ClassBodyDeclaration(JavaParser.java:1039)
	at net.sourceforge.cobertura.javancss.parser.JavaParser.ClassBody(JavaParser.java:898)
	at net.sourceforge.cobertura.javancss.parser.JavaParser.UnmodifiedClassDeclaration(JavaParser.java:824)
	at net.sourceforge.cobertura.javancss.parser.JavaParser.ClassDeclaration(JavaParser.java:728)
	at net.sourceforge.cobertura.javancss.parser.JavaParser.TypeDeclaration(JavaParser.java:575)
	at net.sourceforge.cobertura.javancss.parser.JavaParser.CompilationUnit(JavaParser.java:318)
	at net.sourceforge.cobertura.javancss.parser.JavaParser.parse(JavaParser.java:100)
	at net.sourceforge.cobertura.javancss.Javancss._measureSource(Javancss.java:192)
	at net.sourceforge.cobertura.javancss.Javancss._measureRoot(Javancss.java:268)
	at net.sourceforge.cobertura.javancss.Javancss.<init>(Javancss.java:347)
	at net.sourceforge.cobertura.javancss.JavancssFactory.newInstance(JavancssFactory.java:40)
	at net.sourceforge.cobertura.reporting.ComplexityCalculator.getFunctionMetricsForSingleFile(ComplexityCalculator.java:243)
	at net.sourceforge.cobertura.reporting.ComplexityCalculator.getAccumlatedCCNForSingleFile(ComplexityCalculator.java:143)
	at net.sourceforge.cobertura.reporting.ComplexityCalculator.getCCNForSourceFileNameInternal(ComplexityCalculator.java:273)
	at net.sourceforge.cobertura.reporting.ComplexityCalculator.getCCNForPackageInternal(ComplexityCalculator.java:208)
	at net.sourceforge.cobertura.reporting.ComplexityCalculator.getCCNForProject(ComplexityCalculator.java:174)
	at net.sourceforge.cobertura.reporting.xml.XMLReport.<init>(XMLReport.java:70)
	at net.sourceforge.cobertura.reporting.xml.XMLReportFormatStrategy.save(XMLReportFormatStrategy.java:18)
	at net.sourceforge.cobertura.reporting.NativeReport.export(NativeReport.java:31)
	at net.sourceforge.cobertura.reporting.CompositeReport.export(CompositeReport.java:19)
	at net.sourceforge.cobertura.reporting.ReportMain.parseArgumentsAndReport(ReportMain.java:91)
	at net.sourceforge.cobertura.reporting.ReportMain.generateReport(ReportMain.java:141)
	at net.sourceforge.cobertura.reporting.ReportMain.main(ReportMain.java:151)
net.sourceforge.cobertura.javancss.parser.ParseException: Encountered " ">" "> "" at line 11, column 26.
Was expecting one of:
    "assert" ...
    "boolean" ...
    "byte" ...
    "char" ...
    "double" ...
    "enum" ...
    "false" ...
    "float" ...
    "int" ...
    "long" ...
    "new" ...
    "null" ...
    "short" ...
    "super" ...
    "this" ...
    "true" ...
    "void" ...
    <INTEGER_LITERAL> ...
    <FLOATING_POINT_LITERAL> ...
    <CHARACTER_LITERAL> ...
    <STRING_LITERAL> ...
    <IDENTIFIER> ...
    "(" ...
    "!" ...
    "~" ...
    "++" ...
    "--" ...
    "+" ...
    "-" ...
    
	at net.sourceforge.cobertura.javancss.parser.JavaParser.generateParseException(JavaParser.java:10490)
	at net.sourceforge.cobertura.javancss.parser.JavaParser.jj_consume_token(JavaParser.java:10366)
	at net.sourceforge.cobertura.javancss.parser.JavaParser.UnaryExpression(JavaParser.java:3175)
	at net.sourceforge.cobertura.javancss.parser.JavaParser.MultiplicativeExpression(JavaParser.java:3090)
	at net.sourceforge.cobertura.javancss.parser.JavaParser.AdditiveExpression(JavaParser.java:3085)
	at net.sourceforge.cobertura.javancss.parser.JavaParser.ShiftExpression(JavaParser.java:3027)
	at net.sourceforge.cobertura.javancss.parser.JavaParser.RelationalExpression(JavaParser.java:2990)
	at net.sourceforge.cobertura.javancss.parser.JavaParser.InstanceOfExpression(JavaParser.java:2977)
	at net.sourceforge.cobertura.javancss.parser.JavaParser.AssigmentExpression(JavaParser.java:2959)
	at net.sourceforge.cobertura.javancss.parser.JavaParser.EqualityExpression(JavaParser.java:2886)
	at net.sourceforge.cobertura.javancss.parser.JavaParser.AndExpression(JavaParser.java:2860)
	at net.sourceforge.cobertura.javancss.parser.JavaParser.ExclusiveOrExpression(JavaParser.java:2843)
	at net.sourceforge.cobertura.javancss.parser.JavaParser.InclusiveOrExpression(JavaParser.java:2826)
	at net.sourceforge.cobertura.javancss.parser.JavaParser.ConditionalAndExpression(JavaParser.java:2808)
	at net.sourceforge.cobertura.javancss.parser.JavaParser.ConditionalOrExpression(JavaParser.java:2790)
	at net.sourceforge.cobertura.javancss.parser.JavaParser.ConditionalExpression(JavaParser.java:2774)
	at net.sourceforge.cobertura.javancss.parser.JavaParser.Expression(JavaParser.java:2718)
	at net.sourceforge.cobertura.javancss.parser.JavaParser.ArgumentList(JavaParser.java:3620)
	at net.sourceforge.cobertura.javancss.parser.JavaParser.Arguments(JavaParser.java:3610)
	at net.sourceforge.cobertura.javancss.parser.JavaParser.AllocationExpression(JavaParser.java:3665)
	at net.sourceforge.cobertura.javancss.parser.JavaParser.PrimaryPrefix(JavaParser.java:3456)
	at net.sourceforge.cobertura.javancss.parser.JavaParser.PrimaryExpression(JavaParser.java:3376)
	at net.sourceforge.cobertura.javancss.parser.JavaParser.PostfixExpression(JavaParser.java:3330)
	at net.sourceforge.cobertura.javancss.parser.JavaParser.UnaryExpressionNotPlusMinus(JavaParser.java:3237)
	at net.sourceforge.cobertura.javancss.parser.JavaParser.UnaryExpression(JavaParser.java:3171)
	at net.sourceforge.cobertura.javancss.parser.JavaParser.MultiplicativeExpression(JavaParser.java:3090)
	at net.sourceforge.cobertura.javancss.parser.JavaParser.AdditiveExpression(JavaParser.java:3061)
	at net.sourceforge.cobertura.javancss.parser.JavaParser.ShiftExpression(JavaParser.java:3027)
	at net.sourceforge.cobertura.javancss.parser.JavaParser.RelationalExpression(JavaParser.java:2990)
	at net.sourceforge.cobertura.javancss.parser.JavaParser.InstanceOfExpression(JavaParser.java:2977)
	at net.sourceforge.cobertura.javancss.parser.JavaParser.AssigmentExpression(JavaParser.java:2959)
	at net.sourceforge.cobertura.javancss.parser.JavaParser.EqualityExpression(JavaParser.java:2886)
	at net.sourceforge.cobertura.javancss.parser.JavaParser.AndExpression(JavaParser.java:2860)
	at net.sourceforge.cobertura.javancss.parser.JavaParser.ExclusiveOrExpression(JavaParser.java:2843)
	at net.sourceforge.cobertura.javancss.parser.JavaParser.InclusiveOrExpression(JavaParser.java:2826)
	at net.sourceforge.cobertura.javancss.parser.JavaParser.ConditionalAndExpression(JavaParser.java:2808)
	at net.sourceforge.cobertura.javancss.parser.JavaParser.ConditionalOrExpression(JavaParser.java:2790)
	at net.sourceforge.cobertura.javancss.parser.JavaParser.ConditionalExpression(JavaParser.java:2774)
	at net.sourceforge.cobertura.javancss.parser.JavaParser.Expression(JavaParser.java:2718)
	at net.sourceforge.cobertura.javancss.parser.JavaParser.StatementExpression(JavaParser.java:4106)
	at net.sourceforge.cobertura.javancss.parser.JavaParser.Statement(JavaParser.java:3795)
	at net.sourceforge.cobertura.javancss.parser.JavaParser.BlockStatement(JavaParser.java:3984)
	at net.sourceforge.cobertura.javancss.parser.JavaParser.ConstructorDeclaration(JavaParser.java:2375)
	at net.sourceforge.cobertura.javancss.parser.JavaParser.ClassBodyDeclaration(JavaParser.java:1037)
	at net.sourceforge.cobertura.javancss.parser.JavaParser.ClassBody(JavaParser.java:898)
	at net.sourceforge.cobertura.javancss.parser.JavaParser.UnmodifiedClassDeclaration(JavaParser.java:824)
	at net.sourceforge.cobertura.javancss.parser.JavaParser.ClassDeclaration(JavaParser.java:728)
	at net.sourceforge.cobertura.javancss.parser.JavaParser.TypeDeclaration(JavaParser.java:575)
	at net.sourceforge.cobertura.javancss.parser.JavaParser.CompilationUnit(JavaParser.java:318)
	at net.sourceforge.cobertura.javancss.parser.JavaParser.parse(JavaParser.java:100)
	at net.sourceforge.cobertura.javancss.Javancss._measureSource(Javancss.java:192)
	at net.sourceforge.cobertura.javancss.Javancss._measureRoot(Javancss.java:268)
	at net.sourceforge.cobertura.javancss.Javancss.<init>(Javancss.java:347)
	at net.sourceforge.cobertura.javancss.JavancssFactory.newInstance(JavancssFactory.java:40)
	at net.sourceforge.cobertura.reporting.ComplexityCalculator.getFunctionMetricsForSingleFile(ComplexityCalculator.java:243)
	at net.sourceforge.cobertura.reporting.ComplexityCalculator.getAccumlatedCCNForSingleFile(ComplexityCalculator.java:143)
	at net.sourceforge.cobertura.reporting.ComplexityCalculator.getCCNForSourceFileNameInternal(ComplexityCalculator.java:273)
	at net.sourceforge.cobertura.reporting.ComplexityCalculator.getCCNForPackageInternal(ComplexityCalculator.java:208)
	at net.sourceforge.cobertura.reporting.ComplexityCalculator.getCCNForProject(ComplexityCalculator.java:174)
	at net.sourceforge.cobertura.reporting.xml.XMLReport.<init>(XMLReport.java:70)
	at net.sourceforge.cobertura.reporting.xml.XMLReportFormatStrategy.save(XMLReportFormatStrategy.java:18)
	at net.sourceforge.cobertura.reporting.NativeReport.export(NativeReport.java:31)
	at net.sourceforge.cobertura.reporting.CompositeReport.export(CompositeReport.java:19)
	at net.sourceforge.cobertura.reporting.ReportMain.parseArgumentsAndReport(ReportMain.java:91)
	at net.sourceforge.cobertura.reporting.ReportMain.generateReport(ReportMain.java:141)
	at net.sourceforge.cobertura.reporting.ReportMain.main(ReportMain.java:151)
net.sourceforge.cobertura.javancss.parser.ParseException: Encountered " ">" "> "" at line 25, column 26.
Was expecting one of:
    "assert" ...
    "boolean" ...
    "byte" ...
    "char" ...
    "double" ...
    "enum" ...
    "false" ...
    "float" ...
    "int" ...
    "long" ...
    "new" ...
    "null" ...
    "short" ...
    "super" ...
    "this" ...
    "true" ...
    "void" ...
    <INTEGER_LITERAL> ...
    <FLOATING_POINT_LITERAL> ...
    <CHARACTER_LITERAL> ...
    <STRING_LITERAL> ...
    <IDENTIFIER> ...
    "(" ...
    "!" ...
    "~" ...
    "++" ...
    "--" ...
    "+" ...
    "-" ...
    
	at net.sourceforge.cobertura.javancss.parser.JavaParser.generateParseException(JavaParser.java:10490)
	at net.sourceforge.cobertura.javancss.parser.JavaParser.jj_consume_token(JavaParser.java:10366)
	at net.sourceforge.cobertura.javancss.parser.JavaParser.UnaryExpression(JavaParser.java:3175)
	at net.sourceforge.cobertura.javancss.parser.JavaParser.MultiplicativeExpression(JavaParser.java:3090)
	at net.sourceforge.cobertura.javancss.parser.JavaParser.AdditiveExpression(JavaParser.java:3085)
	at net.sourceforge.cobertura.javancss.parser.JavaParser.ShiftExpression(JavaParser.java:3027)
	at net.sourceforge.cobertura.javancss.parser.JavaParser.RelationalExpression(JavaParser.java:2990)
	at net.sourceforge.cobertura.javancss.parser.JavaParser.InstanceOfExpression(JavaParser.java:2977)
	at net.sourceforge.cobertura.javancss.parser.JavaParser.AssigmentExpression(JavaParser.java:2959)
	at net.sourceforge.cobertura.javancss.parser.JavaParser.EqualityExpression(JavaParser.java:2886)
	at net.sourceforge.cobertura.javancss.parser.JavaParser.AndExpression(JavaParser.java:2860)
	at net.sourceforge.cobertura.javancss.parser.JavaParser.ExclusiveOrExpression(JavaParser.java:2843)
	at net.sourceforge.cobertura.javancss.parser.JavaParser.InclusiveOrExpression(JavaParser.java:2826)
	at net.sourceforge.cobertura.javancss.parser.JavaParser.ConditionalAndExpression(JavaParser.java:2808)
	at net.sourceforge.cobertura.javancss.parser.JavaParser.ConditionalOrExpression(JavaParser.java:2790)
	at net.sourceforge.cobertura.javancss.parser.JavaParser.ConditionalExpression(JavaParser.java:2774)
	at net.sourceforge.cobertura.javancss.parser.JavaParser.Expression(JavaParser.java:2718)
	at net.sourceforge.cobertura.javancss.parser.JavaParser.ArgumentList(JavaParser.java:3632)
	at net.sourceforge.cobertura.javancss.parser.JavaParser.Arguments(JavaParser.java:3610)
	at net.sourceforge.cobertura.javancss.parser.JavaParser.AllocationExpression(JavaParser.java:3665)
	at net.sourceforge.cobertura.javancss.parser.JavaParser.PrimaryPrefix(JavaParser.java:3456)
	at net.sourceforge.cobertura.javancss.parser.JavaParser.PrimaryExpression(JavaParser.java:3376)
	at net.sourceforge.cobertura.javancss.parser.JavaParser.PostfixExpression(JavaParser.java:3330)
	at net.sourceforge.cobertura.javancss.parser.JavaParser.UnaryExpressionNotPlusMinus(JavaParser.java:3237)
	at net.sourceforge.cobertura.javancss.parser.JavaParser.UnaryExpression(JavaParser.java:3171)
	at net.sourceforge.cobertura.javancss.parser.JavaParser.MultiplicativeExpression(JavaParser.java:3090)
	at net.sourceforge.cobertura.javancss.parser.JavaParser.AdditiveExpression(JavaParser.java:3061)
	at net.sourceforge.cobertura.javancss.parser.JavaParser.ShiftExpression(JavaParser.java:3027)
	at net.sourceforge.cobertura.javancss.parser.JavaParser.RelationalExpression(JavaParser.java:2990)
	at net.sourceforge.cobertura.javancss.parser.JavaParser.InstanceOfExpression(JavaParser.java:2977)
	at net.sourceforge.cobertura.javancss.parser.JavaParser.AssigmentExpression(JavaParser.java:2959)
	at net.sourceforge.cobertura.javancss.parser.JavaParser.EqualityExpression(JavaParser.java:2886)
	at net.sourceforge.cobertura.javancss.parser.JavaParser.AndExpression(JavaParser.java:2860)
	at net.sourceforge.cobertura.javancss.parser.JavaParser.ExclusiveOrExpression(JavaParser.java:2843)
	at net.sourceforge.cobertura.javancss.parser.JavaParser.InclusiveOrExpression(JavaParser.java:2826)
	at net.sourceforge.cobertura.javancss.parser.JavaParser.ConditionalAndExpression(JavaParser.java:2808)
	at net.sourceforge.cobertura.javancss.parser.JavaParser.ConditionalOrExpression(JavaParser.java:2790)
	at net.sourceforge.cobertura.javancss.parser.JavaParser.ConditionalExpression(JavaParser.java:2774)
	at net.sourceforge.cobertura.javancss.parser.JavaParser.Expression(JavaParser.java:2718)
	at net.sourceforge.cobertura.javancss.parser.JavaParser.ReturnStatement(JavaParser.java:4572)
	at net.sourceforge.cobertura.javancss.parser.JavaParser.Statement(JavaParser.java:3825)
	at net.sourceforge.cobertura.javancss.parser.JavaParser.BlockStatement(JavaParser.java:3984)
	at net.sourceforge.cobertura.javancss.parser.JavaParser.Block(JavaParser.java:3934)
	at net.sourceforge.cobertura.javancss.parser.JavaParser.MethodDeclaration(JavaParser.java:1987)
	at net.sourceforge.cobertura.javancss.parser.JavaParser.ClassBodyDeclaration(JavaParser.java:1039)
	at net.sourceforge.cobertura.javancss.parser.JavaParser.ClassBody(JavaParser.java:898)
	at net.sourceforge.cobertura.javancss.parser.JavaParser.UnmodifiedClassDeclaration(JavaParser.java:824)
	at net.sourceforge.cobertura.javancss.parser.JavaParser.ClassDeclaration(JavaParser.java:728)
	at net.sourceforge.cobertura.javancss.parser.JavaParser.TypeDeclaration(JavaParser.java:575)
	at net.sourceforge.cobertura.javancss.parser.JavaParser.CompilationUnit(JavaParser.java:318)
	at net.sourceforge.cobertura.javancss.parser.JavaParser.parse(JavaParser.java:100)
	at net.sourceforge.cobertura.javancss.Javancss._measureSource(Javancss.java:192)
	at net.sourceforge.cobertura.javancss.Javancss._measureRoot(Javancss.java:268)
	at net.sourceforge.cobertura.javancss.Javancss.<init>(Javancss.java:347)
	at net.sourceforge.cobertura.javancss.JavancssFactory.newInstance(JavancssFactory.java:40)
	at net.sourceforge.cobertura.reporting.ComplexityCalculator.getFunctionMetricsForSingleFile(ComplexityCalculator.java:243)
	at net.sourceforge.cobertura.reporting.ComplexityCalculator.getAccumlatedCCNForSingleFile(ComplexityCalculator.java:143)
	at net.sourceforge.cobertura.reporting.ComplexityCalculator.getCCNForSourceFileNameInternal(ComplexityCalculator.java:273)
	at net.sourceforge.cobertura.reporting.ComplexityCalculator.getCCNForPackageInternal(ComplexityCalculator.java:208)
	at net.sourceforge.cobertura.reporting.ComplexityCalculator.getCCNForProject(ComplexityCalculator.java:174)
	at net.sourceforge.cobertura.reporting.xml.XMLReport.<init>(XMLReport.java:70)
	at net.sourceforge.cobertura.reporting.xml.XMLReportFormatStrategy.save(XMLReportFormatStrategy.java:18)
	at net.sourceforge.cobertura.reporting.NativeReport.export(NativeReport.java:31)
	at net.sourceforge.cobertura.reporting.CompositeReport.export(CompositeReport.java:19)
	at net.sourceforge.cobertura.reporting.ReportMain.parseArgumentsAndReport(ReportMain.java:91)
	at net.sourceforge.cobertura.reporting.ReportMain.generateReport(ReportMain.java:141)
	at net.sourceforge.cobertura.reporting.ReportMain.main(ReportMain.java:151)
net.sourceforge.cobertura.javancss.parser.ParseException: Encountered " ">" "> "" at line 11, column 26.
Was expecting one of:
    "assert" ...
    "boolean" ...
    "byte" ...
    "char" ...
    "double" ...
    "enum" ...
    "false" ...
    "float" ...
    "int" ...
    "long" ...
    "new" ...
    "null" ...
    "short" ...
    "super" ...
    "this" ...
    "true" ...
    "void" ...
    <INTEGER_LITERAL> ...
    <FLOATING_POINT_LITERAL> ...
    <CHARACTER_LITERAL> ...
    <STRING_LITERAL> ...
    <IDENTIFIER> ...
    "(" ...
    "!" ...
    "~" ...
    "++" ...
    "--" ...
    "+" ...
    "-" ...
    
	at net.sourceforge.cobertura.javancss.parser.JavaParser.generateParseException(JavaParser.java:10490)
	at net.sourceforge.cobertura.javancss.parser.JavaParser.jj_consume_token(JavaParser.java:10366)
	at net.sourceforge.cobertura.javancss.parser.JavaParser.UnaryExpression(JavaParser.java:3175)
	at net.sourceforge.cobertura.javancss.parser.JavaParser.MultiplicativeExpression(JavaParser.java:3090)
	at net.sourceforge.cobertura.javancss.parser.JavaParser.AdditiveExpression(JavaParser.java:3085)
	at net.sourceforge.cobertura.javancss.parser.JavaParser.ShiftExpression(JavaParser.java:3027)
	at net.sourceforge.cobertura.javancss.parser.JavaParser.RelationalExpression(JavaParser.java:2990)
	at net.sourceforge.cobertura.javancss.parser.JavaParser.InstanceOfExpression(JavaParser.java:2977)
	at net.sourceforge.cobertura.javancss.parser.JavaParser.AssigmentExpression(JavaParser.java:2959)
	at net.sourceforge.cobertura.javancss.parser.JavaParser.EqualityExpression(JavaParser.java:2886)
	at net.sourceforge.cobertura.javancss.parser.JavaParser.AndExpression(JavaParser.java:2860)
	at net.sourceforge.cobertura.javancss.parser.JavaParser.ExclusiveOrExpression(JavaParser.java:2843)
	at net.sourceforge.cobertura.javancss.parser.JavaParser.InclusiveOrExpression(JavaParser.java:2826)
	at net.sourceforge.cobertura.javancss.parser.JavaParser.ConditionalAndExpression(JavaParser.java:2808)
	at net.sourceforge.cobertura.javancss.parser.JavaParser.ConditionalOrExpression(JavaParser.java:2790)
	at net.sourceforge.cobertura.javancss.parser.JavaParser.ConditionalExpression(JavaParser.java:2774)
	at net.sourceforge.cobertura.javancss.parser.JavaParser.Expression(JavaParser.java:2718)
	at net.sourceforge.cobertura.javancss.parser.JavaParser.ArgumentList(JavaParser.java:3620)
	at net.sourceforge.cobertura.javancss.parser.JavaParser.Arguments(JavaParser.java:3610)
	at net.sourceforge.cobertura.javancss.parser.JavaParser.AllocationExpression(JavaParser.java:3665)
	at net.sourceforge.cobertura.javancss.parser.JavaParser.PrimaryPrefix(JavaParser.java:3456)
	at net.sourceforge.cobertura.javancss.parser.JavaParser.PrimaryExpression(JavaParser.java:3376)
	at net.sourceforge.cobertura.javancss.parser.JavaParser.PostfixExpression(JavaParser.java:3330)
	at net.sourceforge.cobertura.javancss.parser.JavaParser.UnaryExpressionNotPlusMinus(JavaParser.java:3237)
	at net.sourceforge.cobertura.javancss.parser.JavaParser.UnaryExpression(JavaParser.java:3171)
	at net.sourceforge.cobertura.javancss.parser.JavaParser.MultiplicativeExpression(JavaParser.java:3090)
	at net.sourceforge.cobertura.javancss.parser.JavaParser.AdditiveExpression(JavaParser.java:3061)
	at net.sourceforge.cobertura.javancss.parser.JavaParser.ShiftExpression(JavaParser.java:3027)
	at net.sourceforge.cobertura.javancss.parser.JavaParser.RelationalExpression(JavaParser.java:2990)
	at net.sourceforge.cobertura.javancss.parser.JavaParser.InstanceOfExpression(JavaParser.java:2977)
	at net.sourceforge.cobertura.javancss.parser.JavaParser.AssigmentExpression(JavaParser.java:2959)
	at net.sourceforge.cobertura.javancss.parser.JavaParser.EqualityExpression(JavaParser.java:2886)
	at net.sourceforge.cobertura.javancss.parser.JavaParser.AndExpression(JavaParser.java:2860)
	at net.sourceforge.cobertura.javancss.parser.JavaParser.ExclusiveOrExpression(JavaParser.java:2843)
	at net.sourceforge.cobertura.javancss.parser.JavaParser.InclusiveOrExpression(JavaParser.java:2826)
	at net.sourceforge.cobertura.javancss.parser.JavaParser.ConditionalAndExpression(JavaParser.java:2808)
	at net.sourceforge.cobertura.javancss.parser.JavaParser.ConditionalOrExpression(JavaParser.java:2790)
	at net.sourceforge.cobertura.javancss.parser.JavaParser.ConditionalExpression(JavaParser.java:2774)
	at net.sourceforge.cobertura.javancss.parser.JavaParser.Expression(JavaParser.java:2718)
	at net.sourceforge.cobertura.javancss.parser.JavaParser.StatementExpression(JavaParser.java:4106)
	at net.sourceforge.cobertura.javancss.parser.JavaParser.Statement(JavaParser.java:3795)
	at net.sourceforge.cobertura.javancss.parser.JavaParser.BlockStatement(JavaParser.java:3984)
	at net.sourceforge.cobertura.javancss.parser.JavaParser.ConstructorDeclaration(JavaParser.java:2375)
	at net.sourceforge.cobertura.javancss.parser.JavaParser.ClassBodyDeclaration(JavaParser.java:1037)
	at net.sourceforge.cobertura.javancss.parser.JavaParser.ClassBody(JavaParser.java:898)
	at net.sourceforge.cobertura.javancss.parser.JavaParser.UnmodifiedClassDeclaration(JavaParser.java:824)
	at net.sourceforge.cobertura.javancss.parser.JavaParser.ClassDeclaration(JavaParser.java:728)
	at net.sourceforge.cobertura.javancss.parser.JavaParser.TypeDeclaration(JavaParser.java:575)
	at net.sourceforge.cobertura.javancss.parser.JavaParser.CompilationUnit(JavaParser.java:318)
	at net.sourceforge.cobertura.javancss.parser.JavaParser.parse(JavaParser.java:100)
	at net.sourceforge.cobertura.javancss.Javancss._measureSource(Javancss.java:192)
	at net.sourceforge.cobertura.javancss.Javancss._measureRoot(Javancss.java:268)
	at net.sourceforge.cobertura.javancss.Javancss.<init>(Javancss.java:347)
	at net.sourceforge.cobertura.javancss.JavancssFactory.newInstance(JavancssFactory.java:40)
	at net.sourceforge.cobertura.reporting.ComplexityCalculator.getFunctionMetricsForSingleFile(ComplexityCalculator.java:243)
	at net.sourceforge.cobertura.reporting.ComplexityCalculator.getAccumlatedCCNForSingleFile(ComplexityCalculator.java:143)
	at net.sourceforge.cobertura.reporting.ComplexityCalculator.getCCNForSourceFileNameInternal(ComplexityCalculator.java:273)
	at net.sourceforge.cobertura.reporting.ComplexityCalculator.getCCNForPackageInternal(ComplexityCalculator.java:208)
	at net.sourceforge.cobertura.reporting.ComplexityCalculator.getCCNForProject(ComplexityCalculator.java:174)
	at net.sourceforge.cobertura.reporting.xml.XMLReport.<init>(XMLReport.java:70)
	at net.sourceforge.cobertura.reporting.xml.XMLReportFormatStrategy.save(XMLReportFormatStrategy.java:18)
	at net.sourceforge.cobertura.reporting.NativeReport.export(NativeReport.java:31)
	at net.sourceforge.cobertura.reporting.CompositeReport.export(CompositeReport.java:19)
	at net.sourceforge.cobertura.reporting.ReportMain.parseArgumentsAndReport(ReportMain.java:91)
	at net.sourceforge.cobertura.reporting.ReportMain.generateReport(ReportMain.java:141)
	at net.sourceforge.cobertura.reporting.ReportMain.main(ReportMain.java:151)
net.sourceforge.cobertura.javancss.parser.ParseException: Encountered " ">" "> "" at line 32, column 26.
Was expecting one of:
    "assert" ...
    "boolean" ...
    "byte" ...
    "char" ...
    "double" ...
    "enum" ...
    "false" ...
    "float" ...
    "int" ...
    "long" ...
    "new" ...
    "null" ...
    "short" ...
    "super" ...
    "this" ...
    "true" ...
    "void" ...
    <INTEGER_LITERAL> ...
    <FLOATING_POINT_LITERAL> ...
    <CHARACTER_LITERAL> ...
    <STRING_LITERAL> ...
    <IDENTIFIER> ...
    "(" ...
    "!" ...
    "~" ...
    "++" ...
    "--" ...
    "+" ...
    "-" ...
    
	at net.sourceforge.cobertura.javancss.parser.JavaParser.generateParseException(JavaParser.java:10490)
	at net.sourceforge.cobertura.javancss.parser.JavaParser.jj_consume_token(JavaParser.java:10366)
	at net.sourceforge.cobertura.javancss.parser.JavaParser.UnaryExpression(JavaParser.java:3175)
	at net.sourceforge.cobertura.javancss.parser.JavaParser.MultiplicativeExpression(JavaParser.java:3090)
	at net.sourceforge.cobertura.javancss.parser.JavaParser.AdditiveExpression(JavaParser.java:3085)
	at net.sourceforge.cobertura.javancss.parser.JavaParser.ShiftExpression(JavaParser.java:3027)
	at net.sourceforge.cobertura.javancss.parser.JavaParser.RelationalExpression(JavaParser.java:2990)
	at net.sourceforge.cobertura.javancss.parser.JavaParser.InstanceOfExpression(JavaParser.java:2977)
	at net.sourceforge.cobertura.javancss.parser.JavaParser.AssigmentExpression(JavaParser.java:2959)
	at net.sourceforge.cobertura.javancss.parser.JavaParser.EqualityExpression(JavaParser.java:2886)
	at net.sourceforge.cobertura.javancss.parser.JavaParser.AndExpression(JavaParser.java:2860)
	at net.sourceforge.cobertura.javancss.parser.JavaParser.ExclusiveOrExpression(JavaParser.java:2843)
	at net.sourceforge.cobertura.javancss.parser.JavaParser.InclusiveOrExpression(JavaParser.java:2826)
	at net.sourceforge.cobertura.javancss.parser.JavaParser.ConditionalAndExpression(JavaParser.java:2808)
	at net.sourceforge.cobertura.javancss.parser.JavaParser.ConditionalOrExpression(JavaParser.java:2790)
	at net.sourceforge.cobertura.javancss.parser.JavaParser.ConditionalExpression(JavaParser.java:2774)
	at net.sourceforge.cobertura.javancss.parser.JavaParser.Expression(JavaParser.java:2718)
	at net.sourceforge.cobertura.javancss.parser.JavaParser.ArgumentList(JavaParser.java:3632)
	at net.sourceforge.cobertura.javancss.parser.JavaParser.Arguments(JavaParser.java:3610)
	at net.sourceforge.cobertura.javancss.parser.JavaParser.AllocationExpression(JavaParser.java:3665)
	at net.sourceforge.cobertura.javancss.parser.JavaParser.PrimaryPrefix(JavaParser.java:3456)
	at net.sourceforge.cobertura.javancss.parser.JavaParser.PrimaryExpression(JavaParser.java:3376)
	at net.sourceforge.cobertura.javancss.parser.JavaParser.PostfixExpression(JavaParser.java:3330)
	at net.sourceforge.cobertura.javancss.parser.JavaParser.UnaryExpressionNotPlusMinus(JavaParser.java:3237)
	at net.sourceforge.cobertura.javancss.parser.JavaParser.UnaryExpression(JavaParser.java:3171)
	at net.sourceforge.cobertura.javancss.parser.JavaParser.MultiplicativeExpression(JavaParser.java:3090)
	at net.sourceforge.cobertura.javancss.parser.JavaParser.AdditiveExpression(JavaParser.java:3061)
	at net.sourceforge.cobertura.javancss.parser.JavaParser.ShiftExpression(JavaParser.java:3027)
	at net.sourceforge.cobertura.javancss.parser.JavaParser.RelationalExpression(JavaParser.java:2990)
	at net.sourceforge.cobertura.javancss.parser.JavaParser.InstanceOfExpression(JavaParser.java:2977)
	at net.sourceforge.cobertura.javancss.parser.JavaParser.AssigmentExpression(JavaParser.java:2959)
	at net.sourceforge.cobertura.javancss.parser.JavaParser.EqualityExpression(JavaParser.java:2886)
	at net.sourceforge.cobertura.javancss.parser.JavaParser.AndExpression(JavaParser.java:2860)
	at net.sourceforge.cobertura.javancss.parser.JavaParser.ExclusiveOrExpression(JavaParser.java:2843)
	at net.sourceforge.cobertura.javancss.parser.JavaParser.InclusiveOrExpression(JavaParser.java:2826)
	at net.sourceforge.cobertura.javancss.parser.JavaParser.ConditionalAndExpression(JavaParser.java:2808)
	at net.sourceforge.cobertura.javancss.parser.JavaParser.ConditionalOrExpression(JavaParser.java:2790)
	at net.sourceforge.cobertura.javancss.parser.JavaParser.ConditionalExpression(JavaParser.java:2774)
	at net.sourceforge.cobertura.javancss.parser.JavaParser.Expression(JavaParser.java:2718)
	at net.sourceforge.cobertura.javancss.parser.JavaParser.ReturnStatement(JavaParser.java:4572)
	at net.sourceforge.cobertura.javancss.parser.JavaParser.Statement(JavaParser.java:3825)
	at net.sourceforge.cobertura.javancss.parser.JavaParser.BlockStatement(JavaParser.java:3984)
	at net.sourceforge.cobertura.javancss.parser.JavaParser.Block(JavaParser.java:3934)
	at net.sourceforge.cobertura.javancss.parser.JavaParser.MethodDeclaration(JavaParser.java:1987)
	at net.sourceforge.cobertura.javancss.parser.JavaParser.ClassBodyDeclaration(JavaParser.java:1039)
	at net.sourceforge.cobertura.javancss.parser.JavaParser.ClassBody(JavaParser.java:898)
	at net.sourceforge.cobertura.javancss.parser.JavaParser.UnmodifiedClassDeclaration(JavaParser.java:824)
	at net.sourceforge.cobertura.javancss.parser.JavaParser.ClassDeclaration(JavaParser.java:728)
	at net.sourceforge.cobertura.javancss.parser.JavaParser.TypeDeclaration(JavaParser.java:575)
	at net.sourceforge.cobertura.javancss.parser.JavaParser.CompilationUnit(JavaParser.java:318)
	at net.sourceforge.cobertura.javancss.parser.JavaParser.parse(JavaParser.java:100)
	at net.sourceforge.cobertura.javancss.Javancss._measureSource(Javancss.java:192)
	at net.sourceforge.cobertura.javancss.Javancss._measureRoot(Javancss.java:268)
	at net.sourceforge.cobertura.javancss.Javancss.<init>(Javancss.java:347)
	at net.sourceforge.cobertura.javancss.JavancssFactory.newInstance(JavancssFactory.java:40)
	at net.sourceforge.cobertura.reporting.ComplexityCalculator.getFunctionMetricsForSingleFile(ComplexityCalculator.java:243)
	at net.sourceforge.cobertura.reporting.ComplexityCalculator.getAccumlatedCCNForSingleFile(ComplexityCalculator.java:143)
	at net.sourceforge.cobertura.reporting.ComplexityCalculator.getCCNForSourceFileNameInternal(ComplexityCalculator.java:273)
	at net.sourceforge.cobertura.reporting.ComplexityCalculator.getCCNForPackageInternal(ComplexityCalculator.java:208)
	at net.sourceforge.cobertura.reporting.ComplexityCalculator.getCCNForProject(ComplexityCalculator.java:174)
	at net.sourceforge.cobertura.reporting.xml.XMLReport.<init>(XMLReport.java:70)
	at net.sourceforge.cobertura.reporting.xml.XMLReportFormatStrategy.save(XMLReportFormatStrategy.java:18)
	at net.sourceforge.cobertura.reporting.NativeReport.export(NativeReport.java:31)
	at net.sourceforge.cobertura.reporting.CompositeReport.export(CompositeReport.java:19)
	at net.sourceforge.cobertura.reporting.ReportMain.parseArgumentsAndReport(ReportMain.java:91)
	at net.sourceforge.cobertura.reporting.ReportMain.generateReport(ReportMain.java:141)
	at net.sourceforge.cobertura.reporting.ReportMain.main(ReportMain.java:151)
net.sourceforge.cobertura.javancss.parser.ParseException: Encountered " ">" "> "" at line 11, column 26.
Was expecting one of:
    "assert" ...
    "boolean" ...
    "byte" ...
    "char" ...
    "double" ...
    "enum" ...
    "false" ...
    "float" ...
    "int" ...
    "long" ...
    "new" ...
    "null" ...
    "short" ...
    "super" ...
    "this" ...
    "true" ...
    "void" ...
    <INTEGER_LITERAL> ...
    <FLOATING_POINT_LITERAL> ...
    <CHARACTER_LITERAL> ...
    <STRING_LITERAL> ...
    <IDENTIFIER> ...
    "(" ...
    "!" ...
    "~" ...
    "++" ...
    "--" ...
    "+" ...
    "-" ...
    
	at net.sourceforge.cobertura.javancss.parser.JavaParser.generateParseException(JavaParser.java:10490)
	at net.sourceforge.cobertura.javancss.parser.JavaParser.jj_consume_token(JavaParser.java:10366)
	at net.sourceforge.cobertura.javancss.parser.JavaParser.UnaryExpression(JavaParser.java:3175)
	at net.sourceforge.cobertura.javancss.parser.JavaParser.MultiplicativeExpression(JavaParser.java:3090)
	at net.sourceforge.cobertura.javancss.parser.JavaParser.AdditiveExpression(JavaParser.java:3085)
	at net.sourceforge.cobertura.javancss.parser.JavaParser.ShiftExpression(JavaParser.java:3027)
	at net.sourceforge.cobertura.javancss.parser.JavaParser.RelationalExpression(JavaParser.java:2990)
	at net.sourceforge.cobertura.javancss.parser.JavaParser.InstanceOfExpression(JavaParser.java:2977)
	at net.sourceforge.cobertura.javancss.parser.JavaParser.AssigmentExpression(JavaParser.java:2959)
	at net.sourceforge.cobertura.javancss.parser.JavaParser.EqualityExpression(JavaParser.java:2886)
	at net.sourceforge.cobertura.javancss.parser.JavaParser.AndExpression(JavaParser.java:2860)
	at net.sourceforge.cobertura.javancss.parser.JavaParser.ExclusiveOrExpression(JavaParser.java:2843)
	at net.sourceforge.cobertura.javancss.parser.JavaParser.InclusiveOrExpression(JavaParser.java:2826)
	at net.sourceforge.cobertura.javancss.parser.JavaParser.ConditionalAndExpression(JavaParser.java:2808)
	at net.sourceforge.cobertura.javancss.parser.JavaParser.ConditionalOrExpression(JavaParser.java:2790)
	at net.sourceforge.cobertura.javancss.parser.JavaParser.ConditionalExpression(JavaParser.java:2774)
	at net.sourceforge.cobertura.javancss.parser.JavaParser.Expression(JavaParser.java:2718)
	at net.sourceforge.cobertura.javancss.parser.JavaParser.ArgumentList(JavaParser.java:3620)
	at net.sourceforge.cobertura.javancss.parser.JavaParser.Arguments(JavaParser.java:3610)
	at net.sourceforge.cobertura.javancss.parser.JavaParser.AllocationExpression(JavaParser.java:3665)
	at net.sourceforge.cobertura.javancss.parser.JavaParser.PrimaryPrefix(JavaParser.java:3456)
	at net.sourceforge.cobertura.javancss.parser.JavaParser.PrimaryExpression(JavaParser.java:3376)
	at net.sourceforge.cobertura.javancss.parser.JavaParser.PostfixExpression(JavaParser.java:3330)
	at net.sourceforge.cobertura.javancss.parser.JavaParser.UnaryExpressionNotPlusMinus(JavaParser.java:3237)
	at net.sourceforge.cobertura.javancss.parser.JavaParser.UnaryExpression(JavaParser.java:3171)
	at net.sourceforge.cobertura.javancss.parser.JavaParser.MultiplicativeExpression(JavaParser.java:3090)
	at net.sourceforge.cobertura.javancss.parser.JavaParser.AdditiveExpression(JavaParser.java:3061)
	at net.sourceforge.cobertura.javancss.parser.JavaParser.ShiftExpression(JavaParser.java:3027)
	at net.sourceforge.cobertura.javancss.parser.JavaParser.RelationalExpression(JavaParser.java:2990)
	at net.sourceforge.cobertura.javancss.parser.JavaParser.InstanceOfExpression(JavaParser.java:2977)
	at net.sourceforge.cobertura.javancss.parser.JavaParser.AssigmentExpression(JavaParser.java:2959)
	at net.sourceforge.cobertura.javancss.parser.JavaParser.EqualityExpression(JavaParser.java:2886)
	at net.sourceforge.cobertura.javancss.parser.JavaParser.AndExpression(JavaParser.java:2860)
	at net.sourceforge.cobertura.javancss.parser.JavaParser.ExclusiveOrExpression(JavaParser.java:2843)
	at net.sourceforge.cobertura.javancss.parser.JavaParser.InclusiveOrExpression(JavaParser.java:2826)
	at net.sourceforge.cobertura.javancss.parser.JavaParser.ConditionalAndExpression(JavaParser.java:2808)
	at net.sourceforge.cobertura.javancss.parser.JavaParser.ConditionalOrExpression(JavaParser.java:2790)
	at net.sourceforge.cobertura.javancss.parser.JavaParser.ConditionalExpression(JavaParser.java:2774)
	at net.sourceforge.cobertura.javancss.parser.JavaParser.Expression(JavaParser.java:2718)
	at net.sourceforge.cobertura.javancss.parser.JavaParser.StatementExpression(JavaParser.java:4106)
	at net.sourceforge.cobertura.javancss.parser.JavaParser.Statement(JavaParser.java:3795)
	at net.sourceforge.cobertura.javancss.parser.JavaParser.BlockStatement(JavaParser.java:3984)
	at net.sourceforge.cobertura.javancss.parser.JavaParser.ConstructorDeclaration(JavaParser.java:2375)
	at net.sourceforge.cobertura.javancss.parser.JavaParser.ClassBodyDeclaration(JavaParser.java:1037)
	at net.sourceforge.cobertura.javancss.parser.JavaParser.ClassBody(JavaParser.java:898)
	at net.sourceforge.cobertura.javancss.parser.JavaParser.UnmodifiedClassDeclaration(JavaParser.java:824)
	at net.sourceforge.cobertura.javancss.parser.JavaParser.ClassDeclaration(JavaParser.java:728)
	at net.sourceforge.cobertura.javancss.parser.JavaParser.TypeDeclaration(JavaParser.java:575)
	at net.sourceforge.cobertura.javancss.parser.JavaParser.CompilationUnit(JavaParser.java:318)
	at net.sourceforge.cobertura.javancss.parser.JavaParser.parse(JavaParser.java:100)
	at net.sourceforge.cobertura.javancss.Javancss._measureSource(Javancss.java:192)
	at net.sourceforge.cobertura.javancss.Javancss._measureRoot(Javancss.java:268)
	at net.sourceforge.cobertura.javancss.Javancss.<init>(Javancss.java:347)
	at net.sourceforge.cobertura.javancss.JavancssFactory.newInstance(JavancssFactory.java:40)
	at net.sourceforge.cobertura.reporting.ComplexityCalculator.getFunctionMetricsForSingleFile(ComplexityCalculator.java:243)
	at net.sourceforge.cobertura.reporting.ComplexityCalculator.getAccumlatedCCNForSingleFile(ComplexityCalculator.java:143)
	at net.sourceforge.cobertura.reporting.ComplexityCalculator.getCCNForSourceFileNameInternal(ComplexityCalculator.java:273)
	at net.sourceforge.cobertura.reporting.ComplexityCalculator.getCCNForPackageInternal(ComplexityCalculator.java:208)
	at net.sourceforge.cobertura.reporting.ComplexityCalculator.getCCNForProject(ComplexityCalculator.java:174)
	at net.sourceforge.cobertura.reporting.xml.XMLReport.<init>(XMLReport.java:70)
	at net.sourceforge.cobertura.reporting.xml.XMLReportFormatStrategy.save(XMLReportFormatStrategy.java:18)
	at net.sourceforge.cobertura.reporting.NativeReport.export(NativeReport.java:31)
	at net.sourceforge.cobertura.reporting.CompositeReport.export(CompositeReport.java:19)
	at net.sourceforge.cobertura.reporting.ReportMain.parseArgumentsAndReport(ReportMain.java:91)
	at net.sourceforge.cobertura.reporting.ReportMain.generateReport(ReportMain.java:141)
	at net.sourceforge.cobertura.reporting.ReportMain.main(ReportMain.java:151)
net.sourceforge.cobertura.javancss.parser.ParseException: Encountered " ">" "> "" at line 21, column 26.
Was expecting one of:
    "assert" ...
    "boolean" ...
    "byte" ...
    "char" ...
    "double" ...
    "enum" ...
    "false" ...
    "float" ...
    "int" ...
    "long" ...
    "new" ...
    "null" ...
    "short" ...
    "super" ...
    "this" ...
    "true" ...
    "void" ...
    <INTEGER_LITERAL> ...
    <FLOATING_POINT_LITERAL> ...
    <CHARACTER_LITERAL> ...
    <STRING_LITERAL> ...
    <IDENTIFIER> ...
    "(" ...
    "!" ...
    "~" ...
    "++" ...
    "--" ...
    "+" ...
    "-" ...
    
	at net.sourceforge.cobertura.javancss.parser.JavaParser.generateParseException(JavaParser.java:10490)
	at net.sourceforge.cobertura.javancss.parser.JavaParser.jj_consume_token(JavaParser.java:10366)
	at net.sourceforge.cobertura.javancss.parser.JavaParser.UnaryExpression(JavaParser.java:3175)
	at net.sourceforge.cobertura.javancss.parser.JavaParser.MultiplicativeExpression(JavaParser.java:3090)
	at net.sourceforge.cobertura.javancss.parser.JavaParser.AdditiveExpression(JavaParser.java:3085)
	at net.sourceforge.cobertura.javancss.parser.JavaParser.ShiftExpression(JavaParser.java:3027)
	at net.sourceforge.cobertura.javancss.parser.JavaParser.RelationalExpression(JavaParser.java:2990)
	at net.sourceforge.cobertura.javancss.parser.JavaParser.InstanceOfExpression(JavaParser.java:2977)
	at net.sourceforge.cobertura.javancss.parser.JavaParser.AssigmentExpression(JavaParser.java:2959)
	at net.sourceforge.cobertura.javancss.parser.JavaParser.EqualityExpression(JavaParser.java:2886)
	at net.sourceforge.cobertura.javancss.parser.JavaParser.AndExpression(JavaParser.java:2860)
	at net.sourceforge.cobertura.javancss.parser.JavaParser.ExclusiveOrExpression(JavaParser.java:2843)
	at net.sourceforge.cobertura.javancss.parser.JavaParser.InclusiveOrExpression(JavaParser.java:2826)
	at net.sourceforge.cobertura.javancss.parser.JavaParser.ConditionalAndExpression(JavaParser.java:2808)
	at net.sourceforge.cobertura.javancss.parser.JavaParser.ConditionalOrExpression(JavaParser.java:2790)
	at net.sourceforge.cobertura.javancss.parser.JavaParser.ConditionalExpression(JavaParser.java:2774)
	at net.sourceforge.cobertura.javancss.parser.JavaParser.Expression(JavaParser.java:2718)
	at net.sourceforge.cobertura.javancss.parser.JavaParser.ArgumentList(JavaParser.java:3632)
	at net.sourceforge.cobertura.javancss.parser.JavaParser.Arguments(JavaParser.java:3610)
	at net.sourceforge.cobertura.javancss.parser.JavaParser.AllocationExpression(JavaParser.java:3665)
	at net.sourceforge.cobertura.javancss.parser.JavaParser.PrimaryPrefix(JavaParser.java:3456)
	at net.sourceforge.cobertura.javancss.parser.JavaParser.PrimaryExpression(JavaParser.java:3376)
	at net.sourceforge.cobertura.javancss.parser.JavaParser.PostfixExpression(JavaParser.java:3330)
	at net.sourceforge.cobertura.javancss.parser.JavaParser.UnaryExpressionNotPlusMinus(JavaParser.java:3237)
	at net.sourceforge.cobertura.javancss.parser.JavaParser.UnaryExpression(JavaParser.java:3171)
	at net.sourceforge.cobertura.javancss.parser.JavaParser.MultiplicativeExpression(JavaParser.java:3090)
	at net.sourceforge.cobertura.javancss.parser.JavaParser.AdditiveExpression(JavaParser.java:3061)
	at net.sourceforge.cobertura.javancss.parser.JavaParser.ShiftExpression(JavaParser.java:3027)
	at net.sourceforge.cobertura.javancss.parser.JavaParser.RelationalExpression(JavaParser.java:2990)
	at net.sourceforge.cobertura.javancss.parser.JavaParser.InstanceOfExpression(JavaParser.java:2977)
	at net.sourceforge.cobertura.javancss.parser.JavaParser.AssigmentExpression(JavaParser.java:2959)
	at net.sourceforge.cobertura.javancss.parser.JavaParser.EqualityExpression(JavaParser.java:2886)
	at net.sourceforge.cobertura.javancss.parser.JavaParser.AndExpression(JavaParser.java:2860)
	at net.sourceforge.cobertura.javancss.parser.JavaParser.ExclusiveOrExpression(JavaParser.java:2843)
	at net.sourceforge.cobertura.javancss.parser.JavaParser.InclusiveOrExpression(JavaParser.java:2826)
	at net.sourceforge.cobertura.javancss.parser.JavaParser.ConditionalAndExpression(JavaParser.java:2808)
	at net.sourceforge.cobertura.javancss.parser.JavaParser.ConditionalOrExpression(JavaParser.java:2790)
	at net.sourceforge.cobertura.javancss.parser.JavaParser.ConditionalExpression(JavaParser.java:2774)
	at net.sourceforge.cobertura.javancss.parser.JavaParser.Expression(JavaParser.java:2718)
	at net.sourceforge.cobertura.javancss.parser.JavaParser.ReturnStatement(JavaParser.java:4572)
	at net.sourceforge.cobertura.javancss.parser.JavaParser.Statement(JavaParser.java:3825)
	at net.sourceforge.cobertura.javancss.parser.JavaParser.BlockStatement(JavaParser.java:3984)
	at net.sourceforge.cobertura.javancss.parser.JavaParser.Block(JavaParser.java:3934)
	at net.sourceforge.cobertura.javancss.parser.JavaParser.MethodDeclaration(JavaParser.java:1987)
	at net.sourceforge.cobertura.javancss.parser.JavaParser.ClassBodyDeclaration(JavaParser.java:1039)
	at net.sourceforge.cobertura.javancss.parser.JavaParser.ClassBody(JavaParser.java:898)
	at net.sourceforge.cobertura.javancss.parser.JavaParser.UnmodifiedClassDeclaration(JavaParser.java:824)
	at net.sourceforge.cobertura.javancss.parser.JavaParser.ClassDeclaration(JavaParser.java:728)
	at net.sourceforge.cobertura.javancss.parser.JavaParser.TypeDeclaration(JavaParser.java:575)
	at net.sourceforge.cobertura.javancss.parser.JavaParser.CompilationUnit(JavaParser.java:318)
	at net.sourceforge.cobertura.javancss.parser.JavaParser.parse(JavaParser.java:100)
	at net.sourceforge.cobertura.javancss.Javancss._measureSource(Javancss.java:192)
	at net.sourceforge.cobertura.javancss.Javancss._measureRoot(Javancss.java:268)
	at net.sourceforge.cobertura.javancss.Javancss.<init>(Javancss.java:347)
	at net.sourceforge.cobertura.javancss.JavancssFactory.newInstance(JavancssFactory.java:40)
	at net.sourceforge.cobertura.reporting.ComplexityCalculator.getFunctionMetricsForSingleFile(ComplexityCalculator.java:243)
	at net.sourceforge.cobertura.reporting.ComplexityCalculator.getAccumlatedCCNForSingleFile(ComplexityCalculator.java:143)
	at net.sourceforge.cobertura.reporting.ComplexityCalculator.getCCNForSourceFileNameInternal(ComplexityCalculator.java:273)
	at net.sourceforge.cobertura.reporting.ComplexityCalculator.getCCNForPackageInternal(ComplexityCalculator.java:208)
	at net.sourceforge.cobertura.reporting.ComplexityCalculator.getCCNForProject(ComplexityCalculator.java:174)
	at net.sourceforge.cobertura.reporting.xml.XMLReport.<init>(XMLReport.java:70)
	at net.sourceforge.cobertura.reporting.xml.XMLReportFormatStrategy.save(XMLReportFormatStrategy.java:18)
	at net.sourceforge.cobertura.reporting.NativeReport.export(NativeReport.java:31)
	at net.sourceforge.cobertura.reporting.CompositeReport.export(CompositeReport.java:19)
	at net.sourceforge.cobertura.reporting.ReportMain.parseArgumentsAndReport(ReportMain.java:91)
	at net.sourceforge.cobertura.reporting.ReportMain.generateReport(ReportMain.java:141)
	at net.sourceforge.cobertura.reporting.ReportMain.main(ReportMain.java:151)

[INFO] Cobertura Report generation was successful.
[INFO] ------------------------------------------------------------------------
[INFO] BUILD SUCCESS
[INFO] ------------------------------------------------------------------------
[INFO] Total time: 24.000 s
[INFO] Finished at: 2020-01-20T06:04:08Z
[INFO] Final Memory: 25M/180M
[INFO] ------------------------------------------------------------------------
[8mha:////4O2nm2bqNG2FBcDS/Bsr9EeTPTScW9L4XTkOpfu6NrW5AAAApR+LCAAAAAAAAP9tjTEOwjAQBC9BFLSUPOIigUSDqNJabniBiY1xYt0Z2yGpeBFf4w8EIlGxxWpnm3m+YJkiHDlabA11jlLjMPjeTgsHjt3F84Atn7FhSuwNSjNI1qaeUXI2MKcoYSFgZajxnBzZDGvRqruqvCJbnXKcvoOA0ukbPKAQkzmrmL8wRthce52Yfp6/AhhDyFDu9p/avgEjVhSLvgAAAA==[0m[Pipeline] }
[INFO] Sensor JavaSquidSensor [java]
[INFO] Configured Java source version (sonar.java.source): 8
[INFO] JavaClasspath initialization
[WARNING] Bytecode of dependencies was not provided for analysis of source files, you might end up with less precise results. Bytecode can be provided using sonar.java.libraries property.
[INFO] JavaClasspath initialization (done) | time=21ms
[INFO] JavaTestClasspath initialization
[INFO] JavaTestClasspath initialization (done) | time=2ms
[INFO] Java Main Files AST scan
[INFO] 20 source files to be analyzed
[INFO] Load project repositories
[INFO] Load project repositories (done) | time=36ms
[INFO] 20/20 source files have been analyzed
[INFO] Java Main Files AST scan (done) | time=2108ms
[INFO] Java Test Files AST scan
[INFO] 13 source files to be analyzed
[INFO] Java Test Files AST scan (done) | time=940ms
[INFO] Sensor JavaSquidSensor [java] (done) | time=4586ms
[INFO] Sensor JaCoCo XML Report Importer [jacoco]
[INFO] Sensor JaCoCo XML Report Importer [jacoco] (done) | time=5ms
[INFO] Sensor SurefireSensor [java]
[INFO] parsing [/var/jenkins_home/jobs/pipeline-script-from-scm/workspace/target/surefire-reports]
[INFO] 13/13 source files have been analyzed
[INFO] Sensor SurefireSensor [java] (done) | time=87ms
[INFO] Sensor JaCoCoSensor [java]
[INFO] Sensor JaCoCoSensor [java] (done) | time=2ms
[INFO] Sensor JavaXmlSensor [java]
[INFO] 1 source files to be analyzed
[INFO] Sensor JavaXmlSensor [java] (done) | time=415ms
[INFO] 1/1 source files have been analyzed
[INFO] Sensor HTML [web]
[INFO] Sensor HTML [web] (done) | time=68ms
[INFO] Sensor XML Sensor [xml]
[INFO] 1 source files to be analyzed
[INFO] Sensor XML Sensor [xml] (done) | time=376ms
[INFO] ------------- Run sensors on project
[INFO] 1/1 source files have been analyzed
[INFO] Sensor Zero Coverage Sensor
[INFO] Sensor Zero Coverage Sensor (done) | time=20ms
[INFO] Sensor Java CPD Block Indexer
[INFO] Sensor Java CPD Block Indexer (done) | time=67ms
[INFO] 16 files had no CPD blocks
[INFO] Calculating CPD for 4 files
[INFO] CPD calculation finished
[INFO] Analysis report generated in 202ms, dir size=136 KB
[INFO] Analysis report compressed in 179ms, zip size=67 KB
[INFO] Analysis report uploaded in 88ms
[INFO] ANALYSIS SUCCESSFUL, you can browse http://172.19.96.1:9004/dashboard?id=ken%3Aberlin-clock
[INFO] Note that you will be able to access the updated dashboard once the server has processed the submitted analysis report
[INFO] More about the report processing at http://172.19.96.1:9004/api/ce/task?id=AW_BjT98fOcN--xzSUUz
[INFO] Analysis total time: 19.024 s
[INFO] ------------------------------------------------------------------------
[INFO] BUILD SUCCESS
[INFO] ------------------------------------------------------------------------
[INFO] Total time: 32.827 s
[INFO] Finished at: 2020-01-20T06:04:16Z
[INFO] Final Memory: 24M/268M
[INFO] ------------------------------------------------------------------------
[8mha:////4Db90lnwfw+tbUCJi4ymgvHQdL3EYuYbhSYjW/wXKZcNAAAApB+LCAAAAAAAAP9tjTESwiAURH/iWNhaeghSpLBwrGwZGk+ACSKE+Z8AkVSeyKt5B9HMWLnFzr5t3vMF6xjgSEEzq3AwGDvDvJt0WSxTGK6OMrN0YR1hJKeYUFlQr04LCkoKllQ1rDhsFHaOokGdYMutvMvGSdTNOYXyHTjUph/hARUv5iRD+sIcYHeb+kj48/wVwOx9grrdf6p9AxC1Tze+AAAA[0m[Pipeline] }
[8mha:////4OQSZgb4xwD5Y+cANT9HN4NdCnrgotYqkaF5w+bqNYrMAAAApR+LCAAAAAAAAP9tjTEOwjAQBC9BFLSUPOKCRIOEqNJabniBiY1xYt0Z2yGpeBFf4w8EIlGxxWpnm3m+YJkiHDlabA11jlLjMPjeTgsHjt3F84Atn7FhSuwNSjNI1qaeUXI2MKcoYSFgZajxnBzZDGvRqruqvCJbnXKcvoOA0ukbPKAQkzmrmL8wRthce52Yfp6/AhhDyFDu9p/avgF/VhBfvgAAAA==[0m[Pipeline] // parallel
Post stage
[8mha:////4MlrNFKyqrWOWVsHpgrqULinVASTluyQiv3PcyEluOlqAAAApR+LCAAAAAAAAP9tjTEOwjAQBC9BFLSUPOIiQRUhqrRWGl5gYmOcWHfGdkgqXsTX+AMWkajYYrWzzbzesI4BThwM9poGS7Gz6N1o8sKJw3B1PGHPF+yYIjuNrZ5aVrpZsOWkYUlRwkrARlPnOFoyCbailw9ZOUmmOqeQv6OA0qo7PKEQ2ZxkSF+YA+xuo4pMP89fAcw+Qbmvcx1q/wGERntovgAAAA==[0m[Pipeline] junit
Recording test results
[8mha:////4Dl5sZsg61jQy9/iGF3nJhySSO9D8Owldh3AhJwiZUjWAAAApR+LCAAAAAAAAP9tjTEOwjAQBC9BFLSUPOKCEA1CqWgtN7zAJMY4se6C7eBUvIiv8QcsIlGxxWpnm3m9YRk81OwNdpp6S6GxOLjR5IWJfX91nLDjCzZMgZ1GqZPkVp9mlBw1zClKWAhYaWocB0smwlp06qEqp8hU5+jzdxRQ2vYOTyhENkfl4xcmD5vb2Aamn+evAKYhQrk75Npvhw9I6/a8vgAAAA==[0m[Pipeline] cobertura
[Cobertura] Publishing Cobertura coverage report...

[Cobertura] Publishing Cobertura coverage results...

[Cobertura] Cobertura coverage report found.

ERROR: ERROR: Failure to paint /var/jenkins_home/jobs/pipeline-script-from-scm/workspace/src/main/java/ken/kata/techtest/clock/hours/HoursFactory.java to /var/jenkins_home/jobs/pipeline-script-from-scm/cobertura
java.nio.file.AccessDeniedException: /var/jenkins_home/jobs/pipeline-script-from-scm/cobertura/ken/kata/techtest/clock/hours/HoursFactory.java
	at sun.nio.fs.UnixException.translateToIOException(UnixException.java:84)
	at sun.nio.fs.UnixException.rethrowAsIOException(UnixException.java:102)
	at sun.nio.fs.UnixException.rethrowAsIOException(UnixException.java:107)
	at sun.nio.fs.UnixFileSystemProvider.newByteChannel(UnixFileSystemProvider.java:214)
	at java.nio.file.spi.FileSystemProvider.newOutputStream(FileSystemProvider.java:434)
	at java.nio.file.Files.newOutputStream(Files.java:216)
	at hudson.FilePath.write(FilePath.java:2063)
	at hudson.plugins.cobertura.renderers.SourceCodePainter.paintSourceCode(SourceCodePainter.java:64)
	at hudson.plugins.cobertura.renderers.SourceCodePainter.invoke(SourceCodePainter.java:137)
	at hudson.plugins.cobertura.renderers.SourceCodePainter.invoke(SourceCodePainter.java:31)
	at hudson.FilePath.act(FilePath.java:1075)
	at hudson.FilePath.act(FilePath.java:1058)
	at hudson.plugins.cobertura.CoberturaPublisher.perform(CoberturaPublisher.java:620)
	at org.jenkinsci.plugins.workflow.steps.CoreStep$Execution.run(CoreStep.java:80)
	at org.jenkinsci.plugins.workflow.steps.CoreStep$Execution.run(CoreStep.java:67)
	at org.jenkinsci.plugins.workflow.steps.SynchronousNonBlockingStepExecution.lambda$start$0(SynchronousNonBlockingStepExecution.java:47)
	at java.util.concurrent.Executors$RunnableAdapter.call(Executors.java:511)
	at java.util.concurrent.FutureTask.run(FutureTask.java:266)
	at java.util.concurrent.ThreadPoolExecutor.runWorker(ThreadPoolExecutor.java:1149)
	at java.util.concurrent.ThreadPoolExecutor$Worker.run(ThreadPoolExecutor.java:624)
	at java.lang.Thread.run(Thread.java:748)
ERROR: ERROR: Failure to paint /var/jenkins_home/jobs/pipeline-script-from-scm/workspace/src/main/java/ken/kata/techtest/clock/AbstractTimeUnit.java to /var/jenkins_home/jobs/pipeline-script-from-scm/cobertura
java.nio.file.AccessDeniedException: /var/jenkins_home/jobs/pipeline-script-from-scm/cobertura/ken/kata/techtest/clock/AbstractTimeUnit.java
	at sun.nio.fs.UnixException.translateToIOException(UnixException.java:84)
	at sun.nio.fs.UnixException.rethrowAsIOException(UnixException.java:102)
	at sun.nio.fs.UnixException.rethrowAsIOException(UnixException.java:107)
	at sun.nio.fs.UnixFileSystemProvider.newByteChannel(UnixFileSystemProvider.java:214)
	at java.nio.file.spi.FileSystemProvider.newOutputStream(FileSystemProvider.java:434)
	at java.nio.file.Files.newOutputStream(Files.java:216)
	at hudson.FilePath.write(FilePath.java:2063)
	at hudson.plugins.cobertura.renderers.SourceCodePainter.paintSourceCode(SourceCodePainter.java:64)
	at hudson.plugins.cobertura.renderers.SourceCodePainter.invoke(SourceCodePainter.java:137)
	at hudson.plugins.cobertura.renderers.SourceCodePainter.invoke(SourceCodePainter.java:31)
	at hudson.FilePath.act(FilePath.java:1075)
	at hudson.FilePath.act(FilePath.java:1058)
	at hudson.plugins.cobertura.CoberturaPublisher.perform(CoberturaPublisher.java:620)
	at org.jenkinsci.plugins.workflow.steps.CoreStep$Execution.run(CoreStep.java:80)
	at org.jenkinsci.plugins.workflow.steps.CoreStep$Execution.run(CoreStep.java:67)
	at org.jenkinsci.plugins.workflow.steps.SynchronousNonBlockingStepExecution.lambda$start$0(SynchronousNonBlockingStepExecution.java:47)
	at java.util.concurrent.Executors$RunnableAdapter.call(Executors.java:511)
	at java.util.concurrent.FutureTask.run(FutureTask.java:266)
	at java.util.concurrent.ThreadPoolExecutor.runWorker(ThreadPoolExecutor.java:1149)
	at java.util.concurrent.ThreadPoolExecutor$Worker.run(ThreadPoolExecutor.java:624)
	at java.lang.Thread.run(Thread.java:748)
ERROR: ERROR: Failure to paint /var/jenkins_home/jobs/pipeline-script-from-scm/workspace/src/main/java/ken/kata/techtest/Time.java to /var/jenkins_home/jobs/pipeline-script-from-scm/cobertura
java.nio.file.AccessDeniedException: /var/jenkins_home/jobs/pipeline-script-from-scm/cobertura/ken/kata/techtest/Time.java
	at sun.nio.fs.UnixException.translateToIOException(UnixException.java:84)
	at sun.nio.fs.UnixException.rethrowAsIOException(UnixException.java:102)
	at sun.nio.fs.UnixException.rethrowAsIOException(UnixException.java:107)
	at sun.nio.fs.UnixFileSystemProvider.newByteChannel(UnixFileSystemProvider.java:214)
	at java.nio.file.spi.FileSystemProvider.newOutputStream(FileSystemProvider.java:434)
	at java.nio.file.Files.newOutputStream(Files.java:216)
	at hudson.FilePath.write(FilePath.java:2063)
	at hudson.plugins.cobertura.renderers.SourceCodePainter.paintSourceCode(SourceCodePainter.java:64)
	at hudson.plugins.cobertura.renderers.SourceCodePainter.invoke(SourceCodePainter.java:137)
	at hudson.plugins.cobertura.renderers.SourceCodePainter.invoke(SourceCodePainter.java:31)
	at hudson.FilePath.act(FilePath.java:1075)
	at hudson.FilePath.act(FilePath.java:1058)
	at hudson.plugins.cobertura.CoberturaPublisher.perform(CoberturaPublisher.java:620)
	at org.jenkinsci.plugins.workflow.steps.CoreStep$Execution.run(CoreStep.java:80)
	at org.jenkinsci.plugins.workflow.steps.CoreStep$Execution.run(CoreStep.java:67)
	at org.jenkinsci.plugins.workflow.steps.SynchronousNonBlockingStepExecution.lambda$start$0(SynchronousNonBlockingStepExecution.java:47)
	at java.util.concurrent.Executors$RunnableAdapter.call(Executors.java:511)
	at java.util.concurrent.FutureTask.run(FutureTask.java:266)
	at java.util.concurrent.ThreadPoolExecutor.runWorker(ThreadPoolExecutor.java:1149)
	at java.util.concurrent.ThreadPoolExecutor$Worker.run(ThreadPoolExecutor.java:624)
	at java.lang.Thread.run(Thread.java:748)
ERROR: ERROR: Failure to paint /var/jenkins_home/jobs/pipeline-script-from-scm/workspace/src/main/java/ken/kata/techtest/clock/hours/Hours.java to /var/jenkins_home/jobs/pipeline-script-from-scm/cobertura
java.nio.file.AccessDeniedException: /var/jenkins_home/jobs/pipeline-script-from-scm/cobertura/ken/kata/techtest/clock/hours/Hours.java
	at sun.nio.fs.UnixException.translateToIOException(UnixException.java:84)
	at sun.nio.fs.UnixException.rethrowAsIOException(UnixException.java:102)
	at sun.nio.fs.UnixException.rethrowAsIOException(UnixException.java:107)
	at sun.nio.fs.UnixFileSystemProvider.newByteChannel(UnixFileSystemProvider.java:214)
	at java.nio.file.spi.FileSystemProvider.newOutputStream(FileSystemProvider.java:434)
	at java.nio.file.Files.newOutputStream(Files.java:216)
	at hudson.FilePath.write(FilePath.java:2063)
	at hudson.plugins.cobertura.renderers.SourceCodePainter.paintSourceCode(SourceCodePainter.java:64)
	at hudson.plugins.cobertura.renderers.SourceCodePainter.invoke(SourceCodePainter.java:137)
	at hudson.plugins.cobertura.renderers.SourceCodePainter.invoke(SourceCodePainter.java:31)
	at hudson.FilePath.act(FilePath.java:1075)
	at hudson.FilePath.act(FilePath.java:1058)
	at hudson.plugins.cobertura.CoberturaPublisher.perform(CoberturaPublisher.java:620)
	at org.jenkinsci.plugins.workflow.steps.CoreStep$Execution.run(CoreStep.java:80)
	at org.jenkinsci.plugins.workflow.steps.CoreStep$Execution.run(CoreStep.java:67)
	at org.jenkinsci.plugins.workflow.steps.SynchronousNonBlockingStepExecution.lambda$start$0(SynchronousNonBlockingStepExecution.java:47)
	at java.util.concurrent.Executors$RunnableAdapter.call(Executors.java:511)
	at java.util.concurrent.FutureTask.run(FutureTask.java:266)
	at java.util.concurrent.ThreadPoolExecutor.runWorker(ThreadPoolExecutor.java:1149)
	at java.util.concurrent.ThreadPoolExecutor$Worker.run(ThreadPoolExecutor.java:624)
	at java.lang.Thread.run(Thread.java:748)
ERROR: ERROR: Failure to paint /var/jenkins_home/jobs/pipeline-script-from-scm/workspace/src/main/java/ken/kata/techtest/clock/seconds/SecondsFactory.java to /var/jenkins_home/jobs/pipeline-script-from-scm/cobertura
java.nio.file.AccessDeniedException: /var/jenkins_home/jobs/pipeline-script-from-scm/cobertura/ken/kata/techtest/clock/seconds/SecondsFactory.java
	at sun.nio.fs.UnixException.translateToIOException(UnixException.java:84)
	at sun.nio.fs.UnixException.rethrowAsIOException(UnixException.java:102)
	at sun.nio.fs.UnixException.rethrowAsIOException(UnixException.java:107)
	at sun.nio.fs.UnixFileSystemProvider.newByteChannel(UnixFileSystemProvider.java:214)
	at java.nio.file.spi.FileSystemProvider.newOutputStream(FileSystemProvider.java:434)
	at java.nio.file.Files.newOutputStream(Files.java:216)
	at hudson.FilePath.write(FilePath.java:2063)
	at hudson.plugins.cobertura.renderers.SourceCodePainter.paintSourceCode(SourceCodePainter.java:64)
	at hudson.plugins.cobertura.renderers.SourceCodePainter.invoke(SourceCodePainter.java:137)
	at hudson.plugins.cobertura.renderers.SourceCodePainter.invoke(SourceCodePainter.java:31)
	at hudson.FilePath.act(FilePath.java:1075)
	at hudson.FilePath.act(FilePath.java:1058)
	at hudson.plugins.cobertura.CoberturaPublisher.perform(CoberturaPublisher.java:620)
	at org.jenkinsci.plugins.workflow.steps.CoreStep$Execution.run(CoreStep.java:80)
	at org.jenkinsci.plugins.workflow.steps.CoreStep$Execution.run(CoreStep.java:67)
	at org.jenkinsci.plugins.workflow.steps.SynchronousNonBlockingStepExecution.lambda$start$0(SynchronousNonBlockingStepExecution.java:47)
	at java.util.concurrent.Executors$RunnableAdapter.call(Executors.java:511)
	at java.util.concurrent.FutureTask.run(FutureTask.java:266)
	at java.util.concurrent.ThreadPoolExecutor.runWorker(ThreadPoolExecutor.java:1149)
	at java.util.concurrent.ThreadPoolExecutor$Worker.run(ThreadPoolExecutor.java:624)
	at java.lang.Thread.run(Thread.java:748)
ERROR: ERROR: Failure to paint /var/jenkins_home/jobs/pipeline-script-from-scm/workspace/src/main/java/ken/kata/techtest/parser/BerlinClockParser.java to /var/jenkins_home/jobs/pipeline-script-from-scm/cobertura
java.nio.file.AccessDeniedException: /var/jenkins_home/jobs/pipeline-script-from-scm/cobertura/ken/kata/techtest/parser/BerlinClockParser.java
	at sun.nio.fs.UnixException.translateToIOException(UnixException.java:84)
	at sun.nio.fs.UnixException.rethrowAsIOException(UnixException.java:102)
	at sun.nio.fs.UnixException.rethrowAsIOException(UnixException.java:107)
	at sun.nio.fs.UnixFileSystemProvider.newByteChannel(UnixFileSystemProvider.java:214)
	at java.nio.file.spi.FileSystemProvider.newOutputStream(FileSystemProvider.java:434)
	at java.nio.file.Files.newOutputStream(Files.java:216)
	at hudson.FilePath.write(FilePath.java:2063)
	at hudson.plugins.cobertura.renderers.SourceCodePainter.paintSourceCode(SourceCodePainter.java:64)
	at hudson.plugins.cobertura.renderers.SourceCodePainter.invoke(SourceCodePainter.java:137)
	at hudson.plugins.cobertura.renderers.SourceCodePainter.invoke(SourceCodePainter.java:31)
	at hudson.FilePath.act(FilePath.java:1075)
	at hudson.FilePath.act(FilePath.java:1058)
	at hudson.plugins.cobertura.CoberturaPublisher.perform(CoberturaPublisher.java:620)
	at org.jenkinsci.plugins.workflow.steps.CoreStep$Execution.run(CoreStep.java:80)
	at org.jenkinsci.plugins.workflow.steps.CoreStep$Execution.run(CoreStep.java:67)
	at org.jenkinsci.plugins.workflow.steps.SynchronousNonBlockingStepExecution.lambda$start$0(SynchronousNonBlockingStepExecution.java:47)
	at java.util.concurrent.Executors$RunnableAdapter.call(Executors.java:511)
	at java.util.concurrent.FutureTask.run(FutureTask.java:266)
	at java.util.concurrent.ThreadPoolExecutor.runWorker(ThreadPoolExecutor.java:1149)
	at java.util.concurrent.ThreadPoolExecutor$Worker.run(ThreadPoolExecutor.java:624)
	at java.lang.Thread.run(Thread.java:748)
ERROR: ERROR: Failure to paint /var/jenkins_home/jobs/pipeline-script-from-scm/workspace/src/main/java/ken/kata/techtest/view/Lamp.java to /var/jenkins_home/jobs/pipeline-script-from-scm/cobertura
java.nio.file.AccessDeniedException: /var/jenkins_home/jobs/pipeline-script-from-scm/cobertura/ken/kata/techtest/view/Lamp.java
	at sun.nio.fs.UnixException.translateToIOException(UnixException.java:84)
	at sun.nio.fs.UnixException.rethrowAsIOException(UnixException.java:102)
	at sun.nio.fs.UnixException.rethrowAsIOException(UnixException.java:107)
	at sun.nio.fs.UnixFileSystemProvider.newByteChannel(UnixFileSystemProvider.java:214)
	at java.nio.file.spi.FileSystemProvider.newOutputStream(FileSystemProvider.java:434)
	at java.nio.file.Files.newOutputStream(Files.java:216)
	at hudson.FilePath.write(FilePath.java:2063)
	at hudson.plugins.cobertura.renderers.SourceCodePainter.paintSourceCode(SourceCodePainter.java:64)
	at hudson.plugins.cobertura.renderers.SourceCodePainter.invoke(SourceCodePainter.java:137)
	at hudson.plugins.cobertura.renderers.SourceCodePainter.invoke(SourceCodePainter.java:31)
	at hudson.FilePath.act(FilePath.java:1075)
	at hudson.FilePath.act(FilePath.java:1058)
	at hudson.plugins.cobertura.CoberturaPublisher.perform(CoberturaPublisher.java:620)
	at org.jenkinsci.plugins.workflow.steps.CoreStep$Execution.run(CoreStep.java:80)
	at org.jenkinsci.plugins.workflow.steps.CoreStep$Execution.run(CoreStep.java:67)
	at org.jenkinsci.plugins.workflow.steps.SynchronousNonBlockingStepExecution.lambda$start$0(SynchronousNonBlockingStepExecution.java:47)
	at java.util.concurrent.Executors$RunnableAdapter.call(Executors.java:511)
	at java.util.concurrent.FutureTask.run(FutureTask.java:266)
	at java.util.concurrent.ThreadPoolExecutor.runWorker(ThreadPoolExecutor.java:1149)
	at java.util.concurrent.ThreadPoolExecutor$Worker.run(ThreadPoolExecutor.java:624)
	at java.lang.Thread.run(Thread.java:748)
ERROR: ERROR: Failure to paint /var/jenkins_home/jobs/pipeline-script-from-scm/workspace/src/main/java/ken/kata/techtest/BerlinClockImpl.java to /var/jenkins_home/jobs/pipeline-script-from-scm/cobertura
java.nio.file.AccessDeniedException: /var/jenkins_home/jobs/pipeline-script-from-scm/cobertura/ken/kata/techtest/BerlinClockImpl.java
	at sun.nio.fs.UnixException.translateToIOException(UnixException.java:84)
	at sun.nio.fs.UnixException.rethrowAsIOException(UnixException.java:102)
	at sun.nio.fs.UnixException.rethrowAsIOException(UnixException.java:107)
	at sun.nio.fs.UnixFileSystemProvider.newByteChannel(UnixFileSystemProvider.java:214)
	at java.nio.file.spi.FileSystemProvider.newOutputStream(FileSystemProvider.java:434)
	at java.nio.file.Files.newOutputStream(Files.java:216)
	at hudson.FilePath.write(FilePath.java:2063)
	at hudson.plugins.cobertura.renderers.SourceCodePainter.paintSourceCode(SourceCodePainter.java:64)
	at hudson.plugins.cobertura.renderers.SourceCodePainter.invoke(SourceCodePainter.java:137)
	at hudson.plugins.cobertura.renderers.SourceCodePainter.invoke(SourceCodePainter.java:31)
	at hudson.FilePath.act(FilePath.java:1075)
	at hudson.FilePath.act(FilePath.java:1058)
	at hudson.plugins.cobertura.CoberturaPublisher.perform(CoberturaPublisher.java:620)
	at org.jenkinsci.plugins.workflow.steps.CoreStep$Execution.run(CoreStep.java:80)
	at org.jenkinsci.plugins.workflow.steps.CoreStep$Execution.run(CoreStep.java:67)
	at org.jenkinsci.plugins.workflow.steps.SynchronousNonBlockingStepExecution.lambda$start$0(SynchronousNonBlockingStepExecution.java:47)
	at java.util.concurrent.Executors$RunnableAdapter.call(Executors.java:511)
	at java.util.concurrent.FutureTask.run(FutureTask.java:266)
	at java.util.concurrent.ThreadPoolExecutor.runWorker(ThreadPoolExecutor.java:1149)
	at java.util.concurrent.ThreadPoolExecutor$Worker.run(ThreadPoolExecutor.java:624)
	at java.lang.Thread.run(Thread.java:748)
ERROR: ERROR: Failure to paint /var/jenkins_home/jobs/pipeline-script-from-scm/workspace/src/main/java/ken/kata/techtest/clock/seconds/Seconds.java to /var/jenkins_home/jobs/pipeline-script-from-scm/cobertura
java.nio.file.AccessDeniedException: /var/jenkins_home/jobs/pipeline-script-from-scm/cobertura/ken/kata/techtest/clock/seconds/Seconds.java
	at sun.nio.fs.UnixException.translateToIOException(UnixException.java:84)
	at sun.nio.fs.UnixException.rethrowAsIOException(UnixException.java:102)
	at sun.nio.fs.UnixException.rethrowAsIOException(UnixException.java:107)
	at sun.nio.fs.UnixFileSystemProvider.newByteChannel(UnixFileSystemProvider.java:214)
	at java.nio.file.spi.FileSystemProvider.newOutputStream(FileSystemProvider.java:434)
	at java.nio.file.Files.newOutputStream(Files.java:216)
	at hudson.FilePath.write(FilePath.java:2063)
	at hudson.plugins.cobertura.renderers.SourceCodePainter.paintSourceCode(SourceCodePainter.java:64)
	at hudson.plugins.cobertura.renderers.SourceCodePainter.invoke(SourceCodePainter.java:137)
	at hudson.plugins.cobertura.renderers.SourceCodePainter.invoke(SourceCodePainter.java:31)
	at hudson.FilePath.act(FilePath.java:1075)
	at hudson.FilePath.act(FilePath.java:1058)
	at hudson.plugins.cobertura.CoberturaPublisher.perform(CoberturaPublisher.java:620)
	at org.jenkinsci.plugins.workflow.steps.CoreStep$Execution.run(CoreStep.java:80)
	at org.jenkinsci.plugins.workflow.steps.CoreStep$Execution.run(CoreStep.java:67)
	at org.jenkinsci.plugins.workflow.steps.SynchronousNonBlockingStepExecution.lambda$start$0(SynchronousNonBlockingStepExecution.java:47)
	at java.util.concurrent.Executors$RunnableAdapter.call(Executors.java:511)
	at java.util.concurrent.FutureTask.run(FutureTask.java:266)
	at java.util.concurrent.ThreadPoolExecutor.runWorker(ThreadPoolExecutor.java:1149)
	at java.util.concurrent.ThreadPoolExecutor$Worker.run(ThreadPoolExecutor.java:624)
	at java.lang.Thread.run(Thread.java:748)
[8mha:////4JxUk9DjssH3caAN7Jvpglz9KgQZmZ4NPxVkNeRLd4nhAAAApR+LCAAAAAAAAP9tjTEOwjAQBC9BFLSUPOIiEA1CqWgtN7zAJMY4se6C7eBUvIiv8QcsIlGxxWpnm3m9YRk81OwNdpp6S6GxOLjR5IWJfX91nLDjCzZMgZ1GqZPkVp9mlBw1zClKWAhYaWocB0smwlp06qEqp8hU5+jzdxRQ2vYOTyhENkfl4xcmD5vb2Aamn+evAKZhiFDut7l2hw/csH/dvgAAAA==[0m[Pipeline] }
[8mha:////4ABP+1up8B9VBInzth5iCYKrpDtNgaEjlJ0+1NWbWop/AAAAph+LCAAAAAAAAP9tjTEOwjAQBC9BFLSUPOIiRRRIiCqtlYYXmNgYJ9adsR2SihfxNf6ARSQqtljtbDOvN6xjgBMHg72mwVLsLHo3mrxw4jBcHU/Y8wU7pshOY6unlpVuFmw5aVhSlLASsNHUOY6WTIKt6OVDVk6Sqc4p5O8ooLTqDk8oRDYnGdIX5gC726gi08/zVwCz9wnKfZ2rPnwA5PLsLL4AAAA=[0m[Pipeline] // withEnv
[8mha:////4Aca5u5Q9Kr2rEJzPFiw5WSHGbZ7fXhS2jOH0ct8SjTpAAAApB+LCAAAAAAAAP9tjTEOwjAQBC9BFLSUPMKRCB2iSmul4QUmPowT687YDknFi/gaf8AiEhVbrHa2mdcb1jHAiYMRPdJgKXZWeDeavMTEYbg6nkTPF9ExRXYoWpxa1tgs2HJCWFKUsJKwQeocR0smwVb26qEqp8hU5xTyd5RQWn2HJxQym5MK6QtzgN1t1JHp5/krgNn7BOWhzrWvP8n4YnC+AAAA[0m[Pipeline] }
[8mha:////4F7IbfKt7Kq0z+UdUQanTXztxERPmqYX3/sLRmPmjmfvAAAApB+LCAAAAAAAAP9tjTEOwjAQBC9BFLSUPMKRonSIitZKwwtMbIwT686xLyQVL+Jr/AGLSFRssdrZZl5v2KYIJ4pW9AYHh6lzIvjJ5iVmisPN0yx6uoqOMJE3ojVzS9qcV2yJDawpSthI2BnsPCWHlmEve/VQlVdoqwvH/B0llE6P8IRCZjOryF9YIhzuk06EP89fASwhMJRNk6uuP+f4YBq+AAAA[0m[Pipeline] // stage
[8mha:////4NBcFCGx9E/+SUOjC7WuB6ttguJIhyzMRz7oP5ug9cqVAAAAqB+LCAAAAAAAAP9tjTEOwjAUQ3+LOrAycohUIJhQJ9aoCycITQhJo/9LkpJOnIircQcClZjwYNmWrPd8QRU8NOQ1swp7g6EzbHCjzokl8v3FUWKWzqwjDOQUa1VqSarjXFuKCmYVJSw4LBV2joJBHWHFrbiL2gnU9Sn6vB04lEbe4AEFz+QofPyWycP6OspA+OP8BcA0RCi3m2y7/edZvQGAwQmjwgAAAA==[0m[Pipeline] stage
[8mha:////4FVqyBUHjRXO+85NwpjcJHu+PbxK2a8WP6oXq70iaj9+AAAApx+LCAAAAAAAAP9tjTEOwjAUQ3+LOrAycoh0ARbE1DXKwglCE0La6P/yk9JOnIircQdaKjHhwbItWe/1hiIynIidaCy2HmPtRRd6NyUxELfXQINo6CJqwkjBCmUHRcZWS1WULCzKclhJWFusA0WPLsFGNvqhy6DRlefE03aUkHtzhydkciInzelbRobtrTeR8Mf5C4CxS5Dv9rMd5mfxAUxleXrCAAAA[0m[Pipeline] { (deploy)
[8mha:////4Dj7yo7EUbMi1/RXGxst5RvgPZwyuhc4pwnHpgYbBVMvAAAApB+LCAAAAAAAAP9tjTEOwjAQBC9BFLSUPOLSICgQVVrLDS8wsTFOrDtjOyQVL+Jr/IFAJCq2WO1sM88XLFOEI0eLraHOUWocBt/baeHAsbt4HrDlMzZMib1BaQbJ2tQzSs4G5hQlLASsDDWekyObYS1adVeVV2SrU47TdxBQOn2DBxRiMmcV8xfGCJtrrxPTz/NXAGPIUG53n9qHN+EEkMO+AAAA[0m[Pipeline] tool
[8mha:////4D36XGsumNu8WJIWAKHn+VLip9CdwsTeGKtwik+xLo0+AAAApR+LCAAAAAAAAP9tjTEOwjAQBC9BFLSUPOLSIISEqNJabniBiY1xYt0Z2yGpeBFf4w8EIlGxxWpnm3m+YJkiHDlabA11jlLjMPjeTgsHjt3F84Atn7FhSuwNSjNI1qaeUXI2MKcoYSFgZajxnBzZDGvRqruqvCJbnXKcvoOA0ukbPKAQkzmrmL8wRthce52Yfp6/AhhDhnK7+9Q+vAEuGAhEvgAAAA==[0m[Pipeline] envVarsForTool
[8mha:////4B9i2F1OyvYYO29MkGDjzXHP4Q4KabWskMya1xCJQYxPAAAApR+LCAAAAAAAAP9tjTEOwjAQBC9BFLSUPOLSICSEqNJabniBiY1xYt0Z2yGpeBFf4w8EIlGxxWpnm3m+YJkiHDlabA11jlLjMPjeTgsHjt3F84Atn7FhSuwNSjNI1qaeUXI2MKcoYSFgZajxnBzZDGvRqruqvCJbnXKcvoOA0ukbPKAQkzmrmL8wRthce52Yfp6/AhhDhnK7+9Q+vAFvKRNdvgAAAA==[0m[Pipeline] tool
[8mha:////4Fq2kYtjJeCTzVur42qkqXeL/y+Q3H9OSIF9eEeoueyaAAAApR+LCAAAAAAAAP9tjTEOwjAQBC9BFLSUPOJCATQoFa3lhheYxBgn1l2wHZyKF/E1/oBFJCq2WO1sM683LIOHmr3BTlNvKTQWBzeavDCx76+OE3Z8wYYpsNModZLc6tOMkqOGOUUJCwErTY3jYMlEWItOPVTlFJnqHH3+jgJK297hCYXI5qh8/MLkYXMb28D08/wVwDREKHeHXPvt8AER+BONvgAAAA==[0m[Pipeline] envVarsForTool
[8mha:////4JKJ2jKlrKCg8USdUFoSWgz72PBjiI3SpWbWDpF1W854AAAAqB+LCAAAAAAAAP9tjTEOwjAUQ3+LOrAycohUSMCCOrFGXThBaEJIGv1fkpR04kRcjTsQqMSEB8u2ZL3nC6rgoSGvmVXYGwydYYMbdU4ske8vjhKzdGYdYSCnWKtSS1Id59pSVDCrKGHBYamwcxQM6ggrbsVd1E6grk/R5+3AoTTyBg8oeCZH4eO3TB7W11EGwh/nLwCmIUK53WfbbT7P6g1BOOlYwgAAAA==[0m[Pipeline] withEnv
[8mha:////4K6fnF4LYUnyzgtyK8HcCBX9aYATWQ0lQIVwJ7lFEi71AAAApx+LCAAAAAAAAP9tjTEOwjAUQ3+LOrAycohUIDEhpq5RFk4QmhDSRv+Xn5R24kRcjTvQUokJD5ZtyXqvNxSR4UTsRGOx9RhrL7rQuymJgbi9BhpEQxdRE0YKVig7KDK2WqqiZGFRlsNKwtpiHSh6dAk2stEPXQaNrjwnnrajhNybOzwhkxM5aU7fMjJsb72JhD/OXwCMXYL8sJttPz+LDwMT42zCAAAA[0m[Pipeline] {
[8mha:////4IcNx6z7HSjsP3+f/xl3fNAXBeYgdBJtBoFjhl1dhuyAAAAApx+LCAAAAAAAAP9tjTEOwjAUQ3+LOrAycohUAjEhpq5RFk4QmhDSRv+Xn5R24kRcjTvQUokJD5ZtyXqvNxSR4UTsRGOx9RhrL7rQuymJgbi9BhpEQxdRE0YKVig7KDK2WqqiZGFRlsNKwtpiHSh6dAk2stEPXQaNrjwnnrajhNybOzwhkxM5aU7fMjJsb72JhD/OXwCMXYL8sJttPz+LD6emXT7CAAAA[0m[Pipeline] configFileProvider
provisioning config files...
copy managed file [myMavenConfig for jenkins automation example] to file:/var/jenkins_home/jobs/pipeline-script-from-scm/workspace@tmp/config925925102593992307tmp
[8mha:////4C1+0CsFgKpZECx4V+2UWI0aTUdaz4R2IFVrUi0frJ5dAAAApx+LCAAAAAAAAP9tjTEOwjAUQ3+LOrAycoh0ACbE1DXKwglCE0La6P/yk9JOnIircQdaKjHhwbItWe/1hiIynIidaCy2HmPtRRd6NyUxELfXQINo6CJqwkjBCmUHRcZWS1WULCzKclhJWFusA0WPLsFGNvqhy6DRlefE03aUkHtzhydkciInzelbRobtrTeR8Mf5C4CxS5AfdrPt52fxAd9J1uLCAAAA[0m[Pipeline] {
[8mha:////4HNFgP0bMUFjVZBhxTlA6O1ZQTcrKXSIYDj6sVQqOO2mAAAAox+LCAAAAAAAAP9tjTEOwjAQBC9BFLSUPOLSkApR0VppeIFJjLFj3Tm2g1PxIr7GHwhEomKL1c4283zBOgY4ctBoFfWGYmvQu1HPCzOH/uo4o+ULtkyRncJG5YY7dVqw4aRgSVHCSsBGUes4GtIJtsLKu6ycJF2dU5i/g4DSdAM8oBCzOcmQvjAF2N3GLjL9PH8FMPkEZb3/VO3f4x1Rq74AAAA=[0m[Pipeline] sh
+ mvn -s /var/jenkins_home/jobs/pipeline-script-from-scm/workspace@tmp/config925925102593992307tmp deploy -DskipTests -Dartifactory_url=http://172.19.96.1:8081/artifactory/example-repo-local
[INFO] Scanning for projects...
[INFO] 
[INFO] ------------------------------------------------------------------------
[INFO] Building berlin-clock 1.1-SNAPSHOT
[INFO] ------------------------------------------------------------------------
[INFO] 
[INFO] --- maven-resources-plugin:2.6:resources (default-resources) @ berlin-clock ---
[INFO] Using 'UTF-8' encoding to copy filtered resources.
[INFO] skip non existing resourceDirectory /var/jenkins_home/jobs/pipeline-script-from-scm/workspace/src/main/resources
[INFO] 
[INFO] --- maven-compiler-plugin:3.1:compile (default-compile) @ berlin-clock ---
[INFO] Nothing to compile - all classes are up to date
[INFO] 
[INFO] --- maven-resources-plugin:2.6:testResources (default-testResources) @ berlin-clock ---
[INFO] Using 'UTF-8' encoding to copy filtered resources.
[INFO] skip non existing resourceDirectory /var/jenkins_home/jobs/pipeline-script-from-scm/workspace/src/test/resources
[INFO] 
[INFO] --- maven-compiler-plugin:3.1:testCompile (default-testCompile) @ berlin-clock ---
[INFO] Nothing to compile - all classes are up to date
[INFO] 
[INFO] --- maven-surefire-plugin:2.12.4:test (default-test) @ berlin-clock ---
[INFO] Tests are skipped.
[INFO] 
[INFO] --- maven-jar-plugin:2.4:jar (default-jar) @ berlin-clock ---
[INFO] Building jar: /var/jenkins_home/jobs/pipeline-script-from-scm/workspace/target/berlin-clock-1.1-SNAPSHOT.jar
[INFO] 
[INFO] --- maven-install-plugin:2.4:install (default-install) @ berlin-clock ---
[INFO] Installing /var/jenkins_home/jobs/pipeline-script-from-scm/workspace/target/berlin-clock-1.1-SNAPSHOT.jar to /var/jenkins_home/.m2/repository/ken/berlin-clock/1.1-SNAPSHOT/berlin-clock-1.1-SNAPSHOT.jar
[INFO] Installing /var/jenkins_home/jobs/pipeline-script-from-scm/workspace/pom.xml to /var/jenkins_home/.m2/repository/ken/berlin-clock/1.1-SNAPSHOT/berlin-clock-1.1-SNAPSHOT.pom
[INFO] 
[INFO] --- maven-deploy-plugin:2.7:deploy (default-deploy) @ berlin-clock ---
Downloading: http://172.19.96.1:8081/artifactory/example-repo-local/ken/berlin-clock/1.1-SNAPSHOT/maven-metadata.xml
Progress (1): 759 B                   Downloaded: http://172.19.96.1:8081/artifactory/example-repo-local/ken/berlin-clock/1.1-SNAPSHOT/maven-metadata.xml (759 B at 324 B/s)
Uploading: http://172.19.96.1:8081/artifactory/example-repo-local/ken/berlin-clock/1.1-SNAPSHOT/berlin-clock-1.1-20200120.060429-7.jar
Progress (1): 2.0/19 kBProgress (1): 4.1/19 kBProgress (1): 6.1/19 kBProgress (1): 8.2/19 kBProgress (1): 10/19 kB Progress (1): 12/19 kBProgress (1): 14/19 kBProgress (1): 16/19 kBProgress (1): 18/19 kBProgress (1): 19 kB                      Uploaded: http://172.19.96.1:8081/artifactory/example-repo-local/ken/berlin-clock/1.1-SNAPSHOT/berlin-clock-1.1-20200120.060429-7.jar (19 kB at 54 kB/s)
Uploading: http://172.19.96.1:8081/artifactory/example-repo-local/ken/berlin-clock/1.1-SNAPSHOT/berlin-clock-1.1-20200120.060429-7.pom
Progress (1): 2.0/2.7 kBProgress (1): 2.7 kB                        Uploaded: http://172.19.96.1:8081/artifactory/example-repo-local/ken/berlin-clock/1.1-SNAPSHOT/berlin-clock-1.1-20200120.060429-7.pom (2.7 kB at 24 kB/s)
Downloading: http://172.19.96.1:8081/artifactory/example-repo-local/ken/berlin-clock/maven-metadata.xml
Progress (1): 273 B                   Downloaded: http://172.19.96.1:8081/artifactory/example-repo-local/ken/berlin-clock/maven-metadata.xml (273 B at 4.4 kB/s)
Uploading: http://172.19.96.1:8081/artifactory/example-repo-local/ken/berlin-clock/1.1-SNAPSHOT/maven-metadata.xml
Progress (1): 759 B                   Uploaded: http://172.19.96.1:8081/artifactory/example-repo-local/ken/berlin-clock/1.1-SNAPSHOT/maven-metadata.xml (759 B at 3.4 kB/s)
Uploading: http://172.19.96.1:8081/artifactory/example-repo-local/ken/berlin-clock/maven-metadata.xml
Progress (1): 273 B                   Uploaded: http://172.19.96.1:8081/artifactory/example-repo-local/ken/berlin-clock/maven-metadata.xml (273 B at 5.0 kB/s)
[INFO] ------------------------------------------------------------------------
[INFO] BUILD SUCCESS
[INFO] ------------------------------------------------------------------------
[INFO] Total time: 7.206 s
[INFO] Finished at: 2020-01-20T06:04:30Z
[INFO] Final Memory: 14M/181M
[INFO] ------------------------------------------------------------------------
[8mha:////4Gsx3CGxltWfTKO2T2DIiFtwnwlMTisYA5R4x2gYSHSwAAAApB+LCAAAAAAAAP9tjTEOwjAQBC9BFLSUPOLSAA2iSmu54QUmNsaJdWdsh6TiRXyNPxCIRMUWq51t5vmCZYpw5GixNdQ5So3D4Hs7LRw4dhfPA7Z8xoYpsTcozSBZm3pGydnAnKKEhYCVocZzcmQzrEWr7qryimx1ynH6DgJKp2/wgEJM5qxi/sIYYXPtdWL6ef4KYAwhQ7nbf2r7Bqph/Ve+AAAA[0m[Pipeline] }
Deleting 1 temporary files
[8mha:////4L/5gc0tR2OpUtXR7+T5rCtOUj6DeX9uRWYTdBqGwLICAAAApR+LCAAAAAAAAP9tjTEOwjAQBC9BFLSUPOJSIESBqNJabniBiY1xYt0Z2yGpeBFf4w8EIlGxxWpnm3m+YJkiHDlabA11jlLjMPjeTgsHjt3F84Atn7FhSuwNSjNI1qaeUXI2MKcoYSFgZajxnBzZDGvRqruqvCJbnXKcvoOA0ukbPKAQkzmrmL8wRthce52Yfp6/AhhDyFDu9p/avgGsJ8UCvgAAAA==[0m[Pipeline] // configFileProvider
[8mha:////4HM9bKQLp/yEv4nnq7MzNKbkec4+uHb7e9bTLA3C0LKAAAAApR+LCAAAAAAAAP9tjTEOwjAQBC9BFLSUPOIiISEhIaq0lhteYGJjnFh3xnZIKl7E1/gDgUhUbLHa2WaeL1imCEeOFltDnaPUOAy+t9PCgWN38Txgy2dsmBJ7g9IMkrWpZ5ScDcwpSlgIWBlqPCdHNsNatOquKq/IVqccp+8goHT6Bg8oxGTOKuYvjBE2114npp/nrwDGEDKUu/2ntm/vpZSEvgAAAA==[0m[Pipeline] }
[8mha:////4AVLp7skN42LRzZGqcDDLWOPjhSseHpcLyMqgmScjdukAAAApR+LCAAAAAAAAP9tjTEOwjAQBC9BFLSUPOIiCgqEqNJabniBiY1xYt0Z2yGpeBFf4w8EIlGxxWpnm3m+YJkiHDlabA11jlLjMPjeTgsHjt3F84Atn7FhSuwNSjNI1qaeUXI2MKcoYSFgZajxnBzZDGvRqruqvCJbnXKcvoOA0ukbPKAQkzmrmL8wRthce52Yfp6/AhhDyFDu9p/avgHwJ8HWvgAAAA==[0m[Pipeline] // withEnv
[8mha:////4A59f04lAMsSDxR/4JHvV2+ULT1ROotQHeragHWDEayfAAAApR+LCAAAAAAAAP9tjTEOwjAQBC9BFLSUPOJCgdIgqrRWGl5gYmOcWHfGdkgqXsTX+AMWkajYYrWzzbzesI4BThwM9poGS7Gz6N1o8sKJw3B1PGHPF+yYIjuNrZ5aVrpZsOWkYUlRwkrARlPnOFoyCbailw9ZOUmmOqeQv6OA0qo7PKEQ2ZxkSF+YA+xuo4pMP89fAczeJyjrfa5D/QFHyFlHvgAAAA==[0m[Pipeline] }
[8mha:////4C5FpigjWC1Vdkpv3NqAa8OlYx4ErtRBXwNUFFXPkafZAAAApR+LCAAAAAAAAP9tjTEOwjAQBC9BFLSUPOIiJKBBqWgtN7zAJMY4se6C7eBUvIiv8QcsIlGxxWpnm3m9YRk81OwNdpp6S6GxOLjR5IWJfX91nLDjCzZMgZ1GqZPkVp9mlBw1zClKWAhYaWocB0smwlp06qEqp8hU5+jzdxRQ2vYOTyhENkfl4xcmD5vb2Aamn+evAKZhiFAetrl2+w9YSgwVvgAAAA==[0m[Pipeline] // stage
[8mha:////4K9SIVe6Y5j8Fvk+xUSslTHnEzSpZjMN+JaxXRqiiIeqAAAApR+LCAAAAAAAAP9tjTEOwjAQBC9BFLSUPMIRKWgQVVorDS8w8WGcWHfGdkgqXsTX+AMWkajYYrWzzbzesI4BThyM6JEGS7GzwrvR5CUmDsPV8SR6voiOKbJD0eLUssZmwZYTwpKihJWEDVLnOFoyCbayVw9VOUWmOqeQv6OE0uo7PKGQ2ZxUSF+YA+xuo45MP89fAczeJygPda56/wFpW6/CvgAAAA==[0m[Pipeline] }
[8mha:////4Ko2ne4FZS13USwamwBWFpwiFUqPtNJFBoMH66uctozYAAAApR+LCAAAAAAAAP9tjTEOwjAQBC9BFLSUPOKCQKJBqWgtN7zAJMY4se6C7eBUvIiv8QcsIlGxxWpnm3m9YRk81OwNdpp6S6GxOLjR5IWJfX91nLDjCzZMgZ1GqZPkVp9mlBw1zClKWAhYaWocB0smwlp06qEqp8hU5+jzdxRQ2vYOTyhENkfl4xcmD5vb2Aamn+evAKZhiFAe9rl22w9auPR+vgAAAA==[0m[Pipeline] // withEnv
[8mha:////4Dj87U1FlhjVOFmqxIFA+4QaqrNtxMclCdpzWUtgV9VMAAAApR+LCAAAAAAAAP9tjTEOwjAQBC9BFLSUPOKiSIgGUaW10vACExvjxLoztkNS8SK+xh+wiETFFqudbeb1hnUMcOJgsNc0WIqdRe9GkxdOHIar4wl7vmDHFNlpbPXUstLNgi0nDUuKElYCNpo6x9GSSbAVvXzIykky1TmF/B0FlFbd4QmFyOYkQ/rCHGB3G1Vk+nn+CmD2PkF52Oeq6w+369s/vgAAAA==[0m[Pipeline] }
[8mha:////4LEsH4b1CiY2M2oG6EBf8Y3O1OLEYR2RPAq4MrcdOMk6AAAApR+LCAAAAAAAAP9tjTEOwjAQBC9BFLSUPOICBTQoFa3lhheYxBgn1l2wHZyKF/E1/oBFJCq2WO1sM683LIOHmr3BTlNvKTQWBzeavDCx76+OE3Z8wYYpsNModZLc6tOMkqOGOUUJCwErTY3jYMlEWItOPVTlFJnqHH3+jgJK297hCYXI5qh8/MLkYXMb28D08/wVwDQMEcrDPtdu+wGECICDvgAAAA==[0m[Pipeline] // withEnv
[8mha:////4JBKmNBo1Yi6L8NIoUbUwMCJMM29ng6xRnx4dDTtB6GjAAAAox+LCAAAAAAAAP9tjTESgjAQRT84FraWHiI0Do1jZZuh8QQRYgxkdjFZhMoTeTXvICMzVv7qv9e81xvrFHHk6FRrqfOUaq/6MLj5qZFjdw08qpYvqmZKHKyq7FhxY08LViwWy7IcK42NpTpw8uQEW92ahymCIVecJc7uoJH75o4nMj2XxUT5whSxuw1NYvp1/gYw9b0gL0tBtv8Ane4AQL0AAAA=[0m[Pipeline] }
[8mha:////4Ln+wm3APzQdHjKNo1sO943qz8s4yZ58uB0P1bw9Sly8AAAApB+LCAAAAAAAAP9tjTEOwjAQBDdBFLSUPMIpkKBAVLRWGl5gEmOcWHfBvpBUvIiv8QciIlGx1c4083pjmSKOHJ1qLLWeUuVVF3o3PTVwbK+BB9XwRVVMiYNVpR1Kru1pxpLFYl6WY6GxslQFTp6cYK0b8zBFMOSKs8TJHTRyX9/xRKanspgoXxgjNre+Tky/zt8Axq4T5Lu9INt+AI5SBOO9AAAA[0m[Pipeline] // node
[8mha:////4F3zsLwQRX+P9S1BDTQcl3Do71ZsQyAewJa5q3h1RL1+AAAApB+LCAAAAAAAAP9tjTEOwjAQBDdBFLSUPMKRKBASoqK10vACkxjjxLoL9oWk4kV8jT8QEYmKrXammdcbyxRx5OhUY6n1lCqvutC76amBY3sNPKiGL6piShysKu1Qcm1PM5YsFvOyHAuNlaUqcPLkBGvdmIcpgiFXnCVO7qCR+/qOJzI9lcVE+cIYsbn1dWL6df4GMHadIN/tBdn2A8n1Uxa9AAAA[0m[Pipeline] End of Pipeline
Finished: SUCCESS
