Started by user unknown or anonymous
Obtained Jenkinsfile from git https://github.com/superigno/berlin-clock
Running in Durability level: MAX_SURVIVABILITY
[8mha:////4L1AjlsUTvy0g+AID6ePD6WaKpnl/3POXOpNFZ9we1KZAAAAoh+LCAAAAAAAAP9tjTEOwjAQBM8BClpKHuFItIiK1krDC0x8GCfWnbEdkooX8TX+gCESFVvtrLSa5wtWKcKBo5UdUu8otU4GP9jS5Mixv3geZcdn2TIl9igbHBs2eJyx4YwwR1SwULBGaj0nRzbDRnX6rmuvydanHMu2V1A5c4MHCFXMWcf8hSnC9jqYxPTz/BXAFEIGsfuclm8zQVqFvQAAAA==[0m[Pipeline] Start of Pipeline
[8mha:////4K4G8WIOm48iXaJIR4l1ZYtkLVe8QuM///SGsgpgyp39AAAApR+LCAAAAAAAAP9tjTEOwjAUQ3+KOrAycohUghExsUZZOEFIQkgb/d8mKe3EibgadyBQiQlLlmxL1nu+oE4RjhQdby12HpP2vA+jK4lPFLtroIm3dOGaMFGwXNpJkrGnpUrKFhaxClYC1hZ1oOTRZdiIVt1VExS65pxj2Q4CKm8GeAAThZxVzN8yR9jeRpMIf5y/AJj7DGxXvP/86jduZBmjwAAAAA==[0m[Pipeline] node
Running on [8mha:////4K7flKsLiT1c6xjUTYEidbKiRIwRnyI0Bj+xiOfRZZXCAAAAnh+LCAAAAAAAAP9b85aBtbiIQTGjNKU4P08vOT+vOD8nVc83PyU1x6OyILUoJzMv2y+/JJUBAhiZGBgqihhk0NSjKDWzXb3RdlLBUSYGJk8GtpzUvPSSDB8G5tKinBIGIZ+sxLJE/ZzEvHT94JKizLx0a6BxUmjGOUNodHsLgAz2EgZh/eT83ILSktQifY3cxGIgrakPAHib2iPIAAAA[0mJenkins in /var/jenkins_home/jobs/pipeline-script-from-scm/workspace
[8mha:////4I7KCaoKe+zZ9Q2GBmoKyTzm4rKSai3PW4BJ81xEnWHVAAAApR+LCAAAAAAAAP9tjTEOwjAUQ3+KOrAycoh0gA0xsUZZOEFIQkgb/d8mKe3EibgadyBQiQlLlmxL1nu+oE4RjhQdby12HpP2vA+jK4lPFLtroIm3dOGaMFGwXNpJkrGnpUrKFhaxClYC1hZ1oOTRZdiIVt1VExS65pxj2Q4CKm8GeAAThZxVzN8yR9jeRpMIf5y/AJj7DGxXvP/86jfoP95RwAAAAA==[0m[Pipeline] {
[8mha:////4IqpZscAA/5okjG91+74FxqQSiLG63L9YVP8w/7FHQurAAAApR+LCAAAAAAAAP9tjTEOwjAUQ3+KOrAycoh0gQkxsUZZOEFIQkgb/d8mKe3EibgadyBQiQlLlmxL1nu+oE4RjhQdby12HpP2vA+jK4lPFLtroIm3dOGaMFGwXNpJkrGnpUrKFhaxClYC1hZ1oOTRZdiIVt1VExS65pxj2Q4CKm8GeAAThZxVzN8yR9jeRpMIf5y/AJj7DGxXvP/86jc09154wAAAAA==[0m[Pipeline] stage
[8mha:////4K27NYVI0RnCHqqyfF2Hyw4yzVVjTjrxQ+zHArLSp2yWAAAApR+LCAAAAAAAAP9tjTEOwjAUQ3+KOrAycoh0ggUxsUZZOEFIQkgb/d8mKe3EibgadyBQiQlLlmxL1nu+oE4RjhQdby12HpP2vA+jK4lPFLtroIm3dOGaMFGwXNpJkrGnpUrKFhaxClYC1hZ1oOTRZdiIVt1VExS65pxj2Q4CKm8GeAAThZxVzN8yR9jeRpMIf5y/AJj7DGxXvP/86jek7ggRwAAAAA==[0m[Pipeline] { (Declarative: Checkout SCM)
[8mha:////4ARKBxytdnZc7Sf6Td+j9s1Ur8sXMmKJHQpVrYfEAp1GAAAAoh+LCAAAAAAAAP9tjTEOAiEURD9rLGwtPQTbaWGsbAmNJ0AWEZb8zwLrbuWJvJp3kLiJlZNMMm+a93rDOic4UbLcG+wdZu14DKOti0+U+lugiXu6ck2YKRguzSSpM+cFJRUDS1gDKwEbgzpQdmgLbIVXD9UGhba9lFS/o4DGdQM8gYlqLiqVL8wJdvexy4Q/z18BzLEA29ce4gfg7KmOvAAAAA==[0m[Pipeline] checkout
No credentials specified
 > git rev-parse --is-inside-work-tree # timeout=10
Fetching changes from the remote Git repository
 > git config remote.origin.url https://github.com/superigno/berlin-clock # timeout=10
Fetching upstream changes from https://github.com/superigno/berlin-clock
 > git --version # timeout=10
 > git fetch --tags --progress -- https://github.com/superigno/berlin-clock +refs/heads/*:refs/remotes/origin/* # timeout=10
 > git rev-parse refs/remotes/origin/master^{commit} # timeout=10
 > git rev-parse refs/remotes/origin/origin/master^{commit} # timeout=10
Checking out Revision f2405b9e0ddfe965b001dcb02703b2f269ec2287 (refs/remotes/origin/master)
 > git config core.sparsecheckout # timeout=10
 > git checkout -f f2405b9e0ddfe965b001dcb02703b2f269ec2287 # timeout=10
Commit message: "For part3"
 > git rev-list --no-walk 565dbb3a67ecaead5ca357399d9e96ad09d6f663 # timeout=10
[8mha:////4CpH36P9Jp8fN8YrXltBu9BdcYhaw80u+PvVCPlaGbjKAAAAoh+LCAAAAAAAAP9tjTEOAiEURD9rLGwtPQTbGRNjZUtoPAGyiLDkfxZYdytP5NW8g8RNrJxkknnTvNcb1jnBiZLl3mDvMGvHYxhtXXyi1N8CTdzTlWvCTMFwaSZJnTkvKKkYWMIaWAnYGNSBskNbYCu8eqg2KLTtpaT6HQU0rhvgCUxUc1GpfGFOsLuPXSb8ef4KYI6xADvU7j9Dg2gqvAAAAA==[0m[Pipeline] }
[8mha:////4GiKdr5XhMgUTw+4Z1qv3h+MgMxr89YnOkbsqZifV6dFAAAAoh+LCAAAAAAAAP9tjTEOAiEURD9rLGwtPQRbWRhjZUtoPAGyiLDkfxZYdytP5NW8g8RNrJxkknnTvNcb1jnBiZLl3mDvMGvHYxhtXXyi1N8CTdzTlWvCTMFwaSZJnTkvKKkYWMIaWAnYGNSBskNbYCu8eqg2KLTtpaT6HQU0rhvgCUxUc1GpfGFOsLuPXSb8ef4KYI6xADvU7j9J+wGOvAAAAA==[0m[Pipeline] // stage
[8mha:////4OeVzRjJRcoIXzar77lCyaojGmSJEOPPpdK//n9YYROXAAAAph+LCAAAAAAAAP9tjTEOwjAQBM9BKWgpeYQDEh2iorXc8AITG+PEugv2haTiRXyNPxCIRMVWOyut5vmCMic4UPKycdgGzHWQXez91ORAqb1EGmRDZ1kTZopOajdosu44oyZ2MEcUsFCwdFhHygE9w0o15m6qaNBXJ07TtldQBHuDBwg1mdkk/sKYYH3tbSb8ef4KYOwYxI6h2G4+x/INtuQqUcEAAAA=[0m[Pipeline] withEnv
[8mha:////4BctJf8yuGs5DPs0sd6BJvA9qNZBkzlsW50VzR6JuL0AAAAApR+LCAAAAAAAAP9tjTEOwjAUQ3+DOrAycoiUzoiJNerCCUITQtLo/zZJSSdOxNW4Ay2VmPBg2Zas93pDGQOcKBjuNHYWY2t570czJ54pdDdPmTu68pYwkte80bkhpc9rbShpWFUw2AjYamw9RYsmwU44+ZCVl2iqSwrzdhTArBrgCYWYyUmG9C1TgP19VJHwx/kLgKlPwOrDYvXyLD8BobDcwgAAAA==[0m[Pipeline] {
[8mha:////4H0nUu5oIMqnBTsiOwt8Y2AmKDoVyCUwO46iTpVUMSJnAAAAph+LCAAAAAAAAP9tjTEOwjAUQ3+LOrAycohUZUVMrFEWThCaEJJG/7dJSjpxIq7GHWipxIQHy7ZkvdcbqhjgRMEwp7GzGFvLej+aObFMobt5yszRlbWEkbxmQmdBSp/XKihpWFWUsOGw1dh6ihZNgh138iFrL9HUlxTm7cihtGqAJxR8JicZ0rdMAfb3UUXCH+cvAKY+Qdk0ix2WZ/UBbwyqm8IAAAA=[0m[Pipeline] stage
[8mha:////4LXU5lQ1YyNJ+wU/63gWG7eBbZ8v0+zbZTuItxTllSqxAAAAph+LCAAAAAAAAP9tjTEOwjAUQ3+LOrAycohUwIiYukZZOEFoQkgb/V9+UtqJE3E17kBLJSY8WLYl673eUESGE7ETjcXWY6y96ELvpiQG4vYaaBANXURNGClYoeygyNhqqYqShUVZDisJa4t1oOjRJdjIRj90GTS68px42o4Scm/u8IRMTuSkOX3LyLC99SYS/jh/ATB2CfLdfrbD/Cw+y7kUycIAAAA=[0m[Pipeline] { (Declarative: Tool Install)
[8mha:////4HXDudpuvg+8a20FpwNlNgvm4dJUIuUISGPyP6O8221sAAAApB+LCAAAAAAAAP9tjTEOwjAQBC9BFLSUPOIiBB2iSmu54QUmNsaJdWdsh6TiRXyNPxCIRMUWq51t5vmCZYpw5GixNdQ5So3D4Hs7LRw4dhfPA7Z8xoYpsTcozSBZm3pGydnAnKKEhYCVocZzcmQzrEWr7qryimx1ynH6DgJKp2/wgEJM5qxi/sIYYXPtdWL6ef4KYAwZyu3uU/vwBgq0rvS+AAAA[0m[Pipeline] tool
Unpacking file:/var/jenkins_home/downloads/apache-maven-3.5.0-bin.tar.gz to /var/jenkins_home/tools/hudson.tasks.Maven_MavenInstallation/maven3 on Jenkins
[8mha:////4Dg/IMYWJZzZk4odhTTurdSRr257ETzo69NBdprLd683AAAApB+LCAAAAAAAAP9tjTEOwjAQBC9BFLSUPOIihKgQVVrLDS8wsTFOrDtjOyQVL+Jr/IFAJCq2WO1sM88XLFOEI0eLraHOUWocBt/baeHAsbt4HrDlMzZMib1BaQbJ2tQzSs4G5hQlLASsDDWekyObYS1adVeVV2SrU47TdxBQOn2DBxRiMmcV8xfGCJtrrxPTz/NXAGPIUG53n9qHN0uFte2+AAAA[0m[Pipeline] envVarsForTool
[8mha:////4LGkGvlyT3qloOMRIdYzAu4VdPDNORInKpza3c4TcCoUAAAApR+LCAAAAAAAAP9tjTEOwjAQBC9BFLSUPOIihESDqNJabniBiY1xYt0Z2yGpeBFf4w8EIlGxxWpnm3m+YJkiHDlabA11jlLjMPjeTgsHjt3F84Atn7FhSuwNSjNI1qaeUXI2MKcoYSFgZajxnBzZDGvRqruqvCJbnXKcvoOA0ukbPKAQkzmrmL8wRthce52Yfp6/AhhDyFBu95/avQEeFbpZvgAAAA==[0m[Pipeline] }
[8mha:////4Lc/UJLyFxMYhSWr6hXe3DkjtrsOy5G781ve2Cioc8reAAAApB+LCAAAAAAAAP9tjTEOwjAQBC9BFLSUPOIiaCgQVVrLDS8wsTFOrDtjOyQVL+Jr/IFAJCq2WO1sM88XLFOEI0eLraHOUWocBt/baeHAsbt4HrDlMzZMib1BaQbJ2tQzSs4G5hQlLASsDDWekyObYS1adVeVV2SrU47TdxBQOn2DBxRiMmcV8xfGCJtrrxPTz/NXAGMIGcrt/lO7Ny324eW+AAAA[0m[Pipeline] // stage
[8mha:////4JnmaGdJie8CgDh8aKKEK8zIiYAcUxwreLhBdQrXY1JKAAAApx+LCAAAAAAAAP9tjTEOwjAUQ3+LOrAycohU3ZAQE2uUhROEJoSk0f9tkpJOnIircQdaKjHhwbItWe/1hioGOFEwzGnsLMbWst6PZk4sU+hunjJzdGUtYSSvmdBZkNLntQpKGlYVJWw4bDW2nqJFk2DHnXzI2ks09SWFeTtyKK0a4AkFn8lJhvQtU4D9fVSR8Mf5C4CpT1A2zWKH5Vl9AAkvMTrCAAAA[0m[Pipeline] withEnv
[8mha:////4Iu2w5x7lW5rRmygffNMvV5RDwFVGzm4/IeH3ffsrNNkAAAApx+LCAAAAAAAAP9tjTEOwjAUQ3+LOrAycohUbCDE1DXKwglCE0La6P/yk9JOnIircQdaKjHhwbItWe/1hiIynIidaCy2HmPtRRd6NyUxELfXQINo6CJqwkjBCmUHRcZWS1WULCzKclhJWFusA0WPLsFGNvqhy6DRlefE03aUkHtzhydkciInzelbRobtrTeR8Mf5C4CxS5Dv9rMd5mfxASnCIIrCAAAA[0m[Pipeline] {
[8mha:////4JIgBzUr8WKziP8TDwcjSvd64RzkQ1dHSJBJZXpxMChUAAAApx+LCAAAAAAAAP9tjTEOwjAUQ3+LOrAycogU2BDqxBp14QShCSFp9H9JUtKJE3E17kCgEhMeLNuS9Z4vqIKHhrxmVmFvMHSGDW7UObFEvr84SszSmXWEgZxirUotSXWca0tRwayihAWHpcLOUTCoI6y4FXdRO4G6PkWftwOH0sgbPKDgmRyFj98yeVhfRxkIf5y/AJiGCOV2n223+TyrN7xWSV3CAAAA[0m[Pipeline] stage
[8mha:////4JHl8MYMwZEkP9oXJ/FJGyrf4sjuODbkQVUkNk24kn0uAAAAph+LCAAAAAAAAP9tjTEOwjAUQ3+LOrAycogUWBFT1ygLJwhNCGmj/8tPSjtxIq7GHWipxIQHy7ZkvdcbishwInaisdh6jLUXXejdlMRA3F4DDaKhi6gJIwUrlB0UGVstVVGysCjLYSVhbbEOFD26BBvZ6Icug0ZXnhNP21FC7s0dnpDJiZw0p28ZGba33kTCH+cvAMYuQX7Yzbafn8UHbGnGmsIAAAA=[0m[Pipeline] { (install and sonar parallel)
[8mha:////4Jd6h8K+OVgVrsj3DSqwO3eV4omEepWJXlXzPYEAyzHYAAAAox+LCAAAAAAAAP9tjTEOwjAQBC9BFLSUPOIi0iIqWisNLzCJMXasO8d2cCpexNf4A4FIVGyx2tlmni9YxwBHDhqtot5QbA16N+p5YebQXx1ntHzBlimyU9io3HCnTgs2nBQsKUpYCdgoah1HQzrBVlh5l5WTpKtzCvN3EFCaboAHFGI2JxnSF6YAu9vYRaaf568AJp+grPefqv0bH7uiub4AAAA=[0m[Pipeline] tool
[8mha:////4HpKdWoORDPVJpHCGkLwhQUzjal9M3cALmwA0PRObuCtAAAAox+LCAAAAAAAAP9tjTEOwjAQBC9BFLSUPOIioERUaS03vMDExjix7oztkFS8iK/xBwKRqNhitbPNPF+wTBGOHC22hjpHqXEYfG+nhQPH7uJ5wJbP2DAl9galGSRrU88oORuYU5SwELAy1HhOjmyGtWjVXVVeka1OOU7fQUDp9A0eUIjJnFXMXxgjbK69Tkw/z18BjCFDudt+ah/eXoq5oL4AAAA=[0m[Pipeline] envVarsForTool
[8mha:////4Mx+wBIu1/uetSsprg1B4cM4D/+KFcRZ9dv/lr+AB0qNAAAApx+LCAAAAAAAAP9tjTEOwjAUQ3+LOrAycohUIDbE1DXKwglCE0La6P/yk9JOnIircQdaKjHhwbItWe/1hiIynIidaCy2HmPtRRd6NyUxELfXQINo6CJqwkjBCmUHRcZWS1WULCzKclhJWFusA0WPLsFGNvqhy6DRlefE03aUkHtzhydkciInzelbRobtrTeR8Mf5C4CxS5Dvd7Md5mfxAR8nhQvCAAAA[0m[Pipeline] withEnv
[8mha:////4EG4crr85KmjOAU9WxOGmibcloOM3u33LVyPt80nc8ReAAAApx+LCAAAAAAAAP9tjTEOwjAUQ3+LOrAycohUQjAhpq5RFk4QmhDSRv+Xn5R24kRcjTvQUokJD5ZtyXqvNxSR4UTsRGOx9RhrL7rQuymJgbi9BhpEQxdRE0YKVig7KDK2WqqiZGFRlsNKwtpiHSh6dAk2stEPXQaNrjwnnrajhNybOzwhkxM5aU7fMjJsb72JhD/OXwCMXYJ8t5/tMD+LD/hYjrHCAAAA[0m[Pipeline] {
[8mha:////4LNerwAchJUsBsueXxM2ZjEb8uiwqurjvZyUVHgSTV0DAAAAqB+LCAAAAAAAAP9tjTEOwjAUQ3+LOrAycohUQoIFMXWNsnCC0ISQNvq//KS0EyfiatyBlkpMeLBsS9Z7vaGIDCdiJxqLrcdYe9GF3k1JDMTtNdAgGrqImjBSsELZQZGx1VIVJQuLshxWEtYW60DRo0uwkY1+6DJodOU58bQdJeTe3OEJmZzISXP6lpFhe+tNJPxx/gJg7BLku/1sh/lZfACW9ZT2wgAAAA==[0m[Pipeline] parallel
[8mha:////4EvsdwTFkGFWzbuiOqtnZZ1oSeyCKn8E/X/HG+cvU/K2AAAAqB+LCAAAAAAAAP9tjTEOwjAUQ3+LOrAycohUYkBIiKlrlIUThCaEtNH/5SelnTgRV+MOtFRiwoNlW7Le6w1FZDgRO9FYbD3G2osu9G5KYiBur4EG0dBF1ISRghXKDoqMrZaqKFlYlOWwkrC2WAeKHl2CjWz0Q5dBoyvPiaftKCH35g5PyORETprTt4wM21tvIuGP8xcAY5cg3+1nO8zP4gPn8nxVwgAAAA==[0m[Pipeline] { (Branch: install)
[8mha:////4BBIXEUM1DnvVNZkVvKyIJ9VOOA2AcfPpJMlW4nVVBB8AAAAqB+LCAAAAAAAAP9tjTEOwjAUQ3+LOrAycohUYkBCiKlrlIUThCaEtNH/5SelnTgRV+MOtFRiwoNlW7Le6w1FZDgRO9FYbD3G2osu9G5KYiBur4EG0dBF1ISRghXKDoqMrZaqKFlYlOWwkrC2WAeKHl2CjWz0Q5dBoyvPiaftKCH35g5PyORETprTt4wM21tvIuGP8xcAY5cg3+1nO8zP4gNCISCewgAAAA==[0m[Pipeline] { (Branch: sonar)
[8mha:////4Jvq0LPcu+PiNvXLYmHsd5O8Sxmb3IeS585jCW6+Nj8vAAAApR+LCAAAAAAAAP9tjTEOwjAQBC9BFLSUPOKCoEFCqWgtN7zAJMY4se6C7eBUvIiv8QcsIlGxxWpnm3m9YRk81OwNdpp6S6GxOLjR5IWJfX91nLDjCzZMgZ1GqZPkVp9mlBw1zClKWAhYaWocB0smwlp06qEqp8hU5+jzdxRQ2vYOTyhENkfl4xcmD5vb2Aamn+evAKYhQrk75Npvhw959s4fvgAAAA==[0m[Pipeline] sh
[8mha:////4IBuf+NPuv4wHdPmQtf+Im0Yn1gbiuwO2933PJvpnCoeAAAApR+LCAAAAAAAAP9tjTEOwjAQBC9BFLSUPOIioEIoFa3lhheYxBgn1l2wHZyKF/E1/oBFJCq2WO1sM683LIOHmr3BTlNvKTQWBzeavDCx76+OE3Z8wYYpsNModZLc6tOMkqOGOUUJCwErTY3jYMlEWItOPVTlFJnqHH3+jgJK297hCYXI5qh8/MLkYXMb28D08/wVwDREKHeHXPvt8AGMzKKgvgAAAA==[0m[Pipeline] sh
+ mvn -U clean test cobertura:cobertura -Dcobertura.report.format=xml
+ mvn sonar:sonar -Dsonar.host.url=http://172.19.96.1:9004
[INFO] Scanning for projects...
[INFO] Scanning for projects...
[INFO] 
[INFO] ------------------------------------------------------------------------
[INFO] Building berlin-clock 1.1-SNAPSHOT
[INFO] ------------------------------------------------------------------------
[INFO] 
[INFO] --- sonar-maven-plugin:3.7.0.1746:sonar (default-cli) @ berlin-clock ---
Downloading: https://repo.maven.apache.org/maven2/org/codehaus/mojo/maven-metadata.xml
Downloading: https://repo.maven.apache.org/maven2/org/apache/maven/plugins/maven-metadata.xml
[INFO] User cache: /var/jenkins_home/.sonar/cache
Progress (1): 1.4/20 kBProgress (2): 1.4/20 kB | 1.4/14 kBProgress (2): 2.7/20 kB | 1.4/14 kBProgress (2): 4.1/20 kB | 1.4/14 kBProgress (2): 4.1/20 kB | 2.7/14 kBProgress (2): 4.1/20 kB | 4.1/14 kBProgress (2): 4.1/20 kB | 5.5/14 kBProgress (2): 4.1/20 kB | 6.9/14 kBProgress (2): 4.1/20 kB | 8.2/14 kBProgress (2): 4.1/20 kB | 9.6/14 kBProgress (2): 5.5/20 kB | 9.6/14 kBProgress (2): 6.9/20 kB | 9.6/14 kBProgress (2): 8.2/20 kB | 9.6/14 kBProgress (2): 9.6/20 kB | 9.6/14 kBProgress (2): 11/20 kB | 9.6/14 kB Progress (2): 12/20 kB | 9.6/14 kBProgress (2): 12/20 kB | 11/14 kB Progress (2): 12/20 kB | 12/14 kBProgress (2): 12/20 kB | 14 kB   Progress (2): 14/20 kB | 14 kBProgress (2): 15/20 kB | 14 kBProgress (2): 16/20 kB | 14 kBProgress (2): 18/20 kB | 14 kBProgress (2): 19/20 kB | 14 kBProgress (2): 20 kB | 14 kB                              Downloaded: https://repo.maven.apache.org/maven2/org/apache/maven/plugins/maven-metadata.xml (14 kB at 5.8 kB/s)
Downloaded: https://repo.maven.apache.org/maven2/org/codehaus/mojo/maven-metadata.xml (20 kB at 8.7 kB/s)
Downloading: https://repo.maven.apache.org/maven2/org/codehaus/mojo/cobertura-maven-plugin/maven-metadata.xml
Progress (1): 605 B                   Downloaded: https://repo.maven.apache.org/maven2/org/codehaus/mojo/cobertura-maven-plugin/maven-metadata.xml (605 B at 1.8 kB/s)
[INFO] 
[INFO] ------------------------------------------------------------------------
[INFO] Building berlin-clock 1.1-SNAPSHOT
[INFO] ------------------------------------------------------------------------
[INFO] SonarQube version: 7.8.0
[INFO] 
[INFO] --- maven-clean-plugin:2.5:clean (default-clean) @ berlin-clock ---
[INFO] Default locale: "en", source code encoding: "UTF-8"
[INFO] Deleting /var/jenkins_home/jobs/pipeline-script-from-scm/workspace/target
[WARNING] SonarQube scanners will require Java 11+ starting on next version
[INFO] 
[INFO] --- maven-resources-plugin:2.6:resources (default-resources) @ berlin-clock ---
[INFO] Load global settings
[INFO] Using 'UTF-8' encoding to copy filtered resources.
[INFO] skip non existing resourceDirectory /var/jenkins_home/jobs/pipeline-script-from-scm/workspace/src/main/resources
[INFO] 
[INFO] --- maven-compiler-plugin:3.1:compile (default-compile) @ berlin-clock ---
[INFO] Load global settings (done) | time=624ms
[INFO] Server id: BF41A1F2-AW-DEfIe60HdSCUiXpXw
[INFO] User cache: /var/jenkins_home/.sonar/cache
[INFO] Load/download plugins
[INFO] Load plugins index
[INFO] Load plugins index (done) | time=234ms
[INFO] Changes detected - recompiling the module!
[INFO] Compiling 20 source files to /var/jenkins_home/jobs/pipeline-script-from-scm/workspace/target/classes
[INFO] 
[INFO] --- maven-resources-plugin:2.6:testResources (default-testResources) @ berlin-clock ---
[INFO] Using 'UTF-8' encoding to copy filtered resources.
[INFO] skip non existing resourceDirectory /var/jenkins_home/jobs/pipeline-script-from-scm/workspace/src/test/resources
[INFO] 
[INFO] --- maven-compiler-plugin:3.1:testCompile (default-testCompile) @ berlin-clock ---
[INFO] Changes detected - recompiling the module!
[INFO] Compiling 13 source files to /var/jenkins_home/jobs/pipeline-script-from-scm/workspace/target/test-classes
[INFO] 
[INFO] --- maven-surefire-plugin:2.12.4:test (default-test) @ berlin-clock ---
[INFO] Surefire report directory: /var/jenkins_home/jobs/pipeline-script-from-scm/workspace/target/surefire-reports

-------------------------------------------------------
 T E S T S
-------------------------------------------------------
Running ken.kata.techtest.parser.BerlinClockParserTest
Tests run: 2, Failures: 0, Errors: 0, Skipped: 0, Time elapsed: 0.595 sec
Running ken.kata.techtest.BerlinClockLoadTest
Tests run: 1, Failures: 0, Errors: 0, Skipped: 0, Time elapsed: 0.32 sec
Running ken.kata.techtest.clock.SecondsTest
Tests run: 3, Failures: 0, Errors: 0, Skipped: 0, Time elapsed: 0.01 sec
Running ken.kata.techtest.clock.HoursTest
RROO OOOO
Tests run: 5, Failures: 0, Errors: 0, Skipped: 0, Time elapsed: 0.015 sec
Running ken.kata.techtest.clock.MinutesTest
Tests run: 5, Failures: 0, Errors: 0, Skipped: 0, Time elapsed: 0.007 sec
Running ken.kata.techtest.clock.HoursTimeUnitBottomPartTest
Tests run: 3, Failures: 0, Errors: 0, Skipped: 0, Time elapsed: 0.021 sec
Running ken.kata.techtest.clock.SecondsTimeUnitPartTest
Tests run: 2, Failures: 0, Errors: 0, Skipped: 0, Time elapsed: 0.002 sec
Running ken.kata.techtest.clock.HoursTimeUnitTopPartTest
Tests run: 3, Failures: 0, Errors: 0, Skipped: 0, Time elapsed: 0.021 sec
Running ken.kata.techtest.clock.MinutesTimeUnitTopPartTest
Tests run: 4, Failures: 0, Errors: 0, Skipped: 0, Time elapsed: 0.013 sec
Running ken.kata.techtest.clock.MinutesTimeUnitBottomPartTest
Tests run: 4, Failures: 0, Errors: 0, Skipped: 0, Time elapsed: 0.001 sec
Running ken.kata.techtest.BerlinClockUTest
13::17:01 -> O RROO RRRO YYROOOOOOOO YYOO
23::59:59 -> O RRRR RRRO YYRYYRYYRYY YYYY
24::00:00 -> Y RRRR RRRR OOOOOOOOOOO OOOO
24::00:01 -> O RRRR RRRR OOOOOOOOOOO OOOO
01::00:00 -> Y OOOO ROOO OOOOOOOOOOO OOOO
10::10:10 -> Y RROO OOOO YYOOOOOOOOO OOOO
16::16:16 -> Y RRRO ROOO YYROOOOOOOO YOOO
Tests run: 8, Failures: 0, Errors: 0, Skipped: 0, Time elapsed: 0.076 sec

Results :

Tests run: 40, Failures: 0, Errors: 0, Skipped: 0

[INFO] 
[INFO] >>> cobertura-maven-plugin:2.7:cobertura (default-cli) > [cobertura]test @ berlin-clock >>>
[INFO] 
[INFO] --- maven-resources-plugin:2.6:resources (default-resources) @ berlin-clock ---
[INFO] Using 'UTF-8' encoding to copy filtered resources.
[INFO] skip non existing resourceDirectory /var/jenkins_home/jobs/pipeline-script-from-scm/workspace/src/main/resources
[INFO] 
[INFO] --- maven-compiler-plugin:3.1:compile (default-compile) @ berlin-clock ---
[INFO] Nothing to compile - all classes are up to date
[INFO] 
[INFO] --- cobertura-maven-plugin:2.7:instrument (default-cli) @ berlin-clock ---
[INFO] Load/download plugins (done) | time=10853ms
[INFO] Process project properties
[INFO] Execute project builders
[INFO] Execute project builders (done) | time=10ms
[INFO] Project key: ken:berlin-clock
[INFO] Base dir: /var/jenkins_home/jobs/pipeline-script-from-scm/workspace
[INFO] Working dir: /var/jenkins_home/jobs/pipeline-script-from-scm/workspace/target/sonar
[INFO] Load project settings for component key: 'ken:berlin-clock'
[INFO] Cobertura 2.1.1 - GNU GPL License (NO WARRANTY) - See COPYRIGHT file
[WARN] Unable to instrument file /var/jenkins_home/jobs/pipeline-script-from-scm/workspace/target/generated-classes/cobertura/ken/kata/techtest/clock/TimeUnitPart.class
java.lang.IllegalArgumentException: INVOKESPECIAL/STATIC on interfaces require ASM 5
	at org.objectweb.asm.MethodVisitor.visitMethodInsn(Unknown Source) ~[asm-5.0.1.jar:5.0.1]
	at org.objectweb.asm.ClassReader.a(Unknown Source) ~[asm-5.0.1.jar:5.0.1]
	at org.objectweb.asm.ClassReader.b(Unknown Source) ~[asm-5.0.1.jar:5.0.1]
	at org.objectweb.asm.ClassReader.accept(Unknown Source) ~[asm-5.0.1.jar:5.0.1]
	at org.objectweb.asm.ClassReader.accept(Unknown Source) ~[asm-5.0.1.jar:5.0.1]
	at net.sourceforge.cobertura.instrument.CoberturaInstrumenter.instrumentClass(CoberturaInstrumenter.java:161) [cobertura-2.1.1.jar:2.1.1]
	at net.sourceforge.cobertura.instrument.CoberturaInstrumenter.instrumentClass(CoberturaInstrumenter.java:129) [cobertura-2.1.1.jar:2.1.1]
	at net.sourceforge.cobertura.instrument.CoberturaInstrumenter.addInstrumentationToSingleClass(CoberturaInstrumenter.java:243) [cobertura-2.1.1.jar:2.1.1]
	at net.sourceforge.cobertura.instrument.CodeInstrumentationTask.addInstrumentationToSingleClass(CodeInstrumentationTask.java:299) [cobertura-2.1.1.jar:2.1.1]
	at net.sourceforge.cobertura.instrument.CodeInstrumentationTask.addInstrumentation(CodeInstrumentationTask.java:308) [cobertura-2.1.1.jar:2.1.1]
	at net.sourceforge.cobertura.instrument.CodeInstrumentationTask.instrument(CodeInstrumentationTask.java:90) [cobertura-2.1.1.jar:2.1.1]
	at net.sourceforge.cobertura.dsl.Cobertura.instrumentCode(Cobertura.java:74) [cobertura-2.1.1.jar:2.1.1]
	at net.sourceforge.cobertura.instrument.InstrumentMain.instrument(InstrumentMain.java:82) [cobertura-2.1.1.jar:2.1.1]
	at net.sourceforge.cobertura.instrument.InstrumentMain.main(InstrumentMain.java:99) [cobertura-2.1.1.jar:2.1.1]
[INFO] Cobertura: Saved information on 19 classes.
[INFO] Cobertura: Saved information on 19 classes.

[INFO] Instrumentation was successful.
[INFO] NOT adding cobertura ser file to attached artifacts list.
[INFO] 
[INFO] --- maven-resources-plugin:2.6:testResources (default-testResources) @ berlin-clock ---
[INFO] Using 'UTF-8' encoding to copy filtered resources.
[INFO] skip non existing resourceDirectory /var/jenkins_home/jobs/pipeline-script-from-scm/workspace/src/test/resources
[INFO] 
[INFO] --- maven-compiler-plugin:3.1:testCompile (default-testCompile) @ berlin-clock ---
[INFO] Nothing to compile - all classes are up to date
[INFO] 
[INFO] --- maven-surefire-plugin:2.12.4:test (default-test) @ berlin-clock ---
[INFO] Surefire report directory: /var/jenkins_home/jobs/pipeline-script-from-scm/workspace/target/surefire-reports

-------------------------------------------------------
 T E S T S
-------------------------------------------------------
Running ken.kata.techtest.parser.BerlinClockParserTest
[INFO] Load project settings for component key: 'ken:berlin-clock' (done) | time=1600ms
[INFO] Load quality profiles
Tests run: 2, Failures: 0, Errors: 0, Skipped: 0, Time elapsed: 0.902 sec
Running ken.kata.techtest.BerlinClockLoadTest
Tests run: 1, Failures: 0, Errors: 0, Skipped: 0, Time elapsed: 0.141 sec
Running ken.kata.techtest.clock.SecondsTest
Tests run: 3, Failures: 0, Errors: 0, Skipped: 0, Time elapsed: 0.006 sec
Running ken.kata.techtest.clock.HoursTest
RROO OOOO
Tests run: 5, Failures: 0, Errors: 0, Skipped: 0, Time elapsed: 0.016 sec
Running ken.kata.techtest.clock.MinutesTest
Tests run: 5, Failures: 0, Errors: 0, Skipped: 0, Time elapsed: 0.009 sec
Running ken.kata.techtest.clock.HoursTimeUnitBottomPartTest
Tests run: 3, Failures: 0, Errors: 0, Skipped: 0, Time elapsed: 0.014 sec
Running ken.kata.techtest.clock.SecondsTimeUnitPartTest
Tests run: 2, Failures: 0, Errors: 0, Skipped: 0, Time elapsed: 0.003 sec
Running ken.kata.techtest.clock.HoursTimeUnitTopPartTest
Tests run: 3, Failures: 0, Errors: 0, Skipped: 0, Time elapsed: 0.008 sec
Running ken.kata.techtest.clock.MinutesTimeUnitTopPartTest
[INFO] Load quality profiles (done) | time=786ms
[INFO] Load active rules
Tests run: 4, Failures: 0, Errors: 0, Skipped: 0, Time elapsed: 0.009 sec
Running ken.kata.techtest.clock.MinutesTimeUnitBottomPartTest
Tests run: 4, Failures: 0, Errors: 0, Skipped: 0, Time elapsed: 0.005 sec
Running ken.kata.techtest.BerlinClockUTest
13::17:01 -> O RROO RRRO YYROOOOOOOO YYOO
23::59:59 -> O RRRR RRRO YYRYYRYYRYY YYYY
24::00:00 -> Y RRRR RRRR OOOOOOOOOOO OOOO
24::00:01 -> O RRRR RRRR OOOOOOOOOOO OOOO
01::00:00 -> Y OOOO ROOO OOOOOOOOOOO OOOO
10::10:10 -> Y RROO OOOO YYOOOOOOOOO OOOO
16::16:16 -> Y RRRO ROOO YYROOOOOOOO YOOO
Tests run: 8, Failures: 0, Errors: 0, Skipped: 0, Time elapsed: 0.056 sec
[INFO] Cobertura: Loaded information on 19 classes.
[INFO] Cobertura: Saved information on 19 classes.

Results :

Tests run: 40, Failures: 0, Errors: 0, Skipped: 0

[INFO] 
[INFO] <<< cobertura-maven-plugin:2.7:cobertura (default-cli) < [cobertura]test @ berlin-clock <<<
[INFO] 
[INFO] 
[INFO] --- cobertura-maven-plugin:2.7:cobertura (default-cli) @ berlin-clock ---
[INFO] Cobertura 2.1.1 - GNU GPL License (NO WARRANTY) - See COPYRIGHT file
[INFO] Cobertura: Loaded information on 19 classes.
[WARN] JavaNCSS got an error while parsing the java file /var/jenkins_home/jobs/pipeline-script-from-scm/workspace/src/main/java/ken/kata/techtest/clock/AbstractTimeUnit.java
ParseException in STDIN
Last useful checkpoint: "ken.kata.techtest.clock.AbstractTimeUnit.display(int)"
Encountered " ">" "> "" at line 20, column 35.
Was expecting one of:
    "assert" ...
    "boolean" ...
    "byte" ...
    "char" ...
    "double" ...
    "enum" ...
    "false" ...
    "float" ...
    "int" ...
    "long" ...
    "new" ...
    "null" ...
    "short" ...
    "super" ...
    "this" ...
    "true" ...
    "void" ...
    <INTEGER_LITERAL> ...
    <FLOATING_POINT_LITERAL> ...
    <CHARACTER_LITERAL> ...
    <STRING_LITERAL> ...
    <IDENTIFIER> ...
    "(" ...
    "!" ...
    "~" ...
    "++" ...
    "--" ...
    "+" ...
    "-" ...
    

[WARN] JavaNCSS got an error while parsing the java file /var/jenkins_home/jobs/pipeline-script-from-scm/workspace/src/main/java/ken/kata/techtest/clock/hours/Hours.java
ParseException in STDIN
Last useful checkpoint: "ken.kata.techtest.clock.hours.Hoursken.kata.techtest.clock.hours.Hours.Hours()"
Encountered " ">" "> "" at line 11, column 26.
Was expecting one of:
    "assert" ...
    "boolean" ...
    "byte" ...
    "char" ...
    "double" ...
    "enum" ...
    "false" ...
    "float" ...
    "int" ...
    "long" ...
    "new" ...
    "null" ...
    "short" ...
    "super" ...
    "this" ...
    "true" ...
    "void" ...
    <INTEGER_LITERAL> ...
    <FLOATING_POINT_LITERAL> ...
    <CHARACTER_LITERAL> ...
    <STRING_LITERAL> ...
    <IDENTIFIER> ...
    "(" ...
    "!" ...
    "~" ...
    "++" ...
    "--" ...
    "+" ...
    "-" ...
    

[WARN] JavaNCSS got an error while parsing the java file /var/jenkins_home/jobs/pipeline-script-from-scm/workspace/src/main/java/ken/kata/techtest/clock/hours/HoursFactory.java
ParseException in STDIN
Last useful checkpoint: "ken.kata.techtest.clock.hours.HoursFactory.createTopPart()"
Encountered " ">" "> "" at line 25, column 26.
Was expecting one of:
    "assert" ...
    "boolean" ...
    "byte" ...
    "char" ...
    "double" ...
    "enum" ...
    "false" ...
    "float" ...
    "int" ...
    "long" ...
    "new" ...
    "null" ...
    "short" ...
    "super" ...
    "this" ...
    "true" ...
    "void" ...
    <INTEGER_LITERAL> ...
    <FLOATING_POINT_LITERAL> ...
    <CHARACTER_LITERAL> ...
    <STRING_LITERAL> ...
    <IDENTIFIER> ...
    "(" ...
    "!" ...
    "~" ...
    "++" ...
    "--" ...
    "+" ...
    "-" ...
    

[WARN] JavaNCSS got an error while parsing the java file /var/jenkins_home/jobs/pipeline-script-from-scm/workspace/src/main/java/ken/kata/techtest/clock/minutes/Minutes.java
ParseException in STDIN
Last useful checkpoint: "ken.kata.techtest.clock.minutes.Minutesken.kata.techtest.clock.minutes.Minutes.Minutes()"
Encountered " ">" "> "" at line 11, column 26.
Was expecting one of:
    "assert" ...
    "boolean" ...
    "byte" ...
    "char" ...
    "double" ...
    "enum" ...
    "false" ...
    "float" ...
    "int" ...
    "long" ...
    "new" ...
    "null" ...
    "short" ...
    "super" ...
    "this" ...
    "true" ...
    "void" ...
    <INTEGER_LITERAL> ...
    <FLOATING_POINT_LITERAL> ...
    <CHARACTER_LITERAL> ...
    <STRING_LITERAL> ...
    <IDENTIFIER> ...
    "(" ...
    "!" ...
    "~" ...
    "++" ...
    "--" ...
    "+" ...
    "-" ...
    

[WARN] JavaNCSS got an error while parsing the java file /var/jenkins_home/jobs/pipeline-script-from-scm/workspace/src/main/java/ken/kata/techtest/clock/minutes/MinutesFactory.java
ParseException in STDIN
Last useful checkpoint: "ken.kata.techtest.clock.minutes.MinutesFactory.createTopPart()"
Encountered " ">" "> "" at line 32, column 26.
Was expecting one of:
    "assert" ...
    "boolean" ...
    "byte" ...
    "char" ...
    "double" ...
    "enum" ...
    "false" ...
    "float" ...
    "int" ...
    "long" ...
    "new" ...
    "null" ...
    "short" ...
    "super" ...
    "this" ...
    "true" ...
    "void" ...
    <INTEGER_LITERAL> ...
    <FLOATING_POINT_LITERAL> ...
    <CHARACTER_LITERAL> ...
    <STRING_LITERAL> ...
    <IDENTIFIER> ...
    "(" ...
    "!" ...
    "~" ...
    "++" ...
    "--" ...
    "+" ...
    "-" ...
    

[WARN] JavaNCSS got an error while parsing the java file /var/jenkins_home/jobs/pipeline-script-from-scm/workspace/src/main/java/ken/kata/techtest/clock/seconds/Seconds.java
ParseException in STDIN
Last useful checkpoint: "ken.kata.techtest.clock.seconds.Secondsken.kata.techtest.clock.seconds.Seconds.Seconds()"
Encountered " ">" "> "" at line 11, column 26.
Was expecting one of:
    "assert" ...
    "boolean" ...
    "byte" ...
    "char" ...
    "double" ...
    "enum" ...
    "false" ...
    "float" ...
    "int" ...
    "long" ...
    "new" ...
    "null" ...
    "short" ...
    "super" ...
    "this" ...
    "true" ...
    "void" ...
    <INTEGER_LITERAL> ...
    <FLOATING_POINT_LITERAL> ...
    <CHARACTER_LITERAL> ...
    <STRING_LITERAL> ...
    <IDENTIFIER> ...
    "(" ...
    "!" ...
    "~" ...
    "++" ...
    "--" ...
    "+" ...
    "-" ...
    

[WARN] JavaNCSS got an error while parsing the java file /var/jenkins_home/jobs/pipeline-script-from-scm/workspace/src/main/java/ken/kata/techtest/clock/seconds/SecondsFactory.java
ParseException in STDIN
Last useful checkpoint: "ken.kata.techtest.clock.seconds.SecondsFactory.createPart()"
Encountered " ">" "> "" at line 21, column 26.
Was expecting one of:
    "assert" ...
    "boolean" ...
    "byte" ...
    "char" ...
    "double" ...
    "enum" ...
    "false" ...
    "float" ...
    "int" ...
    "long" ...
    "new" ...
    "null" ...
    "short" ...
    "super" ...
    "this" ...
    "true" ...
    "void" ...
    <INTEGER_LITERAL> ...
    <FLOATING_POINT_LITERAL> ...
    <CHARACTER_LITERAL> ...
    <STRING_LITERAL> ...
    <IDENTIFIER> ...
    "(" ...
    "!" ...
    "~" ...
    "++" ...
    "--" ...
    "+" ...
    "-" ...
    

Report time: 451ms

[ERROR] net.sourceforge.cobertura.javancss.parser.ParseException: Encountered " ">" "> "" at line 20, column 35.
Was expecting one of:
    "assert" ...
    "boolean" ...
    "byte" ...
    "char" ...
    "double" ...
    "enum" ...
    "false" ...
    "float" ...
    "int" ...
    "long" ...
    "new" ...
    "null" ...
    "short" ...
    "super" ...
    "this" ...
    "true" ...
    "void" ...
    <INTEGER_LITERAL> ...
    <FLOATING_POINT_LITERAL> ...
    <CHARACTER_LITERAL> ...
    <STRING_LITERAL> ...
    <IDENTIFIER> ...
    "(" ...
    "!" ...
    "~" ...
    "++" ...
    "--" ...
    "+" ...
    "-" ...
    
	at net.sourceforge.cobertura.javancss.parser.JavaParser.generateParseException(JavaParser.java:10490)
	at net.sourceforge.cobertura.javancss.parser.JavaParser.jj_consume_token(JavaParser.java:10366)
	at net.sourceforge.cobertura.javancss.parser.JavaParser.UnaryExpression(JavaParser.java:3175)
	at net.sourceforge.cobertura.javancss.parser.JavaParser.MultiplicativeExpression(JavaParser.java:3090)
	at net.sourceforge.cobertura.javancss.parser.JavaParser.AdditiveExpression(JavaParser.java:3085)
	at net.sourceforge.cobertura.javancss.parser.JavaParser.ShiftExpression(JavaParser.java:3027)
	at net.sourceforge.cobertura.javancss.parser.JavaParser.RelationalExpression(JavaParser.java:2990)
	at net.sourceforge.cobertura.javancss.parser.JavaParser.InstanceOfExpression(JavaParser.java:2977)
	at net.sourceforge.cobertura.javancss.parser.JavaParser.AssigmentExpression(JavaParser.java:2959)
	at net.sourceforge.cobertura.javancss.parser.JavaParser.EqualityExpression(JavaParser.java:2886)
	at net.sourceforge.cobertura.javancss.parser.JavaParser.AndExpression(JavaParser.java:2860)
	at net.sourceforge.cobertura.javancss.parser.JavaParser.ExclusiveOrExpression(JavaParser.java:2843)
	at net.sourceforge.cobertura.javancss.parser.JavaParser.InclusiveOrExpression(JavaParser.java:2826)
	at net.sourceforge.cobertura.javancss.parser.JavaParser.ConditionalAndExpression(JavaParser.java:2808)
	at net.sourceforge.cobertura.javancss.parser.JavaParser.ConditionalOrExpression(JavaParser.java:2790)
	at net.sourceforge.cobertura.javancss.parser.JavaParser.ConditionalExpression(JavaParser.java:2774)
	at net.sourceforge.cobertura.javancss.parser.JavaParser.Expression(JavaParser.java:2718)
	at net.sourceforge.cobertura.javancss.parser.JavaParser.ArgumentList(JavaParser.java:3620)
	at net.sourceforge.cobertura.javancss.parser.JavaParser.Arguments(JavaParser.java:3610)
	at net.sourceforge.cobertura.javancss.parser.JavaParser.PrimarySuffix(JavaParser.java:3511)
	at net.sourceforge.cobertura.javancss.parser.JavaParser.PrimaryExpression(JavaParser.java:3384)
	at net.sourceforge.cobertura.javancss.parser.JavaParser.PostfixExpression(JavaParser.java:3330)
	at net.sourceforge.cobertura.javancss.parser.JavaParser.UnaryExpressionNotPlusMinus(JavaParser.java:3237)
	at net.sourceforge.cobertura.javancss.parser.JavaParser.UnaryExpression(JavaParser.java:3171)
	at net.sourceforge.cobertura.javancss.parser.JavaParser.MultiplicativeExpression(JavaParser.java:3090)
	at net.sourceforge.cobertura.javancss.parser.JavaParser.AdditiveExpression(JavaParser.java:3061)
	at net.sourceforge.cobertura.javancss.parser.JavaParser.ShiftExpression(JavaParser.java:3027)
	at net.sourceforge.cobertura.javancss.parser.JavaParser.RelationalExpression(JavaParser.java:2990)
	at net.sourceforge.cobertura.javancss.parser.JavaParser.InstanceOfExpression(JavaParser.java:2977)
	at net.sourceforge.cobertura.javancss.parser.JavaParser.AssigmentExpression(JavaParser.java:2959)
	at net.sourceforge.cobertura.javancss.parser.JavaParser.EqualityExpression(JavaParser.java:2886)
	at net.sourceforge.cobertura.javancss.parser.JavaParser.AndExpression(JavaParser.java:2860)
	at net.sourceforge.cobertura.javancss.parser.JavaParser.ExclusiveOrExpression(JavaParser.java:2843)
	at net.sourceforge.cobertura.javancss.parser.JavaParser.InclusiveOrExpression(JavaParser.java:2826)
	at net.sourceforge.cobertura.javancss.parser.JavaParser.ConditionalAndExpression(JavaParser.java:2808)
	at net.sourceforge.cobertura.javancss.parser.JavaParser.ConditionalOrExpression(JavaParser.java:2790)
	at net.sourceforge.cobertura.javancss.parser.JavaParser.ConditionalExpression(JavaParser.java:2774)
	at net.sourceforge.cobertura.javancss.parser.JavaParser.Expression(JavaParser.java:2718)
	at net.sourceforge.cobertura.javancss.parser.JavaParser.ReturnStatement(JavaParser.java:4572)
	at net.sourceforge.cobertura.javancss.parser.JavaParser.Statement(JavaParser.java:3825)
	at net.sourceforge.cobertura.javancss.parser.JavaParser.BlockStatement(JavaParser.java:3984)
	at net.sourceforge.cobertura.javancss.parser.JavaParser.Block(JavaParser.java:3934)
	at net.sourceforge.cobertura.javancss.parser.JavaParser.MethodDeclaration(JavaParser.java:1987)
	at net.sourceforge.cobertura.javancss.parser.JavaParser.ClassBodyDeclaration(JavaParser.java:1039)
	at net.sourceforge.cobertura.javancss.parser.JavaParser.ClassBody(JavaParser.java:898)
	at net.sourceforge.cobertura.javancss.parser.JavaParser.UnmodifiedClassDeclaration(JavaParser.java:824)
	at net.sourceforge.cobertura.javancss.parser.JavaParser.ClassDeclaration(JavaParser.java:728)
	at net.sourceforge.cobertura.javancss.parser.JavaParser.TypeDeclaration(JavaParser.java:575)
	at net.sourceforge.cobertura.javancss.parser.JavaParser.CompilationUnit(JavaParser.java:318)
	at net.sourceforge.cobertura.javancss.parser.JavaParser.parse(JavaParser.java:100)
	at net.sourceforge.cobertura.javancss.Javancss._measureSource(Javancss.java:192)
	at net.sourceforge.cobertura.javancss.Javancss._measureRoot(Javancss.java:268)
	at net.sourceforge.cobertura.javancss.Javancss.<init>(Javancss.java:347)
	at net.sourceforge.cobertura.javancss.JavancssFactory.newInstance(JavancssFactory.java:40)
	at net.sourceforge.cobertura.reporting.ComplexityCalculator.getFunctionMetricsForSingleFile(ComplexityCalculator.java:243)
	at net.sourceforge.cobertura.reporting.ComplexityCalculator.getAccumlatedCCNForSingleFile(ComplexityCalculator.java:143)
	at net.sourceforge.cobertura.reporting.ComplexityCalculator.getCCNForSourceFileNameInternal(ComplexityCalculator.java:273)
	at net.sourceforge.cobertura.reporting.ComplexityCalculator.getCCNForPackageInternal(ComplexityCalculator.java:208)
	at net.sourceforge.cobertura.reporting.ComplexityCalculator.getCCNForProject(ComplexityCalculator.java:174)
	at net.sourceforge.cobertura.reporting.xml.XMLReport.<init>(XMLReport.java:70)
	at net.sourceforge.cobertura.reporting.xml.XMLReportFormatStrategy.save(XMLReportFormatStrategy.java:18)
	at net.sourceforge.cobertura.reporting.NativeReport.export(NativeReport.java:31)
	at net.sourceforge.cobertura.reporting.CompositeReport.export(CompositeReport.java:19)
	at net.sourceforge.cobertura.reporting.ReportMain.parseArgumentsAndReport(ReportMain.java:91)
	at net.sourceforge.cobertura.reporting.ReportMain.generateReport(ReportMain.java:141)
	at net.sourceforge.cobertura.reporting.ReportMain.main(ReportMain.java:151)
net.sourceforge.cobertura.javancss.parser.ParseException: Encountered " ">" "> "" at line 11, column 26.
Was expecting one of:
    "assert" ...
    "boolean" ...
    "byte" ...
    "char" ...
    "double" ...
    "enum" ...
    "false" ...
    "float" ...
    "int" ...
    "long" ...
    "new" ...
    "null" ...
    "short" ...
    "super" ...
    "this" ...
    "true" ...
    "void" ...
    <INTEGER_LITERAL> ...
    <FLOATING_POINT_LITERAL> ...
    <CHARACTER_LITERAL> ...
    <STRING_LITERAL> ...
    <IDENTIFIER> ...
    "(" ...
    "!" ...
    "~" ...
    "++" ...
    "--" ...
    "+" ...
    "-" ...
    
	at net.sourceforge.cobertura.javancss.parser.JavaParser.generateParseException(JavaParser.java:10490)
	at net.sourceforge.cobertura.javancss.parser.JavaParser.jj_consume_token(JavaParser.java:10366)
	at net.sourceforge.cobertura.javancss.parser.JavaParser.UnaryExpression(JavaParser.java:3175)
	at net.sourceforge.cobertura.javancss.parser.JavaParser.MultiplicativeExpression(JavaParser.java:3090)
	at net.sourceforge.cobertura.javancss.parser.JavaParser.AdditiveExpression(JavaParser.java:3085)
	at net.sourceforge.cobertura.javancss.parser.JavaParser.ShiftExpression(JavaParser.java:3027)
	at net.sourceforge.cobertura.javancss.parser.JavaParser.RelationalExpression(JavaParser.java:2990)
	at net.sourceforge.cobertura.javancss.parser.JavaParser.InstanceOfExpression(JavaParser.java:2977)
	at net.sourceforge.cobertura.javancss.parser.JavaParser.AssigmentExpression(JavaParser.java:2959)
	at net.sourceforge.cobertura.javancss.parser.JavaParser.EqualityExpression(JavaParser.java:2886)
	at net.sourceforge.cobertura.javancss.parser.JavaParser.AndExpression(JavaParser.java:2860)
	at net.sourceforge.cobertura.javancss.parser.JavaParser.ExclusiveOrExpression(JavaParser.java:2843)
	at net.sourceforge.cobertura.javancss.parser.JavaParser.InclusiveOrExpression(JavaParser.java:2826)
	at net.sourceforge.cobertura.javancss.parser.JavaParser.ConditionalAndExpression(JavaParser.java:2808)
	at net.sourceforge.cobertura.javancss.parser.JavaParser.ConditionalOrExpression(JavaParser.java:2790)
	at net.sourceforge.cobertura.javancss.parser.JavaParser.ConditionalExpression(JavaParser.java:2774)
	at net.sourceforge.cobertura.javancss.parser.JavaParser.Expression(JavaParser.java:2718)
	at net.sourceforge.cobertura.javancss.parser.JavaParser.ArgumentList(JavaParser.java:3620)
	at net.sourceforge.cobertura.javancss.parser.JavaParser.Arguments(JavaParser.java:3610)
	at net.sourceforge.cobertura.javancss.parser.JavaParser.AllocationExpression(JavaParser.java:3665)
	at net.sourceforge.cobertura.javancss.parser.JavaParser.PrimaryPrefix(JavaParser.java:3456)
	at net.sourceforge.cobertura.javancss.parser.JavaParser.PrimaryExpression(JavaParser.java:3376)
	at net.sourceforge.cobertura.javancss.parser.JavaParser.PostfixExpression(JavaParser.java:3330)
	at net.sourceforge.cobertura.javancss.parser.JavaParser.UnaryExpressionNotPlusMinus(JavaParser.java:3237)
	at net.sourceforge.cobertura.javancss.parser.JavaParser.UnaryExpression(JavaParser.java:3171)
	at net.sourceforge.cobertura.javancss.parser.JavaParser.MultiplicativeExpression(JavaParser.java:3090)
	at net.sourceforge.cobertura.javancss.parser.JavaParser.AdditiveExpression(JavaParser.java:3061)
	at net.sourceforge.cobertura.javancss.parser.JavaParser.ShiftExpression(JavaParser.java:3027)
	at net.sourceforge.cobertura.javancss.parser.JavaParser.RelationalExpression(JavaParser.java:2990)
	at net.sourceforge.cobertura.javancss.parser.JavaParser.InstanceOfExpression(JavaParser.java:2977)
	at net.sourceforge.cobertura.javancss.parser.JavaParser.AssigmentExpression(JavaParser.java:2959)
	at net.sourceforge.cobertura.javancss.parser.JavaParser.EqualityExpression(JavaParser.java:2886)
	at net.sourceforge.cobertura.javancss.parser.JavaParser.AndExpression(JavaParser.java:2860)
	at net.sourceforge.cobertura.javancss.parser.JavaParser.ExclusiveOrExpression(JavaParser.java:2843)
	at net.sourceforge.cobertura.javancss.parser.JavaParser.InclusiveOrExpression(JavaParser.java:2826)
	at net.sourceforge.cobertura.javancss.parser.JavaParser.ConditionalAndExpression(JavaParser.java:2808)
	at net.sourceforge.cobertura.javancss.parser.JavaParser.ConditionalOrExpression(JavaParser.java:2790)
	at net.sourceforge.cobertura.javancss.parser.JavaParser.ConditionalExpression(JavaParser.java:2774)
	at net.sourceforge.cobertura.javancss.parser.JavaParser.Expression(JavaParser.java:2718)
	at net.sourceforge.cobertura.javancss.parser.JavaParser.StatementExpression(JavaParser.java:4106)
	at net.sourceforge.cobertura.javancss.parser.JavaParser.Statement(JavaParser.java:3795)
	at net.sourceforge.cobertura.javancss.parser.JavaParser.BlockStatement(JavaParser.java:3984)
	at net.sourceforge.cobertura.javancss.parser.JavaParser.ConstructorDeclaration(JavaParser.java:2375)
	at net.sourceforge.cobertura.javancss.parser.JavaParser.ClassBodyDeclaration(JavaParser.java:1037)
	at net.sourceforge.cobertura.javancss.parser.JavaParser.ClassBody(JavaParser.java:898)
	at net.sourceforge.cobertura.javancss.parser.JavaParser.UnmodifiedClassDeclaration(JavaParser.java:824)
	at net.sourceforge.cobertura.javancss.parser.JavaParser.ClassDeclaration(JavaParser.java:728)
	at net.sourceforge.cobertura.javancss.parser.JavaParser.TypeDeclaration(JavaParser.java:575)
	at net.sourceforge.cobertura.javancss.parser.JavaParser.CompilationUnit(JavaParser.java:318)
	at net.sourceforge.cobertura.javancss.parser.JavaParser.parse(JavaParser.java:100)
	at net.sourceforge.cobertura.javancss.Javancss._measureSource(Javancss.java:192)
	at net.sourceforge.cobertura.javancss.Javancss._measureRoot(Javancss.java:268)
	at net.sourceforge.cobertura.javancss.Javancss.<init>(Javancss.java:347)
	at net.sourceforge.cobertura.javancss.JavancssFactory.newInstance(JavancssFactory.java:40)
	at net.sourceforge.cobertura.reporting.ComplexityCalculator.getFunctionMetricsForSingleFile(ComplexityCalculator.java:243)
	at net.sourceforge.cobertura.reporting.ComplexityCalculator.getAccumlatedCCNForSingleFile(ComplexityCalculator.java:143)
	at net.sourceforge.cobertura.reporting.ComplexityCalculator.getCCNForSourceFileNameInternal(ComplexityCalculator.java:273)
	at net.sourceforge.cobertura.reporting.ComplexityCalculator.getCCNForPackageInternal(ComplexityCalculator.java:208)
	at net.sourceforge.cobertura.reporting.ComplexityCalculator.getCCNForProject(ComplexityCalculator.java:174)
	at net.sourceforge.cobertura.reporting.xml.XMLReport.<init>(XMLReport.java:70)
	at net.sourceforge.cobertura.reporting.xml.XMLReportFormatStrategy.save(XMLReportFormatStrategy.java:18)
	at net.sourceforge.cobertura.reporting.NativeReport.export(NativeReport.java:31)
	at net.sourceforge.cobertura.reporting.CompositeReport.export(CompositeReport.java:19)
	at net.sourceforge.cobertura.reporting.ReportMain.parseArgumentsAndReport(ReportMain.java:91)
	at net.sourceforge.cobertura.reporting.ReportMain.generateReport(ReportMain.java:141)
	at net.sourceforge.cobertura.reporting.ReportMain.main(ReportMain.java:151)
net.sourceforge.cobertura.javancss.parser.ParseException: Encountered " ">" "> "" at line 25, column 26.
Was expecting one of:
    "assert" ...
    "boolean" ...
    "byte" ...
    "char" ...
    "double" ...
    "enum" ...
    "false" ...
    "float" ...
    "int" ...
    "long" ...
    "new" ...
    "null" ...
    "short" ...
    "super" ...
    "this" ...
    "true" ...
    "void" ...
    <INTEGER_LITERAL> ...
    <FLOATING_POINT_LITERAL> ...
    <CHARACTER_LITERAL> ...
    <STRING_LITERAL> ...
    <IDENTIFIER> ...
    "(" ...
    "!" ...
    "~" ...
    "++" ...
    "--" ...
    "+" ...
    "-" ...
    
	at net.sourceforge.cobertura.javancss.parser.JavaParser.generateParseException(JavaParser.java:10490)
	at net.sourceforge.cobertura.javancss.parser.JavaParser.jj_consume_token(JavaParser.java:10366)
	at net.sourceforge.cobertura.javancss.parser.JavaParser.UnaryExpression(JavaParser.java:3175)
	at net.sourceforge.cobertura.javancss.parser.JavaParser.MultiplicativeExpression(JavaParser.java:3090)
	at net.sourceforge.cobertura.javancss.parser.JavaParser.AdditiveExpression(JavaParser.java:3085)
	at net.sourceforge.cobertura.javancss.parser.JavaParser.ShiftExpression(JavaParser.java:3027)
	at net.sourceforge.cobertura.javancss.parser.JavaParser.RelationalExpression(JavaParser.java:2990)
	at net.sourceforge.cobertura.javancss.parser.JavaParser.InstanceOfExpression(JavaParser.java:2977)
	at net.sourceforge.cobertura.javancss.parser.JavaParser.AssigmentExpression(JavaParser.java:2959)
	at net.sourceforge.cobertura.javancss.parser.JavaParser.EqualityExpression(JavaParser.java:2886)
	at net.sourceforge.cobertura.javancss.parser.JavaParser.AndExpression(JavaParser.java:2860)
	at net.sourceforge.cobertura.javancss.parser.JavaParser.ExclusiveOrExpression(JavaParser.java:2843)
	at net.sourceforge.cobertura.javancss.parser.JavaParser.InclusiveOrExpression(JavaParser.java:2826)
	at net.sourceforge.cobertura.javancss.parser.JavaParser.ConditionalAndExpression(JavaParser.java:2808)
	at net.sourceforge.cobertura.javancss.parser.JavaParser.ConditionalOrExpression(JavaParser.java:2790)
	at net.sourceforge.cobertura.javancss.parser.JavaParser.ConditionalExpression(JavaParser.java:2774)
	at net.sourceforge.cobertura.javancss.parser.JavaParser.Expression(JavaParser.java:2718)
	at net.sourceforge.cobertura.javancss.parser.JavaParser.ArgumentList(JavaParser.java:3632)
	at net.sourceforge.cobertura.javancss.parser.JavaParser.Arguments(JavaParser.java:3610)
	at net.sourceforge.cobertura.javancss.parser.JavaParser.AllocationExpression(JavaParser.java:3665)
	at net.sourceforge.cobertura.javancss.parser.JavaParser.PrimaryPrefix(JavaParser.java:3456)
	at net.sourceforge.cobertura.javancss.parser.JavaParser.PrimaryExpression(JavaParser.java:3376)
	at net.sourceforge.cobertura.javancss.parser.JavaParser.PostfixExpression(JavaParser.java:3330)
	at net.sourceforge.cobertura.javancss.parser.JavaParser.UnaryExpressionNotPlusMinus(JavaParser.java:3237)
	at net.sourceforge.cobertura.javancss.parser.JavaParser.UnaryExpression(JavaParser.java:3171)
	at net.sourceforge.cobertura.javancss.parser.JavaParser.MultiplicativeExpression(JavaParser.java:3090)
	at net.sourceforge.cobertura.javancss.parser.JavaParser.AdditiveExpression(JavaParser.java:3061)
	at net.sourceforge.cobertura.javancss.parser.JavaParser.ShiftExpression(JavaParser.java:3027)
	at net.sourceforge.cobertura.javancss.parser.JavaParser.RelationalExpression(JavaParser.java:2990)
	at net.sourceforge.cobertura.javancss.parser.JavaParser.InstanceOfExpression(JavaParser.java:2977)
	at net.sourceforge.cobertura.javancss.parser.JavaParser.AssigmentExpression(JavaParser.java:2959)
	at net.sourceforge.cobertura.javancss.parser.JavaParser.EqualityExpression(JavaParser.java:2886)
	at net.sourceforge.cobertura.javancss.parser.JavaParser.AndExpression(JavaParser.java:2860)
	at net.sourceforge.cobertura.javancss.parser.JavaParser.ExclusiveOrExpression(JavaParser.java:2843)
	at net.sourceforge.cobertura.javancss.parser.JavaParser.InclusiveOrExpression(JavaParser.java:2826)
	at net.sourceforge.cobertura.javancss.parser.JavaParser.ConditionalAndExpression(JavaParser.java:2808)
	at net.sourceforge.cobertura.javancss.parser.JavaParser.ConditionalOrExpression(JavaParser.java:2790)
	at net.sourceforge.cobertura.javancss.parser.JavaParser.ConditionalExpression(JavaParser.java:2774)
	at net.sourceforge.cobertura.javancss.parser.JavaParser.Expression(JavaParser.java:2718)
	at net.sourceforge.cobertura.javancss.parser.JavaParser.ReturnStatement(JavaParser.java:4572)
	at net.sourceforge.cobertura.javancss.parser.JavaParser.Statement(JavaParser.java:3825)
	at net.sourceforge.cobertura.javancss.parser.JavaParser.BlockStatement(JavaParser.java:3984)
	at net.sourceforge.cobertura.javancss.parser.JavaParser.Block(JavaParser.java:3934)
	at net.sourceforge.cobertura.javancss.parser.JavaParser.MethodDeclaration(JavaParser.java:1987)
	at net.sourceforge.cobertura.javancss.parser.JavaParser.ClassBodyDeclaration(JavaParser.java:1039)
	at net.sourceforge.cobertura.javancss.parser.JavaParser.ClassBody(JavaParser.java:898)
	at net.sourceforge.cobertura.javancss.parser.JavaParser.UnmodifiedClassDeclaration(JavaParser.java:824)
	at net.sourceforge.cobertura.javancss.parser.JavaParser.ClassDeclaration(JavaParser.java:728)
	at net.sourceforge.cobertura.javancss.parser.JavaParser.TypeDeclaration(JavaParser.java:575)
	at net.sourceforge.cobertura.javancss.parser.JavaParser.CompilationUnit(JavaParser.java:318)
	at net.sourceforge.cobertura.javancss.parser.JavaParser.parse(JavaParser.java:100)
	at net.sourceforge.cobertura.javancss.Javancss._measureSource(Javancss.java:192)
	at net.sourceforge.cobertura.javancss.Javancss._measureRoot(Javancss.java:268)
	at net.sourceforge.cobertura.javancss.Javancss.<init>(Javancss.java:347)
	at net.sourceforge.cobertura.javancss.JavancssFactory.newInstance(JavancssFactory.java:40)
	at net.sourceforge.cobertura.reporting.ComplexityCalculator.getFunctionMetricsForSingleFile(ComplexityCalculator.java:243)
	at net.sourceforge.cobertura.reporting.ComplexityCalculator.getAccumlatedCCNForSingleFile(ComplexityCalculator.java:143)
	at net.sourceforge.cobertura.reporting.ComplexityCalculator.getCCNForSourceFileNameInternal(ComplexityCalculator.java:273)
	at net.sourceforge.cobertura.reporting.ComplexityCalculator.getCCNForPackageInternal(ComplexityCalculator.java:208)
	at net.sourceforge.cobertura.reporting.ComplexityCalculator.getCCNForProject(ComplexityCalculator.java:174)
	at net.sourceforge.cobertura.reporting.xml.XMLReport.<init>(XMLReport.java:70)
	at net.sourceforge.cobertura.reporting.xml.XMLReportFormatStrategy.save(XMLReportFormatStrategy.java:18)
	at net.sourceforge.cobertura.reporting.NativeReport.export(NativeReport.java:31)
	at net.sourceforge.cobertura.reporting.CompositeReport.export(CompositeReport.java:19)
	at net.sourceforge.cobertura.reporting.ReportMain.parseArgumentsAndReport(ReportMain.java:91)
	at net.sourceforge.cobertura.reporting.ReportMain.generateReport(ReportMain.java:141)
	at net.sourceforge.cobertura.reporting.ReportMain.main(ReportMain.java:151)
net.sourceforge.cobertura.javancss.parser.ParseException: Encountered " ">" "> "" at line 11, column 26.
Was expecting one of:
    "assert" ...
    "boolean" ...
    "byte" ...
    "char" ...
    "double" ...
    "enum" ...
    "false" ...
    "float" ...
    "int" ...
    "long" ...
    "new" ...
    "null" ...
    "short" ...
    "super" ...
    "this" ...
    "true" ...
    "void" ...
    <INTEGER_LITERAL> ...
    <FLOATING_POINT_LITERAL> ...
    <CHARACTER_LITERAL> ...
    <STRING_LITERAL> ...
    <IDENTIFIER> ...
    "(" ...
    "!" ...
    "~" ...
    "++" ...
    "--" ...
    "+" ...
    "-" ...
    
	at net.sourceforge.cobertura.javancss.parser.JavaParser.generateParseException(JavaParser.java:10490)
	at net.sourceforge.cobertura.javancss.parser.JavaParser.jj_consume_token(JavaParser.java:10366)
	at net.sourceforge.cobertura.javancss.parser.JavaParser.UnaryExpression(JavaParser.java:3175)
	at net.sourceforge.cobertura.javancss.parser.JavaParser.MultiplicativeExpression(JavaParser.java:3090)
	at net.sourceforge.cobertura.javancss.parser.JavaParser.AdditiveExpression(JavaParser.java:3085)
	at net.sourceforge.cobertura.javancss.parser.JavaParser.ShiftExpression(JavaParser.java:3027)
	at net.sourceforge.cobertura.javancss.parser.JavaParser.RelationalExpression(JavaParser.java:2990)
	at net.sourceforge.cobertura.javancss.parser.JavaParser.InstanceOfExpression(JavaParser.java:2977)
	at net.sourceforge.cobertura.javancss.parser.JavaParser.AssigmentExpression(JavaParser.java:2959)
	at net.sourceforge.cobertura.javancss.parser.JavaParser.EqualityExpression(JavaParser.java:2886)
	at net.sourceforge.cobertura.javancss.parser.JavaParser.AndExpression(JavaParser.java:2860)
	at net.sourceforge.cobertura.javancss.parser.JavaParser.ExclusiveOrExpression(JavaParser.java:2843)
	at net.sourceforge.cobertura.javancss.parser.JavaParser.InclusiveOrExpression(JavaParser.java:2826)
	at net.sourceforge.cobertura.javancss.parser.JavaParser.ConditionalAndExpression(JavaParser.java:2808)
	at net.sourceforge.cobertura.javancss.parser.JavaParser.ConditionalOrExpression(JavaParser.java:2790)
	at net.sourceforge.cobertura.javancss.parser.JavaParser.ConditionalExpression(JavaParser.java:2774)
	at net.sourceforge.cobertura.javancss.parser.JavaParser.Expression(JavaParser.java:2718)
	at net.sourceforge.cobertura.javancss.parser.JavaParser.ArgumentList(JavaParser.java:3620)
	at net.sourceforge.cobertura.javancss.parser.JavaParser.Arguments(JavaParser.java:3610)
	at net.sourceforge.cobertura.javancss.parser.JavaParser.AllocationExpression(JavaParser.java:3665)
	at net.sourceforge.cobertura.javancss.parser.JavaParser.PrimaryPrefix(JavaParser.java:3456)
	at net.sourceforge.cobertura.javancss.parser.JavaParser.PrimaryExpression(JavaParser.java:3376)
	at net.sourceforge.cobertura.javancss.parser.JavaParser.PostfixExpression(JavaParser.java:3330)
	at net.sourceforge.cobertura.javancss.parser.JavaParser.UnaryExpressionNotPlusMinus(JavaParser.java:3237)
	at net.sourceforge.cobertura.javancss.parser.JavaParser.UnaryExpression(JavaParser.java:3171)
	at net.sourceforge.cobertura.javancss.parser.JavaParser.MultiplicativeExpression(JavaParser.java:3090)
	at net.sourceforge.cobertura.javancss.parser.JavaParser.AdditiveExpression(JavaParser.java:3061)
	at net.sourceforge.cobertura.javancss.parser.JavaParser.ShiftExpression(JavaParser.java:3027)
	at net.sourceforge.cobertura.javancss.parser.JavaParser.RelationalExpression(JavaParser.java:2990)
	at net.sourceforge.cobertura.javancss.parser.JavaParser.InstanceOfExpression(JavaParser.java:2977)
	at net.sourceforge.cobertura.javancss.parser.JavaParser.AssigmentExpression(JavaParser.java:2959)
	at net.sourceforge.cobertura.javancss.parser.JavaParser.EqualityExpression(JavaParser.java:2886)
	at net.sourceforge.cobertura.javancss.parser.JavaParser.AndExpression(JavaParser.java:2860)
	at net.sourceforge.cobertura.javancss.parser.JavaParser.ExclusiveOrExpression(JavaParser.java:2843)
	at net.sourceforge.cobertura.javancss.parser.JavaParser.InclusiveOrExpression(JavaParser.java:2826)
	at net.sourceforge.cobertura.javancss.parser.JavaParser.ConditionalAndExpression(JavaParser.java:2808)
	at net.sourceforge.cobertura.javancss.parser.JavaParser.ConditionalOrExpression(JavaParser.java:2790)
	at net.sourceforge.cobertura.javancss.parser.JavaParser.ConditionalExpression(JavaParser.java:2774)
	at net.sourceforge.cobertura.javancss.parser.JavaParser.Expression(JavaParser.java:2718)
	at net.sourceforge.cobertura.javancss.parser.JavaParser.StatementExpression(JavaParser.java:4106)
	at net.sourceforge.cobertura.javancss.parser.JavaParser.Statement(JavaParser.java:3795)
	at net.sourceforge.cobertura.javancss.parser.JavaParser.BlockStatement(JavaParser.java:3984)
	at net.sourceforge.cobertura.javancss.parser.JavaParser.ConstructorDeclaration(JavaParser.java:2375)
	at net.sourceforge.cobertura.javancss.parser.JavaParser.ClassBodyDeclaration(JavaParser.java:1037)
	at net.sourceforge.cobertura.javancss.parser.JavaParser.ClassBody(JavaParser.java:898)
	at net.sourceforge.cobertura.javancss.parser.JavaParser.UnmodifiedClassDeclaration(JavaParser.java:824)
	at net.sourceforge.cobertura.javancss.parser.JavaParser.ClassDeclaration(JavaParser.java:728)
	at net.sourceforge.cobertura.javancss.parser.JavaParser.TypeDeclaration(JavaParser.java:575)
	at net.sourceforge.cobertura.javancss.parser.JavaParser.CompilationUnit(JavaParser.java:318)
	at net.sourceforge.cobertura.javancss.parser.JavaParser.parse(JavaParser.java:100)
	at net.sourceforge.cobertura.javancss.Javancss._measureSource(Javancss.java:192)
	at net.sourceforge.cobertura.javancss.Javancss._measureRoot(Javancss.java:268)
	at net.sourceforge.cobertura.javancss.Javancss.<init>(Javancss.java:347)
	at net.sourceforge.cobertura.javancss.JavancssFactory.newInstance(JavancssFactory.java:40)
	at net.sourceforge.cobertura.reporting.ComplexityCalculator.getFunctionMetricsForSingleFile(ComplexityCalculator.java:243)
	at net.sourceforge.cobertura.reporting.ComplexityCalculator.getAccumlatedCCNForSingleFile(ComplexityCalculator.java:143)
	at net.sourceforge.cobertura.reporting.ComplexityCalculator.getCCNForSourceFileNameInternal(ComplexityCalculator.java:273)
	at net.sourceforge.cobertura.reporting.ComplexityCalculator.getCCNForPackageInternal(ComplexityCalculator.java:208)
	at net.sourceforge.cobertura.reporting.ComplexityCalculator.getCCNForProject(ComplexityCalculator.java:174)
	at net.sourceforge.cobertura.reporting.xml.XMLReport.<init>(XMLReport.java:70)
	at net.sourceforge.cobertura.reporting.xml.XMLReportFormatStrategy.save(XMLReportFormatStrategy.java:18)
	at net.sourceforge.cobertura.reporting.NativeReport.export(NativeReport.java:31)
	at net.sourceforge.cobertura.reporting.CompositeReport.export(CompositeReport.java:19)
	at net.sourceforge.cobertura.reporting.ReportMain.parseArgumentsAndReport(ReportMain.java:91)
	at net.sourceforge.cobertura.reporting.ReportMain.generateReport(ReportMain.java:141)
	at net.sourceforge.cobertura.reporting.ReportMain.main(ReportMain.java:151)
net.sourceforge.cobertura.javancss.parser.ParseException: Encountered " ">" "> "" at line 32, column 26.
Was expecting one of:
    "assert" ...
    "boolean" ...
    "byte" ...
    "char" ...
    "double" ...
    "enum" ...
    "false" ...
    "float" ...
    "int" ...
    "long" ...
    "new" ...
    "null" ...
    "short" ...
    "super" ...
    "this" ...
    "true" ...
    "void" ...
    <INTEGER_LITERAL> ...
    <FLOATING_POINT_LITERAL> ...
    <CHARACTER_LITERAL> ...
    <STRING_LITERAL> ...
    <IDENTIFIER> ...
    "(" ...
    "!" ...
    "~" ...
    "++" ...
    "--" ...
    "+" ...
    "-" ...
    
	at net.sourceforge.cobertura.javancss.parser.JavaParser.generateParseException(JavaParser.java:10490)
	at net.sourceforge.cobertura.javancss.parser.JavaParser.jj_consume_token(JavaParser.java:10366)
	at net.sourceforge.cobertura.javancss.parser.JavaParser.UnaryExpression(JavaParser.java:3175)
	at net.sourceforge.cobertura.javancss.parser.JavaParser.MultiplicativeExpression(JavaParser.java:3090)
	at net.sourceforge.cobertura.javancss.parser.JavaParser.AdditiveExpression(JavaParser.java:3085)
	at net.sourceforge.cobertura.javancss.parser.JavaParser.ShiftExpression(JavaParser.java:3027)
	at net.sourceforge.cobertura.javancss.parser.JavaParser.RelationalExpression(JavaParser.java:2990)
	at net.sourceforge.cobertura.javancss.parser.JavaParser.InstanceOfExpression(JavaParser.java:2977)
	at net.sourceforge.cobertura.javancss.parser.JavaParser.AssigmentExpression(JavaParser.java:2959)
	at net.sourceforge.cobertura.javancss.parser.JavaParser.EqualityExpression(JavaParser.java:2886)
	at net.sourceforge.cobertura.javancss.parser.JavaParser.AndExpression(JavaParser.java:2860)
	at net.sourceforge.cobertura.javancss.parser.JavaParser.ExclusiveOrExpression(JavaParser.java:2843)
	at net.sourceforge.cobertura.javancss.parser.JavaParser.InclusiveOrExpression(JavaParser.java:2826)
	at net.sourceforge.cobertura.javancss.parser.JavaParser.ConditionalAndExpression(JavaParser.java:2808)
	at net.sourceforge.cobertura.javancss.parser.JavaParser.ConditionalOrExpression(JavaParser.java:2790)
	at net.sourceforge.cobertura.javancss.parser.JavaParser.ConditionalExpression(JavaParser.java:2774)
	at net.sourceforge.cobertura.javancss.parser.JavaParser.Expression(JavaParser.java:2718)
	at net.sourceforge.cobertura.javancss.parser.JavaParser.ArgumentList(JavaParser.java:3632)
	at net.sourceforge.cobertura.javancss.parser.JavaParser.Arguments(JavaParser.java:3610)
	at net.sourceforge.cobertura.javancss.parser.JavaParser.AllocationExpression(JavaParser.java:3665)
	at net.sourceforge.cobertura.javancss.parser.JavaParser.PrimaryPrefix(JavaParser.java:3456)
	at net.sourceforge.cobertura.javancss.parser.JavaParser.PrimaryExpression(JavaParser.java:3376)
	at net.sourceforge.cobertura.javancss.parser.JavaParser.PostfixExpression(JavaParser.java:3330)
	at net.sourceforge.cobertura.javancss.parser.JavaParser.UnaryExpressionNotPlusMinus(JavaParser.java:3237)
	at net.sourceforge.cobertura.javancss.parser.JavaParser.UnaryExpression(JavaParser.java:3171)
	at net.sourceforge.cobertura.javancss.parser.JavaParser.MultiplicativeExpression(JavaParser.java:3090)
	at net.sourceforge.cobertura.javancss.parser.JavaParser.AdditiveExpression(JavaParser.java:3061)
	at net.sourceforge.cobertura.javancss.parser.JavaParser.ShiftExpression(JavaParser.java:3027)
	at net.sourceforge.cobertura.javancss.parser.JavaParser.RelationalExpression(JavaParser.java:2990)
	at net.sourceforge.cobertura.javancss.parser.JavaParser.InstanceOfExpression(JavaParser.java:2977)
	at net.sourceforge.cobertura.javancss.parser.JavaParser.AssigmentExpression(JavaParser.java:2959)
	at net.sourceforge.cobertura.javancss.parser.JavaParser.EqualityExpression(JavaParser.java:2886)
	at net.sourceforge.cobertura.javancss.parser.JavaParser.AndExpression(JavaParser.java:2860)
	at net.sourceforge.cobertura.javancss.parser.JavaParser.ExclusiveOrExpression(JavaParser.java:2843)
	at net.sourceforge.cobertura.javancss.parser.JavaParser.InclusiveOrExpression(JavaParser.java:2826)
	at net.sourceforge.cobertura.javancss.parser.JavaParser.ConditionalAndExpression(JavaParser.java:2808)
	at net.sourceforge.cobertura.javancss.parser.JavaParser.ConditionalOrExpression(JavaParser.java:2790)
	at net.sourceforge.cobertura.javancss.parser.JavaParser.ConditionalExpression(JavaParser.java:2774)
	at net.sourceforge.cobertura.javancss.parser.JavaParser.Expression(JavaParser.java:2718)
	at net.sourceforge.cobertura.javancss.parser.JavaParser.ReturnStatement(JavaParser.java:4572)
	at net.sourceforge.cobertura.javancss.parser.JavaParser.Statement(JavaParser.java:3825)
	at net.sourceforge.cobertura.javancss.parser.JavaParser.BlockStatement(JavaParser.java:3984)
	at net.sourceforge.cobertura.javancss.parser.JavaParser.Block(JavaParser.java:3934)
	at net.sourceforge.cobertura.javancss.parser.JavaParser.MethodDeclaration(JavaParser.java:1987)
	at net.sourceforge.cobertura.javancss.parser.JavaParser.ClassBodyDeclaration(JavaParser.java:1039)
	at net.sourceforge.cobertura.javancss.parser.JavaParser.ClassBody(JavaParser.java:898)
	at net.sourceforge.cobertura.javancss.parser.JavaParser.UnmodifiedClassDeclaration(JavaParser.java:824)
	at net.sourceforge.cobertura.javancss.parser.JavaParser.ClassDeclaration(JavaParser.java:728)
	at net.sourceforge.cobertura.javancss.parser.JavaParser.TypeDeclaration(JavaParser.java:575)
	at net.sourceforge.cobertura.javancss.parser.JavaParser.CompilationUnit(JavaParser.java:318)
	at net.sourceforge.cobertura.javancss.parser.JavaParser.parse(JavaParser.java:100)
	at net.sourceforge.cobertura.javancss.Javancss._measureSource(Javancss.java:192)
	at net.sourceforge.cobertura.javancss.Javancss._measureRoot(Javancss.java:268)
	at net.sourceforge.cobertura.javancss.Javancss.<init>(Javancss.java:347)
	at net.sourceforge.cobertura.javancss.JavancssFactory.newInstance(JavancssFactory.java:40)
	at net.sourceforge.cobertura.reporting.ComplexityCalculator.getFunctionMetricsForSingleFile(ComplexityCalculator.java:243)
	at net.sourceforge.cobertura.reporting.ComplexityCalculator.getAccumlatedCCNForSingleFile(ComplexityCalculator.java:143)
	at net.sourceforge.cobertura.reporting.ComplexityCalculator.getCCNForSourceFileNameInternal(ComplexityCalculator.java:273)
	at net.sourceforge.cobertura.reporting.ComplexityCalculator.getCCNForPackageInternal(ComplexityCalculator.java:208)
	at net.sourceforge.cobertura.reporting.ComplexityCalculator.getCCNForProject(ComplexityCalculator.java:174)
	at net.sourceforge.cobertura.reporting.xml.XMLReport.<init>(XMLReport.java:70)
	at net.sourceforge.cobertura.reporting.xml.XMLReportFormatStrategy.save(XMLReportFormatStrategy.java:18)
	at net.sourceforge.cobertura.reporting.NativeReport.export(NativeReport.java:31)
	at net.sourceforge.cobertura.reporting.CompositeReport.export(CompositeReport.java:19)
	at net.sourceforge.cobertura.reporting.ReportMain.parseArgumentsAndReport(ReportMain.java:91)
	at net.sourceforge.cobertura.reporting.ReportMain.generateReport(ReportMain.java:141)
	at net.sourceforge.cobertura.reporting.ReportMain.main(ReportMain.java:151)
net.sourceforge.cobertura.javancss.parser.ParseException: Encountered " ">" "> "" at line 11, column 26.
Was expecting one of:
    "assert" ...
    "boolean" ...
    "byte" ...
    "char" ...
    "double" ...
    "enum" ...
    "false" ...
    "float" ...
    "int" ...
    "long" ...
    "new" ...
    "null" ...
    "short" ...
    "super" ...
    "this" ...
    "true" ...
    "void" ...
    <INTEGER_LITERAL> ...
    <FLOATING_POINT_LITERAL> ...
    <CHARACTER_LITERAL> ...
    <STRING_LITERAL> ...
    <IDENTIFIER> ...
    "(" ...
    "!" ...
    "~" ...
    "++" ...
    "--" ...
    "+" ...
    "-" ...
    
	at net.sourceforge.cobertura.javancss.parser.JavaParser.generateParseException(JavaParser.java:10490)
	at net.sourceforge.cobertura.javancss.parser.JavaParser.jj_consume_token(JavaParser.java:10366)
	at net.sourceforge.cobertura.javancss.parser.JavaParser.UnaryExpression(JavaParser.java:3175)
	at net.sourceforge.cobertura.javancss.parser.JavaParser.MultiplicativeExpression(JavaParser.java:3090)
	at net.sourceforge.cobertura.javancss.parser.JavaParser.AdditiveExpression(JavaParser.java:3085)
	at net.sourceforge.cobertura.javancss.parser.JavaParser.ShiftExpression(JavaParser.java:3027)
	at net.sourceforge.cobertura.javancss.parser.JavaParser.RelationalExpression(JavaParser.java:2990)
	at net.sourceforge.cobertura.javancss.parser.JavaParser.InstanceOfExpression(JavaParser.java:2977)
	at net.sourceforge.cobertura.javancss.parser.JavaParser.AssigmentExpression(JavaParser.java:2959)
	at net.sourceforge.cobertura.javancss.parser.JavaParser.EqualityExpression(JavaParser.java:2886)
	at net.sourceforge.cobertura.javancss.parser.JavaParser.AndExpression(JavaParser.java:2860)
	at net.sourceforge.cobertura.javancss.parser.JavaParser.ExclusiveOrExpression(JavaParser.java:2843)
	at net.sourceforge.cobertura.javancss.parser.JavaParser.InclusiveOrExpression(JavaParser.java:2826)
	at net.sourceforge.cobertura.javancss.parser.JavaParser.ConditionalAndExpression(JavaParser.java:2808)
	at net.sourceforge.cobertura.javancss.parser.JavaParser.ConditionalOrExpression(JavaParser.java:2790)
	at net.sourceforge.cobertura.javancss.parser.JavaParser.ConditionalExpression(JavaParser.java:2774)
	at net.sourceforge.cobertura.javancss.parser.JavaParser.Expression(JavaParser.java:2718)
	at net.sourceforge.cobertura.javancss.parser.JavaParser.ArgumentList(JavaParser.java:3620)
	at net.sourceforge.cobertura.javancss.parser.JavaParser.Arguments(JavaParser.java:3610)
	at net.sourceforge.cobertura.javancss.parser.JavaParser.AllocationExpression(JavaParser.java:3665)
	at net.sourceforge.cobertura.javancss.parser.JavaParser.PrimaryPrefix(JavaParser.java:3456)
	at net.sourceforge.cobertura.javancss.parser.JavaParser.PrimaryExpression(JavaParser.java:3376)
	at net.sourceforge.cobertura.javancss.parser.JavaParser.PostfixExpression(JavaParser.java:3330)
	at net.sourceforge.cobertura.javancss.parser.JavaParser.UnaryExpressionNotPlusMinus(JavaParser.java:3237)
	at net.sourceforge.cobertura.javancss.parser.JavaParser.UnaryExpression(JavaParser.java:3171)
	at net.sourceforge.cobertura.javancss.parser.JavaParser.MultiplicativeExpression(JavaParser.java:3090)
	at net.sourceforge.cobertura.javancss.parser.JavaParser.AdditiveExpression(JavaParser.java:3061)
	at net.sourceforge.cobertura.javancss.parser.JavaParser.ShiftExpression(JavaParser.java:3027)
	at net.sourceforge.cobertura.javancss.parser.JavaParser.RelationalExpression(JavaParser.java:2990)
	at net.sourceforge.cobertura.javancss.parser.JavaParser.InstanceOfExpression(JavaParser.java:2977)
	at net.sourceforge.cobertura.javancss.parser.JavaParser.AssigmentExpression(JavaParser.java:2959)
	at net.sourceforge.cobertura.javancss.parser.JavaParser.EqualityExpression(JavaParser.java:2886)
	at net.sourceforge.cobertura.javancss.parser.JavaParser.AndExpression(JavaParser.java:2860)
	at net.sourceforge.cobertura.javancss.parser.JavaParser.ExclusiveOrExpression(JavaParser.java:2843)
	at net.sourceforge.cobertura.javancss.parser.JavaParser.InclusiveOrExpression(JavaParser.java:2826)
	at net.sourceforge.cobertura.javancss.parser.JavaParser.ConditionalAndExpression(JavaParser.java:2808)
	at net.sourceforge.cobertura.javancss.parser.JavaParser.ConditionalOrExpression(JavaParser.java:2790)
	at net.sourceforge.cobertura.javancss.parser.JavaParser.ConditionalExpression(JavaParser.java:2774)
	at net.sourceforge.cobertura.javancss.parser.JavaParser.Expression(JavaParser.java:2718)
	at net.sourceforge.cobertura.javancss.parser.JavaParser.StatementExpression(JavaParser.java:4106)
	at net.sourceforge.cobertura.javancss.parser.JavaParser.Statement(JavaParser.java:3795)
	at net.sourceforge.cobertura.javancss.parser.JavaParser.BlockStatement(JavaParser.java:3984)
	at net.sourceforge.cobertura.javancss.parser.JavaParser.ConstructorDeclaration(JavaParser.java:2375)
	at net.sourceforge.cobertura.javancss.parser.JavaParser.ClassBodyDeclaration(JavaParser.java:1037)
	at net.sourceforge.cobertura.javancss.parser.JavaParser.ClassBody(JavaParser.java:898)
	at net.sourceforge.cobertura.javancss.parser.JavaParser.UnmodifiedClassDeclaration(JavaParser.java:824)
	at net.sourceforge.cobertura.javancss.parser.JavaParser.ClassDeclaration(JavaParser.java:728)
	at net.sourceforge.cobertura.javancss.parser.JavaParser.TypeDeclaration(JavaParser.java:575)
	at net.sourceforge.cobertura.javancss.parser.JavaParser.CompilationUnit(JavaParser.java:318)
	at net.sourceforge.cobertura.javancss.parser.JavaParser.parse(JavaParser.java:100)
	at net.sourceforge.cobertura.javancss.Javancss._measureSource(Javancss.java:192)
	at net.sourceforge.cobertura.javancss.Javancss._measureRoot(Javancss.java:268)
	at net.sourceforge.cobertura.javancss.Javancss.<init>(Javancss.java:347)
	at net.sourceforge.cobertura.javancss.JavancssFactory.newInstance(JavancssFactory.java:40)
	at net.sourceforge.cobertura.reporting.ComplexityCalculator.getFunctionMetricsForSingleFile(ComplexityCalculator.java:243)
	at net.sourceforge.cobertura.reporting.ComplexityCalculator.getAccumlatedCCNForSingleFile(ComplexityCalculator.java:143)
	at net.sourceforge.cobertura.reporting.ComplexityCalculator.getCCNForSourceFileNameInternal(ComplexityCalculator.java:273)
	at net.sourceforge.cobertura.reporting.ComplexityCalculator.getCCNForPackageInternal(ComplexityCalculator.java:208)
	at net.sourceforge.cobertura.reporting.ComplexityCalculator.getCCNForProject(ComplexityCalculator.java:174)
	at net.sourceforge.cobertura.reporting.xml.XMLReport.<init>(XMLReport.java:70)
	at net.sourceforge.cobertura.reporting.xml.XMLReportFormatStrategy.save(XMLReportFormatStrategy.java:18)
	at net.sourceforge.cobertura.reporting.NativeReport.export(NativeReport.java:31)
	at net.sourceforge.cobertura.reporting.CompositeReport.export(CompositeReport.java:19)
	at net.sourceforge.cobertura.reporting.ReportMain.parseArgumentsAndReport(ReportMain.java:91)
	at net.sourceforge.cobertura.reporting.ReportMain.generateReport(ReportMain.java:141)
	at net.sourceforge.cobertura.reporting.ReportMain.main(ReportMain.java:151)
net.sourceforge.cobertura.javancss.parser.ParseException: Encountered " ">" "> "" at line 21, column 26.
Was expecting one of:
    "assert" ...
    "boolean" ...
    "byte" ...
    "char" ...
    "double" ...
    "enum" ...
    "false" ...
    "float" ...
    "int" ...
    "long" ...
    "new" ...
    "null" ...
    "short" ...
    "super" ...
    "this" ...
    "true" ...
    "void" ...
    <INTEGER_LITERAL> ...
    <FLOATING_POINT_LITERAL> ...
    <CHARACTER_LITERAL> ...
    <STRING_LITERAL> ...
    <IDENTIFIER> ...
    "(" ...
    "!" ...
    "~" ...
    "++" ...
    "--" ...
    "+" ...
    "-" ...
    
	at net.sourceforge.cobertura.javancss.parser.JavaParser.generateParseException(JavaParser.java:10490)
	at net.sourceforge.cobertura.javancss.parser.JavaParser.jj_consume_token(JavaParser.java:10366)
	at net.sourceforge.cobertura.javancss.parser.JavaParser.UnaryExpression(JavaParser.java:3175)
	at net.sourceforge.cobertura.javancss.parser.JavaParser.MultiplicativeExpression(JavaParser.java:3090)
	at net.sourceforge.cobertura.javancss.parser.JavaParser.AdditiveExpression(JavaParser.java:3085)
	at net.sourceforge.cobertura.javancss.parser.JavaParser.ShiftExpression(JavaParser.java:3027)
	at net.sourceforge.cobertura.javancss.parser.JavaParser.RelationalExpression(JavaParser.java:2990)
	at net.sourceforge.cobertura.javancss.parser.JavaParser.InstanceOfExpression(JavaParser.java:2977)
	at net.sourceforge.cobertura.javancss.parser.JavaParser.AssigmentExpression(JavaParser.java:2959)
	at net.sourceforge.cobertura.javancss.parser.JavaParser.EqualityExpression(JavaParser.java:2886)
	at net.sourceforge.cobertura.javancss.parser.JavaParser.AndExpression(JavaParser.java:2860)
	at net.sourceforge.cobertura.javancss.parser.JavaParser.ExclusiveOrExpression(JavaParser.java:2843)
	at net.sourceforge.cobertura.javancss.parser.JavaParser.InclusiveOrExpression(JavaParser.java:2826)
	at net.sourceforge.cobertura.javancss.parser.JavaParser.ConditionalAndExpression(JavaParser.java:2808)
	at net.sourceforge.cobertura.javancss.parser.JavaParser.ConditionalOrExpression(JavaParser.java:2790)
	at net.sourceforge.cobertura.javancss.parser.JavaParser.ConditionalExpression(JavaParser.java:2774)
	at net.sourceforge.cobertura.javancss.parser.JavaParser.Expression(JavaParser.java:2718)
	at net.sourceforge.cobertura.javancss.parser.JavaParser.ArgumentList(JavaParser.java:3632)
	at net.sourceforge.cobertura.javancss.parser.JavaParser.Arguments(JavaParser.java:3610)
	at net.sourceforge.cobertura.javancss.parser.JavaParser.AllocationExpression(JavaParser.java:3665)
	at net.sourceforge.cobertura.javancss.parser.JavaParser.PrimaryPrefix(JavaParser.java:3456)
	at net.sourceforge.cobertura.javancss.parser.JavaParser.PrimaryExpression(JavaParser.java:3376)
	at net.sourceforge.cobertura.javancss.parser.JavaParser.PostfixExpression(JavaParser.java:3330)
	at net.sourceforge.cobertura.javancss.parser.JavaParser.UnaryExpressionNotPlusMinus(JavaParser.java:3237)
	at net.sourceforge.cobertura.javancss.parser.JavaParser.UnaryExpression(JavaParser.java:3171)
	at net.sourceforge.cobertura.javancss.parser.JavaParser.MultiplicativeExpression(JavaParser.java:3090)
	at net.sourceforge.cobertura.javancss.parser.JavaParser.AdditiveExpression(JavaParser.java:3061)
	at net.sourceforge.cobertura.javancss.parser.JavaParser.ShiftExpression(JavaParser.java:3027)
	at net.sourceforge.cobertura.javancss.parser.JavaParser.RelationalExpression(JavaParser.java:2990)
	at net.sourceforge.cobertura.javancss.parser.JavaParser.InstanceOfExpression(JavaParser.java:2977)
	at net.sourceforge.cobertura.javancss.parser.JavaParser.AssigmentExpression(JavaParser.java:2959)
	at net.sourceforge.cobertura.javancss.parser.JavaParser.EqualityExpression(JavaParser.java:2886)
	at net.sourceforge.cobertura.javancss.parser.JavaParser.AndExpression(JavaParser.java:2860)
	at net.sourceforge.cobertura.javancss.parser.JavaParser.ExclusiveOrExpression(JavaParser.java:2843)
	at net.sourceforge.cobertura.javancss.parser.JavaParser.InclusiveOrExpression(JavaParser.java:2826)
	at net.sourceforge.cobertura.javancss.parser.JavaParser.ConditionalAndExpression(JavaParser.java:2808)
	at net.sourceforge.cobertura.javancss.parser.JavaParser.ConditionalOrExpression(JavaParser.java:2790)
	at net.sourceforge.cobertura.javancss.parser.JavaParser.ConditionalExpression(JavaParser.java:2774)
	at net.sourceforge.cobertura.javancss.parser.JavaParser.Expression(JavaParser.java:2718)
	at net.sourceforge.cobertura.javancss.parser.JavaParser.ReturnStatement(JavaParser.java:4572)
	at net.sourceforge.cobertura.javancss.parser.JavaParser.Statement(JavaParser.java:3825)
	at net.sourceforge.cobertura.javancss.parser.JavaParser.BlockStatement(JavaParser.java:3984)
	at net.sourceforge.cobertura.javancss.parser.JavaParser.Block(JavaParser.java:3934)
	at net.sourceforge.cobertura.javancss.parser.JavaParser.MethodDeclaration(JavaParser.java:1987)
	at net.sourceforge.cobertura.javancss.parser.JavaParser.ClassBodyDeclaration(JavaParser.java:1039)
	at net.sourceforge.cobertura.javancss.parser.JavaParser.ClassBody(JavaParser.java:898)
	at net.sourceforge.cobertura.javancss.parser.JavaParser.UnmodifiedClassDeclaration(JavaParser.java:824)
	at net.sourceforge.cobertura.javancss.parser.JavaParser.ClassDeclaration(JavaParser.java:728)
	at net.sourceforge.cobertura.javancss.parser.JavaParser.TypeDeclaration(JavaParser.java:575)
	at net.sourceforge.cobertura.javancss.parser.JavaParser.CompilationUnit(JavaParser.java:318)
	at net.sourceforge.cobertura.javancss.parser.JavaParser.parse(JavaParser.java:100)
	at net.sourceforge.cobertura.javancss.Javancss._measureSource(Javancss.java:192)
	at net.sourceforge.cobertura.javancss.Javancss._measureRoot(Javancss.java:268)
	at net.sourceforge.cobertura.javancss.Javancss.<init>(Javancss.java:347)
	at net.sourceforge.cobertura.javancss.JavancssFactory.newInstance(JavancssFactory.java:40)
	at net.sourceforge.cobertura.reporting.ComplexityCalculator.getFunctionMetricsForSingleFile(ComplexityCalculator.java:243)
	at net.sourceforge.cobertura.reporting.ComplexityCalculator.getAccumlatedCCNForSingleFile(ComplexityCalculator.java:143)
	at net.sourceforge.cobertura.reporting.ComplexityCalculator.getCCNForSourceFileNameInternal(ComplexityCalculator.java:273)
	at net.sourceforge.cobertura.reporting.ComplexityCalculator.getCCNForPackageInternal(ComplexityCalculator.java:208)
	at net.sourceforge.cobertura.reporting.ComplexityCalculator.getCCNForProject(ComplexityCalculator.java:174)
	at net.sourceforge.cobertura.reporting.xml.XMLReport.<init>(XMLReport.java:70)
	at net.sourceforge.cobertura.reporting.xml.XMLReportFormatStrategy.save(XMLReportFormatStrategy.java:18)
	at net.sourceforge.cobertura.reporting.NativeReport.export(NativeReport.java:31)
	at net.sourceforge.cobertura.reporting.CompositeReport.export(CompositeReport.java:19)
	at net.sourceforge.cobertura.reporting.ReportMain.parseArgumentsAndReport(ReportMain.java:91)
	at net.sourceforge.cobertura.reporting.ReportMain.generateReport(ReportMain.java:141)
	at net.sourceforge.cobertura.reporting.ReportMain.main(ReportMain.java:151)

[INFO] Cobertura Report generation was successful.
[INFO] ------------------------------------------------------------------------
[INFO] BUILD SUCCESS
[INFO] ------------------------------------------------------------------------
[INFO] Total time: 25.688 s
[INFO] Finished at: 2020-01-20T05:28:38Z
[INFO] Final Memory: 25M/170M
[INFO] ------------------------------------------------------------------------
[8mha:////4LIDZrzj9UkHekEqirU+WtUia8x0JCiaTRHWq/gsXJK4AAAApR+LCAAAAAAAAP9tjTEOwjAQBC9BFLSUPOIihQYJUaW10vACExvjxLoztkNS8SK+xh+wiETFFqudbeb1hnUMcOJgsNc0WIqdRe9GkxdOHIar4wl7vmDHFNlpbPXUstLNgi0nDUuKElYCNpo6x9GSSbAVvXzIykky1TmF/B0FlFbd4QmFyOYkQ/rCHGB3G1Vk+nn+CmD2PkG5r3PVhw9qzEvpvgAAAA==[0m[Pipeline] }
[INFO] Load active rules (done) | time=10057ms
[INFO] Indexing files...
[INFO] Project configuration:
[INFO] 34 files indexed
[INFO] 0 files ignored because of scm ignore settings
[INFO] Quality profile for java: Sonar way
[INFO] Quality profile for xml: Sonar way
[INFO] ------------- Run sensors on module berlin-clock
[INFO] Load metrics repository
[INFO] Load metrics repository (done) | time=63ms
[INFO] Sensor JavaSquidSensor [java]
[INFO] Configured Java source version (sonar.java.source): 8
[INFO] JavaClasspath initialization
[WARNING] Bytecode of dependencies was not provided for analysis of source files, you might end up with less precise results. Bytecode can be provided using sonar.java.libraries property.
[INFO] JavaClasspath initialization (done) | time=18ms
[INFO] JavaTestClasspath initialization
[INFO] JavaTestClasspath initialization (done) | time=1ms
[INFO] Java Main Files AST scan
[INFO] 20 source files to be analyzed
[INFO] Load project repositories
[INFO] Load project repositories (done) | time=270ms
[INFO] 20/20 source files have been analyzed
[INFO] Java Main Files AST scan (done) | time=2360ms
[INFO] Java Test Files AST scan
[INFO] 13 source files to be analyzed
[INFO] 13/13 source files have been analyzed
[INFO] Java Test Files AST scan (done) | time=973ms
[INFO] Sensor JavaSquidSensor [java] (done) | time=4829ms
[INFO] Sensor JaCoCo XML Report Importer [jacoco]
[INFO] Sensor JaCoCo XML Report Importer [jacoco] (done) | time=5ms
[INFO] Sensor SurefireSensor [java]
[INFO] parsing [/var/jenkins_home/jobs/pipeline-script-from-scm/workspace/target/surefire-reports]
[INFO] Sensor SurefireSensor [java] (done) | time=86ms
[INFO] Sensor JaCoCoSensor [java]
[INFO] Sensor JaCoCoSensor [java] (done) | time=2ms
[INFO] Sensor JavaXmlSensor [java]
[INFO] 1 source files to be analyzed
[INFO] Sensor JavaXmlSensor [java] (done) | time=327ms
[INFO] Sensor HTML [web]
[INFO] 1/1 source files have been analyzed
[INFO] Sensor HTML [web] (done) | time=35ms
[INFO] Sensor XML Sensor [xml]
[INFO] 1 source files to be analyzed
[INFO] 1/1 source files have been analyzed
[INFO] Sensor XML Sensor [xml] (done) | time=319ms
[INFO] ------------- Run sensors on project
[INFO] Sensor Zero Coverage Sensor
[INFO] Sensor Zero Coverage Sensor (done) | time=22ms
[INFO] Sensor Java CPD Block Indexer
[INFO] Sensor Java CPD Block Indexer (done) | time=55ms
[INFO] 16 files had no CPD blocks
[INFO] Calculating CPD for 4 files
[INFO] CPD calculation finished
[INFO] Analysis report generated in 259ms, dir size=136 KB
[INFO] Analysis report compressed in 220ms, zip size=67 KB
[INFO] Analysis report uploaded in 140ms
[INFO] ANALYSIS SUCCESSFUL, you can browse http://172.19.96.1:9004/dashboard?id=ken%3Aberlin-clock
[INFO] Note that you will be able to access the updated dashboard once the server has processed the submitted analysis report
[INFO] More about the report processing at http://172.19.96.1:9004/api/ce/task?id=AW_BbOYTfOcN--xzSUUx
[INFO] Analysis total time: 23.619 s
[INFO] ------------------------------------------------------------------------
[INFO] BUILD SUCCESS
[INFO] ------------------------------------------------------------------------
[INFO] Total time: 43.223 s
[INFO] Finished at: 2020-01-20T05:28:55Z
[INFO] Final Memory: 29M/310M
[INFO] ------------------------------------------------------------------------
[8mha:////4LbR7hlrOfr651HM8q4QcHcSjfkDPVaGwHR7BCNnGfRYAAAApR+LCAAAAAAAAP9tjTEOwjAQBC9BFLSUPMKRSIUQVVorDS8w8WGcWHfGdkgqXsTX+AMWkajYYrWzzbzesI4BThyM6JEGS7GzwrvR5CUmDsPV8SR6voiOKbJD0eLUssZmwZYTwpKihJWEDVLnOFoyCbayVw9VOUWmOqeQv6OE0uo7PKGQ2ZxUSF+YA+xuo45MP89fAczeJyjrOtf+8AFZLxBVvgAAAA==[0m[Pipeline] }
[8mha:////4KvCdu8ZkeBss9H44bVFlRHPwrzvkadB/PEW7ePtUnLlAAAApR+LCAAAAAAAAP9tjTEOwjAQBC9BFLSUPOIiAaJBqWgtN7zAJMY4se6C7eBUvIiv8QcsIlGxxWpnm3m9YRk81OwNdpp6S6GxOLjR5IWJfX91nLDjCzZMgZ1GqZPkVp9mlBw1zClKWAhYaWocB0smwlp06qEqp8hU5+jzdxRQ2vYOTyhENkfl4xcmD5vb2Aamn+evAKZhiFDu9rm2hw9wAqrYvgAAAA==[0m[Pipeline] // parallel
Post stage
[8mha:////4MUzbgp5ZtH73a15W1LBfbnQBxgNHnSNW37O6e7/DZIMAAAApR+LCAAAAAAAAP9tjTEOwjAQBC9BFLSUPOIigVIhqrRWGl5gYmOcWHfGdkgqXsTX+AMWkajYYrWzzbzesI4BThwM9poGS7Gz6N1o8sKJw3B1PGHPF+yYIjuNrZ5aVrpZsOWkYUlRwkrARlPnOFoyCbailw9ZOUmmOqeQv6OA0qo7PKEQ2ZxkSF+YA+xuo4pMP89fAcw+Qbmvcx1q/wH8Y24DvgAAAA==[0m[Pipeline] junit
Recording test results
[8mha:////4ERqwEOpi+e1I1I7A23pPtdB9EpBPGODI8BCJApx5YUzAAAApR+LCAAAAAAAAP9tjTEOwjAQBC9BFLSUPOIigaBBqWgtN7zAJMY4se6C7eBUvIiv8QcsIlGxxWpnm3m9YRk81OwNdpp6S6GxOLjR5IWJfX91nLDjCzZMgZ1GqZPkVp9mlBw1zClKWAhYaWocB0smwlp06qEqp8hU5+jzdxRQ2vYOTyhENkfl4xcmD5vb2Aamn+evAKYhQrnd59odhg8/MEMovgAAAA==[0m[Pipeline] cobertura
[Cobertura] Publishing Cobertura coverage report...

[Cobertura] Publishing Cobertura coverage results...

[Cobertura] Cobertura coverage report found.

ERROR: ERROR: Failure to paint /var/jenkins_home/jobs/pipeline-script-from-scm/workspace/src/main/java/ken/kata/techtest/clock/hours/HoursFactory.java to /var/jenkins_home/jobs/pipeline-script-from-scm/cobertura
java.nio.file.AccessDeniedException: /var/jenkins_home/jobs/pipeline-script-from-scm/cobertura/ken/kata/techtest/clock/hours/HoursFactory.java
	at sun.nio.fs.UnixException.translateToIOException(UnixException.java:84)
	at sun.nio.fs.UnixException.rethrowAsIOException(UnixException.java:102)
	at sun.nio.fs.UnixException.rethrowAsIOException(UnixException.java:107)
	at sun.nio.fs.UnixFileSystemProvider.newByteChannel(UnixFileSystemProvider.java:214)
	at java.nio.file.spi.FileSystemProvider.newOutputStream(FileSystemProvider.java:434)
	at java.nio.file.Files.newOutputStream(Files.java:216)
	at hudson.FilePath.write(FilePath.java:2063)
	at hudson.plugins.cobertura.renderers.SourceCodePainter.paintSourceCode(SourceCodePainter.java:64)
	at hudson.plugins.cobertura.renderers.SourceCodePainter.invoke(SourceCodePainter.java:137)
	at hudson.plugins.cobertura.renderers.SourceCodePainter.invoke(SourceCodePainter.java:31)
	at hudson.FilePath.act(FilePath.java:1075)
	at hudson.FilePath.act(FilePath.java:1058)
	at hudson.plugins.cobertura.CoberturaPublisher.perform(CoberturaPublisher.java:620)
	at org.jenkinsci.plugins.workflow.steps.CoreStep$Execution.run(CoreStep.java:80)
	at org.jenkinsci.plugins.workflow.steps.CoreStep$Execution.run(CoreStep.java:67)
	at org.jenkinsci.plugins.workflow.steps.SynchronousNonBlockingStepExecution.lambda$start$0(SynchronousNonBlockingStepExecution.java:47)
	at java.util.concurrent.Executors$RunnableAdapter.call(Executors.java:511)
	at java.util.concurrent.FutureTask.run(FutureTask.java:266)
	at java.util.concurrent.ThreadPoolExecutor.runWorker(ThreadPoolExecutor.java:1149)
	at java.util.concurrent.ThreadPoolExecutor$Worker.run(ThreadPoolExecutor.java:624)
	at java.lang.Thread.run(Thread.java:748)
ERROR: ERROR: Failure to paint /var/jenkins_home/jobs/pipeline-script-from-scm/workspace/src/main/java/ken/kata/techtest/clock/AbstractTimeUnit.java to /var/jenkins_home/jobs/pipeline-script-from-scm/cobertura
java.nio.file.AccessDeniedException: /var/jenkins_home/jobs/pipeline-script-from-scm/cobertura/ken/kata/techtest/clock/AbstractTimeUnit.java
	at sun.nio.fs.UnixException.translateToIOException(UnixException.java:84)
	at sun.nio.fs.UnixException.rethrowAsIOException(UnixException.java:102)
	at sun.nio.fs.UnixException.rethrowAsIOException(UnixException.java:107)
	at sun.nio.fs.UnixFileSystemProvider.newByteChannel(UnixFileSystemProvider.java:214)
	at java.nio.file.spi.FileSystemProvider.newOutputStream(FileSystemProvider.java:434)
	at java.nio.file.Files.newOutputStream(Files.java:216)
	at hudson.FilePath.write(FilePath.java:2063)
	at hudson.plugins.cobertura.renderers.SourceCodePainter.paintSourceCode(SourceCodePainter.java:64)
	at hudson.plugins.cobertura.renderers.SourceCodePainter.invoke(SourceCodePainter.java:137)
	at hudson.plugins.cobertura.renderers.SourceCodePainter.invoke(SourceCodePainter.java:31)
	at hudson.FilePath.act(FilePath.java:1075)
	at hudson.FilePath.act(FilePath.java:1058)
	at hudson.plugins.cobertura.CoberturaPublisher.perform(CoberturaPublisher.java:620)
	at org.jenkinsci.plugins.workflow.steps.CoreStep$Execution.run(CoreStep.java:80)
	at org.jenkinsci.plugins.workflow.steps.CoreStep$Execution.run(CoreStep.java:67)
	at org.jenkinsci.plugins.workflow.steps.SynchronousNonBlockingStepExecution.lambda$start$0(SynchronousNonBlockingStepExecution.java:47)
	at java.util.concurrent.Executors$RunnableAdapter.call(Executors.java:511)
	at java.util.concurrent.FutureTask.run(FutureTask.java:266)
	at java.util.concurrent.ThreadPoolExecutor.runWorker(ThreadPoolExecutor.java:1149)
	at java.util.concurrent.ThreadPoolExecutor$Worker.run(ThreadPoolExecutor.java:624)
	at java.lang.Thread.run(Thread.java:748)
ERROR: ERROR: Failure to paint /var/jenkins_home/jobs/pipeline-script-from-scm/workspace/src/main/java/ken/kata/techtest/Time.java to /var/jenkins_home/jobs/pipeline-script-from-scm/cobertura
java.nio.file.AccessDeniedException: /var/jenkins_home/jobs/pipeline-script-from-scm/cobertura/ken/kata/techtest/Time.java
	at sun.nio.fs.UnixException.translateToIOException(UnixException.java:84)
	at sun.nio.fs.UnixException.rethrowAsIOException(UnixException.java:102)
	at sun.nio.fs.UnixException.rethrowAsIOException(UnixException.java:107)
	at sun.nio.fs.UnixFileSystemProvider.newByteChannel(UnixFileSystemProvider.java:214)
	at java.nio.file.spi.FileSystemProvider.newOutputStream(FileSystemProvider.java:434)
	at java.nio.file.Files.newOutputStream(Files.java:216)
	at hudson.FilePath.write(FilePath.java:2063)
	at hudson.plugins.cobertura.renderers.SourceCodePainter.paintSourceCode(SourceCodePainter.java:64)
	at hudson.plugins.cobertura.renderers.SourceCodePainter.invoke(SourceCodePainter.java:137)
	at hudson.plugins.cobertura.renderers.SourceCodePainter.invoke(SourceCodePainter.java:31)
	at hudson.FilePath.act(FilePath.java:1075)
	at hudson.FilePath.act(FilePath.java:1058)
	at hudson.plugins.cobertura.CoberturaPublisher.perform(CoberturaPublisher.java:620)
	at org.jenkinsci.plugins.workflow.steps.CoreStep$Execution.run(CoreStep.java:80)
	at org.jenkinsci.plugins.workflow.steps.CoreStep$Execution.run(CoreStep.java:67)
	at org.jenkinsci.plugins.workflow.steps.SynchronousNonBlockingStepExecution.lambda$start$0(SynchronousNonBlockingStepExecution.java:47)
	at java.util.concurrent.Executors$RunnableAdapter.call(Executors.java:511)
	at java.util.concurrent.FutureTask.run(FutureTask.java:266)
	at java.util.concurrent.ThreadPoolExecutor.runWorker(ThreadPoolExecutor.java:1149)
	at java.util.concurrent.ThreadPoolExecutor$Worker.run(ThreadPoolExecutor.java:624)
	at java.lang.Thread.run(Thread.java:748)
ERROR: ERROR: Failure to paint /var/jenkins_home/jobs/pipeline-script-from-scm/workspace/src/main/java/ken/kata/techtest/clock/hours/Hours.java to /var/jenkins_home/jobs/pipeline-script-from-scm/cobertura
java.nio.file.AccessDeniedException: /var/jenkins_home/jobs/pipeline-script-from-scm/cobertura/ken/kata/techtest/clock/hours/Hours.java
	at sun.nio.fs.UnixException.translateToIOException(UnixException.java:84)
	at sun.nio.fs.UnixException.rethrowAsIOException(UnixException.java:102)
	at sun.nio.fs.UnixException.rethrowAsIOException(UnixException.java:107)
	at sun.nio.fs.UnixFileSystemProvider.newByteChannel(UnixFileSystemProvider.java:214)
	at java.nio.file.spi.FileSystemProvider.newOutputStream(FileSystemProvider.java:434)
	at java.nio.file.Files.newOutputStream(Files.java:216)
	at hudson.FilePath.write(FilePath.java:2063)
	at hudson.plugins.cobertura.renderers.SourceCodePainter.paintSourceCode(SourceCodePainter.java:64)
	at hudson.plugins.cobertura.renderers.SourceCodePainter.invoke(SourceCodePainter.java:137)
	at hudson.plugins.cobertura.renderers.SourceCodePainter.invoke(SourceCodePainter.java:31)
	at hudson.FilePath.act(FilePath.java:1075)
	at hudson.FilePath.act(FilePath.java:1058)
	at hudson.plugins.cobertura.CoberturaPublisher.perform(CoberturaPublisher.java:620)
	at org.jenkinsci.plugins.workflow.steps.CoreStep$Execution.run(CoreStep.java:80)
	at org.jenkinsci.plugins.workflow.steps.CoreStep$Execution.run(CoreStep.java:67)
	at org.jenkinsci.plugins.workflow.steps.SynchronousNonBlockingStepExecution.lambda$start$0(SynchronousNonBlockingStepExecution.java:47)
	at java.util.concurrent.Executors$RunnableAdapter.call(Executors.java:511)
	at java.util.concurrent.FutureTask.run(FutureTask.java:266)
	at java.util.concurrent.ThreadPoolExecutor.runWorker(ThreadPoolExecutor.java:1149)
	at java.util.concurrent.ThreadPoolExecutor$Worker.run(ThreadPoolExecutor.java:624)
	at java.lang.Thread.run(Thread.java:748)
ERROR: ERROR: Failure to paint /var/jenkins_home/jobs/pipeline-script-from-scm/workspace/src/main/java/ken/kata/techtest/clock/seconds/SecondsFactory.java to /var/jenkins_home/jobs/pipeline-script-from-scm/cobertura
java.nio.file.AccessDeniedException: /var/jenkins_home/jobs/pipeline-script-from-scm/cobertura/ken/kata/techtest/clock/seconds/SecondsFactory.java
	at sun.nio.fs.UnixException.translateToIOException(UnixException.java:84)
	at sun.nio.fs.UnixException.rethrowAsIOException(UnixException.java:102)
	at sun.nio.fs.UnixException.rethrowAsIOException(UnixException.java:107)
	at sun.nio.fs.UnixFileSystemProvider.newByteChannel(UnixFileSystemProvider.java:214)
	at java.nio.file.spi.FileSystemProvider.newOutputStream(FileSystemProvider.java:434)
	at java.nio.file.Files.newOutputStream(Files.java:216)
	at hudson.FilePath.write(FilePath.java:2063)
	at hudson.plugins.cobertura.renderers.SourceCodePainter.paintSourceCode(SourceCodePainter.java:64)
	at hudson.plugins.cobertura.renderers.SourceCodePainter.invoke(SourceCodePainter.java:137)
	at hudson.plugins.cobertura.renderers.SourceCodePainter.invoke(SourceCodePainter.java:31)
	at hudson.FilePath.act(FilePath.java:1075)
	at hudson.FilePath.act(FilePath.java:1058)
	at hudson.plugins.cobertura.CoberturaPublisher.perform(CoberturaPublisher.java:620)
	at org.jenkinsci.plugins.workflow.steps.CoreStep$Execution.run(CoreStep.java:80)
	at org.jenkinsci.plugins.workflow.steps.CoreStep$Execution.run(CoreStep.java:67)
	at org.jenkinsci.plugins.workflow.steps.SynchronousNonBlockingStepExecution.lambda$start$0(SynchronousNonBlockingStepExecution.java:47)
	at java.util.concurrent.Executors$RunnableAdapter.call(Executors.java:511)
	at java.util.concurrent.FutureTask.run(FutureTask.java:266)
	at java.util.concurrent.ThreadPoolExecutor.runWorker(ThreadPoolExecutor.java:1149)
	at java.util.concurrent.ThreadPoolExecutor$Worker.run(ThreadPoolExecutor.java:624)
	at java.lang.Thread.run(Thread.java:748)
ERROR: ERROR: Failure to paint /var/jenkins_home/jobs/pipeline-script-from-scm/workspace/src/main/java/ken/kata/techtest/parser/BerlinClockParser.java to /var/jenkins_home/jobs/pipeline-script-from-scm/cobertura
java.nio.file.AccessDeniedException: /var/jenkins_home/jobs/pipeline-script-from-scm/cobertura/ken/kata/techtest/parser/BerlinClockParser.java
	at sun.nio.fs.UnixException.translateToIOException(UnixException.java:84)
	at sun.nio.fs.UnixException.rethrowAsIOException(UnixException.java:102)
	at sun.nio.fs.UnixException.rethrowAsIOException(UnixException.java:107)
	at sun.nio.fs.UnixFileSystemProvider.newByteChannel(UnixFileSystemProvider.java:214)
	at java.nio.file.spi.FileSystemProvider.newOutputStream(FileSystemProvider.java:434)
	at java.nio.file.Files.newOutputStream(Files.java:216)
	at hudson.FilePath.write(FilePath.java:2063)
	at hudson.plugins.cobertura.renderers.SourceCodePainter.paintSourceCode(SourceCodePainter.java:64)
	at hudson.plugins.cobertura.renderers.SourceCodePainter.invoke(SourceCodePainter.java:137)
	at hudson.plugins.cobertura.renderers.SourceCodePainter.invoke(SourceCodePainter.java:31)
	at hudson.FilePath.act(FilePath.java:1075)
	at hudson.FilePath.act(FilePath.java:1058)
	at hudson.plugins.cobertura.CoberturaPublisher.perform(CoberturaPublisher.java:620)
	at org.jenkinsci.plugins.workflow.steps.CoreStep$Execution.run(CoreStep.java:80)
	at org.jenkinsci.plugins.workflow.steps.CoreStep$Execution.run(CoreStep.java:67)
	at org.jenkinsci.plugins.workflow.steps.SynchronousNonBlockingStepExecution.lambda$start$0(SynchronousNonBlockingStepExecution.java:47)
	at java.util.concurrent.Executors$RunnableAdapter.call(Executors.java:511)
	at java.util.concurrent.FutureTask.run(FutureTask.java:266)
	at java.util.concurrent.ThreadPoolExecutor.runWorker(ThreadPoolExecutor.java:1149)
	at java.util.concurrent.ThreadPoolExecutor$Worker.run(ThreadPoolExecutor.java:624)
	at java.lang.Thread.run(Thread.java:748)
ERROR: ERROR: Failure to paint /var/jenkins_home/jobs/pipeline-script-from-scm/workspace/src/main/java/ken/kata/techtest/view/Lamp.java to /var/jenkins_home/jobs/pipeline-script-from-scm/cobertura
java.nio.file.AccessDeniedException: /var/jenkins_home/jobs/pipeline-script-from-scm/cobertura/ken/kata/techtest/view/Lamp.java
	at sun.nio.fs.UnixException.translateToIOException(UnixException.java:84)
	at sun.nio.fs.UnixException.rethrowAsIOException(UnixException.java:102)
	at sun.nio.fs.UnixException.rethrowAsIOException(UnixException.java:107)
	at sun.nio.fs.UnixFileSystemProvider.newByteChannel(UnixFileSystemProvider.java:214)
	at java.nio.file.spi.FileSystemProvider.newOutputStream(FileSystemProvider.java:434)
	at java.nio.file.Files.newOutputStream(Files.java:216)
	at hudson.FilePath.write(FilePath.java:2063)
	at hudson.plugins.cobertura.renderers.SourceCodePainter.paintSourceCode(SourceCodePainter.java:64)
	at hudson.plugins.cobertura.renderers.SourceCodePainter.invoke(SourceCodePainter.java:137)
	at hudson.plugins.cobertura.renderers.SourceCodePainter.invoke(SourceCodePainter.java:31)
	at hudson.FilePath.act(FilePath.java:1075)
	at hudson.FilePath.act(FilePath.java:1058)
	at hudson.plugins.cobertura.CoberturaPublisher.perform(CoberturaPublisher.java:620)
	at org.jenkinsci.plugins.workflow.steps.CoreStep$Execution.run(CoreStep.java:80)
	at org.jenkinsci.plugins.workflow.steps.CoreStep$Execution.run(CoreStep.java:67)
	at org.jenkinsci.plugins.workflow.steps.SynchronousNonBlockingStepExecution.lambda$start$0(SynchronousNonBlockingStepExecution.java:47)
	at java.util.concurrent.Executors$RunnableAdapter.call(Executors.java:511)
	at java.util.concurrent.FutureTask.run(FutureTask.java:266)
	at java.util.concurrent.ThreadPoolExecutor.runWorker(ThreadPoolExecutor.java:1149)
	at java.util.concurrent.ThreadPoolExecutor$Worker.run(ThreadPoolExecutor.java:624)
	at java.lang.Thread.run(Thread.java:748)
ERROR: ERROR: Failure to paint /var/jenkins_home/jobs/pipeline-script-from-scm/workspace/src/main/java/ken/kata/techtest/BerlinClockImpl.java to /var/jenkins_home/jobs/pipeline-script-from-scm/cobertura
java.nio.file.AccessDeniedException: /var/jenkins_home/jobs/pipeline-script-from-scm/cobertura/ken/kata/techtest/BerlinClockImpl.java
	at sun.nio.fs.UnixException.translateToIOException(UnixException.java:84)
	at sun.nio.fs.UnixException.rethrowAsIOException(UnixException.java:102)
	at sun.nio.fs.UnixException.rethrowAsIOException(UnixException.java:107)
	at sun.nio.fs.UnixFileSystemProvider.newByteChannel(UnixFileSystemProvider.java:214)
	at java.nio.file.spi.FileSystemProvider.newOutputStream(FileSystemProvider.java:434)
	at java.nio.file.Files.newOutputStream(Files.java:216)
	at hudson.FilePath.write(FilePath.java:2063)
	at hudson.plugins.cobertura.renderers.SourceCodePainter.paintSourceCode(SourceCodePainter.java:64)
	at hudson.plugins.cobertura.renderers.SourceCodePainter.invoke(SourceCodePainter.java:137)
	at hudson.plugins.cobertura.renderers.SourceCodePainter.invoke(SourceCodePainter.java:31)
	at hudson.FilePath.act(FilePath.java:1075)
	at hudson.FilePath.act(FilePath.java:1058)
	at hudson.plugins.cobertura.CoberturaPublisher.perform(CoberturaPublisher.java:620)
	at org.jenkinsci.plugins.workflow.steps.CoreStep$Execution.run(CoreStep.java:80)
	at org.jenkinsci.plugins.workflow.steps.CoreStep$Execution.run(CoreStep.java:67)
	at org.jenkinsci.plugins.workflow.steps.SynchronousNonBlockingStepExecution.lambda$start$0(SynchronousNonBlockingStepExecution.java:47)
	at java.util.concurrent.Executors$RunnableAdapter.call(Executors.java:511)
	at java.util.concurrent.FutureTask.run(FutureTask.java:266)
	at java.util.concurrent.ThreadPoolExecutor.runWorker(ThreadPoolExecutor.java:1149)
	at java.util.concurrent.ThreadPoolExecutor$Worker.run(ThreadPoolExecutor.java:624)
	at java.lang.Thread.run(Thread.java:748)
ERROR: ERROR: Failure to paint /var/jenkins_home/jobs/pipeline-script-from-scm/workspace/src/main/java/ken/kata/techtest/clock/seconds/Seconds.java to /var/jenkins_home/jobs/pipeline-script-from-scm/cobertura
java.nio.file.AccessDeniedException: /var/jenkins_home/jobs/pipeline-script-from-scm/cobertura/ken/kata/techtest/clock/seconds/Seconds.java
	at sun.nio.fs.UnixException.translateToIOException(UnixException.java:84)
	at sun.nio.fs.UnixException.rethrowAsIOException(UnixException.java:102)
	at sun.nio.fs.UnixException.rethrowAsIOException(UnixException.java:107)
	at sun.nio.fs.UnixFileSystemProvider.newByteChannel(UnixFileSystemProvider.java:214)
	at java.nio.file.spi.FileSystemProvider.newOutputStream(FileSystemProvider.java:434)
	at java.nio.file.Files.newOutputStream(Files.java:216)
	at hudson.FilePath.write(FilePath.java:2063)
	at hudson.plugins.cobertura.renderers.SourceCodePainter.paintSourceCode(SourceCodePainter.java:64)
	at hudson.plugins.cobertura.renderers.SourceCodePainter.invoke(SourceCodePainter.java:137)
	at hudson.plugins.cobertura.renderers.SourceCodePainter.invoke(SourceCodePainter.java:31)
	at hudson.FilePath.act(FilePath.java:1075)
	at hudson.FilePath.act(FilePath.java:1058)
	at hudson.plugins.cobertura.CoberturaPublisher.perform(CoberturaPublisher.java:620)
	at org.jenkinsci.plugins.workflow.steps.CoreStep$Execution.run(CoreStep.java:80)
	at org.jenkinsci.plugins.workflow.steps.CoreStep$Execution.run(CoreStep.java:67)
	at org.jenkinsci.plugins.workflow.steps.SynchronousNonBlockingStepExecution.lambda$start$0(SynchronousNonBlockingStepExecution.java:47)
	at java.util.concurrent.Executors$RunnableAdapter.call(Executors.java:511)
	at java.util.concurrent.FutureTask.run(FutureTask.java:266)
	at java.util.concurrent.ThreadPoolExecutor.runWorker(ThreadPoolExecutor.java:1149)
	at java.util.concurrent.ThreadPoolExecutor$Worker.run(ThreadPoolExecutor.java:624)
	at java.lang.Thread.run(Thread.java:748)
[8mha:////4AiiNhV0blF0bMP3Hk/ehi4UWVTvl7GRP70hQqUjHtbhAAAAph+LCAAAAAAAAP9tjTEOwjAQBC9BFLSUPOIigRAFSkVrueEFJjHGiXUXbAen4kV8jT9gEYmKLVY728zrDcvgoWZvsNPUWwqNxcGNJi9M7Pur44QdX7BhCuw0Sp0kt/o0o+SoYU5RwkLASlPjOFgyEdaiUw9VOUWmOkefv6OA0rZ3eEIhsjkqH78wedjcxjYw/Tx/BTANQ4Ryd8i13X8AZCE3x74AAAA=[0m[Pipeline] }
[8mha:////4AAv3RdXXYf2msmT12su/bCYfRcdDFYcZ6rTj7ykSI5pAAAAph+LCAAAAAAAAP9tjTEOwjAQBC9BFLSUPOIiAQUSSkVrueEFJjHGiXUXbAen4kV8jT9gEYmKLVY728zrDcvgoWZvsNPUWwqNxcGNJi9M7Pur44QdX7BhCuw0Sp0kt/o0o+SoYU5RwkLASlPjOFgyEdaiUw9VOUWmOkefv6OA0rZ3eEIhsjkqH78wedjcxjYw/Tx/BTANQ4Ryd8i13X8AJ6NmQb4AAAA=[0m[Pipeline] // withEnv
[8mha:////4AdkElOBA8iqGzAIGZVb/1K/T99UEohk9Dc2tcXtolD1AAAApR+LCAAAAAAAAP9tjTEOwjAQBC9BFLSUPOIioEIoFa3lhheYxBgn1l2wHZyKF/E1/oBFJCq2WO1sM683LIOHmr3BTlNvKTQWBzeavDCx76+OE3Z8wYYpsNModZLc6tOMkqOGOUUJCwErTY3jYMlEWItOPVTlFJnqHH3+jgJK297hCYXI5qh8/MLkYXMb28D08/wVwDQMEcr9Iddu+wENhFD6vgAAAA==[0m[Pipeline] }
[8mha:////4D5smedLwfoXLkhjF3xzTBpYlYrPcDzLYuylhdm6ZM3ZAAAApB+LCAAAAAAAAP9tjTEOwjAQBC9BFLSUPOISITpEldZKwwtMbIwT687YDknFi/gaf8AiEhVbrHa2mdcb1jHAiYPBXtNgKXYWvRtNXjhxGK6OJ+z5gh1TZKex1VPLSjcLtpw0LClKWAnYaOocR0smwVb08iErJ8lU5xTydxRQWnWHJxQim5MM6QtzgN1tVJHp5/krgNn7BOWhzrWvP93b/2++AAAA[0m[Pipeline] // stage
[8mha:////4MbsGYTIgPcdlHAoe7GnSjbr7eZk3f/klnZ4C2C38GvQAAAAqB+LCAAAAAAAAP9tjTEOwjAUQ3+LOrAycohUlVgQYuoadeEEoQkhafR/SVLSiRNxNe5AoBITHizbkvWeL6iChyN5zazCwWDoDRvdpHNiifxwcZSYpTPrCQM5xTqVOpKqXWpHUcGiooQVh7XC3lEwqCNsuBV3UTuBuj5Fn7cDh9LIGzyg4JkchY/fMnvYXicZCH+cvwCYxwhls8+2az7P6g0jsMX1wgAAAA==[0m[Pipeline] stage
[8mha:////4LsgAkyGLvWhJaBV5jgLZ2B8QdIUfJvEUHd+SeEUkeWEAAAApx+LCAAAAAAAAP9tjTEOwjAUQ3+LOrAycohUIDbE1DXKwglCE0La6P/yk9JOnIircQdaKjHhwbItWe/1hiIynIidaCy2HmPtRRd6NyUxELfXQINo6CJqwkjBCmUHRcZWS1WULCzKclhJWFusA0WPLsFGNvqhy6DRlefE03aUkHtzhydkciInzelbRobtrTeR8Mf5C4CxS5AfdrPt52fxAdhUMVHCAAAA[0m[Pipeline] { (deploy)
[8mha:////4KSjQMOQCBmMGnk9Rhmbp6OVjReNn+dB6CGF3TuocJ5XAAAApB+LCAAAAAAAAP9tjTEOwjAQBC9BFLSUPOIiAR2iSmu54QUmNsaJdWdsh6TiRXyNPxCIRMUWq51t5vmCZYpw5GixNdQ5So3D4Hs7LRw4dhfPA7Z8xoYpsTcozSBZm3pGydnAnKKEhYCVocZzcmQzrEWr7qryimx1ynH6DgJKp2/wgEJM5qxi/sIYYXPtdWL6ef4KYAwZyv32U7vwBvbls1O+AAAA[0m[Pipeline] tool
[8mha:////4LV83+ZESqD7OmEc1WpNRcE0AW8Btvyx2BL8ovFWHXM+AAAApB+LCAAAAAAAAP9tjTEOwjAQBC9BFLSUPOIioXSIitZKwwtMYowd686xHZyKF/E1/kAgEhVbrHa2mecL1jHAkYNGq6g3FFuD3o16Xpg59FfHGS1fsGWK7BQ2KjfcqdOCDScFS4oSVgI2ilrH0ZBOsBVW3mXlJOnqnML8HQSUphvgAYWYzUmG9IUpwO42dpHp5/krgMknKOv9p2r/BjFz8hy+AAAA[0m[Pipeline] envVarsForTool
[8mha:////4E+N8IOJwt/Pt460wc0obIo4awadC3khCewk4D/Bm9CKAAAApx+LCAAAAAAAAP9tjTEOwjAUQ3+LOrAycohUQjAhpq5RFk4QmhDSRv+Xn5R24kRcjTvQUokJD5ZtyXqvNxSR4UTsRGOx9RhrL7rQuymJgbi9BhpEQxdRE0YKVig7KDK2WqqiZGFRlsNKwtpiHSh6dAk2stEPXQaNrjwnnrajhNybOzwhkxM5aU7fMjJsb72JhD/OXwCMXYJ8v5vtMD+LD2EC1tXCAAAA[0m[Pipeline] withEnv
[8mha:////4GhtdEQEByNTeginNPzR64IAymlEarfY3dSoAuSI4M9fAAAApx+LCAAAAAAAAP9tjTEOwjAUQ3+LOrAycoh0ARbE1DXKwglCE0La6P/yk9JOnIircQdaKjHhwbItWe/1hiIynIidaCy2HmPtRRd6NyUxELfXQINo6CJqwkjBCmUHRcZWS1WULCzKclhJWFusA0WPLsFGNvqhy6DRlefE03aUkHtzhydkciInzelbRobtrTeR8Mf5C4CxS5Dv9rMd5mfxAUxleXrCAAAA[0m[Pipeline] {
[8mha:////4GljwtlNI290mqfUpHSUTlOQv5k5KF3++QaiIpIkZnyGAAAApx+LCAAAAAAAAP9tjTEOwjAUQ3+LOrAycoh0QTAgpq5RFk4QmhDSRv+Xn5R24kRcjTvQUokJD5ZtyXqvNxSR4UTsRGOx9RhrL7rQuymJgbi9BhpEQxdRE0YKVig7KDK2WqqiZGFRlsNKwtpiHSh6dAk2stEPXQaNrjwnnrajhNybOzwhkxM5aU7fMjJsb72JhD/OXwCMXYJ8t5/tMD+LD+jQxyjCAAAA[0m[Pipeline] configFileProvider
provisioning config files...
Could not find credentials [artifactoryCredentials] for pipeline-script-from-scm #30
copy managed file [myMavenConfig for jenkins automation example] to file:/var/jenkins_home/jobs/pipeline-script-from-scm/workspace@tmp/config3336215981005072244tmp
[8mha:////4HCqBRaiOeAETY2KFJLPWcfvQ2wkT7+5dZtXvXSE43YUAAAAqB+LCAAAAAAAAP9tjTEOwjAUQ3+LOrAycoh0QQIJMXWNsnCC0ISQNvq//KS0EyfiatyBlkpMeLBsS9Z7vaGIDCdiJxqLrcdYe9GF3k1JDMTtNdAgGrqImjBSsELZQZGx1VIVJQuLshxWEtYW60DRo0uwkY1+6DJodOU58bQdJeTe3OEJmZzISXP6lpFhe+tNJPxx/gJg7BLku/1sh/lZfAD9vR8YwgAAAA==[0m[Pipeline] {
[8mha:////4A3gLSchjDs10sglR3aC2uF//QcJGQwMJTeSSTKqdlzoAAAApB+LCAAAAAAAAP9tjTEOwjAQBC9BFLSUPOLSUIAQVVrLDS8wsTFOrDtjOyQVL+Jr/IFAJCq2WO1sM88XLFOEI0eLraHOUWocBt/baeHAsbt4HrDlMzZMib1BaQbJ2tQzSs4G5hQlLASsDDWekyObYS1adVeVV2SrU47TdxBQOn2DBxRiMmcV8xfGCJtrrxPTz/NXAGPIUG53n9qHNzJSLA2+AAAA[0m[Pipeline] sh
+ mvn -s /var/jenkins_home/jobs/pipeline-script-from-scm/workspace@tmp/config3336215981005072244tmp deploy -DskipTests -Dartifactory_url=http://172.19.96.1:8081/artifactory/example-repo-local
[INFO] Scanning for projects...
[INFO] 
[INFO] ------------------------------------------------------------------------
[INFO] Building berlin-clock 1.1-SNAPSHOT
[INFO] ------------------------------------------------------------------------
[INFO] 
[INFO] --- maven-resources-plugin:2.6:resources (default-resources) @ berlin-clock ---
[INFO] Using 'UTF-8' encoding to copy filtered resources.
[INFO] skip non existing resourceDirectory /var/jenkins_home/jobs/pipeline-script-from-scm/workspace/src/main/resources
[INFO] 
[INFO] --- maven-compiler-plugin:3.1:compile (default-compile) @ berlin-clock ---
[INFO] Nothing to compile - all classes are up to date
[INFO] 
[INFO] --- maven-resources-plugin:2.6:testResources (default-testResources) @ berlin-clock ---
[INFO] Using 'UTF-8' encoding to copy filtered resources.
[INFO] skip non existing resourceDirectory /var/jenkins_home/jobs/pipeline-script-from-scm/workspace/src/test/resources
[INFO] 
[INFO] --- maven-compiler-plugin:3.1:testCompile (default-testCompile) @ berlin-clock ---
[INFO] Nothing to compile - all classes are up to date
[INFO] 
[INFO] --- maven-surefire-plugin:2.12.4:test (default-test) @ berlin-clock ---
[INFO] Tests are skipped.
[INFO] 
[INFO] --- maven-jar-plugin:2.4:jar (default-jar) @ berlin-clock ---
[INFO] Building jar: /var/jenkins_home/jobs/pipeline-script-from-scm/workspace/target/berlin-clock-1.1-SNAPSHOT.jar
[INFO] 
[INFO] --- maven-install-plugin:2.4:install (default-install) @ berlin-clock ---
[INFO] Installing /var/jenkins_home/jobs/pipeline-script-from-scm/workspace/target/berlin-clock-1.1-SNAPSHOT.jar to /var/jenkins_home/.m2/repository/ken/berlin-clock/1.1-SNAPSHOT/berlin-clock-1.1-SNAPSHOT.jar
[INFO] Installing /var/jenkins_home/jobs/pipeline-script-from-scm/workspace/pom.xml to /var/jenkins_home/.m2/repository/ken/berlin-clock/1.1-SNAPSHOT/berlin-clock-1.1-SNAPSHOT.pom
[INFO] 
[INFO] --- maven-deploy-plugin:2.7:deploy (default-deploy) @ berlin-clock ---
Downloading: http://172.19.96.1:8081/artifactory/example-repo-local/ken/berlin-clock/1.1-SNAPSHOT/maven-metadata.xml
[WARNING] Could not transfer metadata ken:berlin-clock:1.1-SNAPSHOT/maven-metadata.xml from/to artifactory (http://172.19.96.1:8081/artifactory/example-repo-local): Not authorized , ReasonPhrase:Unauthorized.
[INFO] ------------------------------------------------------------------------
[INFO] BUILD FAILURE
[INFO] ------------------------------------------------------------------------
[INFO] Total time: 5.324 s
[INFO] Finished at: 2020-01-20T05:29:06Z
[INFO] Final Memory: 13M/139M
[INFO] ------------------------------------------------------------------------
[ERROR] Failed to execute goal org.apache.maven.plugins:maven-deploy-plugin:2.7:deploy (default-deploy) on project berlin-clock: Failed to retrieve remote metadata ken:berlin-clock:1.1-SNAPSHOT/maven-metadata.xml: Could not transfer metadata ken:berlin-clock:1.1-SNAPSHOT/maven-metadata.xml from/to artifactory (http://172.19.96.1:8081/artifactory/example-repo-local): Not authorized , ReasonPhrase:Unauthorized. -> [Help 1]
[ERROR] 
[ERROR] To see the full stack trace of the errors, re-run Maven with the -e switch.
[ERROR] Re-run Maven using the -X switch to enable full debug logging.
[ERROR] 
[ERROR] For more information about the errors and possible solutions, please read the following articles:
[ERROR] [Help 1] http://cwiki.apache.org/confluence/display/MAVEN/MojoExecutionException
[8mha:////4EXUhTi3Vau7OQSpj5jlisXAQqRXfKHK0f14iZN2s8SVAAAAph+LCAAAAAAAAP9tjTEOwjAQBC9BFLSUPOJCARISSkVrueEFJjHGiXUXbAen4kV8jT9gEYmKLVY728zrDcvgoWZvsNPUWwqNxcGNJi9M7Pur44QdX7BhCuw0Sp0kt/o0o+SoYU5RwkLASlPjOFgyEdaiUw9VOUWmOkefv6OA0rZ3eEIhsjkqH78wedjcxjYw/Tx/BTANQ4Ryv821O3wA3f8Jkb4AAAA=[0m[Pipeline] }
Deleting 1 temporary files
[8mha:////4FEz3hTzWO1VEbSE+GGS1ppBAup2UnJhOFLz0RgcGTyDAAAAph+LCAAAAAAAAP9tjTEOwjAQBC9BFLSUPOIiJBAFSkVrueEFJjHGiXUXbAen4kV8jT9gEYmKLVY728zrDcvgoWZvsNPUWwqNxcGNJi9M7Pur44QdX7BhCuw0Sp0kt/o0o+SoYU5RwkLASlPjOFgyEdaiUw9VOUWmOkefv6OA0rZ3eEIhsjkqH78wedjcxjYw/Tx/BTANQ4Ryv821O3wA6THqyr4AAAA=[0m[Pipeline] // configFileProvider
[8mha:////4De0quKJqZtDQlB/njkyCRQAVxA28IVpXbQ5Nqp87f6PAAAApR+LCAAAAAAAAP9tjTEOwjAQBC9BFLSUPOIiIaBBqWgtN7zAJMY4se6C7eBUvIiv8QcsIlGxxWpnm3m9YRk81OwNdpp6S6GxOLjR5IWJfX91nLDjCzZMgZ1GqZPkVp9mlBw1zClKWAhYaWocB0smwlp06qEqp8hU5+jzdxRQ2vYOTyhENkfl4xcmD5vb2Aamn+evAKZhiFDut7l2hw/Rc3k7vgAAAA==[0m[Pipeline] }
[8mha:////4BtFUIz5RqbeXJ7q0OAeSinDs425NPXZU4t0QvIctM83AAAApB+LCAAAAAAAAP9tjTEOwjAQBC9BFLSUPOJSQCpEldZKwwtMbIwT687YDknFi/gaf8AiEhVbrHa2mdcb1jHAiYPBXtNgKXYWvRtNXjhxGK6OJ+z5gh1TZKex1VPLSjcLtpw0LClKWAnYaOocR0smwVb08iErJ8lU5xTydxRQWnWHJxQim5MM6QtzgN1tVJHp5/krgNn7BGW9z3WoP87xLGm+AAAA[0m[Pipeline] // withEnv
[8mha:////4Ebz+LXAwzaQMjrfaWnbCgvX55uwhtysXah2zB951+JFAAAApR+LCAAAAAAAAP9tjTEOwjAQBC9BFLSUPMKRUKgQVVorDS8w8WGcWHfGdkgqXsTX+AMWkajYYrWzzbzesI4BThyM6JEGS7GzwrvR5CUmDsPV8SR6voiOKbJD0eLUssZmwZYTwpKihJWEDVLnOFoyCbayVw9VOUWmOqeQv6OE0uo7PKGQ2ZxUSF+YA+xuo45MP89fAczeJygPda56/wHVVE3qvgAAAA==[0m[Pipeline] }
[8mha:////4LTSpcyIkqFMiiwPBsOCSZfNvkM/vzgckXmFzapDYc1hAAAApR+LCAAAAAAAAP9tjTEOwjAQBC9BFLSUPOIiJFIhqrRWGl5gYmOcWHfGdkgqXsTX+AMWkajYYrWzzbzesI4BThwM9poGS7Gz6N1o8sKJw3B1PGHPF+yYIjuNrZ5aVrpZsOWkYUlRwkrARlPnOFoyCbailw9ZOUmmOqeQv6OA0qo7PKEQ2ZxkSF+YA+xuo4pMP89fAczeJyjrOtdh/wHK1hi4vgAAAA==[0m[Pipeline] // stage
[8mha:////4Ip7XLb/VwixSnaBcv7OyKqUXIzfZun0hcxlO7RPOdTqAAAAph+LCAAAAAAAAP9tjTEOwjAQBC9BFLSUPOIiCpAQSkVrueEFJjHGiXUXbAen4kV8jT9gEYmKLVY728zrDcvgoWZvsNPUWwqNxcGNJi9M7Pur44QdX7BhCuw0Sp0kt/o0o+SoYU5RwkLASlPjOFgyEdaiUw9VOUWmOkefv6OA0rZ3eEIhsjkqH78wedjcxjYw/Tx/BTANQ4Ryt8+1PXwAE9ggTb4AAAA=[0m[Pipeline] }
[8mha:////4EJMQ3Ewn7IxJGkgEO1dYops9atBTkFwbY/lFyxHMGUxAAAAph+LCAAAAAAAAP9tjTEOwjAQBC9BFLSUPOIiCgQSSkVrueEFJjHGiXUXbAen4kV8jT9gEYmKLVY728zrDcvgoWZvsNPUWwqNxcGNJi9M7Pur44QdX7BhCuw0Sp0kt/o0o+SoYU5RwkLASlPjOFgyEdaiUw9VOUWmOkefv6OA0rZ3eEIhsjkqH78wedjcxjYw/Tx/BTANQ4Ryt8+1PXwAIDt78b4AAAA=[0m[Pipeline] // withEnv
[8mha:////4FUksbAqv+WhOKfdAlKhZ4nSptcL9HV3XpXYMVkyQAsjAAAAph+LCAAAAAAAAP9tjTEOwjAQBC9BFLSUPOKiFEhIiCqtlYYXmNgYJ9adsR2SihfxNf6ARSQqtljtbDOvN6xjgBMHg72mwVLsLHo3mrxw4jBcHU/Y8wU7pshOY6unlpVuFmw5aVhSlLASsNHUOY6WTIKt6OVDVk6Sqc4p5O8ooLTqDk8oRDYnGdIX5gC726gi08/zVwCz9wnK/SFXXX8AUTHxeb4AAAA=[0m[Pipeline] }
[8mha:////4EUGBIemQbeGCrnru/JGfFh4mwNKA0et49hSvv38d9bFAAAApR+LCAAAAAAAAP9tjTEOwjAQBC9BFLSUPOICBQVCqWgtN7zAJMY4se6C7eBUvIiv8QcsIlGxxWpnm3m9YRk81OwNdpp6S6GxOLjR5IWJfX91nLDjCzZMgZ1GqZPkVp9mlBw1zClKWAhYaWocB0smwlp06qEqp8hU5+jzdxRQ2vYOTyhENkfl4xcmD5vb2Aamn+evAKZhiFDuD7l22w9i0qrFvgAAAA==[0m[Pipeline] // withEnv
[8mha:////4JRARIVZqcNIfkHJ3pIuLbuwm/dL6yPzEnhp5mGn4nabAAAAox+LCAAAAAAAAP9tjTEOwjAQBDdBFLSUPMKhQDSIitZKwwtMYowT6y7YF5KKF/E1/kBEJCq22plmXm8sU8SRo1ONpdZTqrzqQu+mpwaO7TXwoBq+qIopcbCqtEPJtT3NWLJYzMtyLDRWlqrAyZMTrHVjHqYIhlxxlji5g0bu6zueyPRUFhPlC2PE5tbXienX+RvA2HWCfL8VZLsPPRtAz70AAAA=[0m[Pipeline] }
[8mha:////4GswJDCNOgttrcEV1H2iJIPFi/IakTFeIEudcIaiF/fTAAAApB+LCAAAAAAAAP9tjTEOwjAQBDdBFLSUPMIRQqJBVLRWGl5gEmOcWHfBvpBUvIiv8QciIlGx1c4083pjmSKOHJ1qLLWeUuVVF3o3PTVwbK+BB9XwRVVMiYNVpR1Kru1pxpLFYl6WY6GxslQFTp6cYK0b8zBFMOSKs8TJHTRyX9/xRKanspgoXxgjNre+Tky/zt8Axq4T5PutINt9AC6nRGy9AAAA[0m[Pipeline] // node
[8mha:////4JCHPBvuQZQNvahSfGFfzb4M/Wi2BaIcSOgA6TztsXweAAAAox+LCAAAAAAAAP9tjbEOgjAURS8YB1dHP6IkDC7GybVh8Qsq1Fpo3sP2IUx+kb/mP0gkcfJO95zlvN5Yp4gjR6daS52nVHvVh8HNT40cu2vgUbV8UTVT4mBVZceKG3tasGKxWJblWGlsLNWBkycn2OrWPEwRDLniLHF2B43cN3c8kem5LCbKF6aI3W1oEtOv8zeAqe8F+b4UZOUHaO3jXL0AAAA=[0m[Pipeline] End of Pipeline
ERROR: script returned exit code 1
Finished: FAILURE
