Started by user unknown or anonymous
Replayed [8mha:////4JzcYGiSNBGqoPE/HgKJylNzHbLptwhUNoLfAm5o0pOLAAAAqx+LCAAAAAAAAP9b85aBtbiIQTGjNKU4P08vOT+vOD8nVc83PyU1x6OyILUoJzMv2y+/JJUBAhiZGBgqihhk0NSjKDWzXb3RdlLBUSYGJk8GtpzUvPSSDB8G5tKinBIGIZ+sxLJE/ZzEvHT94JKizLx0a6BxUmjGOUNodHsLgAzmEgZF/az8JP2CzIJUoI2pusXJRZkFJbppRfm5QHauvrGhPgDHQW3y1gAAAA==[0m#31
Running in Durability level: MAX_SURVIVABILITY
[8mha:////4Fvlr8jHmxncKFinwcNWCTZScFhQxR8Gdx2mG4WkbJuZAAAAoh+LCAAAAAAAAP9tjTEOwjAQBM8BClpKHuFItIiK1krDC0x8GCfWnbEdkooX8TX+gCESFVvtrLSa5wtWKcKBo5UdUu8otU4GP9jS5Mixv3geZcdn2TIl9igbHBs2eJyx4YwwR1SwULBGaj0nRzbDRnX6rmuvydanHMu2V1A5c4MHCFXMWcf8hSnC9jqYxPTz/BXAFEIGsfuclm8zQVqFvQAAAA==[0m[Pipeline] Start of Pipeline
[8mha:////4PROHbDOHn2YYHboD+vPlrFn6I7KW7QvlLLA5MtD75J2AAAApR+LCAAAAAAAAP9tjTEOwjAUQ3+KOrAycohUghExsUZZOEFIQkgb/d8mKe3EibgadyBQiQlLlmxL1nu+oE4RjhQdby12HpP2vA+jK4lPFLtroIm3dOGaMFGwXNpJkrGnpUrKFhaxClYC1hZ1oOTRZdiIVt1VExS65pxj2Q4CKm8GeAAThZxVzN8yR9jeRpMIf5y/AJj7DGxXvP/86jduZBmjwAAAAA==[0m[Pipeline] node
Running on [8mha:////4E0W3aucBF+1bQMAi9JLjMzscXA2DW4DwtEv/fH9LiXVAAAAnh+LCAAAAAAAAP9b85aBtbiIQTGjNKU4P08vOT+vOD8nVc83PyU1x6OyILUoJzMv2y+/JJUBAhiZGBgqihhk0NSjKDWzXb3RdlLBUSYGJk8GtpzUvPSSDB8G5tKinBIGIZ+sxLJE/ZzEvHT94JKizLx0a6BxUmjGOUNodHsLgAz2EgZh/eT83ILSktQifY3cxGIgrakPAHib2iPIAAAA[0mJenkins in /var/jenkins_home/jobs/pipeline-script-from-scm/workspace
[8mha:////4JtYRV6teWEgetGMk4P1z0LAZZSgVFeR+e4cKAgxXACpAAAApR+LCAAAAAAAAP9tjTEOwjAUQ3+KOrAycoh0gA0xsUZZOEFIQkgb/d8mKe3EibgadyBQiQlLlmxL1nu+oE4RjhQdby12HpP2vA+jK4lPFLtroIm3dOGaMFGwXNpJkrGnpUrKFhaxClYC1hZ1oOTRZdiIVt1VExS65pxj2Q4CKm8GeAAThZxVzN8yR9jeRpMIf5y/AJj7DGxXvP/86jfoP95RwAAAAA==[0m[Pipeline] {
[8mha:////4MrWKZ2q5m5VpcoXhZQemLzF8xZUVxR7+r9C93ULgyUEAAAApR+LCAAAAAAAAP9tjTEOwjAUQ3+KOrAycoh0gQkxsUZZOEFIQkgb/d8mKe3EibgadyBQiQlLlmxL1nu+oE4RjhQdby12HpP2vA+jK4lPFLtroIm3dOGaMFGwXNpJkrGnpUrKFhaxClYC1hZ1oOTRZdiIVt1VExS65pxj2Q4CKm8GeAAThZxVzN8yR9jeRpMIf5y/AJj7DGxXvP/86jc09154wAAAAA==[0m[Pipeline] stage
[8mha:////4NFJKWA7ErLePqfdQ3qOeRXDTF07OAZT/NBmKc7LMgVjAAAApR+LCAAAAAAAAP9tjTEOwjAUQ3+KOrAycoh0ggUxsUZZOEFIQkgb/d8mKe3EibgadyBQiQlLlmxL1nu+oE4RjhQdby12HpP2vA+jK4lPFLtroIm3dOGaMFGwXNpJkrGnpUrKFhaxClYC1hZ1oOTRZdiIVt1VExS65pxj2Q4CKm8GeAAThZxVzN8yR9jeRpMIf5y/AJj7DGxXvP/86jek7ggRwAAAAA==[0m[Pipeline] { (Declarative: Checkout SCM)
[8mha:////4IcpvhV53muN31/0pwLZ7HQ3PibTc4q0q25buOFnKYLYAAAAoh+LCAAAAAAAAP9tjTEOAiEURD9rLGwtPQTbaWGsbAmNJ0AWEZb8zwLrbuWJvJp3kLiJlZNMMm+a93rDOic4UbLcG+wdZu14DKOti0+U+lugiXu6ck2YKRguzSSpM+cFJRUDS1gDKwEbgzpQdmgLbIVXD9UGhba9lFS/o4DGdQM8gYlqLiqVL8wJdvexy4Q/z18BzLEA29ce4gfg7KmOvAAAAA==[0m[Pipeline] checkout
No credentials specified
 > git rev-parse --is-inside-work-tree # timeout=10
Fetching changes from the remote Git repository
 > git config remote.origin.url https://github.com/superigno/berlin-clock # timeout=10
Fetching upstream changes from https://github.com/superigno/berlin-clock
 > git --version # timeout=10
 > git fetch --tags --progress -- https://github.com/superigno/berlin-clock +refs/heads/*:refs/remotes/origin/* # timeout=10
 > git rev-parse refs/remotes/origin/master^{commit} # timeout=10
 > git rev-parse refs/remotes/origin/origin/master^{commit} # timeout=10
Checking out Revision 2efb48cb5deef6ecf57e3f36cb64044d6b027675 (refs/remotes/origin/master)
 > git config core.sparsecheckout # timeout=10
 > git checkout -f 2efb48cb5deef6ecf57e3f36cb64044d6b027675 # timeout=10
Commit message: "revert"
 > git rev-list --no-walk f2405b9e0ddfe965b001dcb02703b2f269ec2287 # timeout=10
[8mha:////4Ks+FTgLH3oGKUFUdflGHKlhNkvMElrQ13OBbqmbVQU1AAAAoh+LCAAAAAAAAP9tjTEOAiEURD9rLGwtPQTbGRNjZUtoPAGyiLDkfxZYdytP5NW8g8RNrJxkknnTvNcb1jnBiZLl3mDvMGvHYxhtXXyi1N8CTdzTlWvCTMFwaSZJnTkvKKkYWMIaWAnYGNSBskNbYCu8eqg2KLTtpaT6HQU0rhvgCUxUc1GpfGFOsLuPXSb8ef4KYI6xADvU7j9Dg2gqvAAAAA==[0m[Pipeline] }
[8mha:////4EcD7jDDGyu5LAEGzwV1O+OgN96WGjQg0atDjVKRUQXSAAAAoh+LCAAAAAAAAP9tjTEOAiEURD9rLGwtPQRbWRhjZUtoPAGyiLDkfxZYdytP5NW8g8RNrJxkknnTvNcb1jnBiZLl3mDvMGvHYxhtXXyi1N8CTdzTlWvCTMFwaSZJnTkvKKkYWMIaWAnYGNSBskNbYCu8eqg2KLTtpaT6HQU0rhvgCUxUc1GpfGFOsLuPXSb8ef4KYI6xADvU7j9J+wGOvAAAAA==[0m[Pipeline] // stage
[8mha:////4Ciklqr/ePgjqvqca8S0nwbqU2JEZ7vYK2/jjg/oze6yAAAAph+LCAAAAAAAAP9tjTEOwjAQBM9BKWgpeYQDEh2iorXc8AITG+PEugv2haTiRXyNPxCIRMVWOyut5vmCMic4UPKycdgGzHWQXez91ORAqb1EGmRDZ1kTZopOajdosu44oyZ2MEcUsFCwdFhHygE9w0o15m6qaNBXJ07TtldQBHuDBwg1mdkk/sKYYH3tbSb8ef4KYOwYxI6h2G4+x/INtuQqUcEAAAA=[0m[Pipeline] withEnv
[8mha:////4GC+k1+Tn0a4URbSusTn0SFS/AuwU34vLVxpBcvRQon+AAAApR+LCAAAAAAAAP9tjTEOwjAUQ3+DOrAycoiUzoiJNerCCUITQtLo/zZJSSdOxNW4Ay2VmPBg2Zas93pDGQOcKBjuNHYWY2t570czJ54pdDdPmTu68pYwkte80bkhpc9rbShpWFUw2AjYamw9RYsmwU44+ZCVl2iqSwrzdhTArBrgCYWYyUmG9C1TgP19VJHwx/kLgKlPwOrDYvXyLD8BobDcwgAAAA==[0m[Pipeline] {
[8mha:////4M5+wSiJzrauzizi6PZZAIN8G+H0lenw8HJpbpHvuOg/AAAAph+LCAAAAAAAAP9tjTEOwjAUQ3+LOrAycohUZUVMrFEWThCaEJJG/7dJSjpxIq7GHWipxIQHy7ZkvdcbqhjgRMEwp7GzGFvLej+aObFMobt5yszRlbWEkbxmQmdBSp/XKihpWFWUsOGw1dh6ihZNgh138iFrL9HUlxTm7cihtGqAJxR8JicZ0rdMAfb3UUXCH+cvAKY+Qdk0ix2WZ/UBbwyqm8IAAAA=[0m[Pipeline] stage
[8mha:////4Me6LZ5TkDOqjzccfSI3TsqSeXBq9UdXv37TRj5sV67zAAAAph+LCAAAAAAAAP9tjTEOwjAUQ3+LOrAycohUwIiYukZZOEFoQkgb/V9+UtqJE3E17kBLJSY8WLYl673eUESGE7ETjcXWY6y96ELvpiQG4vYaaBANXURNGClYoeygyNhqqYqShUVZDisJa4t1oOjRJdjIRj90GTS68px42o4Scm/u8IRMTuSkOX3LyLC99SYS/jh/ATB2CfLdfrbD/Cw+y7kUycIAAAA=[0m[Pipeline] { (Declarative: Tool Install)
[8mha:////4Ptytm/7OCSOWpyxUmoFbN5wPlqimOjBGnf8UoTvUFEKAAAApB+LCAAAAAAAAP9tjTEOwjAQBC9BFLSUPOIiBB2iSmu54QUmNsaJdWdsh6TiRXyNPxCIRMUWq51t5vmCZYpw5GixNdQ5So3D4Hs7LRw4dhfPA7Z8xoYpsTcozSBZm3pGydnAnKKEhYCVocZzcmQzrEWr7qryimx1ynH6DgJKp2/wgEJM5qxi/sIYYXPtdWL6ef4KYAwZyu3uU/vwBgq0rvS+AAAA[0m[Pipeline] tool
[8mha:////4Pf+rZv9z09+LNFBv+9fiYPch6Kp7DbJTf8BcrqCq7wuAAAApB+LCAAAAAAAAP9tjTEOwjAQBC9BFLSUPOIihKgQVVrLDS8wsTFOrDtjOyQVL+Jr/IFAJCq2WO1sM88XLFOEI0eLraHOUWocBt/baeHAsbt4HrDlMzZMib1BaQbJ2tQzSs4G5hQlLASsDDWekyObYS1adVeVV2SrU47TdxBQOn2DBxRiMmcV8xfGCJtrrxPTz/NXAGPIUG53n9qHN0uFte2+AAAA[0m[Pipeline] envVarsForTool
[8mha:////4LFVr/bxVk5UVligy/+6j/ECTwvufYKfYInPlkMEd9DuAAAApR+LCAAAAAAAAP9tjTEOwjAQBC9BFLSUPOIihESDqNJabniBiY1xYt0Z2yGpeBFf4w8EIlGxxWpnm3m+YJkiHDlabA11jlLjMPjeTgsHjt3F84Atn7FhSuwNSjNI1qaeUXI2MKcoYSFgZajxnBzZDGvRqruqvCJbnXKcvoOA0ukbPKAQkzmrmL8wRthce52Yfp6/AhhDyFBu95/avQEeFbpZvgAAAA==[0m[Pipeline] }
[8mha:////4FpAUrMskFylwuJj2xiCFaTOBorUywxk2HmBVGEXDtU6AAAApB+LCAAAAAAAAP9tjTEOwjAQBC9BFLSUPOIiaCgQVVrLDS8wsTFOrDtjOyQVL+Jr/IFAJCq2WO1sM88XLFOEI0eLraHOUWocBt/baeHAsbt4HrDlMzZMib1BaQbJ2tQzSs4G5hQlLASsDDWekyObYS1adVeVV2SrU47TdxBQOn2DBxRiMmcV8xfGCJtrrxPTz/NXAGMIGcrt/lO7Ny324eW+AAAA[0m[Pipeline] // stage
[8mha:////4NqQjsUHPlYT5FMfWxY70Uve0v/e1mVEu7r/3/UM45dbAAAApx+LCAAAAAAAAP9tjTEOwjAUQ3+LOrAycohU3ZAQE2uUhROEJoSk0f9tkpJOnIircQdaKjHhwbItWe/1hioGOFEwzGnsLMbWst6PZk4sU+hunjJzdGUtYSSvmdBZkNLntQpKGlYVJWw4bDW2nqJFk2DHnXzI2ks09SWFeTtyKK0a4AkFn8lJhvQtU4D9fVSR8Mf5C4CpT1A2zWKH5Vl9AAkvMTrCAAAA[0m[Pipeline] withEnv
[8mha:////4Hme49zkiP5VGSaU5STKIyHJY1qWQDqBIi7mW41LOLEYAAAApx+LCAAAAAAAAP9tjTEOwjAUQ3+LOrAycohUbCDE1DXKwglCE0La6P/yk9JOnIircQdaKjHhwbItWe/1hiIynIidaCy2HmPtRRd6NyUxELfXQINo6CJqwkjBCmUHRcZWS1WULCzKclhJWFusA0WPLsFGNvqhy6DRlefE03aUkHtzhydkciInzelbRobtrTeR8Mf5C4CxS5Dv9rMd5mfxASnCIIrCAAAA[0m[Pipeline] {
[8mha:////4O9rQuJotKp3f3KBlmqYaP4ScvkbVb4w5WphcM+3kfi/AAAApx+LCAAAAAAAAP9tjTEOwjAUQ3+LOrAycogU2BDqxBp14QShCSFp9H9JUtKJE3E17kCgEhMeLNuS9Z4vqIKHhrxmVmFvMHSGDW7UObFEvr84SszSmXWEgZxirUotSXWca0tRwayihAWHpcLOUTCoI6y4FXdRO4G6PkWftwOH0sgbPKDgmRyFj98yeVhfRxkIf5y/AJiGCOV2n223+TyrN7xWSV3CAAAA[0m[Pipeline] stage
[8mha:////4LJ97+a4J6kFvcfvs50g1gLiY7DX6KIDYIF2ZkQxbtezAAAAph+LCAAAAAAAAP9tjTEOwjAUQ3+LOrAycogUWBFT1ygLJwhNCGmj/8tPSjtxIq7GHWipxIQHy7ZkvdcbishwInaisdh6jLUXXejdlMRA3F4DDaKhi6gJIwUrlB0UGVstVVGysCjLYSVhbbEOFD26BBvZ6Icug0ZXnhNP21FC7s0dnpDJiZw0p28ZGba33kTCH+cvAMYuQX7Yzbafn8UHbGnGmsIAAAA=[0m[Pipeline] { (install and sonar parallel)
[8mha:////4LImTKNbLy0CtTX93Jl4/ynq6XQA87Ckj8nwzKtveoqQAAAAox+LCAAAAAAAAP9tjTEOwjAQBC9BFLSUPOIi0iIqWisNLzCJMXasO8d2cCpexNf4A4FIVGyx2tlmni9YxwBHDhqtot5QbA16N+p5YebQXx1ntHzBlimyU9io3HCnTgs2nBQsKUpYCdgoah1HQzrBVlh5l5WTpKtzCvN3EFCaboAHFGI2JxnSF6YAu9vYRaaf568AJp+grPefqv0bH7uiub4AAAA=[0m[Pipeline] tool
[8mha:////4NY16Z1ZZJco+56EU1buNIHjflUo1rM3sVuuklcAkt6MAAAAox+LCAAAAAAAAP9tjTEOwjAQBC9BFLSUPOIioERUaS03vMDExjix7oztkFS8iK/xBwKRqNhitbPNPF+wTBGOHC22hjpHqXEYfG+nhQPH7uJ5wJbP2DAl9galGSRrU88oORuYU5SwELAy1HhOjmyGtWjVXVVeka1OOU7fQUDp9A0eUIjJnFXMXxgjbK69Tkw/z18BjCFDudt+ah/eXoq5oL4AAAA=[0m[Pipeline] envVarsForTool
[8mha:////4GTPFVoevAN5GLUCJmP0kiWdTKpVx5EtJ4IxS8s2ZZvXAAAApx+LCAAAAAAAAP9tjTEOwjAUQ3+LOrAycohUIDbE1DXKwglCE0La6P/yk9JOnIircQdaKjHhwbItWe/1hiIynIidaCy2HmPtRRd6NyUxELfXQINo6CJqwkjBCmUHRcZWS1WULCzKclhJWFusA0WPLsFGNvqhy6DRlefE03aUkHtzhydkciInzelbRobtrTeR8Mf5C4CxS5Dvd7Md5mfxAR8nhQvCAAAA[0m[Pipeline] withEnv
[8mha:////4AxuU9YTG3AYbT2XB9RS4K/k+N5EUmhX6nhqM4+MmAQLAAAApx+LCAAAAAAAAP9tjTEOwjAUQ3+LOrAycohUQjAhpq5RFk4QmhDSRv+Xn5R24kRcjTvQUokJD5ZtyXqvNxSR4UTsRGOx9RhrL7rQuymJgbi9BhpEQxdRE0YKVig7KDK2WqqiZGFRlsNKwtpiHSh6dAk2stEPXQaNrjwnnrajhNybOzwhkxM5aU7fMjJsb72JhD/OXwCMXYJ8t5/tMD+LD/hYjrHCAAAA[0m[Pipeline] {
[8mha:////4BceKoWd/JofBv/TQL5hf3RgnTzslRuF9OBCCfD3HXPHAAAAqB+LCAAAAAAAAP9tjTEOwjAUQ3+LOrAycohUQoIFMXWNsnCC0ISQNvq//KS0EyfiatyBlkpMeLBsS9Z7vaGIDCdiJxqLrcdYe9GF3k1JDMTtNdAgGrqImjBSsELZQZGx1VIVJQuLshxWEtYW60DRo0uwkY1+6DJodOU58bQdJeTe3OEJmZzISXP6lpFhe+tNJPxx/gJg7BLku/1sh/lZfACW9ZT2wgAAAA==[0m[Pipeline] parallel
[8mha:////4FPwbXL0E5qt/zExQlkxiIkaqHoZ/yxd+pUsUZnlehKMAAAAqB+LCAAAAAAAAP9tjTEOwjAUQ3+LOrAycohUYkBIiKlrlIUThCaEtNH/5SelnTgRV+MOtFRiwoNlW7Le6w1FZDgRO9FYbD3G2osu9G5KYiBur4EG0dBF1ISRghXKDoqMrZaqKFlYlOWwkrC2WAeKHl2CjWz0Q5dBoyvPiaftKCH35g5PyORETprTt4wM21tvIuGP8xcAY5cg3+1nO8zP4gPn8nxVwgAAAA==[0m[Pipeline] { (Branch: install)
[8mha:////4Fh93inutI25wKNekttysP+k/Q0NO7EceQByi6IqvywYAAAAqB+LCAAAAAAAAP9tjTEOwjAUQ3+LOrAycohUYkBCiKlrlIUThCaEtNH/5SelnTgRV+MOtFRiwoNlW7Le6w1FZDgRO9FYbD3G2osu9G5KYiBur4EG0dBF1ISRghXKDoqMrZaqKFlYlOWwkrC2WAeKHl2CjWz0Q5dBoyvPiaftKCH35g5PyORETprTt4wM21tvIuGP8xcAY5cg3+1nO8zP4gNCISCewgAAAA==[0m[Pipeline] { (Branch: sonar)
[8mha:////4Mbyf6TADgKZdC/qi7LYuMbrZnF0l+XdP6zTQirI0VNRAAAApR+LCAAAAAAAAP9tjTEOwjAQBC9BFLSUPOKCoEFCqWgtN7zAJMY4se6C7eBUvIiv8QcsIlGxxWpnm3m9YRk81OwNdpp6S6GxOLjR5IWJfX91nLDjCzZMgZ1GqZPkVp9mlBw1zClKWAhYaWocB0smwlp06qEqp8hU5+jzdxRQ2vYOTyhENkfl4xcmD5vb2Aamn+evAKYhQrk75Npvhw959s4fvgAAAA==[0m[Pipeline] sh
[8mha:////4Mt3wUEQuLmA7sUWw5JkumnMt1jwhbMcPUrgCm8tBHkgAAAApR+LCAAAAAAAAP9tjTEOwjAQBC9BFLSUPOIioEIoFa3lhheYxBgn1l2wHZyKF/E1/oBFJCq2WO1sM683LIOHmr3BTlNvKTQWBzeavDCx76+OE3Z8wYYpsNModZLc6tOMkqOGOUUJCwErTY3jYMlEWItOPVTlFJnqHH3+jgJK297hCYXI5qh8/MLkYXMb28D08/wVwDREKHeHXPvt8AGMzKKgvgAAAA==[0m[Pipeline] sh
+ mvn -U clean test cobertura:cobertura -Dcobertura.report.format=xml
+ mvn sonar:sonar -Dsonar.host.url=http://172.19.96.1:9004
[INFO] Scanning for projects...
[INFO] Scanning for projects...
[INFO] 
[INFO] ------------------------------------------------------------------------
[INFO] Building berlin-clock 1.1-SNAPSHOT
[INFO] ------------------------------------------------------------------------
[INFO] 
[INFO] --- sonar-maven-plugin:3.7.0.1746:sonar (default-cli) @ berlin-clock ---
Downloading: https://repo.maven.apache.org/maven2/org/codehaus/mojo/maven-metadata.xml
Downloading: https://repo.maven.apache.org/maven2/org/apache/maven/plugins/maven-metadata.xml
[INFO] User cache: /var/jenkins_home/.sonar/cache
[INFO] SonarQube version: 7.8.0
[INFO] Default locale: "en", source code encoding: "UTF-8"
[WARNING] SonarQube scanners will require Java 11+ starting on next version
[INFO] Load global settings
Progress (1): 1.4/14 kBProgress (2): 1.4/14 kB | 1.4/20 kBProgress (2): 1.4/14 kB | 2.7/20 kBProgress (2): 2.7/14 kB | 2.7/20 kBProgress (2): 2.7/14 kB | 4.1/20 kBProgress (2): 2.7/14 kB | 5.5/20 kBProgress (2): 4.1/14 kB | 5.5/20 kBProgress (2): 5.5/14 kB | 5.5/20 kBProgress (2): 6.9/14 kB | 5.5/20 kBProgress (2): 6.9/14 kB | 6.9/20 kBProgress (2): 6.9/14 kB | 8.2/20 kBProgress (2): 6.9/14 kB | 9.6/20 kBProgress (2): 6.9/14 kB | 11/20 kB Progress (2): 8.2/14 kB | 11/20 kBProgress (2): 9.6/14 kB | 11/20 kBProgress (2): 11/14 kB | 11/20 kB Progress (2): 12/14 kB | 11/20 kBProgress (2): 12/14 kB | 12/20 kBProgress (2): 12/14 kB | 14/20 kBProgress (2): 14 kB | 14/20 kB   Progress (2): 14 kB | 15/20 kBProgress (2): 14 kB | 16/20 kBProgress (2): 14 kB | 18/20 kBProgress (2): 14 kB | 19/20 kBProgress (2): 14 kB | 20 kB   [INFO] Load global settings (done) | time=456ms
[INFO] Server id: BF41A1F2-AW-DEfIe60HdSCUiXpXw
[INFO] User cache: /var/jenkins_home/.sonar/cache
[INFO] Load/download plugins
[INFO] Load plugins index
                           Downloaded: https://repo.maven.apache.org/maven2/org/apache/maven/plugins/maven-metadata.xml (14 kB at 5.6 kB/s)
Downloaded: https://repo.maven.apache.org/maven2/org/codehaus/mojo/maven-metadata.xml (20 kB at 8.5 kB/s)
Downloading: https://repo.maven.apache.org/maven2/org/codehaus/mojo/cobertura-maven-plugin/maven-metadata.xml
[INFO] Load plugins index (done) | time=265ms
Progress (1): 605 B                   Downloaded: https://repo.maven.apache.org/maven2/org/codehaus/mojo/cobertura-maven-plugin/maven-metadata.xml (605 B at 1.8 kB/s)
[INFO] Load/download plugins (done) | time=335ms
[INFO] 
[INFO] ------------------------------------------------------------------------
[INFO] Building berlin-clock 1.1-SNAPSHOT
[INFO] ------------------------------------------------------------------------
[INFO] 
[INFO] --- maven-clean-plugin:2.5:clean (default-clean) @ berlin-clock ---
[INFO] Deleting /var/jenkins_home/jobs/pipeline-script-from-scm/workspace/target
[INFO] 
[INFO] --- maven-resources-plugin:2.6:resources (default-resources) @ berlin-clock ---
[INFO] Using 'UTF-8' encoding to copy filtered resources.
[INFO] skip non existing resourceDirectory /var/jenkins_home/jobs/pipeline-script-from-scm/workspace/src/main/resources
[INFO] 
[INFO] --- maven-compiler-plugin:3.1:compile (default-compile) @ berlin-clock ---
[INFO] Process project properties
[INFO] Execute project builders
[INFO] Execute project builders (done) | time=22ms
[INFO] Project key: ken:berlin-clock
[INFO] Base dir: /var/jenkins_home/jobs/pipeline-script-from-scm/workspace
[INFO] Working dir: /var/jenkins_home/jobs/pipeline-script-from-scm/workspace/target/sonar
[INFO] Load project settings for component key: 'ken:berlin-clock'
[INFO] Changes detected - recompiling the module!
[INFO] Compiling 20 source files to /var/jenkins_home/jobs/pipeline-script-from-scm/workspace/target/classes
[INFO] Load project settings for component key: 'ken:berlin-clock' (done) | time=136ms
[INFO] Load quality profiles
[INFO] 
[INFO] --- maven-resources-plugin:2.6:testResources (default-testResources) @ berlin-clock ---
[INFO] Using 'UTF-8' encoding to copy filtered resources.
[INFO] skip non existing resourceDirectory /var/jenkins_home/jobs/pipeline-script-from-scm/workspace/src/test/resources
[INFO] 
[INFO] --- maven-compiler-plugin:3.1:testCompile (default-testCompile) @ berlin-clock ---
[INFO] Changes detected - recompiling the module!
[INFO] Compiling 13 source files to /var/jenkins_home/jobs/pipeline-script-from-scm/workspace/target/test-classes
[INFO] Load quality profiles (done) | time=1760ms
[INFO] Load active rules
[INFO] 
[INFO] --- maven-surefire-plugin:2.12.4:test (default-test) @ berlin-clock ---
[INFO] Surefire report directory: /var/jenkins_home/jobs/pipeline-script-from-scm/workspace/target/surefire-reports

-------------------------------------------------------
 T E S T S
-------------------------------------------------------
Running ken.kata.techtest.parser.BerlinClockParserTest
Tests run: 2, Failures: 0, Errors: 0, Skipped: 0, Time elapsed: 0.689 sec
Running ken.kata.techtest.BerlinClockLoadTest
Sending interrupt signal to process
Aborted by [8mha:////4B2UjmNT0XGG5+fGAVlY71rb6XPSw5pRMbdfujsn5CdjAAAAmR+LCAAAAAAAAP9b85aBtbiIQTGjNKU4P08vOT+vOD8nVc83PyU1x6OyILUoJzMv2y+/JJUBAhiZGBgqihhk0NSjKDWzXb3RdlLBUSYGJk8GtpzUvPSSDB8G5tKinBIGIZ+sxLJE/ZzEvHT94JKizLx0a6BxUmjGOUNodHsLgAz2EgZe/dLi1CL90rzsvPzyPAATbMabwgAAAA==[0munknown
Tests run: 1, Failures: 0, Errors: 0, Skipped: 0, Time elapsed: 1.075 sec
Running ken.kata.techtest.clock.SecondsTest
Tests run: 3, Failures: 0, Errors: 0, Skipped: 0, Time elapsed: 0.005 sec
Running ken.kata.techtest.clock.HoursTest
RROO OOOO
Tests run: 5, Failures: 0, Errors: 0, Skipped: 0, Time elapsed: 0.034 sec
Running ken.kata.techtest.clock.MinutesTest
Tests run: 5, Failures: 0, Errors: 0, Skipped: 0, Time elapsed: 0.024 sec
Running ken.kata.techtest.clock.HoursTimeUnitBottomPartTest
Tests run: 3, Failures: 0, Errors: 0, Skipped: 0, Time elapsed: 0.015 sec
Running ken.kata.techtest.clock.SecondsTimeUnitPartTest
Tests run: 2, Failures: 0, Errors: 0, Skipped: 0, Time elapsed: 0.009 sec
Running ken.kata.techtest.clock.HoursTimeUnitTopPartTest
Tests run: 3, Failures: 0, Errors: 0, Skipped: 0, Time elapsed: 0.018 sec
Running ken.kata.techtest.clock.MinutesTimeUnitTopPartTest
Tests run: 4, Failures: 0, Errors: 0, Skipped: 0, Time elapsed: 0.042 sec
Running ken.kata.techtest.clock.MinutesTimeUnitBottomPartTest
Tests run: 4, Failures: 0, Errors: 0, Skipped: 0, Time elapsed: 0 sec
Running ken.kata.techtest.BerlinClockUTest
13::17:01 -> O RROO RRRO YYROOOOOOOO YYOO
23::59:59 -> O RRRR RRRO YYRYYRYYRYY YYYY
24::00:00 -> Y RRRR RRRR OOOOOOOOOOO OOOO
24::00:01 -> O RRRR RRRR OOOOOOOOOOO OOOO
01::00:00 -> Y OOOO ROOO OOOOOOOOOOO OOOO
10::10:10 -> Y RROO OOOO YYOOOOOOOOO OOOO
16::16:16 -> Y RRRO ROOO YYROOOOOOOO YOOO
Tests run: 8, Failures: 0, Errors: 0, Skipped: 0, Time elapsed: 0.152 sec

Results :

Tests run: 40, Failures: 0, Errors: 0, Skipped: 0

[INFO] 
[INFO] >>> cobertura-maven-plugin:2.7:cobertura (default-cli) > [cobertura]test @ berlin-clock >>>
[INFO] 
[INFO] --- maven-resources-plugin:2.6:resources (default-resources) @ berlin-clock ---
[INFO] Using 'UTF-8' encoding to copy filtered resources.
[INFO] skip non existing resourceDirectory /var/jenkins_home/jobs/pipeline-script-from-scm/workspace/src/main/resources
[INFO] 
[INFO] --- maven-compiler-plugin:3.1:compile (default-compile) @ berlin-clock ---
[INFO] Nothing to compile - all classes are up to date
[INFO] 
[INFO] --- cobertura-maven-plugin:2.7:instrument (default-cli) @ berlin-clock ---
script returned exit code 143
[8mha:////4O+fPjK1XKDe2rrzLVlb+Drj8kNDhhNBIJTltGj4uABUAAAApR+LCAAAAAAAAP9tjTEOwjAQBC9BFLSUPOIihQYJUaW10vACExvjxLoztkNS8SK+xh+wiETFFqudbeb1hnUMcOJgsNc0WIqdRe9GkxdOHIar4wl7vmDHFNlpbPXUstLNgi0nDUuKElYCNpo6x9GSSbAVvXzIykky1TmF/B0FlFbd4QmFyOYkQ/rCHGB3G1Vk+nn+CmD2PkG5r3PVhw9qzEvpvgAAAA==[0m[Pipeline] }
Failed in branch install
[8mha:////4N5CtBdiTQIlt4lFOtQFqBRlfWp9P5Ws6NFZfAZUqGPqAAAApR+LCAAAAAAAAP9tjTEOwjAQBC9BFLSUPMKRSIUQVVorDS8w8WGcWHfGdkgqXsTX+AMWkajYYrWzzbzesI4BThyM6JEGS7GzwrvR5CUmDsPV8SR6voiOKbJD0eLUssZmwZYTwpKihJWEDVLnOFoyCbayVw9VOUWmOqeQv6OE0uo7PKGQ2ZxUSF+YA+xuo45MP89fAczeJyjrOtf+8AFZLxBVvgAAAA==[0m[Pipeline] }
Failed in branch sonar
[8mha:////4Ao6Z5qG1OJM6FmjVPtgw3YUXOE+zYRWkv+GOVOwhRN+AAAApR+LCAAAAAAAAP9tjTEOwjAQBC9BFLSUPOIiAaJBqWgtN7zAJMY4se6C7eBUvIiv8QcsIlGxxWpnm3m9YRk81OwNdpp6S6GxOLjR5IWJfX91nLDjCzZMgZ1GqZPkVp9mlBw1zClKWAhYaWocB0smwlp06qEqp8hU5+jzdxRQ2vYOTyhENkfl4xcmD5vb2Aamn+evAKZhiFDu9rm2hw9wAqrYvgAAAA==[0m[Pipeline] // parallel
Post stage
[8mha:////4BBX+fya9QUyrRsJIlV218ElJLQZVDAQL0UjEa/PzVBQAAAApR+LCAAAAAAAAP9tjTEOwjAQBC9BFLSUPOIigVIhqrRWGl5gYmOcWHfGdkgqXsTX+AMWkajYYrWzzbzesI4BThwM9poGS7Gz6N1o8sKJw3B1PGHPF+yYIjuNrZ5aVrpZsOWkYUlRwkrARlPnOFoyCbailw9ZOUmmOqeQv6OA0qo7PKEQ2ZxkSF+YA+xuo4pMP89fAcw+Qbmvcx1q/wH8Y24DvgAAAA==[0m[Pipeline] junit
Recording test results
[8mha:////4IsmvwOnEJ841Pl/LI06JvEpeV1th3/dzMFuw3MwPjeAAAAApR+LCAAAAAAAAP9tjTEOwjAQBC9BFLSUPOIigaBBqWgtN7zAJMY4se6C7eBUvIiv8QcsIlGxxWpnm3m9YRk81OwNdpp6S6GxOLjR5IWJfX91nLDjCzZMgZ1GqZPkVp9mlBw1zClKWAhYaWocB0smwlp06qEqp8hU5+jzdxRQ2vYOTyhENkfl4xcmD5vb2Aamn+evAKYhQrnd59odhg8/MEMovgAAAA==[0m[Pipeline] cobertura
[Cobertura] Skipping Cobertura coverage report as build was not SUCCESS or better ...

[8mha:////4MN5ML6DYT5DJUQRpzReXm1Emygzcnl6ZZGrgbXv6BLYAAAAph+LCAAAAAAAAP9tjTEOwjAQBC9BFLSUPOIigRAFSkVrueEFJjHGiXUXbAen4kV8jT9gEYmKLVY728zrDcvgoWZvsNPUWwqNxcGNJi9M7Pur44QdX7BhCuw0Sp0kt/o0o+SoYU5RwkLASlPjOFgyEdaiUw9VOUWmOkefv6OA0rZ3eEIhsjkqH78wedjcxjYw/Tx/BTANQ4Ryd8i13X8AZCE3x74AAAA=[0m[Pipeline] }
[8mha:////4NuQIslLLMLYVeBSbLE0ZRdLwX3o7ZGNV1405xOf78mbAAAAph+LCAAAAAAAAP9tjTEOwjAQBC9BFLSUPOIiAQUSSkVrueEFJjHGiXUXbAen4kV8jT9gEYmKLVY728zrDcvgoWZvsNPUWwqNxcGNJi9M7Pur44QdX7BhCuw0Sp0kt/o0o+SoYU5RwkLASlPjOFgyEdaiUw9VOUWmOkefv6OA0rZ3eEIhsjkqH78wedjcxjYw/Tx/BTANQ4Ryd8i13X8AJ6NmQb4AAAA=[0m[Pipeline] // withEnv
[8mha:////4Nb7vXkL9b2oVn8TMGBkAuycDJVQIVW/hPcEF2Ol7rYXAAAApR+LCAAAAAAAAP9tjTEOwjAQBC9BFLSUPOIioEIoFa3lhheYxBgn1l2wHZyKF/E1/oBFJCq2WO1sM683LIOHmr3BTlNvKTQWBzeavDCx76+OE3Z8wYYpsNModZLc6tOMkqOGOUUJCwErTY3jYMlEWItOPVTlFJnqHH3+jgJK297hCYXI5qh8/MLkYXMb28D08/wVwDQMEcr9Iddu+wENhFD6vgAAAA==[0m[Pipeline] }
[8mha:////4GNKKn4nAHik1sOW3n08/nmyn2fa2aalfiBqTCaBTUo+AAAApB+LCAAAAAAAAP9tjTEOwjAQBC9BFLSUPOISITpEldZKwwtMbIwT687YDknFi/gaf8AiEhVbrHa2mdcb1jHAiYPBXtNgKXYWvRtNXjhxGK6OJ+z5gh1TZKex1VPLSjcLtpw0LClKWAnYaOocR0smwVb08iErJ8lU5xTydxRQWnWHJxQim5MM6QtzgN1tVJHp5/krgNn7BOWhzrWvP93b/2++AAAA[0m[Pipeline] // stage
[8mha:////4J83QkXBqYDU0665suysm0iWLWCfbZ4rw1FLnG4Q4WyXAAAAqB+LCAAAAAAAAP9tjTEOwjAUQ3+LOrAycohUlVgQYuoadeEEoQkhafR/SVLSiRNxNe5AoBITHizbkvWeL6iChyN5zazCwWDoDRvdpHNiifxwcZSYpTPrCQM5xTqVOpKqXWpHUcGiooQVh7XC3lEwqCNsuBV3UTuBuj5Fn7cDh9LIGzyg4JkchY/fMnvYXicZCH+cvwCYxwhls8+2az7P6g0jsMX1wgAAAA==[0m[Pipeline] stage
[8mha:////4OzKhhWTbdqO9XtGKJMM/rvyvEGgzEj8nHxu1jWLO5eIAAAApx+LCAAAAAAAAP9tjTEOwjAUQ3+LOrAycohUIDbE1DXKwglCE0La6P/yk9JOnIircQdaKjHhwbItWe/1hiIynIidaCy2HmPtRRd6NyUxELfXQINo6CJqwkjBCmUHRcZWS1WULCzKclhJWFusA0WPLsFGNvqhy6DRlefE03aUkHtzhydkciInzelbRobtrTeR8Mf5C4CxS5AfdrPt52fxAdhUMVHCAAAA[0m[Pipeline] { (deploy)
Stage "deploy" skipped due to earlier failure(s)
[8mha:////4ErG8dtB6bdu6d4C3sMns/oY+/BlnPql3ZTAfMNKh2vRAAAApB+LCAAAAAAAAP9tjTEOwjAQBC9BFLSUPOIiAR2iSmu54QUmNsaJdWdsh6TiRXyNPxCIRMUWq51t5vmCZYpw5GixNdQ5So3D4Hs7LRw4dhfPA7Z8xoYpsTcozSBZm3pGydnAnKKEhYCVocZzcmQzrEWr7qryimx1ynH6DgJKp2/wgEJM5qxi/sIYYXPtdWL6ef4KYAwhQ7nffWr7BtlvP1G+AAAA[0m[Pipeline] }
[8mha:////4F0O6YEDU2qNLv8LGjOr528zpqI/1m3gooyvkQhnpg66AAAApB+LCAAAAAAAAP9tjTEOwjAQBC9BFLSUPOIipHSIitZKwwtMYowd686xHZyKF/E1/kAgEhVbrHa2mecL1jHAkYNGq6g3FFuD3o16Xpg59FfHGS1fsGWK7BQ2KjfcqdOCDScFS4oSVgI2ilrH0ZBOsBVW3mXlJOnqnML8HQSUphvgAYWYzUmG9IUpwO42dpHp5/krgMn7BGVdf2r/BtsOM9W+AAAA[0m[Pipeline] // stage
[8mha:////4EzycvsVvBwcw935pQ55VgNinIGuDghIXgYc+HRDYIOTAAAAph+LCAAAAAAAAP9tjTEOwjAQBC9BFLSUPOIiJCgQSkVrueEFJjHGiXUXbAen4kV8jT9gEYmKLVY728zrDcvgoWZvsNPUWwqNxcGNJi9M7Pur44QdX7BhCuw0Sp0kt/o0o+SoYU5RwkLASlPjOFgyEdaiUw9VOUWmOkefv6OA0rZ3eEIhsjkqH78wedjcxjYw/Tx/BTANQ4Ryt8+1PXwACaHDbb4AAAA=[0m[Pipeline] }
[8mha:////4BVH833lDw6/TC/ws4HJ2gLx6zB5mhl5XHvVkq5ODBhGAAAAph+LCAAAAAAAAP9tjTEOwjAQBC9BFLSUPOIiJISQUCpayw0vMIkxTqy7YDs4FS/ia/wBi0hUbLHa2WZeb1gGDzV7g52m3lJoLA5uNHlhYt9fHSfs+IINU2CnUeokudWnGSVHDXOKEhYCVpoax8GSibAWnXqoyiky1Tn6/B0FlLa9wxMKkc1R+fiFycPmNraB6ef5K4BpGCKUu32u7eEDMeNQnL4AAAA=[0m[Pipeline] // withEnv
[8mha:////4O/nKGoXjtuBsyWulX7DJPrknTPeG+PtceidD8OBnm69AAAAph+LCAAAAAAAAP9tjTEOwjAQBC9BFLSUPOKiSEgUiCqtlYYXmNgYJ9adsR2SihfxNf6ARSQqtljtbDOvN6xjgBMHg72mwVLsLHo3mrxw4jBcHU/Y8wU7pshOY6unlpVuFmw5aVhSlLASsNHUOY6WTIKt6OVDVk6Sqc4p5O8ooLTqDk8oRDYnGdIX5gC726gi08/zVwCz9wnK/SFXXX8AMIjQLr4AAAA=[0m[Pipeline] }
[8mha:////4F/d26ayai0XLV1z3o0w7tbutD/c31nJrxTAyO/AX/cxAAAAph+LCAAAAAAAAP9tjTEOwjAQBC9BFLSUPOICEgUSSkVrueEFJjHGiXUXbAen4kV8jT9gEYmKLVY728zrDcvgoWZvsNPUWwqNxcGNJi9M7Pur44QdX7BhCuw0Sp0kt/o0o+SoYU5RwkLASlPjOFgyEdaiUw9VOUWmOkefv6OA0rZ3eEIhsjkqH78wedjcxjYw/Tx/BTANQ4Ryf8i1234AcwqBqL4AAAA=[0m[Pipeline] // withEnv
[8mha:////4H+5onitqHGjnTX78gJrhxJJe9Bu5OHam7Gxx3lCGcdJAAAAox+LCAAAAAAAAP9tjTESgjAQRT84FraWHiI0NI5jZZuh8QQRYgxkdjFZhMoTeTXvICMzVv7qv9e81xvrFHHk6FRrqfOUaq/6MLj5qZFjdw08qpYvqmZKHKyq7FhxY08LViwWy7IcK42NpTpw8uQEW92ahymCIVecJc7uoJH75o4nMj2XxUT5whSxuw1NYvp1/gYw9b0gL/eCrPwAR9iYj70AAAA=[0m[Pipeline] }
[8mha:////4FUx6URp+oKb6T/6BLMMZIX4mjirgg6pesmNNtFUU9JLAAAAox+LCAAAAAAAAP9tjTEOwjAQBDdBFLSUPMJBQlSIitZKwwtMYowT6y7YF5KKF/E1/kBEJCq22plmXm8sU8SRo1ONpdZTqrzqQu+mpwaO7TXwoBq+qIopcbCqtEPJtT3NWLJYzMtyLDRWlqrAyZMTrHVjHqYIhlxxlji5g0bu6zueyPRUFhPlC2PE5tbXienX+RvA2HWCfL8VZLsPMPyw170AAAA=[0m[Pipeline] // node
[8mha:////4CDqaXxzg+ClQpn0fR3Nyj1PPDhHxqmhbWQnyi4cCWXAAAAAox+LCAAAAAAAAP9tjTEOwjAQBDdBFLSUPMIRSFSIitZKwwtMYowT6y7YF5KKF/E1/kBEJCq22plmXm8sU8SRo1ONpdZTqrzqQu+mpwaO7TXwoBq+qIopcbCqtEPJtT3NWLJYzMtyLDRWlqrAyZMTrHVjHqYIhlxxlji5g0bu6zueyPRUFhPlC2PE5tbXienX+RvA2HWCfL8VZLsPFuXXnb0AAAA=[0m[Pipeline] End of Pipeline
ERROR: script returned exit code 143
Finished: ABORTED
