Started by user unknown or anonymous
Obtained Jenkinsfile from git https://github.com/superigno/berlin-clock
Running in Durability level: MAX_SURVIVABILITY
[8mha:////4KIbkfQWz7nbsZwe9MIZw34ex/Xuayz9gNapLVHmoGsqAAAAoh+LCAAAAAAAAP9tjTEOwjAQBM8BClpKHuFItIiK1krDC0x8GCfWnbEdkooX8TX+gCESFVvtrLSa5wtWKcKBo5UdUu8otU4GP9jS5Mixv3geZcdn2TIl9igbHBs2eJyx4YwwR1SwULBGaj0nRzbDRnX6rmuvydanHMu2V1A5c4MHCFXMWcf8hSnC9jqYxPTz/BXAFEIGsfuclm8zQVqFvQAAAA==[0m[Pipeline] Start of Pipeline
[8mha:////4HW5rnT6OMvdVY6mOP4QvMIkPNfJJpGK4ov+SSTNEj6+AAAApR+LCAAAAAAAAP9tjTEOwjAUQ3+KOrAycohUghExsUZZOEFIQkgb/d8mKe3EibgadyBQiQlLlmxL1nu+oE4RjhQdby12HpP2vA+jK4lPFLtroIm3dOGaMFGwXNpJkrGnpUrKFhaxClYC1hZ1oOTRZdiIVt1VExS65pxj2Q4CKm8GeAAThZxVzN8yR9jeRpMIf5y/AJj7DGxXvP/86jduZBmjwAAAAA==[0m[Pipeline] node
Running on [8mha:////4Kwu1gBVCoh9OZjHidDTAzEp6cCFAGskIEBfI9c3/PbrAAAAnh+LCAAAAAAAAP9b85aBtbiIQTGjNKU4P08vOT+vOD8nVc83PyU1x6OyILUoJzMv2y+/JJUBAhiZGBgqihhk0NSjKDWzXb3RdlLBUSYGJk8GtpzUvPSSDB8G5tKinBIGIZ+sxLJE/ZzEvHT94JKizLx0a6BxUmjGOUNodHsLgAz2EgZh/eT83ILSktQifY3cxGIgrakPAHib2iPIAAAA[0mJenkins in /var/jenkins_home/jobs/pipeline-script-from-scm/workspace
[8mha:////4FcRQr0ANHNzgjULsRBEefEUfNE8P0lKJSwxjEJ8I+KpAAAApR+LCAAAAAAAAP9tjTEOwjAUQ3+KOrAycoh0gA0xsUZZOEFIQkgb/d8mKe3EibgadyBQiQlLlmxL1nu+oE4RjhQdby12HpP2vA+jK4lPFLtroIm3dOGaMFGwXNpJkrGnpUrKFhaxClYC1hZ1oOTRZdiIVt1VExS65pxj2Q4CKm8GeAAThZxVzN8yR9jeRpMIf5y/AJj7DGxXvP/86jfoP95RwAAAAA==[0m[Pipeline] {
[8mha:////4OWyDtaiVHPGiJvbs8JjjhgOJbbCALVQsX7x1BJZ7ACXAAAApR+LCAAAAAAAAP9tjTEOwjAUQ3+KOrAycoh0gQkxsUZZOEFIQkgb/d8mKe3EibgadyBQiQlLlmxL1nu+oE4RjhQdby12HpP2vA+jK4lPFLtroIm3dOGaMFGwXNpJkrGnpUrKFhaxClYC1hZ1oOTRZdiIVt1VExS65pxj2Q4CKm8GeAAThZxVzN8yR9jeRpMIf5y/AJj7DGxXvP/86jc09154wAAAAA==[0m[Pipeline] stage
[8mha:////4Komb9Z01DF+k/VgYmceEkc5qmJtmwGW16WXuU6HmePwAAAApR+LCAAAAAAAAP9tjTEOwjAUQ3+KOrAycoh0ggUxsUZZOEFIQkgb/d8mKe3EibgadyBQiQlLlmxL1nu+oE4RjhQdby12HpP2vA+jK4lPFLtroIm3dOGaMFGwXNpJkrGnpUrKFhaxClYC1hZ1oOTRZdiIVt1VExS65pxj2Q4CKm8GeAAThZxVzN8yR9jeRpMIf5y/AJj7DGxXvP/86jek7ggRwAAAAA==[0m[Pipeline] { (Declarative: Checkout SCM)
[8mha:////4A/bYylHzynogJHyA3LBV1O2Bz0dGX4pYWQ9TJM5rtPOAAAAoh+LCAAAAAAAAP9tjTEOAiEURD9rLGwtPQTbaWGsbAmNJ0AWEZb8zwLrbuWJvJp3kLiJlZNMMm+a93rDOic4UbLcG+wdZu14DKOti0+U+lugiXu6ck2YKRguzSSpM+cFJRUDS1gDKwEbgzpQdmgLbIVXD9UGhba9lFS/o4DGdQM8gYlqLiqVL8wJdvexy4Q/z18BzLEA29ce4gfg7KmOvAAAAA==[0m[Pipeline] checkout
No credentials specified
 > git rev-parse --is-inside-work-tree # timeout=10
Fetching changes from the remote Git repository
 > git config remote.origin.url https://github.com/superigno/berlin-clock # timeout=10
Fetching upstream changes from https://github.com/superigno/berlin-clock
 > git --version # timeout=10
 > git fetch --tags --progress -- https://github.com/superigno/berlin-clock +refs/heads/*:refs/remotes/origin/* # timeout=10
 > git rev-parse refs/remotes/origin/master^{commit} # timeout=10
 > git rev-parse refs/remotes/origin/origin/master^{commit} # timeout=10
Checking out Revision 3d265ac8ee913c993b8c01b13e6aaaa417c38840 (refs/remotes/origin/master)
 > git config core.sparsecheckout # timeout=10
 > git checkout -f 3d265ac8ee913c993b8c01b13e6aaaa417c38840 # timeout=10
Commit message: "commit"
 > git rev-list --no-walk 3d265ac8ee913c993b8c01b13e6aaaa417c38840 # timeout=10
[8mha:////4D8o7lRL6GlKKtflRaPge386ZtJ5d+sOIAUxWzG1uyhGAAAAoh+LCAAAAAAAAP9tjTEOAiEURD9rLGwtPQTbGRNjZUtoPAGyiLDkfxZYdytP5NW8g8RNrJxkknnTvNcb1jnBiZLl3mDvMGvHYxhtXXyi1N8CTdzTlWvCTMFwaSZJnTkvKKkYWMIaWAnYGNSBskNbYCu8eqg2KLTtpaT6HQU0rhvgCUxUc1GpfGFOsLuPXSb8ef4KYI6xADvU7j9Dg2gqvAAAAA==[0m[Pipeline] }
[8mha:////4AjXeXcMms9irX4lGInTgVA/e0R9n7qaLjm+LBmqRuB/AAAAoh+LCAAAAAAAAP9tjTEOAiEURD9rLGwtPQRbWRhjZUtoPAGyiLDkfxZYdytP5NW8g8RNrJxkknnTvNcb1jnBiZLl3mDvMGvHYxhtXXyi1N8CTdzTlWvCTMFwaSZJnTkvKKkYWMIaWAnYGNSBskNbYCu8eqg2KLTtpaT6HQU0rhvgCUxUc1GpfGFOsLuPXSb8ef4KYI6xADvU7j9J+wGOvAAAAA==[0m[Pipeline] // stage
[8mha:////4JKQI8QuRYjkF3w6u3IPidBVp/WxUUO/pVC4IUpRrjiaAAAAph+LCAAAAAAAAP9tjTEOwjAQBM9BKWgpeYQDEh2iorXc8AITG+PEugv2haTiRXyNPxCIRMVWOyut5vmCMic4UPKycdgGzHWQXez91ORAqb1EGmRDZ1kTZopOajdosu44oyZ2MEcUsFCwdFhHygE9w0o15m6qaNBXJ07TtldQBHuDBwg1mdkk/sKYYH3tbSb8ef4KYOwYxI6h2G4+x/INtuQqUcEAAAA=[0m[Pipeline] withEnv
[8mha:////4GZcBXX9PSQbG4Hz4HZwob10tU0pGMa77YXh9qPzRDlOAAAApR+LCAAAAAAAAP9tjTEOwjAUQ3+DOrAycoiUzoiJNerCCUITQtLo/zZJSSdOxNW4Ay2VmPBg2Zas93pDGQOcKBjuNHYWY2t570czJ54pdDdPmTu68pYwkte80bkhpc9rbShpWFUw2AjYamw9RYsmwU44+ZCVl2iqSwrzdhTArBrgCYWYyUmG9C1TgP19VJHwx/kLgKlPwOrDYvXyLD8BobDcwgAAAA==[0m[Pipeline] {
[8mha:////4I+TvyMOTtkcnFpOnzQybm3kxVkTNn3G2cL58xSAAExaAAAAph+LCAAAAAAAAP9tjTEOwjAUQ3+LOrAycohUZUVMrFEWThCaEJJG/7dJSjpxIq7GHWipxIQHy7ZkvdcbqhjgRMEwp7GzGFvLej+aObFMobt5yszRlbWEkbxmQmdBSp/XKihpWFWUsOGw1dh6ihZNgh138iFrL9HUlxTm7cihtGqAJxR8JicZ0rdMAfb3UUXCH+cvAKY+Qdk0ix2WZ/UBbwyqm8IAAAA=[0m[Pipeline] stage
[8mha:////4ORP/kVNNnWrmuqKa5vk/1wipCYhYzLja+Hx8mQs5HxLAAAAph+LCAAAAAAAAP9tjTEOwjAUQ3+LOrAycohUwIiYukZZOEFoQkgb/V9+UtqJE3E17kBLJSY8WLYl673eUESGE7ETjcXWY6y96ELvpiQG4vYaaBANXURNGClYoeygyNhqqYqShUVZDisJa4t1oOjRJdjIRj90GTS68px42o4Scm/u8IRMTuSkOX3LyLC99SYS/jh/ATB2CfLdfrbD/Cw+y7kUycIAAAA=[0m[Pipeline] { (Declarative: Tool Install)
[8mha:////4CfzvYWlHQGGM2ZWDJQ8CW/NBcWM54aPt1ZlAYWeYkIZAAAApB+LCAAAAAAAAP9tjTEOwjAQBC9BFLSUPOIiBB2iSmu54QUmNsaJdWdsh6TiRXyNPxCIRMUWq51t5vmCZYpw5GixNdQ5So3D4Hs7LRw4dhfPA7Z8xoYpsTcozSBZm3pGydnAnKKEhYCVocZzcmQzrEWr7qryimx1ynH6DgJKp2/wgEJM5qxi/sIYYXPtdWL6ef4KYAwZyu3uU/vwBgq0rvS+AAAA[0m[Pipeline] tool
Unpacking file:/var/jenkins_home/downloads/jdk-8u131-linux-x64.tar.gz to /var/jenkins_home/tools/hudson.model.JDK/jdk8 on Jenkins
[8mha:////4NrXQaK7qU/g6mAMAy1HKvWMnEmzA4sc7Sb6Syd8tUSpAAAApB+LCAAAAAAAAP9tjTEOwjAQBC9BFLSUPOIihKgQVVrLDS8wsTFOrDtjOyQVL+Jr/IFAJCq2WO1sM88XLFOEI0eLraHOUWocBt/baeHAsbt4HrDlMzZMib1BaQbJ2tQzSs4G5hQlLASsDDWekyObYS1adVeVV2SrU47TdxBQOn2DBxRiMmcV8xfGCJtrrxPTz/NXAGPIUG53n9qHN0uFte2+AAAA[0m[Pipeline] envVarsForTool
[8mha:////4KpnCuw3mBTgz0m8GhlAXfdnY8Hl+RKKv20MzI86HkOtAAAApR+LCAAAAAAAAP9tjTEOwjAQBC9BFLSUPOIihESDqNJabniBiY1xYt0Z2yGpeBFf4w8EIlGxxWpnm3m+YJkiHDlabA11jlLjMPjeTgsHjt3F84Atn7FhSuwNSjNI1qaeUXI2MKcoYSFgZajxnBzZDGvRqruqvCJbnXKcvoOA0ukbPKAQkzmrmL8wRthce52Yfp6/AhhDhnK7+9Q+vAGI1pjGvgAAAA==[0m[Pipeline] tool
Unpacking file:/var/jenkins_home/downloads/apache-maven-3.5.0-bin.tar.gz to /var/jenkins_home/tools/hudson.tasks.Maven_MavenInstallation/maven3 on Jenkins
[8mha:////4OY71j/ge0MWppa4uVFLJDIIXAySZYh3yTzABhNH7M0cAAAApR+LCAAAAAAAAP9tjTEOwjAQBC9BFLSUPOIiREGBqNJabniBiY1xYt0Z2yGpeBFf4w8EIlGxxWpnm3m+YJkiHDlabA11jlLjMPjeTgsHjt3F84Atn7FhSuwNSjNI1qaeUXI2MKcoYSFgZajxnBzZDGvRqruqvCJbnXKcvoOA0ukbPKAQkzmrmL8wRthce52Yfp6/AhhDhnK7+9Q+vAHJ54PfvgAAAA==[0m[Pipeline] envVarsForTool
[8mha:////4BafpQJv4SDsPwNO8oAYPa9GjlE5ucFMrGPAt86AsBulAAAApR+LCAAAAAAAAP9tjTEOwjAQBC9BFLSUPOIiRIOEqNJabniBiY1xYt0Z2yGpeBFf4w8EIlGxxWpnm3m+YJkiHDlabA11jlLjMPjeTgsHjt3F84Atn7FhSuwNSjNI1qaeUXI2MKcoYSFgZajxnBzZDGvRqruqvCJbnXKcvoOA0ukbPKAQkzmrmL8wRthce52Yfp6/AhhDyFBu95/avQFudLBjvgAAAA==[0m[Pipeline] }
[8mha:////4LR8BOmv0HtSCA0B0TVhyUFSot+kaIrmxFUOgQyXM+l2AAAApB+LCAAAAAAAAP9tjTEOwjAQBC9BFLSUPOIi6BCiSmu54QUmNsaJdWdsh6TiRXyNPxCIRMUWq51t5vmCZYpw5GixNdQ5So3D4Hs7LRw4dhfPA7Z8xoYpsTcozSBZm3pGydnAnKKEhYCVocZzcmQzrEWr7qryimx1ynH6DgJKp2/wgEJM5qxi/sIYYXPtdWL6ef4KYAwhQ7ndf2r3Bl2X69++AAAA[0m[Pipeline] // stage
[8mha:////4E169ryBGFOJRNaOWpek1EZKwMQ0XNGjVejXDLw6MRUmAAAAph+LCAAAAAAAAP9tjTEOwjAUQ3+LOrAycoiUsiKmrlEWThCSENJG/5ckpZ04EVfjDgQqMeHBsi1Z7/mCKgY4UrCsM9g7jMqxwY82JzZR6C+eJtbRmSnCSN4wYSZB2rRLFZQMLCpKWHFYG1SeokObYMM7eZe1l2jrUwp5O3Aonb7BAwqeyUmG9C1zgO111JHwx/kLgHlIUDZNtv3u86ze+beK58IAAAA=[0m[Pipeline] withEnv
[8mha:////4Nvzg60Kbk0H6BwKKiBnQb/4UBBxguWE0ickYaFz1hB1AAAAph+LCAAAAAAAAP9tjTEOwjAUQ3+LOrAycogUWBFT1ygLJwhNCGmj/8tPSjtxIq7GHWipxIQHy7ZkvdcbishwInaisdh6jLUXXejdlMRA3F4DDaKhi6gJIwUrlB0UGVstVVGysCjLYSVhbbEOFD26BBvZ6Icug0ZXnhNP21FC7s0dnpDJiZw0p28ZGba33kTCH+cvAMYuQX7Yzbafn8UHbGnGmsIAAAA=[0m[Pipeline] {
[8mha:////4Nm4B76SYckg3p106Bfw2gD/rZFomD98fniwpAMYlGiYAAAAph+LCAAAAAAAAP9tjTEOwjAUQ3+DOrAycohUdEVMrFEXThCaEJJG/7dJSjpxIq7GHWipxIQHy7ZkvdcbyhjgRMFwp7GzGFvLez+aOfFMobt5ytzRlbeEkbzmjc4NKX1ea0NJw6qCwUbAVmPrKVo0CXbCyYesvERTXVKYt6MAZtUATyjETE4ypG+ZAuzvo4qEP85fAEx9AlYfFquXZ/kBAsTc3cIAAAA=[0m[Pipeline] stage
[8mha:////4LL5MHDyn+/3237Xhppu9XqsmbCbPZC1fKEV9L7jux/BAAAAph+LCAAAAAAAAP9tjTEOwjAUQ3+LOrAycohUKiNiYo2ycILQhJA0+r9NUtKJE3E17kBLJSY8WLYl673eUMUAJwqGOY2dxdha1vvRzIllCt3NU2aOrqwljOQ1EzoLUvq8VkFJw6qihA2HrcbWU7RoEuy4kw9Ze4mmvqQwb0cOpVUDPKHgMznJkL5lCrC/jyoS/jh/ATD1CcqmWeywPKsPpnFij8IAAAA=[0m[Pipeline] { (install and sonar parallel)
[8mha:////4A4pedOmo3OhnTYBiMjL9fzyUTpq09zFcuWCEvxwH4xQAAAApB+LCAAAAAAAAP9tjTEOwjAQBC9BFLSUPOIiAR2iSmu54QUmNsaJdWdsh6TiRXyNPxCIRMUWq51t5vmCZYpw5GixNdQ5So3D4Hs7LRw4dhfPA7Z8xoYpsTcozSBZm3pGydnAnKKEhYCVocZzcmQzrEWr7qryimx1ynH6DgJKp2/wgEJM5qxi/sIYYXPtdWL6ef4KYAwZyu3uU/vwBrANZ3i+AAAA[0m[Pipeline] tool
[8mha:////4IaZkAribzCKoblfE4DmPoaHRuyW/rn/Lq78YHQ50emNAAAApB+LCAAAAAAAAP9tjTEOwjAQBC9BFLSUPOIigagQVVrLDS8wsTFOrDtjOyQVL+Jr/IFAJCq2WO1sM88XLFOEI0eLraHOUWocBt/baeHAsbt4HrDlMzZMib1BaQbJ2tQzSs4G5hQlLASsDDWekyObYS1adVeVV2SrU47TdxBQOn2DBxRiMmcV8xfGCJtrrxPTz/NXAGPIUG53n9qHN/E8fGG+AAAA[0m[Pipeline] envVarsForTool
[8mha:////4LPIOSsdYI7kHKHTww4mrGO+8K/RxTV6WK/Nc8skYuQuAAAApR+LCAAAAAAAAP9tjTEOwjAQBC9BFLSUPOIigUSDqNJabniBiY1xYt0Z2yGpeBFf4w8EIlGxxWpnm3m+YJkiHDlabA11jlLjMPjeTgsHjt3F84Atn7FhSuwNSjNI1qaeUXI2MKcoYSFgZajxnBzZDGvRqruqvCJbnXKcvoOA0ukbPKAQkzmrmL8wRthce52Yfp6/AhhDhnK7+9Q+vAEyb1FKvgAAAA==[0m[Pipeline] tool
[8mha:////4E/RTvW/8WOXwk18BEw+8UMwi5jPGjf0U9dv13C4DoVzAAAApR+LCAAAAAAAAP9tjTEOwjAQBC9BFLSUPOIiQUGBqNJabniBiY1xYt0Z2yGpeBFf4w8EIlGxxWpnm3m+YJkiHDlabA11jlLjMPjeTgsHjt3F84Atn7FhSuwNSjNI1qaeUXI2MKcoYSFgZajxnBzZDGvRqruqvCJbnXKcvoOA0ukbPKAQkzmrmL8wRthce52Yfp6/AhhDhnK7+9Q+vAFzXkpTvgAAAA==[0m[Pipeline] envVarsForTool
[8mha:////4LZjDyAe9oJeIUw5/12WQQLOELLOO5os4t9saGmLSrQoAAAAqB+LCAAAAAAAAP9tjTEOwjAUQ3+LOrAycohUggUJMXWNsnCC0ISQNvq//KS0EyfiatyBlkpMeLBsS9Z7vaGIDCdiJxqLrcdYe9GF3k1JDMTtNdAgGrqImjBSsELZQZGx1VIVJQuLshxWEtYW60DRo0uwkY1+6DJodOU58bQdJeTe3OEJmZzISXP6lpFhe+tNJPxx/gJg7BLku/1sh/lZfAClXiskwgAAAA==[0m[Pipeline] withEnv
[8mha:////4Kv2wC4eu2moMaWVlIJb3hqEKqZiXxY9exm+wS7rRUC6AAAApx+LCAAAAAAAAP9tjTEOwjAUQ3+LOrAycohUYgIhpq5RFk4QmhDSRv+Xn5R24kRcjTvQUokJD5ZtyXqvNxSR4UTsRGOx9RhrL7rQuymJgbi9BhpEQxdRE0YKVig7KDK2WqqiZGFRlsNKwtpiHSh6dAk2stEPXQaNrjwnnrajhNybOzwhkxM5aU7fMjJsb72JhD/OXwCMXYJ8t5/tMD+LD0QKVszCAAAA[0m[Pipeline] {
[8mha:////4B5JC8A+Rg3wiDSseCXi9FmXXOUyy91yr5g4aiHiCp1BAAAAqB+LCAAAAAAAAP9tjTEOwjAUQ3+LOrAycogUwYRQJ9aoCycITQhJo/9LkpJOnIircQcClZjwYNmWrPd8QRU8NOQ1swp7g6EzbHCjzokl8v3FUWKWzqwjDOQUa1VqSarjXFuKCmYVJSw4LBV2joJBHWHFrbiL2gnU9Sn6vB04lEbe4AEFz+QofPyWycP6OspA+OP8BcA0RCi3+2y7zedZvQH4j6CMwgAAAA==[0m[Pipeline] parallel
[8mha:////4LHLalS2x1tD/DO/59raLTip8RB3ni0CwLokrEMG2miMAAAAph+LCAAAAAAAAP9tjTEOwjAUQ3+LOrAycogUwYiYukZZOEFoQkgb/V9+UtqJE3E17kBLJSY8WLYl673eUESGE7ETjcXWY6y96ELvpiQG4vYaaBANXURNGClYoeygyNhqqYqShUVZDisJa4t1oOjRJdjIRj90GTS68px42o4Scm/u8IRMTuSkOX3LyLC99SYS/jh/ATB2CfLDbrb9/Cw+GVyAIcIAAAA=[0m[Pipeline] { (Branch: install)
[8mha:////4MLT/fJYne4GsFi5sfXZsoLyUU/ovawnaAYF3obUqnYtAAAAph+LCAAAAAAAAP9tjTEOwjAUQ3+DOrAycogUqSNiYo26cILQhJA0+r9NUtKJE3E17kBLJSY8WLYl673eUMYAJwqGO42dxdha3vvRzIlnCt3NU+aOrrwljOQ1b3RuSOnzWhtKGlYVDDYCthpbT9GiSbATTj5k5SWa6pLCvB0FMKsGeEIhZnKSIX3LFGB/H1Uk/HH+AmDqE7D6sFi9PMsPvI/c6sIAAAA=[0m[Pipeline] { (Branch: sonar)
[8mha:////4Lxs3ru9292q3msCiC8fIKFzz4srQz/0pjZ/CVOOsf/nAAAApB+LCAAAAAAAAP9tjTEOwjAQBC9BFLSUPOIiAR2iSmu54QUmNsaJdWdsh6TiRXyNPxCIRMUWq51t5vmCZYpw5GixNdQ5So3D4Hs7LRw4dhfPA7Z8xoYpsTcozSBZm3pGydnAnKKEhYCVocZzcmQzrEWr7qryimx1ynH6DgJKp2/wgEJM5qxi/sIYYXPtdWL6ef4KYAwZyt32U/vwBq1seBO+AAAA[0m[Pipeline] sh
[8mha:////4MvACyWDAkQ3N2lW2SIzMbZLFvZ6H2UoyMA8DpPqTOoYAAAAox+LCAAAAAAAAP9tjTESwiAURH/iWNhaeghSZKwcK1uGxhNggghh/idAJJUn8mreQTQzVm6xs2+b93zBOgY4UtDMKhwMxs4w7yZdFssUhqujzCxdWEcYySkmVBbUq9OCgpKCJVUNKw4bhZ2jaFAn2HIr77JxEnVzTqF8Bw616Ud4QMWLOcmQvjAH2N2mPhL+PH8FMPsEddt+au/fWFYUrL4AAAA=[0m[Pipeline] sh
+ mvn -U clean test cobertura:cobertura -Dcobertura.report.format=xml
+ mvn sonar:sonar -Dsonar.host.url=http://172.21.96.1:9004
[INFO] Scanning for projects...
[INFO] Scanning for projects...
[INFO] 
[INFO] ------------------------------------------------------------------------
[INFO] Building berlin-clock 1.1-SNAPSHOT
[INFO] ------------------------------------------------------------------------
[INFO] 
[INFO] --- sonar-maven-plugin:3.7.0.1746:sonar (default-cli) @ berlin-clock ---
Downloading: https://repo.maven.apache.org/maven2/org/apache/maven/plugins/maven-metadata.xml
Downloading: https://repo.maven.apache.org/maven2/org/codehaus/mojo/maven-metadata.xml
[INFO] User cache: /var/jenkins_home/.sonar/cache
Progress (1): 1.4/20 kBProgress (2): 1.4/20 kB | 1.4/14 kBProgress (2): 1.4/20 kB | 2.7/14 kBProgress (2): 1.4/20 kB | 4.1/14 kBProgress (2): 2.7/20 kB | 4.1/14 kBProgress (2): 2.7/20 kB | 5.5/14 kBProgress (2): 4.1/20 kB | 5.5/14 kBProgress (2): 4.1/20 kB | 6.9/14 kBProgress (2): 5.5/20 kB | 6.9/14 kBProgress (2): 5.5/20 kB | 8.2/14 kBProgress (2): 5.5/20 kB | 9.6/14 kBProgress (2): 5.5/20 kB | 11/14 kB Progress (2): 5.5/20 kB | 12/14 kBProgress (2): 5.5/20 kB | 14 kB   Progress (2): 6.9/20 kB | 14 kBProgress (2): 8.2/20 kB | 14 kBProgress (2): 9.6/20 kB | 14 kBProgress (2): 11/20 kB | 14 kB Progress (2): 12/20 kB | 14 kBProgress (2): 14/20 kB | 14 kBProgress (2): 15/20 kB | 14 kBProgress (2): 16/20 kB | 14 kBProgress (2): 18/20 kB | 14 kBProgress (2): 19/20 kB | 14 kBProgress (2): 20 kB | 14 kB                              Downloaded: https://repo.maven.apache.org/maven2/org/apache/maven/plugins/maven-metadata.xml (14 kB at 6.6 kB/s)
Downloaded: https://repo.maven.apache.org/maven2/org/codehaus/mojo/maven-metadata.xml (20 kB at 9.6 kB/s)
Downloading: https://repo.maven.apache.org/maven2/org/codehaus/mojo/cobertura-maven-plugin/maven-metadata.xml
Progress (1): 605 B                   Downloaded: https://repo.maven.apache.org/maven2/org/codehaus/mojo/cobertura-maven-plugin/maven-metadata.xml (605 B at 1.9 kB/s)
[INFO] 
[INFO] ------------------------------------------------------------------------
[INFO] Building berlin-clock 1.1-SNAPSHOT
[INFO] ------------------------------------------------------------------------
[INFO] 
[INFO] --- maven-clean-plugin:2.5:clean (default-clean) @ berlin-clock ---
[INFO] Deleting /var/jenkins_home/jobs/pipeline-script-from-scm/workspace/target
[INFO] 
[INFO] --- maven-resources-plugin:2.6:resources (default-resources) @ berlin-clock ---
[INFO] SonarQube version: 7.8.0
[INFO] Default locale: "en", source code encoding: "UTF-8"
[INFO] Using 'UTF-8' encoding to copy filtered resources.
[INFO] skip non existing resourceDirectory /var/jenkins_home/jobs/pipeline-script-from-scm/workspace/src/main/resources
[INFO] 
[INFO] --- maven-compiler-plugin:3.1:compile (default-compile) @ berlin-clock ---
[WARNING] SonarQube scanners will require Java 11+ starting on next version
[INFO] Load global settings
[INFO] Changes detected - recompiling the module!
[INFO] Compiling 20 source files to /var/jenkins_home/jobs/pipeline-script-from-scm/workspace/target/classes
[INFO] Load global settings (done) | time=855ms
[INFO] Server id: BF41A1F2-AW-DEfIe60HdSCUiXpXw
[INFO] User cache: /var/jenkins_home/.sonar/cache
[INFO] Load/download plugins
[INFO] Load plugins index
[INFO] Load plugins index (done) | time=372ms
[INFO] 
[INFO] --- maven-resources-plugin:2.6:testResources (default-testResources) @ berlin-clock ---
[INFO] Using 'UTF-8' encoding to copy filtered resources.
[INFO] skip non existing resourceDirectory /var/jenkins_home/jobs/pipeline-script-from-scm/workspace/src/test/resources
[INFO] 
[INFO] --- maven-compiler-plugin:3.1:testCompile (default-testCompile) @ berlin-clock ---
[INFO] Changes detected - recompiling the module!
[INFO] Compiling 13 source files to /var/jenkins_home/jobs/pipeline-script-from-scm/workspace/target/test-classes
[INFO] 
[INFO] --- maven-surefire-plugin:2.12.4:test (default-test) @ berlin-clock ---
[INFO] Surefire report directory: /var/jenkins_home/jobs/pipeline-script-from-scm/workspace/target/surefire-reports

-------------------------------------------------------
 T E S T S
-------------------------------------------------------
Running ken.kata.techtest.parser.BerlinClockParserTest
Tests run: 2, Failures: 0, Errors: 0, Skipped: 0, Time elapsed: 0.417 sec
Running ken.kata.techtest.BerlinClockLoadTest
Tests run: 1, Failures: 0, Errors: 0, Skipped: 0, Time elapsed: 0.105 sec
Running ken.kata.techtest.clock.SecondsTest
Tests run: 3, Failures: 0, Errors: 0, Skipped: 0, Time elapsed: 0.008 sec
Running ken.kata.techtest.clock.HoursTest
RROO OOOO
Tests run: 5, Failures: 0, Errors: 0, Skipped: 0, Time elapsed: 0.006 sec
Running ken.kata.techtest.clock.MinutesTest
Tests run: 5, Failures: 0, Errors: 0, Skipped: 0, Time elapsed: 0.006 sec
Running ken.kata.techtest.clock.HoursTimeUnitBottomPartTest
Tests run: 3, Failures: 0, Errors: 0, Skipped: 0, Time elapsed: 0.021 sec
Running ken.kata.techtest.clock.SecondsTimeUnitPartTest
Tests run: 2, Failures: 0, Errors: 0, Skipped: 0, Time elapsed: 0.001 sec
Running ken.kata.techtest.clock.HoursTimeUnitTopPartTest
Tests run: 3, Failures: 0, Errors: 0, Skipped: 0, Time elapsed: 0.01 sec
Running ken.kata.techtest.clock.MinutesTimeUnitTopPartTest
Tests run: 4, Failures: 0, Errors: 0, Skipped: 0, Time elapsed: 0 sec
Running ken.kata.techtest.clock.MinutesTimeUnitBottomPartTest
Tests run: 4, Failures: 0, Errors: 0, Skipped: 0, Time elapsed: 0 sec
Running ken.kata.techtest.BerlinClockUTest
13::17:01 -> O RROO RRRO YYROOOOOOOO YYOO
23::59:59 -> O RRRR RRRO YYRYYRYYRYY YYYY
24::00:00 -> Y RRRR RRRR OOOOOOOOOOO OOOO
24::00:01 -> O RRRR RRRR OOOOOOOOOOO OOOO
01::00:00 -> Y OOOO ROOO OOOOOOOOOOO OOOO
10::10:10 -> Y RROO OOOO YYOOOOOOOOO OOOO
16::16:16 -> Y RRRO ROOO YYROOOOOOOO YOOO
Tests run: 8, Failures: 0, Errors: 0, Skipped: 0, Time elapsed: 0.067 sec

Results :

Tests run: 40, Failures: 0, Errors: 0, Skipped: 0

[INFO] 
[INFO] >>> cobertura-maven-plugin:2.7:cobertura (default-cli) > [cobertura]test @ berlin-clock >>>
[INFO] 
[INFO] --- maven-resources-plugin:2.6:resources (default-resources) @ berlin-clock ---
[INFO] Using 'UTF-8' encoding to copy filtered resources.
[INFO] skip non existing resourceDirectory /var/jenkins_home/jobs/pipeline-script-from-scm/workspace/src/main/resources
[INFO] 
[INFO] --- maven-compiler-plugin:3.1:compile (default-compile) @ berlin-clock ---
[INFO] Nothing to compile - all classes are up to date
[INFO] 
[INFO] --- cobertura-maven-plugin:2.7:instrument (default-cli) @ berlin-clock ---
[INFO] Cobertura 2.1.1 - GNU GPL License (NO WARRANTY) - See COPYRIGHT file
[WARN] Unable to instrument file /var/jenkins_home/jobs/pipeline-script-from-scm/workspace/target/generated-classes/cobertura/ken/kata/techtest/clock/TimeUnitPart.class
java.lang.IllegalArgumentException: INVOKESPECIAL/STATIC on interfaces require ASM 5
	at org.objectweb.asm.MethodVisitor.visitMethodInsn(Unknown Source) ~[asm-5.0.1.jar:5.0.1]
	at org.objectweb.asm.ClassReader.a(Unknown Source) ~[asm-5.0.1.jar:5.0.1]
	at org.objectweb.asm.ClassReader.b(Unknown Source) ~[asm-5.0.1.jar:5.0.1]
	at org.objectweb.asm.ClassReader.accept(Unknown Source) ~[asm-5.0.1.jar:5.0.1]
	at org.objectweb.asm.ClassReader.accept(Unknown Source) ~[asm-5.0.1.jar:5.0.1]
	at net.sourceforge.cobertura.instrument.CoberturaInstrumenter.instrumentClass(CoberturaInstrumenter.java:161) [cobertura-2.1.1.jar:2.1.1]
	at net.sourceforge.cobertura.instrument.CoberturaInstrumenter.instrumentClass(CoberturaInstrumenter.java:129) [cobertura-2.1.1.jar:2.1.1]
	at net.sourceforge.cobertura.instrument.CoberturaInstrumenter.addInstrumentationToSingleClass(CoberturaInstrumenter.java:243) [cobertura-2.1.1.jar:2.1.1]
	at net.sourceforge.cobertura.instrument.CodeInstrumentationTask.addInstrumentationToSingleClass(CodeInstrumentationTask.java:299) [cobertura-2.1.1.jar:2.1.1]
	at net.sourceforge.cobertura.instrument.CodeInstrumentationTask.addInstrumentation(CodeInstrumentationTask.java:308) [cobertura-2.1.1.jar:2.1.1]
	at net.sourceforge.cobertura.instrument.CodeInstrumentationTask.instrument(CodeInstrumentationTask.java:90) [cobertura-2.1.1.jar:2.1.1]
	at net.sourceforge.cobertura.dsl.Cobertura.instrumentCode(Cobertura.java:74) [cobertura-2.1.1.jar:2.1.1]
	at net.sourceforge.cobertura.instrument.InstrumentMain.instrument(InstrumentMain.java:82) [cobertura-2.1.1.jar:2.1.1]
	at net.sourceforge.cobertura.instrument.InstrumentMain.main(InstrumentMain.java:99) [cobertura-2.1.1.jar:2.1.1]
[INFO] Cobertura: Saved information on 19 classes.
[INFO] Cobertura: Saved information on 19 classes.

[INFO] Instrumentation was successful.
[INFO] NOT adding cobertura ser file to attached artifacts list.
[INFO] 
[INFO] --- maven-resources-plugin:2.6:testResources (default-testResources) @ berlin-clock ---
[INFO] Using 'UTF-8' encoding to copy filtered resources.
[INFO] skip non existing resourceDirectory /var/jenkins_home/jobs/pipeline-script-from-scm/workspace/src/test/resources
[INFO] 
[INFO] --- maven-compiler-plugin:3.1:testCompile (default-testCompile) @ berlin-clock ---
[INFO] Nothing to compile - all classes are up to date
[INFO] 
[INFO] --- maven-surefire-plugin:2.12.4:test (default-test) @ berlin-clock ---
[INFO] Surefire report directory: /var/jenkins_home/jobs/pipeline-script-from-scm/workspace/target/surefire-reports

-------------------------------------------------------
 T E S T S
-------------------------------------------------------
Running ken.kata.techtest.parser.BerlinClockParserTest
Tests run: 2, Failures: 0, Errors: 0, Skipped: 0, Time elapsed: 0.926 sec
Running ken.kata.techtest.BerlinClockLoadTest
Tests run: 1, Failures: 0, Errors: 0, Skipped: 0, Time elapsed: 0.155 sec
Running ken.kata.techtest.clock.SecondsTest
Tests run: 3, Failures: 0, Errors: 0, Skipped: 0, Time elapsed: 0.007 sec
Running ken.kata.techtest.clock.HoursTest
RROO OOOO
Tests run: 5, Failures: 0, Errors: 0, Skipped: 0, Time elapsed: 0.014 sec
Running ken.kata.techtest.clock.MinutesTest
[INFO] Load/download plugins (done) | time=10395ms
[INFO] Process project properties
[INFO] Execute project builders
[INFO] Execute project builders (done) | time=9ms
[INFO] Project key: ken:berlin-clock
[INFO] Base dir: /var/jenkins_home/jobs/pipeline-script-from-scm/workspace
[INFO] Working dir: /var/jenkins_home/jobs/pipeline-script-from-scm/workspace/target/sonar
[INFO] Load project settings for component key: 'ken:berlin-clock'
Tests run: 5, Failures: 0, Errors: 0, Skipped: 0, Time elapsed: 0.011 sec
Running ken.kata.techtest.clock.HoursTimeUnitBottomPartTest
Tests run: 3, Failures: 0, Errors: 0, Skipped: 0, Time elapsed: 0.009 sec
Running ken.kata.techtest.clock.SecondsTimeUnitPartTest
Tests run: 2, Failures: 0, Errors: 0, Skipped: 0, Time elapsed: 0.003 sec
Running ken.kata.techtest.clock.HoursTimeUnitTopPartTest
Tests run: 3, Failures: 0, Errors: 0, Skipped: 0, Time elapsed: 0 sec
Running ken.kata.techtest.clock.MinutesTimeUnitTopPartTest
Tests run: 4, Failures: 0, Errors: 0, Skipped: 0, Time elapsed: 0.001 sec
Running ken.kata.techtest.clock.MinutesTimeUnitBottomPartTest
Tests run: 4, Failures: 0, Errors: 0, Skipped: 0, Time elapsed: 0 sec
Running ken.kata.techtest.BerlinClockUTest
13::17:01 -> O RROO RRRO YYROOOOOOOO YYOO
23::59:59 -> O RRRR RRRO YYRYYRYYRYY YYYY
24::00:00 -> Y RRRR RRRR OOOOOOOOOOO OOOO
24::00:01 -> O RRRR RRRR OOOOOOOOOOO OOOO
01::00:00 -> Y OOOO ROOO OOOOOOOOOOO OOOO
10::10:10 -> Y RROO OOOO YYOOOOOOOOO OOOO
16::16:16 -> Y RRRO ROOO YYROOOOOOOO YOOO
Tests run: 8, Failures: 0, Errors: 0, Skipped: 0, Time elapsed: 0.038 sec
[INFO] Load project settings for component key: 'ken:berlin-clock' (done) | time=386ms
[INFO] Load quality profiles
[INFO] Load quality profiles (done) | time=812ms
[INFO] Load active rules
[INFO] Cobertura: Loaded information on 19 classes.
[INFO] Cobertura: Saved information on 19 classes.

Results :

Tests run: 40, Failures: 0, Errors: 0, Skipped: 0

[INFO] 
[INFO] <<< cobertura-maven-plugin:2.7:cobertura (default-cli) < [cobertura]test @ berlin-clock <<<
[INFO] 
[INFO] 
[INFO] --- cobertura-maven-plugin:2.7:cobertura (default-cli) @ berlin-clock ---
[INFO] Cobertura 2.1.1 - GNU GPL License (NO WARRANTY) - See COPYRIGHT file
[INFO] Cobertura: Loaded information on 19 classes.
[WARN] JavaNCSS got an error while parsing the java file /var/jenkins_home/jobs/pipeline-script-from-scm/workspace/src/main/java/ken/kata/techtest/clock/AbstractTimeUnit.java
ParseException in STDIN
Last useful checkpoint: "ken.kata.techtest.clock.AbstractTimeUnit.display(int)"
Encountered " ">" "> "" at line 20, column 35.
Was expecting one of:
    "assert" ...
    "boolean" ...
    "byte" ...
    "char" ...
    "double" ...
    "enum" ...
    "false" ...
    "float" ...
    "int" ...
    "long" ...
    "new" ...
    "null" ...
    "short" ...
    "super" ...
    "this" ...
    "true" ...
    "void" ...
    <INTEGER_LITERAL> ...
    <FLOATING_POINT_LITERAL> ...
    <CHARACTER_LITERAL> ...
    <STRING_LITERAL> ...
    <IDENTIFIER> ...
    "(" ...
    "!" ...
    "~" ...
    "++" ...
    "--" ...
    "+" ...
    "-" ...
    

[WARN] JavaNCSS got an error while parsing the java file /var/jenkins_home/jobs/pipeline-script-from-scm/workspace/src/main/java/ken/kata/techtest/clock/hours/Hours.java
ParseException in STDIN
Last useful checkpoint: "ken.kata.techtest.clock.hours.Hoursken.kata.techtest.clock.hours.Hours.Hours()"
Encountered " ">" "> "" at line 11, column 26.
Was expecting one of:
    "assert" ...
    "boolean" ...
    "byte" ...
    "char" ...
    "double" ...
    "enum" ...
    "false" ...
    "float" ...
    "int" ...
    "long" ...
    "new" ...
    "null" ...
    "short" ...
    "super" ...
    "this" ...
    "true" ...
    "void" ...
    <INTEGER_LITERAL> ...
    <FLOATING_POINT_LITERAL> ...
    <CHARACTER_LITERAL> ...
    <STRING_LITERAL> ...
    <IDENTIFIER> ...
    "(" ...
    "!" ...
    "~" ...
    "++" ...
    "--" ...
    "+" ...
    "-" ...
    

[WARN] JavaNCSS got an error while parsing the java file /var/jenkins_home/jobs/pipeline-script-from-scm/workspace/src/main/java/ken/kata/techtest/clock/hours/HoursFactory.java
ParseException in STDIN
Last useful checkpoint: "ken.kata.techtest.clock.hours.HoursFactory.createTopPart()"
Encountered " ">" "> "" at line 25, column 26.
Was expecting one of:
    "assert" ...
    "boolean" ...
    "byte" ...
    "char" ...
    "double" ...
    "enum" ...
    "false" ...
    "float" ...
    "int" ...
    "long" ...
    "new" ...
    "null" ...
    "short" ...
    "super" ...
    "this" ...
    "true" ...
    "void" ...
    <INTEGER_LITERAL> ...
    <FLOATING_POINT_LITERAL> ...
    <CHARACTER_LITERAL> ...
    <STRING_LITERAL> ...
    <IDENTIFIER> ...
    "(" ...
    "!" ...
    "~" ...
    "++" ...
    "--" ...
    "+" ...
    "-" ...
    

[WARN] JavaNCSS got an error while parsing the java file /var/jenkins_home/jobs/pipeline-script-from-scm/workspace/src/main/java/ken/kata/techtest/clock/minutes/Minutes.java
ParseException in STDIN
Last useful checkpoint: "ken.kata.techtest.clock.minutes.Minutesken.kata.techtest.clock.minutes.Minutes.Minutes()"
Encountered " ">" "> "" at line 11, column 26.
Was expecting one of:
    "assert" ...
    "boolean" ...
    "byte" ...
    "char" ...
    "double" ...
    "enum" ...
    "false" ...
    "float" ...
    "int" ...
    "long" ...
    "new" ...
    "null" ...
    "short" ...
    "super" ...
    "this" ...
    "true" ...
    "void" ...
    <INTEGER_LITERAL> ...
    <FLOATING_POINT_LITERAL> ...
    <CHARACTER_LITERAL> ...
    <STRING_LITERAL> ...
    <IDENTIFIER> ...
    "(" ...
    "!" ...
    "~" ...
    "++" ...
    "--" ...
    "+" ...
    "-" ...
    

[WARN] JavaNCSS got an error while parsing the java file /var/jenkins_home/jobs/pipeline-script-from-scm/workspace/src/main/java/ken/kata/techtest/clock/minutes/MinutesFactory.java
ParseException in STDIN
Last useful checkpoint: "ken.kata.techtest.clock.minutes.MinutesFactory.createTopPart()"
Encountered " ">" "> "" at line 32, column 26.
Was expecting one of:
    "assert" ...
    "boolean" ...
    "byte" ...
    "char" ...
    "double" ...
    "enum" ...
    "false" ...
    "float" ...
    "int" ...
    "long" ...
    "new" ...
    "null" ...
    "short" ...
    "super" ...
    "this" ...
    "true" ...
    "void" ...
    <INTEGER_LITERAL> ...
    <FLOATING_POINT_LITERAL> ...
    <CHARACTER_LITERAL> ...
    <STRING_LITERAL> ...
    <IDENTIFIER> ...
    "(" ...
    "!" ...
    "~" ...
    "++" ...
    "--" ...
    "+" ...
    "-" ...
    

[WARN] JavaNCSS got an error while parsing the java file /var/jenkins_home/jobs/pipeline-script-from-scm/workspace/src/main/java/ken/kata/techtest/clock/seconds/Seconds.java
ParseException in STDIN
Last useful checkpoint: "ken.kata.techtest.clock.seconds.Secondsken.kata.techtest.clock.seconds.Seconds.Seconds()"
Encountered " ">" "> "" at line 11, column 26.
Was expecting one of:
    "assert" ...
    "boolean" ...
    "byte" ...
    "char" ...
    "double" ...
    "enum" ...
    "false" ...
    "float" ...
    "int" ...
    "long" ...
    "new" ...
    "null" ...
    "short" ...
    "super" ...
    "this" ...
    "true" ...
    "void" ...
    <INTEGER_LITERAL> ...
    <FLOATING_POINT_LITERAL> ...
    <CHARACTER_LITERAL> ...
    <STRING_LITERAL> ...
    <IDENTIFIER> ...
    "(" ...
    "!" ...
    "~" ...
    "++" ...
    "--" ...
    "+" ...
    "-" ...
    

[WARN] JavaNCSS got an error while parsing the java file /var/jenkins_home/jobs/pipeline-script-from-scm/workspace/src/main/java/ken/kata/techtest/clock/seconds/SecondsFactory.java
ParseException in STDIN
Last useful checkpoint: "ken.kata.techtest.clock.seconds.SecondsFactory.createPart()"
Encountered " ">" "> "" at line 21, column 26.
Was expecting one of:
    "assert" ...
    "boolean" ...
    "byte" ...
    "char" ...
    "double" ...
    "enum" ...
    "false" ...
    "float" ...
    "int" ...
    "long" ...
    "new" ...
    "null" ...
    "short" ...
    "super" ...
    "this" ...
    "true" ...
    "void" ...
    <INTEGER_LITERAL> ...
    <FLOATING_POINT_LITERAL> ...
    <CHARACTER_LITERAL> ...
    <STRING_LITERAL> ...
    <IDENTIFIER> ...
    "(" ...
    "!" ...
    "~" ...
    "++" ...
    "--" ...
    "+" ...
    "-" ...
    

Report time: 500ms

[ERROR] net.sourceforge.cobertura.javancss.parser.ParseException: Encountered " ">" "> "" at line 20, column 35.
Was expecting one of:
    "assert" ...
    "boolean" ...
    "byte" ...
    "char" ...
    "double" ...
    "enum" ...
    "false" ...
    "float" ...
    "int" ...
    "long" ...
    "new" ...
    "null" ...
    "short" ...
    "super" ...
    "this" ...
    "true" ...
    "void" ...
    <INTEGER_LITERAL> ...
    <FLOATING_POINT_LITERAL> ...
    <CHARACTER_LITERAL> ...
    <STRING_LITERAL> ...
    <IDENTIFIER> ...
    "(" ...
    "!" ...
    "~" ...
    "++" ...
    "--" ...
    "+" ...
    "-" ...
    
	at net.sourceforge.cobertura.javancss.parser.JavaParser.generateParseException(JavaParser.java:10490)
	at net.sourceforge.cobertura.javancss.parser.JavaParser.jj_consume_token(JavaParser.java:10366)
	at net.sourceforge.cobertura.javancss.parser.JavaParser.UnaryExpression(JavaParser.java:3175)
	at net.sourceforge.cobertura.javancss.parser.JavaParser.MultiplicativeExpression(JavaParser.java:3090)
	at net.sourceforge.cobertura.javancss.parser.JavaParser.AdditiveExpression(JavaParser.java:3085)
	at net.sourceforge.cobertura.javancss.parser.JavaParser.ShiftExpression(JavaParser.java:3027)
	at net.sourceforge.cobertura.javancss.parser.JavaParser.RelationalExpression(JavaParser.java:2990)
	at net.sourceforge.cobertura.javancss.parser.JavaParser.InstanceOfExpression(JavaParser.java:2977)
	at net.sourceforge.cobertura.javancss.parser.JavaParser.AssigmentExpression(JavaParser.java:2959)
	at net.sourceforge.cobertura.javancss.parser.JavaParser.EqualityExpression(JavaParser.java:2886)
	at net.sourceforge.cobertura.javancss.parser.JavaParser.AndExpression(JavaParser.java:2860)
	at net.sourceforge.cobertura.javancss.parser.JavaParser.ExclusiveOrExpression(JavaParser.java:2843)
	at net.sourceforge.cobertura.javancss.parser.JavaParser.InclusiveOrExpression(JavaParser.java:2826)
	at net.sourceforge.cobertura.javancss.parser.JavaParser.ConditionalAndExpression(JavaParser.java:2808)
	at net.sourceforge.cobertura.javancss.parser.JavaParser.ConditionalOrExpression(JavaParser.java:2790)
	at net.sourceforge.cobertura.javancss.parser.JavaParser.ConditionalExpression(JavaParser.java:2774)
	at net.sourceforge.cobertura.javancss.parser.JavaParser.Expression(JavaParser.java:2718)
	at net.sourceforge.cobertura.javancss.parser.JavaParser.ArgumentList(JavaParser.java:3620)
	at net.sourceforge.cobertura.javancss.parser.JavaParser.Arguments(JavaParser.java:3610)
	at net.sourceforge.cobertura.javancss.parser.JavaParser.PrimarySuffix(JavaParser.java:3511)
	at net.sourceforge.cobertura.javancss.parser.JavaParser.PrimaryExpression(JavaParser.java:3384)
	at net.sourceforge.cobertura.javancss.parser.JavaParser.PostfixExpression(JavaParser.java:3330)
	at net.sourceforge.cobertura.javancss.parser.JavaParser.UnaryExpressionNotPlusMinus(JavaParser.java:3237)
	at net.sourceforge.cobertura.javancss.parser.JavaParser.UnaryExpression(JavaParser.java:3171)
	at net.sourceforge.cobertura.javancss.parser.JavaParser.MultiplicativeExpression(JavaParser.java:3090)
	at net.sourceforge.cobertura.javancss.parser.JavaParser.AdditiveExpression(JavaParser.java:3061)
	at net.sourceforge.cobertura.javancss.parser.JavaParser.ShiftExpression(JavaParser.java:3027)
	at net.sourceforge.cobertura.javancss.parser.JavaParser.RelationalExpression(JavaParser.java:2990)
	at net.sourceforge.cobertura.javancss.parser.JavaParser.InstanceOfExpression(JavaParser.java:2977)
	at net.sourceforge.cobertura.javancss.parser.JavaParser.AssigmentExpression(JavaParser.java:2959)
	at net.sourceforge.cobertura.javancss.parser.JavaParser.EqualityExpression(JavaParser.java:2886)
	at net.sourceforge.cobertura.javancss.parser.JavaParser.AndExpression(JavaParser.java:2860)
	at net.sourceforge.cobertura.javancss.parser.JavaParser.ExclusiveOrExpression(JavaParser.java:2843)
	at net.sourceforge.cobertura.javancss.parser.JavaParser.InclusiveOrExpression(JavaParser.java:2826)
	at net.sourceforge.cobertura.javancss.parser.JavaParser.ConditionalAndExpression(JavaParser.java:2808)
	at net.sourceforge.cobertura.javancss.parser.JavaParser.ConditionalOrExpression(JavaParser.java:2790)
	at net.sourceforge.cobertura.javancss.parser.JavaParser.ConditionalExpression(JavaParser.java:2774)
	at net.sourceforge.cobertura.javancss.parser.JavaParser.Expression(JavaParser.java:2718)
	at net.sourceforge.cobertura.javancss.parser.JavaParser.ReturnStatement(JavaParser.java:4572)
	at net.sourceforge.cobertura.javancss.parser.JavaParser.Statement(JavaParser.java:3825)
	at net.sourceforge.cobertura.javancss.parser.JavaParser.BlockStatement(JavaParser.java:3984)
	at net.sourceforge.cobertura.javancss.parser.JavaParser.Block(JavaParser.java:3934)
	at net.sourceforge.cobertura.javancss.parser.JavaParser.MethodDeclaration(JavaParser.java:1987)
	at net.sourceforge.cobertura.javancss.parser.JavaParser.ClassBodyDeclaration(JavaParser.java:1039)
	at net.sourceforge.cobertura.javancss.parser.JavaParser.ClassBody(JavaParser.java:898)
	at net.sourceforge.cobertura.javancss.parser.JavaParser.UnmodifiedClassDeclaration(JavaParser.java:824)
	at net.sourceforge.cobertura.javancss.parser.JavaParser.ClassDeclaration(JavaParser.java:728)
	at net.sourceforge.cobertura.javancss.parser.JavaParser.TypeDeclaration(JavaParser.java:575)
	at net.sourceforge.cobertura.javancss.parser.JavaParser.CompilationUnit(JavaParser.java:318)
	at net.sourceforge.cobertura.javancss.parser.JavaParser.parse(JavaParser.java:100)
	at net.sourceforge.cobertura.javancss.Javancss._measureSource(Javancss.java:192)
	at net.sourceforge.cobertura.javancss.Javancss._measureRoot(Javancss.java:268)
	at net.sourceforge.cobertura.javancss.Javancss.<init>(Javancss.java:347)
	at net.sourceforge.cobertura.javancss.JavancssFactory.newInstance(JavancssFactory.java:40)
	at net.sourceforge.cobertura.reporting.ComplexityCalculator.getFunctionMetricsForSingleFile(ComplexityCalculator.java:243)
	at net.sourceforge.cobertura.reporting.ComplexityCalculator.getAccumlatedCCNForSingleFile(ComplexityCalculator.java:143)
	at net.sourceforge.cobertura.reporting.ComplexityCalculator.getCCNForSourceFileNameInternal(ComplexityCalculator.java:273)
	at net.sourceforge.cobertura.reporting.ComplexityCalculator.getCCNForPackageInternal(ComplexityCalculator.java:208)
	at net.sourceforge.cobertura.reporting.ComplexityCalculator.getCCNForProject(ComplexityCalculator.java:174)
	at net.sourceforge.cobertura.reporting.xml.XMLReport.<init>(XMLReport.java:70)
	at net.sourceforge.cobertura.reporting.xml.XMLReportFormatStrategy.save(XMLReportFormatStrategy.java:18)
	at net.sourceforge.cobertura.reporting.NativeReport.export(NativeReport.java:31)
	at net.sourceforge.cobertura.reporting.CompositeReport.export(CompositeReport.java:19)
	at net.sourceforge.cobertura.reporting.ReportMain.parseArgumentsAndReport(ReportMain.java:91)
	at net.sourceforge.cobertura.reporting.ReportMain.generateReport(ReportMain.java:141)
	at net.sourceforge.cobertura.reporting.ReportMain.main(ReportMain.java:151)
net.sourceforge.cobertura.javancss.parser.ParseException: Encountered " ">" "> "" at line 11, column 26.
Was expecting one of:
    "assert" ...
    "boolean" ...
    "byte" ...
    "char" ...
    "double" ...
    "enum" ...
    "false" ...
    "float" ...
    "int" ...
    "long" ...
    "new" ...
    "null" ...
    "short" ...
    "super" ...
    "this" ...
    "true" ...
    "void" ...
    <INTEGER_LITERAL> ...
    <FLOATING_POINT_LITERAL> ...
    <CHARACTER_LITERAL> ...
    <STRING_LITERAL> ...
    <IDENTIFIER> ...
    "(" ...
    "!" ...
    "~" ...
    "++" ...
    "--" ...
    "+" ...
    "-" ...
    
	at net.sourceforge.cobertura.javancss.parser.JavaParser.generateParseException(JavaParser.java:10490)
	at net.sourceforge.cobertura.javancss.parser.JavaParser.jj_consume_token(JavaParser.java:10366)
	at net.sourceforge.cobertura.javancss.parser.JavaParser.UnaryExpression(JavaParser.java:3175)
	at net.sourceforge.cobertura.javancss.parser.JavaParser.MultiplicativeExpression(JavaParser.java:3090)
	at net.sourceforge.cobertura.javancss.parser.JavaParser.AdditiveExpression(JavaParser.java:3085)
	at net.sourceforge.cobertura.javancss.parser.JavaParser.ShiftExpression(JavaParser.java:3027)
	at net.sourceforge.cobertura.javancss.parser.JavaParser.RelationalExpression(JavaParser.java:2990)
	at net.sourceforge.cobertura.javancss.parser.JavaParser.InstanceOfExpression(JavaParser.java:2977)
	at net.sourceforge.cobertura.javancss.parser.JavaParser.AssigmentExpression(JavaParser.java:2959)
	at net.sourceforge.cobertura.javancss.parser.JavaParser.EqualityExpression(JavaParser.java:2886)
	at net.sourceforge.cobertura.javancss.parser.JavaParser.AndExpression(JavaParser.java:2860)
	at net.sourceforge.cobertura.javancss.parser.JavaParser.ExclusiveOrExpression(JavaParser.java:2843)
	at net.sourceforge.cobertura.javancss.parser.JavaParser.InclusiveOrExpression(JavaParser.java:2826)
	at net.sourceforge.cobertura.javancss.parser.JavaParser.ConditionalAndExpression(JavaParser.java:2808)
	at net.sourceforge.cobertura.javancss.parser.JavaParser.ConditionalOrExpression(JavaParser.java:2790)
	at net.sourceforge.cobertura.javancss.parser.JavaParser.ConditionalExpression(JavaParser.java:2774)
	at net.sourceforge.cobertura.javancss.parser.JavaParser.Expression(JavaParser.java:2718)
	at net.sourceforge.cobertura.javancss.parser.JavaParser.ArgumentList(JavaParser.java:3620)
	at net.sourceforge.cobertura.javancss.parser.JavaParser.Arguments(JavaParser.java:3610)
	at net.sourceforge.cobertura.javancss.parser.JavaParser.AllocationExpression(JavaParser.java:3665)
	at net.sourceforge.cobertura.javancss.parser.JavaParser.PrimaryPrefix(JavaParser.java:3456)
	at net.sourceforge.cobertura.javancss.parser.JavaParser.PrimaryExpression(JavaParser.java:3376)
	at net.sourceforge.cobertura.javancss.parser.JavaParser.PostfixExpression(JavaParser.java:3330)
	at net.sourceforge.cobertura.javancss.parser.JavaParser.UnaryExpressionNotPlusMinus(JavaParser.java:3237)
	at net.sourceforge.cobertura.javancss.parser.JavaParser.UnaryExpression(JavaParser.java:3171)
	at net.sourceforge.cobertura.javancss.parser.JavaParser.MultiplicativeExpression(JavaParser.java:3090)
	at net.sourceforge.cobertura.javancss.parser.JavaParser.AdditiveExpression(JavaParser.java:3061)
	at net.sourceforge.cobertura.javancss.parser.JavaParser.ShiftExpression(JavaParser.java:3027)
	at net.sourceforge.cobertura.javancss.parser.JavaParser.RelationalExpression(JavaParser.java:2990)
	at net.sourceforge.cobertura.javancss.parser.JavaParser.InstanceOfExpression(JavaParser.java:2977)
	at net.sourceforge.cobertura.javancss.parser.JavaParser.AssigmentExpression(JavaParser.java:2959)
	at net.sourceforge.cobertura.javancss.parser.JavaParser.EqualityExpression(JavaParser.java:2886)
	at net.sourceforge.cobertura.javancss.parser.JavaParser.AndExpression(JavaParser.java:2860)
	at net.sourceforge.cobertura.javancss.parser.JavaParser.ExclusiveOrExpression(JavaParser.java:2843)
	at net.sourceforge.cobertura.javancss.parser.JavaParser.InclusiveOrExpression(JavaParser.java:2826)
	at net.sourceforge.cobertura.javancss.parser.JavaParser.ConditionalAndExpression(JavaParser.java:2808)
	at net.sourceforge.cobertura.javancss.parser.JavaParser.ConditionalOrExpression(JavaParser.java:2790)
	at net.sourceforge.cobertura.javancss.parser.JavaParser.ConditionalExpression(JavaParser.java:2774)
	at net.sourceforge.cobertura.javancss.parser.JavaParser.Expression(JavaParser.java:2718)
	at net.sourceforge.cobertura.javancss.parser.JavaParser.StatementExpression(JavaParser.java:4106)
	at net.sourceforge.cobertura.javancss.parser.JavaParser.Statement(JavaParser.java:3795)
	at net.sourceforge.cobertura.javancss.parser.JavaParser.BlockStatement(JavaParser.java:3984)
	at net.sourceforge.cobertura.javancss.parser.JavaParser.ConstructorDeclaration(JavaParser.java:2375)
	at net.sourceforge.cobertura.javancss.parser.JavaParser.ClassBodyDeclaration(JavaParser.java:1037)
	at net.sourceforge.cobertura.javancss.parser.JavaParser.ClassBody(JavaParser.java:898)
	at net.sourceforge.cobertura.javancss.parser.JavaParser.UnmodifiedClassDeclaration(JavaParser.java:824)
	at net.sourceforge.cobertura.javancss.parser.JavaParser.ClassDeclaration(JavaParser.java:728)
	at net.sourceforge.cobertura.javancss.parser.JavaParser.TypeDeclaration(JavaParser.java:575)
	at net.sourceforge.cobertura.javancss.parser.JavaParser.CompilationUnit(JavaParser.java:318)
	at net.sourceforge.cobertura.javancss.parser.JavaParser.parse(JavaParser.java:100)
	at net.sourceforge.cobertura.javancss.Javancss._measureSource(Javancss.java:192)
	at net.sourceforge.cobertura.javancss.Javancss._measureRoot(Javancss.java:268)
	at net.sourceforge.cobertura.javancss.Javancss.<init>(Javancss.java:347)
	at net.sourceforge.cobertura.javancss.JavancssFactory.newInstance(JavancssFactory.java:40)
	at net.sourceforge.cobertura.reporting.ComplexityCalculator.getFunctionMetricsForSingleFile(ComplexityCalculator.java:243)
	at net.sourceforge.cobertura.reporting.ComplexityCalculator.getAccumlatedCCNForSingleFile(ComplexityCalculator.java:143)
	at net.sourceforge.cobertura.reporting.ComplexityCalculator.getCCNForSourceFileNameInternal(ComplexityCalculator.java:273)
	at net.sourceforge.cobertura.reporting.ComplexityCalculator.getCCNForPackageInternal(ComplexityCalculator.java:208)
	at net.sourceforge.cobertura.reporting.ComplexityCalculator.getCCNForProject(ComplexityCalculator.java:174)
	at net.sourceforge.cobertura.reporting.xml.XMLReport.<init>(XMLReport.java:70)
	at net.sourceforge.cobertura.reporting.xml.XMLReportFormatStrategy.save(XMLReportFormatStrategy.java:18)
	at net.sourceforge.cobertura.reporting.NativeReport.export(NativeReport.java:31)
	at net.sourceforge.cobertura.reporting.CompositeReport.export(CompositeReport.java:19)
	at net.sourceforge.cobertura.reporting.ReportMain.parseArgumentsAndReport(ReportMain.java:91)
	at net.sourceforge.cobertura.reporting.ReportMain.generateReport(ReportMain.java:141)
	at net.sourceforge.cobertura.reporting.ReportMain.main(ReportMain.java:151)
net.sourceforge.cobertura.javancss.parser.ParseException: Encountered " ">" "> "" at line 25, column 26.
Was expecting one of:
    "assert" ...
    "boolean" ...
    "byte" ...
    "char" ...
    "double" ...
    "enum" ...
    "false" ...
    "float" ...
    "int" ...
    "long" ...
    "new" ...
    "null" ...
    "short" ...
    "super" ...
    "this" ...
    "true" ...
    "void" ...
    <INTEGER_LITERAL> ...
    <FLOATING_POINT_LITERAL> ...
    <CHARACTER_LITERAL> ...
    <STRING_LITERAL> ...
    <IDENTIFIER> ...
    "(" ...
    "!" ...
    "~" ...
    "++" ...
    "--" ...
    "+" ...
    "-" ...
    
	at net.sourceforge.cobertura.javancss.parser.JavaParser.generateParseException(JavaParser.java:10490)
	at net.sourceforge.cobertura.javancss.parser.JavaParser.jj_consume_token(JavaParser.java:10366)
	at net.sourceforge.cobertura.javancss.parser.JavaParser.UnaryExpression(JavaParser.java:3175)
	at net.sourceforge.cobertura.javancss.parser.JavaParser.MultiplicativeExpression(JavaParser.java:3090)
	at net.sourceforge.cobertura.javancss.parser.JavaParser.AdditiveExpression(JavaParser.java:3085)
	at net.sourceforge.cobertura.javancss.parser.JavaParser.ShiftExpression(JavaParser.java:3027)
	at net.sourceforge.cobertura.javancss.parser.JavaParser.RelationalExpression(JavaParser.java:2990)
	at net.sourceforge.cobertura.javancss.parser.JavaParser.InstanceOfExpression(JavaParser.java:2977)
	at net.sourceforge.cobertura.javancss.parser.JavaParser.AssigmentExpression(JavaParser.java:2959)
	at net.sourceforge.cobertura.javancss.parser.JavaParser.EqualityExpression(JavaParser.java:2886)
	at net.sourceforge.cobertura.javancss.parser.JavaParser.AndExpression(JavaParser.java:2860)
	at net.sourceforge.cobertura.javancss.parser.JavaParser.ExclusiveOrExpression(JavaParser.java:2843)
	at net.sourceforge.cobertura.javancss.parser.JavaParser.InclusiveOrExpression(JavaParser.java:2826)
	at net.sourceforge.cobertura.javancss.parser.JavaParser.ConditionalAndExpression(JavaParser.java:2808)
	at net.sourceforge.cobertura.javancss.parser.JavaParser.ConditionalOrExpression(JavaParser.java:2790)
	at net.sourceforge.cobertura.javancss.parser.JavaParser.ConditionalExpression(JavaParser.java:2774)
	at net.sourceforge.cobertura.javancss.parser.JavaParser.Expression(JavaParser.java:2718)
	at net.sourceforge.cobertura.javancss.parser.JavaParser.ArgumentList(JavaParser.java:3632)
	at net.sourceforge.cobertura.javancss.parser.JavaParser.Arguments(JavaParser.java:3610)
	at net.sourceforge.cobertura.javancss.parser.JavaParser.AllocationExpression(JavaParser.java:3665)
	at net.sourceforge.cobertura.javancss.parser.JavaParser.PrimaryPrefix(JavaParser.java:3456)
	at net.sourceforge.cobertura.javancss.parser.JavaParser.PrimaryExpression(JavaParser.java:3376)
	at net.sourceforge.cobertura.javancss.parser.JavaParser.PostfixExpression(JavaParser.java:3330)
	at net.sourceforge.cobertura.javancss.parser.JavaParser.UnaryExpressionNotPlusMinus(JavaParser.java:3237)
	at net.sourceforge.cobertura.javancss.parser.JavaParser.UnaryExpression(JavaParser.java:3171)
	at net.sourceforge.cobertura.javancss.parser.JavaParser.MultiplicativeExpression(JavaParser.java:3090)
	at net.sourceforge.cobertura.javancss.parser.JavaParser.AdditiveExpression(JavaParser.java:3061)
	at net.sourceforge.cobertura.javancss.parser.JavaParser.ShiftExpression(JavaParser.java:3027)
	at net.sourceforge.cobertura.javancss.parser.JavaParser.RelationalExpression(JavaParser.java:2990)
	at net.sourceforge.cobertura.javancss.parser.JavaParser.InstanceOfExpression(JavaParser.java:2977)
	at net.sourceforge.cobertura.javancss.parser.JavaParser.AssigmentExpression(JavaParser.java:2959)
	at net.sourceforge.cobertura.javancss.parser.JavaParser.EqualityExpression(JavaParser.java:2886)
	at net.sourceforge.cobertura.javancss.parser.JavaParser.AndExpression(JavaParser.java:2860)
	at net.sourceforge.cobertura.javancss.parser.JavaParser.ExclusiveOrExpression(JavaParser.java:2843)
	at net.sourceforge.cobertura.javancss.parser.JavaParser.InclusiveOrExpression(JavaParser.java:2826)
	at net.sourceforge.cobertura.javancss.parser.JavaParser.ConditionalAndExpression(JavaParser.java:2808)
	at net.sourceforge.cobertura.javancss.parser.JavaParser.ConditionalOrExpression(JavaParser.java:2790)
	at net.sourceforge.cobertura.javancss.parser.JavaParser.ConditionalExpression(JavaParser.java:2774)
	at net.sourceforge.cobertura.javancss.parser.JavaParser.Expression(JavaParser.java:2718)
	at net.sourceforge.cobertura.javancss.parser.JavaParser.ReturnStatement(JavaParser.java:4572)
	at net.sourceforge.cobertura.javancss.parser.JavaParser.Statement(JavaParser.java:3825)
	at net.sourceforge.cobertura.javancss.parser.JavaParser.BlockStatement(JavaParser.java:3984)
	at net.sourceforge.cobertura.javancss.parser.JavaParser.Block(JavaParser.java:3934)
	at net.sourceforge.cobertura.javancss.parser.JavaParser.MethodDeclaration(JavaParser.java:1987)
	at net.sourceforge.cobertura.javancss.parser.JavaParser.ClassBodyDeclaration(JavaParser.java:1039)
	at net.sourceforge.cobertura.javancss.parser.JavaParser.ClassBody(JavaParser.java:898)
	at net.sourceforge.cobertura.javancss.parser.JavaParser.UnmodifiedClassDeclaration(JavaParser.java:824)
	at net.sourceforge.cobertura.javancss.parser.JavaParser.ClassDeclaration(JavaParser.java:728)
	at net.sourceforge.cobertura.javancss.parser.JavaParser.TypeDeclaration(JavaParser.java:575)
	at net.sourceforge.cobertura.javancss.parser.JavaParser.CompilationUnit(JavaParser.java:318)
	at net.sourceforge.cobertura.javancss.parser.JavaParser.parse(JavaParser.java:100)
	at net.sourceforge.cobertura.javancss.Javancss._measureSource(Javancss.java:192)
	at net.sourceforge.cobertura.javancss.Javancss._measureRoot(Javancss.java:268)
	at net.sourceforge.cobertura.javancss.Javancss.<init>(Javancss.java:347)
	at net.sourceforge.cobertura.javancss.JavancssFactory.newInstance(JavancssFactory.java:40)
	at net.sourceforge.cobertura.reporting.ComplexityCalculator.getFunctionMetricsForSingleFile(ComplexityCalculator.java:243)
	at net.sourceforge.cobertura.reporting.ComplexityCalculator.getAccumlatedCCNForSingleFile(ComplexityCalculator.java:143)
	at net.sourceforge.cobertura.reporting.ComplexityCalculator.getCCNForSourceFileNameInternal(ComplexityCalculator.java:273)
	at net.sourceforge.cobertura.reporting.ComplexityCalculator.getCCNForPackageInternal(ComplexityCalculator.java:208)
	at net.sourceforge.cobertura.reporting.ComplexityCalculator.getCCNForProject(ComplexityCalculator.java:174)
	at net.sourceforge.cobertura.reporting.xml.XMLReport.<init>(XMLReport.java:70)
	at net.sourceforge.cobertura.reporting.xml.XMLReportFormatStrategy.save(XMLReportFormatStrategy.java:18)
	at net.sourceforge.cobertura.reporting.NativeReport.export(NativeReport.java:31)
	at net.sourceforge.cobertura.reporting.CompositeReport.export(CompositeReport.java:19)
	at net.sourceforge.cobertura.reporting.ReportMain.parseArgumentsAndReport(ReportMain.java:91)
	at net.sourceforge.cobertura.reporting.ReportMain.generateReport(ReportMain.java:141)
	at net.sourceforge.cobertura.reporting.ReportMain.main(ReportMain.java:151)
net.sourceforge.cobertura.javancss.parser.ParseException: Encountered " ">" "> "" at line 11, column 26.
Was expecting one of:
    "assert" ...
    "boolean" ...
    "byte" ...
    "char" ...
    "double" ...
    "enum" ...
    "false" ...
    "float" ...
    "int" ...
    "long" ...
    "new" ...
    "null" ...
    "short" ...
    "super" ...
    "this" ...
    "true" ...
    "void" ...
    <INTEGER_LITERAL> ...
    <FLOATING_POINT_LITERAL> ...
    <CHARACTER_LITERAL> ...
    <STRING_LITERAL> ...
    <IDENTIFIER> ...
    "(" ...
    "!" ...
    "~" ...
    "++" ...
    "--" ...
    "+" ...
    "-" ...
    
	at net.sourceforge.cobertura.javancss.parser.JavaParser.generateParseException(JavaParser.java:10490)
	at net.sourceforge.cobertura.javancss.parser.JavaParser.jj_consume_token(JavaParser.java:10366)
	at net.sourceforge.cobertura.javancss.parser.JavaParser.UnaryExpression(JavaParser.java:3175)
	at net.sourceforge.cobertura.javancss.parser.JavaParser.MultiplicativeExpression(JavaParser.java:3090)
	at net.sourceforge.cobertura.javancss.parser.JavaParser.AdditiveExpression(JavaParser.java:3085)
	at net.sourceforge.cobertura.javancss.parser.JavaParser.ShiftExpression(JavaParser.java:3027)
	at net.sourceforge.cobertura.javancss.parser.JavaParser.RelationalExpression(JavaParser.java:2990)
	at net.sourceforge.cobertura.javancss.parser.JavaParser.InstanceOfExpression(JavaParser.java:2977)
	at net.sourceforge.cobertura.javancss.parser.JavaParser.AssigmentExpression(JavaParser.java:2959)
	at net.sourceforge.cobertura.javancss.parser.JavaParser.EqualityExpression(JavaParser.java:2886)
	at net.sourceforge.cobertura.javancss.parser.JavaParser.AndExpression(JavaParser.java:2860)
	at net.sourceforge.cobertura.javancss.parser.JavaParser.ExclusiveOrExpression(JavaParser.java:2843)
	at net.sourceforge.cobertura.javancss.parser.JavaParser.InclusiveOrExpression(JavaParser.java:2826)
	at net.sourceforge.cobertura.javancss.parser.JavaParser.ConditionalAndExpression(JavaParser.java:2808)
	at net.sourceforge.cobertura.javancss.parser.JavaParser.ConditionalOrExpression(JavaParser.java:2790)
	at net.sourceforge.cobertura.javancss.parser.JavaParser.ConditionalExpression(JavaParser.java:2774)
	at net.sourceforge.cobertura.javancss.parser.JavaParser.Expression(JavaParser.java:2718)
	at net.sourceforge.cobertura.javancss.parser.JavaParser.ArgumentList(JavaParser.java:3620)
	at net.sourceforge.cobertura.javancss.parser.JavaParser.Arguments(JavaParser.java:3610)
	at net.sourceforge.cobertura.javancss.parser.JavaParser.AllocationExpression(JavaParser.java:3665)
	at net.sourceforge.cobertura.javancss.parser.JavaParser.PrimaryPrefix(JavaParser.java:3456)
	at net.sourceforge.cobertura.javancss.parser.JavaParser.PrimaryExpression(JavaParser.java:3376)
	at net.sourceforge.cobertura.javancss.parser.JavaParser.PostfixExpression(JavaParser.java:3330)
	at net.sourceforge.cobertura.javancss.parser.JavaParser.UnaryExpressionNotPlusMinus(JavaParser.java:3237)
	at net.sourceforge.cobertura.javancss.parser.JavaParser.UnaryExpression(JavaParser.java:3171)
	at net.sourceforge.cobertura.javancss.parser.JavaParser.MultiplicativeExpression(JavaParser.java:3090)
	at net.sourceforge.cobertura.javancss.parser.JavaParser.AdditiveExpression(JavaParser.java:3061)
	at net.sourceforge.cobertura.javancss.parser.JavaParser.ShiftExpression(JavaParser.java:3027)
	at net.sourceforge.cobertura.javancss.parser.JavaParser.RelationalExpression(JavaParser.java:2990)
	at net.sourceforge.cobertura.javancss.parser.JavaParser.InstanceOfExpression(JavaParser.java:2977)
	at net.sourceforge.cobertura.javancss.parser.JavaParser.AssigmentExpression(JavaParser.java:2959)
	at net.sourceforge.cobertura.javancss.parser.JavaParser.EqualityExpression(JavaParser.java:2886)
	at net.sourceforge.cobertura.javancss.parser.JavaParser.AndExpression(JavaParser.java:2860)
	at net.sourceforge.cobertura.javancss.parser.JavaParser.ExclusiveOrExpression(JavaParser.java:2843)
	at net.sourceforge.cobertura.javancss.parser.JavaParser.InclusiveOrExpression(JavaParser.java:2826)
	at net.sourceforge.cobertura.javancss.parser.JavaParser.ConditionalAndExpression(JavaParser.java:2808)
	at net.sourceforge.cobertura.javancss.parser.JavaParser.ConditionalOrExpression(JavaParser.java:2790)
	at net.sourceforge.cobertura.javancss.parser.JavaParser.ConditionalExpression(JavaParser.java:2774)
	at net.sourceforge.cobertura.javancss.parser.JavaParser.Expression(JavaParser.java:2718)
	at net.sourceforge.cobertura.javancss.parser.JavaParser.StatementExpression(JavaParser.java:4106)
	at net.sourceforge.cobertura.javancss.parser.JavaParser.Statement(JavaParser.java:3795)
	at net.sourceforge.cobertura.javancss.parser.JavaParser.BlockStatement(JavaParser.java:3984)
	at net.sourceforge.cobertura.javancss.parser.JavaParser.ConstructorDeclaration(JavaParser.java:2375)
	at net.sourceforge.cobertura.javancss.parser.JavaParser.ClassBodyDeclaration(JavaParser.java:1037)
	at net.sourceforge.cobertura.javancss.parser.JavaParser.ClassBody(JavaParser.java:898)
	at net.sourceforge.cobertura.javancss.parser.JavaParser.UnmodifiedClassDeclaration(JavaParser.java:824)
	at net.sourceforge.cobertura.javancss.parser.JavaParser.ClassDeclaration(JavaParser.java:728)
	at net.sourceforge.cobertura.javancss.parser.JavaParser.TypeDeclaration(JavaParser.java:575)
	at net.sourceforge.cobertura.javancss.parser.JavaParser.CompilationUnit(JavaParser.java:318)
	at net.sourceforge.cobertura.javancss.parser.JavaParser.parse(JavaParser.java:100)
	at net.sourceforge.cobertura.javancss.Javancss._measureSource(Javancss.java:192)
	at net.sourceforge.cobertura.javancss.Javancss._measureRoot(Javancss.java:268)
	at net.sourceforge.cobertura.javancss.Javancss.<init>(Javancss.java:347)
	at net.sourceforge.cobertura.javancss.JavancssFactory.newInstance(JavancssFactory.java:40)
	at net.sourceforge.cobertura.reporting.ComplexityCalculator.getFunctionMetricsForSingleFile(ComplexityCalculator.java:243)
	at net.sourceforge.cobertura.reporting.ComplexityCalculator.getAccumlatedCCNForSingleFile(ComplexityCalculator.java:143)
	at net.sourceforge.cobertura.reporting.ComplexityCalculator.getCCNForSourceFileNameInternal(ComplexityCalculator.java:273)
	at net.sourceforge.cobertura.reporting.ComplexityCalculator.getCCNForPackageInternal(ComplexityCalculator.java:208)
	at net.sourceforge.cobertura.reporting.ComplexityCalculator.getCCNForProject(ComplexityCalculator.java:174)
	at net.sourceforge.cobertura.reporting.xml.XMLReport.<init>(XMLReport.java:70)
	at net.sourceforge.cobertura.reporting.xml.XMLReportFormatStrategy.save(XMLReportFormatStrategy.java:18)
	at net.sourceforge.cobertura.reporting.NativeReport.export(NativeReport.java:31)
	at net.sourceforge.cobertura.reporting.CompositeReport.export(CompositeReport.java:19)
	at net.sourceforge.cobertura.reporting.ReportMain.parseArgumentsAndReport(ReportMain.java:91)
	at net.sourceforge.cobertura.reporting.ReportMain.generateReport(ReportMain.java:141)
	at net.sourceforge.cobertura.reporting.ReportMain.main(ReportMain.java:151)
net.sourceforge.cobertura.javancss.parser.ParseException: Encountered " ">" "> "" at line 32, column 26.
Was expecting one of:
    "assert" ...
    "boolean" ...
    "byte" ...
    "char" ...
    "double" ...
    "enum" ...
    "false" ...
    "float" ...
    "int" ...
    "long" ...
    "new" ...
    "null" ...
    "short" ...
    "super" ...
    "this" ...
    "true" ...
    "void" ...
    <INTEGER_LITERAL> ...
    <FLOATING_POINT_LITERAL> ...
    <CHARACTER_LITERAL> ...
    <STRING_LITERAL> ...
    <IDENTIFIER> ...
    "(" ...
    "!" ...
    "~" ...
    "++" ...
    "--" ...
    "+" ...
    "-" ...
    
	at net.sourceforge.cobertura.javancss.parser.JavaParser.generateParseException(JavaParser.java:10490)
	at net.sourceforge.cobertura.javancss.parser.JavaParser.jj_consume_token(JavaParser.java:10366)
	at net.sourceforge.cobertura.javancss.parser.JavaParser.UnaryExpression(JavaParser.java:3175)
	at net.sourceforge.cobertura.javancss.parser.JavaParser.MultiplicativeExpression(JavaParser.java:3090)
	at net.sourceforge.cobertura.javancss.parser.JavaParser.AdditiveExpression(JavaParser.java:3085)
	at net.sourceforge.cobertura.javancss.parser.JavaParser.ShiftExpression(JavaParser.java:3027)
	at net.sourceforge.cobertura.javancss.parser.JavaParser.RelationalExpression(JavaParser.java:2990)
	at net.sourceforge.cobertura.javancss.parser.JavaParser.InstanceOfExpression(JavaParser.java:2977)
	at net.sourceforge.cobertura.javancss.parser.JavaParser.AssigmentExpression(JavaParser.java:2959)
	at net.sourceforge.cobertura.javancss.parser.JavaParser.EqualityExpression(JavaParser.java:2886)
	at net.sourceforge.cobertura.javancss.parser.JavaParser.AndExpression(JavaParser.java:2860)
	at net.sourceforge.cobertura.javancss.parser.JavaParser.ExclusiveOrExpression(JavaParser.java:2843)
	at net.sourceforge.cobertura.javancss.parser.JavaParser.InclusiveOrExpression(JavaParser.java:2826)
	at net.sourceforge.cobertura.javancss.parser.JavaParser.ConditionalAndExpression(JavaParser.java:2808)
	at net.sourceforge.cobertura.javancss.parser.JavaParser.ConditionalOrExpression(JavaParser.java:2790)
	at net.sourceforge.cobertura.javancss.parser.JavaParser.ConditionalExpression(JavaParser.java:2774)
	at net.sourceforge.cobertura.javancss.parser.JavaParser.Expression(JavaParser.java:2718)
	at net.sourceforge.cobertura.javancss.parser.JavaParser.ArgumentList(JavaParser.java:3632)
	at net.sourceforge.cobertura.javancss.parser.JavaParser.Arguments(JavaParser.java:3610)
	at net.sourceforge.cobertura.javancss.parser.JavaParser.AllocationExpression(JavaParser.java:3665)
	at net.sourceforge.cobertura.javancss.parser.JavaParser.PrimaryPrefix(JavaParser.java:3456)
	at net.sourceforge.cobertura.javancss.parser.JavaParser.PrimaryExpression(JavaParser.java:3376)
	at net.sourceforge.cobertura.javancss.parser.JavaParser.PostfixExpression(JavaParser.java:3330)
	at net.sourceforge.cobertura.javancss.parser.JavaParser.UnaryExpressionNotPlusMinus(JavaParser.java:3237)
	at net.sourceforge.cobertura.javancss.parser.JavaParser.UnaryExpression(JavaParser.java:3171)
	at net.sourceforge.cobertura.javancss.parser.JavaParser.MultiplicativeExpression(JavaParser.java:3090)
	at net.sourceforge.cobertura.javancss.parser.JavaParser.AdditiveExpression(JavaParser.java:3061)
	at net.sourceforge.cobertura.javancss.parser.JavaParser.ShiftExpression(JavaParser.java:3027)
	at net.sourceforge.cobertura.javancss.parser.JavaParser.RelationalExpression(JavaParser.java:2990)
	at net.sourceforge.cobertura.javancss.parser.JavaParser.InstanceOfExpression(JavaParser.java:2977)
	at net.sourceforge.cobertura.javancss.parser.JavaParser.AssigmentExpression(JavaParser.java:2959)
	at net.sourceforge.cobertura.javancss.parser.JavaParser.EqualityExpression(JavaParser.java:2886)
	at net.sourceforge.cobertura.javancss.parser.JavaParser.AndExpression(JavaParser.java:2860)
	at net.sourceforge.cobertura.javancss.parser.JavaParser.ExclusiveOrExpression(JavaParser.java:2843)
	at net.sourceforge.cobertura.javancss.parser.JavaParser.InclusiveOrExpression(JavaParser.java:2826)
	at net.sourceforge.cobertura.javancss.parser.JavaParser.ConditionalAndExpression(JavaParser.java:2808)
	at net.sourceforge.cobertura.javancss.parser.JavaParser.ConditionalOrExpression(JavaParser.java:2790)
	at net.sourceforge.cobertura.javancss.parser.JavaParser.ConditionalExpression(JavaParser.java:2774)
	at net.sourceforge.cobertura.javancss.parser.JavaParser.Expression(JavaParser.java:2718)
	at net.sourceforge.cobertura.javancss.parser.JavaParser.ReturnStatement(JavaParser.java:4572)
	at net.sourceforge.cobertura.javancss.parser.JavaParser.Statement(JavaParser.java:3825)
	at net.sourceforge.cobertura.javancss.parser.JavaParser.BlockStatement(JavaParser.java:3984)
	at net.sourceforge.cobertura.javancss.parser.JavaParser.Block(JavaParser.java:3934)
	at net.sourceforge.cobertura.javancss.parser.JavaParser.MethodDeclaration(JavaParser.java:1987)
	at net.sourceforge.cobertura.javancss.parser.JavaParser.ClassBodyDeclaration(JavaParser.java:1039)
	at net.sourceforge.cobertura.javancss.parser.JavaParser.ClassBody(JavaParser.java:898)
	at net.sourceforge.cobertura.javancss.parser.JavaParser.UnmodifiedClassDeclaration(JavaParser.java:824)
	at net.sourceforge.cobertura.javancss.parser.JavaParser.ClassDeclaration(JavaParser.java:728)
	at net.sourceforge.cobertura.javancss.parser.JavaParser.TypeDeclaration(JavaParser.java:575)
	at net.sourceforge.cobertura.javancss.parser.JavaParser.CompilationUnit(JavaParser.java:318)
	at net.sourceforge.cobertura.javancss.parser.JavaParser.parse(JavaParser.java:100)
	at net.sourceforge.cobertura.javancss.Javancss._measureSource(Javancss.java:192)
	at net.sourceforge.cobertura.javancss.Javancss._measureRoot(Javancss.java:268)
	at net.sourceforge.cobertura.javancss.Javancss.<init>(Javancss.java:347)
	at net.sourceforge.cobertura.javancss.JavancssFactory.newInstance(JavancssFactory.java:40)
	at net.sourceforge.cobertura.reporting.ComplexityCalculator.getFunctionMetricsForSingleFile(ComplexityCalculator.java:243)
	at net.sourceforge.cobertura.reporting.ComplexityCalculator.getAccumlatedCCNForSingleFile(ComplexityCalculator.java:143)
	at net.sourceforge.cobertura.reporting.ComplexityCalculator.getCCNForSourceFileNameInternal(ComplexityCalculator.java:273)
	at net.sourceforge.cobertura.reporting.ComplexityCalculator.getCCNForPackageInternal(ComplexityCalculator.java:208)
	at net.sourceforge.cobertura.reporting.ComplexityCalculator.getCCNForProject(ComplexityCalculator.java:174)
	at net.sourceforge.cobertura.reporting.xml.XMLReport.<init>(XMLReport.java:70)
	at net.sourceforge.cobertura.reporting.xml.XMLReportFormatStrategy.save(XMLReportFormatStrategy.java:18)
	at net.sourceforge.cobertura.reporting.NativeReport.export(NativeReport.java:31)
	at net.sourceforge.cobertura.reporting.CompositeReport.export(CompositeReport.java:19)
	at net.sourceforge.cobertura.reporting.ReportMain.parseArgumentsAndReport(ReportMain.java:91)
	at net.sourceforge.cobertura.reporting.ReportMain.generateReport(ReportMain.java:141)
	at net.sourceforge.cobertura.reporting.ReportMain.main(ReportMain.java:151)
net.sourceforge.cobertura.javancss.parser.ParseException: Encountered " ">" "> "" at line 11, column 26.
Was expecting one of:
    "assert" ...
    "boolean" ...
    "byte" ...
    "char" ...
    "double" ...
    "enum" ...
    "false" ...
    "float" ...
    "int" ...
    "long" ...
    "new" ...
    "null" ...
    "short" ...
    "super" ...
    "this" ...
    "true" ...
    "void" ...
    <INTEGER_LITERAL> ...
    <FLOATING_POINT_LITERAL> ...
    <CHARACTER_LITERAL> ...
    <STRING_LITERAL> ...
    <IDENTIFIER> ...
    "(" ...
    "!" ...
    "~" ...
    "++" ...
    "--" ...
    "+" ...
    "-" ...
    
	at net.sourceforge.cobertura.javancss.parser.JavaParser.generateParseException(JavaParser.java:10490)
	at net.sourceforge.cobertura.javancss.parser.JavaParser.jj_consume_token(JavaParser.java:10366)
	at net.sourceforge.cobertura.javancss.parser.JavaParser.UnaryExpression(JavaParser.java:3175)
	at net.sourceforge.cobertura.javancss.parser.JavaParser.MultiplicativeExpression(JavaParser.java:3090)
	at net.sourceforge.cobertura.javancss.parser.JavaParser.AdditiveExpression(JavaParser.java:3085)
	at net.sourceforge.cobertura.javancss.parser.JavaParser.ShiftExpression(JavaParser.java:3027)
	at net.sourceforge.cobertura.javancss.parser.JavaParser.RelationalExpression(JavaParser.java:2990)
	at net.sourceforge.cobertura.javancss.parser.JavaParser.InstanceOfExpression(JavaParser.java:2977)
	at net.sourceforge.cobertura.javancss.parser.JavaParser.AssigmentExpression(JavaParser.java:2959)
	at net.sourceforge.cobertura.javancss.parser.JavaParser.EqualityExpression(JavaParser.java:2886)
	at net.sourceforge.cobertura.javancss.parser.JavaParser.AndExpression(JavaParser.java:2860)
	at net.sourceforge.cobertura.javancss.parser.JavaParser.ExclusiveOrExpression(JavaParser.java:2843)
	at net.sourceforge.cobertura.javancss.parser.JavaParser.InclusiveOrExpression(JavaParser.java:2826)
	at net.sourceforge.cobertura.javancss.parser.JavaParser.ConditionalAndExpression(JavaParser.java:2808)
	at net.sourceforge.cobertura.javancss.parser.JavaParser.ConditionalOrExpression(JavaParser.java:2790)
	at net.sourceforge.cobertura.javancss.parser.JavaParser.ConditionalExpression(JavaParser.java:2774)
	at net.sourceforge.cobertura.javancss.parser.JavaParser.Expression(JavaParser.java:2718)
	at net.sourceforge.cobertura.javancss.parser.JavaParser.ArgumentList(JavaParser.java:3620)
	at net.sourceforge.cobertura.javancss.parser.JavaParser.Arguments(JavaParser.java:3610)
	at net.sourceforge.cobertura.javancss.parser.JavaParser.AllocationExpression(JavaParser.java:3665)
	at net.sourceforge.cobertura.javancss.parser.JavaParser.PrimaryPrefix(JavaParser.java:3456)
	at net.sourceforge.cobertura.javancss.parser.JavaParser.PrimaryExpression(JavaParser.java:3376)
	at net.sourceforge.cobertura.javancss.parser.JavaParser.PostfixExpression(JavaParser.java:3330)
	at net.sourceforge.cobertura.javancss.parser.JavaParser.UnaryExpressionNotPlusMinus(JavaParser.java:3237)
	at net.sourceforge.cobertura.javancss.parser.JavaParser.UnaryExpression(JavaParser.java:3171)
	at net.sourceforge.cobertura.javancss.parser.JavaParser.MultiplicativeExpression(JavaParser.java:3090)
	at net.sourceforge.cobertura.javancss.parser.JavaParser.AdditiveExpression(JavaParser.java:3061)
	at net.sourceforge.cobertura.javancss.parser.JavaParser.ShiftExpression(JavaParser.java:3027)
	at net.sourceforge.cobertura.javancss.parser.JavaParser.RelationalExpression(JavaParser.java:2990)
	at net.sourceforge.cobertura.javancss.parser.JavaParser.InstanceOfExpression(JavaParser.java:2977)
	at net.sourceforge.cobertura.javancss.parser.JavaParser.AssigmentExpression(JavaParser.java:2959)
	at net.sourceforge.cobertura.javancss.parser.JavaParser.EqualityExpression(JavaParser.java:2886)
	at net.sourceforge.cobertura.javancss.parser.JavaParser.AndExpression(JavaParser.java:2860)
	at net.sourceforge.cobertura.javancss.parser.JavaParser.ExclusiveOrExpression(JavaParser.java:2843)
	at net.sourceforge.cobertura.javancss.parser.JavaParser.InclusiveOrExpression(JavaParser.java:2826)
	at net.sourceforge.cobertura.javancss.parser.JavaParser.ConditionalAndExpression(JavaParser.java:2808)
	at net.sourceforge.cobertura.javancss.parser.JavaParser.ConditionalOrExpression(JavaParser.java:2790)
	at net.sourceforge.cobertura.javancss.parser.JavaParser.ConditionalExpression(JavaParser.java:2774)
	at net.sourceforge.cobertura.javancss.parser.JavaParser.Expression(JavaParser.java:2718)
	at net.sourceforge.cobertura.javancss.parser.JavaParser.StatementExpression(JavaParser.java:4106)
	at net.sourceforge.cobertura.javancss.parser.JavaParser.Statement(JavaParser.java:3795)
	at net.sourceforge.cobertura.javancss.parser.JavaParser.BlockStatement(JavaParser.java:3984)
	at net.sourceforge.cobertura.javancss.parser.JavaParser.ConstructorDeclaration(JavaParser.java:2375)
	at net.sourceforge.cobertura.javancss.parser.JavaParser.ClassBodyDeclaration(JavaParser.java:1037)
	at net.sourceforge.cobertura.javancss.parser.JavaParser.ClassBody(JavaParser.java:898)
	at net.sourceforge.cobertura.javancss.parser.JavaParser.UnmodifiedClassDeclaration(JavaParser.java:824)
	at net.sourceforge.cobertura.javancss.parser.JavaParser.ClassDeclaration(JavaParser.java:728)
	at net.sourceforge.cobertura.javancss.parser.JavaParser.TypeDeclaration(JavaParser.java:575)
	at net.sourceforge.cobertura.javancss.parser.JavaParser.CompilationUnit(JavaParser.java:318)
	at net.sourceforge.cobertura.javancss.parser.JavaParser.parse(JavaParser.java:100)
	at net.sourceforge.cobertura.javancss.Javancss._measureSource(Javancss.java:192)
	at net.sourceforge.cobertura.javancss.Javancss._measureRoot(Javancss.java:268)
	at net.sourceforge.cobertura.javancss.Javancss.<init>(Javancss.java:347)
	at net.sourceforge.cobertura.javancss.JavancssFactory.newInstance(JavancssFactory.java:40)
	at net.sourceforge.cobertura.reporting.ComplexityCalculator.getFunctionMetricsForSingleFile(ComplexityCalculator.java:243)
	at net.sourceforge.cobertura.reporting.ComplexityCalculator.getAccumlatedCCNForSingleFile(ComplexityCalculator.java:143)
	at net.sourceforge.cobertura.reporting.ComplexityCalculator.getCCNForSourceFileNameInternal(ComplexityCalculator.java:273)
	at net.sourceforge.cobertura.reporting.ComplexityCalculator.getCCNForPackageInternal(ComplexityCalculator.java:208)
	at net.sourceforge.cobertura.reporting.ComplexityCalculator.getCCNForProject(ComplexityCalculator.java:174)
	at net.sourceforge.cobertura.reporting.xml.XMLReport.<init>(XMLReport.java:70)
	at net.sourceforge.cobertura.reporting.xml.XMLReportFormatStrategy.save(XMLReportFormatStrategy.java:18)
	at net.sourceforge.cobertura.reporting.NativeReport.export(NativeReport.java:31)
	at net.sourceforge.cobertura.reporting.CompositeReport.export(CompositeReport.java:19)
	at net.sourceforge.cobertura.reporting.ReportMain.parseArgumentsAndReport(ReportMain.java:91)
	at net.sourceforge.cobertura.reporting.ReportMain.generateReport(ReportMain.java:141)
	at net.sourceforge.cobertura.reporting.ReportMain.main(ReportMain.java:151)
net.sourceforge.cobertura.javancss.parser.ParseException: Encountered " ">" "> "" at line 21, column 26.
Was expecting one of:
    "assert" ...
    "boolean" ...
    "byte" ...
    "char" ...
    "double" ...
    "enum" ...
    "false" ...
    "float" ...
    "int" ...
    "long" ...
    "new" ...
    "null" ...
    "short" ...
    "super" ...
    "this" ...
    "true" ...
    "void" ...
    <INTEGER_LITERAL> ...
    <FLOATING_POINT_LITERAL> ...
    <CHARACTER_LITERAL> ...
    <STRING_LITERAL> ...
    <IDENTIFIER> ...
    "(" ...
    "!" ...
    "~" ...
    "++" ...
    "--" ...
    "+" ...
    "-" ...
    
	at net.sourceforge.cobertura.javancss.parser.JavaParser.generateParseException(JavaParser.java:10490)
	at net.sourceforge.cobertura.javancss.parser.JavaParser.jj_consume_token(JavaParser.java:10366)
	at net.sourceforge.cobertura.javancss.parser.JavaParser.UnaryExpression(JavaParser.java:3175)
	at net.sourceforge.cobertura.javancss.parser.JavaParser.MultiplicativeExpression(JavaParser.java:3090)
	at net.sourceforge.cobertura.javancss.parser.JavaParser.AdditiveExpression(JavaParser.java:3085)
	at net.sourceforge.cobertura.javancss.parser.JavaParser.ShiftExpression(JavaParser.java:3027)
	at net.sourceforge.cobertura.javancss.parser.JavaParser.RelationalExpression(JavaParser.java:2990)
	at net.sourceforge.cobertura.javancss.parser.JavaParser.InstanceOfExpression(JavaParser.java:2977)
	at net.sourceforge.cobertura.javancss.parser.JavaParser.AssigmentExpression(JavaParser.java:2959)
	at net.sourceforge.cobertura.javancss.parser.JavaParser.EqualityExpression(JavaParser.java:2886)
	at net.sourceforge.cobertura.javancss.parser.JavaParser.AndExpression(JavaParser.java:2860)
	at net.sourceforge.cobertura.javancss.parser.JavaParser.ExclusiveOrExpression(JavaParser.java:2843)
	at net.sourceforge.cobertura.javancss.parser.JavaParser.InclusiveOrExpression(JavaParser.java:2826)
	at net.sourceforge.cobertura.javancss.parser.JavaParser.ConditionalAndExpression(JavaParser.java:2808)
	at net.sourceforge.cobertura.javancss.parser.JavaParser.ConditionalOrExpression(JavaParser.java:2790)
	at net.sourceforge.cobertura.javancss.parser.JavaParser.ConditionalExpression(JavaParser.java:2774)
	at net.sourceforge.cobertura.javancss.parser.JavaParser.Expression(JavaParser.java:2718)
	at net.sourceforge.cobertura.javancss.parser.JavaParser.ArgumentList(JavaParser.java:3632)
	at net.sourceforge.cobertura.javancss.parser.JavaParser.Arguments(JavaParser.java:3610)
	at net.sourceforge.cobertura.javancss.parser.JavaParser.AllocationExpression(JavaParser.java:3665)
	at net.sourceforge.cobertura.javancss.parser.JavaParser.PrimaryPrefix(JavaParser.java:3456)
	at net.sourceforge.cobertura.javancss.parser.JavaParser.PrimaryExpression(JavaParser.java:3376)
	at net.sourceforge.cobertura.javancss.parser.JavaParser.PostfixExpression(JavaParser.java:3330)
	at net.sourceforge.cobertura.javancss.parser.JavaParser.UnaryExpressionNotPlusMinus(JavaParser.java:3237)
	at net.sourceforge.cobertura.javancss.parser.JavaParser.UnaryExpression(JavaParser.java:3171)
	at net.sourceforge.cobertura.javancss.parser.JavaParser.MultiplicativeExpression(JavaParser.java:3090)
	at net.sourceforge.cobertura.javancss.parser.JavaParser.AdditiveExpression(JavaParser.java:3061)
	at net.sourceforge.cobertura.javancss.parser.JavaParser.ShiftExpression(JavaParser.java:3027)
	at net.sourceforge.cobertura.javancss.parser.JavaParser.RelationalExpression(JavaParser.java:2990)
	at net.sourceforge.cobertura.javancss.parser.JavaParser.InstanceOfExpression(JavaParser.java:2977)
	at net.sourceforge.cobertura.javancss.parser.JavaParser.AssigmentExpression(JavaParser.java:2959)
	at net.sourceforge.cobertura.javancss.parser.JavaParser.EqualityExpression(JavaParser.java:2886)
	at net.sourceforge.cobertura.javancss.parser.JavaParser.AndExpression(JavaParser.java:2860)
	at net.sourceforge.cobertura.javancss.parser.JavaParser.ExclusiveOrExpression(JavaParser.java:2843)
	at net.sourceforge.cobertura.javancss.parser.JavaParser.InclusiveOrExpression(JavaParser.java:2826)
	at net.sourceforge.cobertura.javancss.parser.JavaParser.ConditionalAndExpression(JavaParser.java:2808)
	at net.sourceforge.cobertura.javancss.parser.JavaParser.ConditionalOrExpression(JavaParser.java:2790)
	at net.sourceforge.cobertura.javancss.parser.JavaParser.ConditionalExpression(JavaParser.java:2774)
	at net.sourceforge.cobertura.javancss.parser.JavaParser.Expression(JavaParser.java:2718)
	at net.sourceforge.cobertura.javancss.parser.JavaParser.ReturnStatement(JavaParser.java:4572)
	at net.sourceforge.cobertura.javancss.parser.JavaParser.Statement(JavaParser.java:3825)
	at net.sourceforge.cobertura.javancss.parser.JavaParser.BlockStatement(JavaParser.java:3984)
	at net.sourceforge.cobertura.javancss.parser.JavaParser.Block(JavaParser.java:3934)
	at net.sourceforge.cobertura.javancss.parser.JavaParser.MethodDeclaration(JavaParser.java:1987)
	at net.sourceforge.cobertura.javancss.parser.JavaParser.ClassBodyDeclaration(JavaParser.java:1039)
	at net.sourceforge.cobertura.javancss.parser.JavaParser.ClassBody(JavaParser.java:898)
	at net.sourceforge.cobertura.javancss.parser.JavaParser.UnmodifiedClassDeclaration(JavaParser.java:824)
	at net.sourceforge.cobertura.javancss.parser.JavaParser.ClassDeclaration(JavaParser.java:728)
	at net.sourceforge.cobertura.javancss.parser.JavaParser.TypeDeclaration(JavaParser.java:575)
	at net.sourceforge.cobertura.javancss.parser.JavaParser.CompilationUnit(JavaParser.java:318)
	at net.sourceforge.cobertura.javancss.parser.JavaParser.parse(JavaParser.java:100)
	at net.sourceforge.cobertura.javancss.Javancss._measureSource(Javancss.java:192)
	at net.sourceforge.cobertura.javancss.Javancss._measureRoot(Javancss.java:268)
	at net.sourceforge.cobertura.javancss.Javancss.<init>(Javancss.java:347)
	at net.sourceforge.cobertura.javancss.JavancssFactory.newInstance(JavancssFactory.java:40)
	at net.sourceforge.cobertura.reporting.ComplexityCalculator.getFunctionMetricsForSingleFile(ComplexityCalculator.java:243)
	at net.sourceforge.cobertura.reporting.ComplexityCalculator.getAccumlatedCCNForSingleFile(ComplexityCalculator.java:143)
	at net.sourceforge.cobertura.reporting.ComplexityCalculator.getCCNForSourceFileNameInternal(ComplexityCalculator.java:273)
	at net.sourceforge.cobertura.reporting.ComplexityCalculator.getCCNForPackageInternal(ComplexityCalculator.java:208)
	at net.sourceforge.cobertura.reporting.ComplexityCalculator.getCCNForProject(ComplexityCalculator.java:174)
	at net.sourceforge.cobertura.reporting.xml.XMLReport.<init>(XMLReport.java:70)
	at net.sourceforge.cobertura.reporting.xml.XMLReportFormatStrategy.save(XMLReportFormatStrategy.java:18)
	at net.sourceforge.cobertura.reporting.NativeReport.export(NativeReport.java:31)
	at net.sourceforge.cobertura.reporting.CompositeReport.export(CompositeReport.java:19)
	at net.sourceforge.cobertura.reporting.ReportMain.parseArgumentsAndReport(ReportMain.java:91)
	at net.sourceforge.cobertura.reporting.ReportMain.generateReport(ReportMain.java:141)
	at net.sourceforge.cobertura.reporting.ReportMain.main(ReportMain.java:151)

[INFO] Cobertura Report generation was successful.
[INFO] ------------------------------------------------------------------------
[INFO] BUILD SUCCESS
[INFO] ------------------------------------------------------------------------
[INFO] Total time: 26.553 s
[INFO] Finished at: 2020-01-14T22:45:19Z
[INFO] Final Memory: 24M/116M
[INFO] ------------------------------------------------------------------------
[8mha:////4LaqHkP3zpeohQLWH3IzLaF6NmqW04LxlZcfPyBSg/zQAAAApR+LCAAAAAAAAP9tjTEOwjAQBC9BFLSUPOIigUSDqNJabniBiY1xYt0Z2yGpeBFf4w8EIlGxxWpnm3m+YJkiHDlabA11jlLjMPjeTgsHjt3F84Atn7FhSuwNSjNI1qaeUXI2MKcoYSFgZajxnBzZDGvRqruqvCJbnXKcvoOA0ukbPKAQkzmrmL8wRthce52Yfp6/AhhDyFDu9p/avgEjVhSLvgAAAA==[0m[Pipeline] }
[INFO] Load active rules (done) | time=8349ms
[INFO] Indexing files...
[INFO] Project configuration:
[INFO] 34 files indexed
[INFO] 0 files ignored because of scm ignore settings
[INFO] Quality profile for java: Sonar way
[INFO] Quality profile for xml: Sonar way
[INFO] ------------- Run sensors on module berlin-clock
[INFO] Load metrics repository
[INFO] Load metrics repository (done) | time=63ms
[INFO] Sensor JavaSquidSensor [java]
[INFO] Configured Java source version (sonar.java.source): 8
[INFO] JavaClasspath initialization
[INFO] ------------------------------------------------------------------------
[INFO] BUILD FAILURE
[INFO] ------------------------------------------------------------------------
[INFO] Total time: 37.476 s
[INFO] Finished at: 2020-01-14T22:45:30Z
[INFO] Final Memory: 29M/227M
[INFO] ------------------------------------------------------------------------
[ERROR] Failed to execute goal org.sonarsource.scanner.maven:sonar-maven-plugin:3.7.0.1746:sonar (default-cli) on project berlin-clock: Please provide compiled classes of your project with sonar.java.binaries property -> [Help 1]
[ERROR] 
[ERROR] To see the full stack trace of the errors, re-run Maven with the -e switch.
[ERROR] Re-run Maven using the -X switch to enable full debug logging.
[ERROR] 
[ERROR] For more information about the errors and possible solutions, please read the following articles:
[ERROR] [Help 1] http://cwiki.apache.org/confluence/display/MAVEN/MojoExecutionException
[8mha:////4IpjZkVaEYRUQ7hfafcTlB+oraOanUq3BNgmdVmk7VtyAAAApB+LCAAAAAAAAP9tjTESwiAURH/iWNhaeghSpLBwrGwZGk+ACSKE+Z8AkVSeyKt5B9HMWLnFzr5t3vMF6xjgSEEzq3AwGDvDvJt0WSxTGK6OMrN0YR1hJKeYUFlQr04LCkoKllQ1rDhsFHaOokGdYMutvMvGSdTNOYXyHTjUph/hARUv5iRD+sIcYHeb+kj48/wVwOx9grrdf6p9AxC1Tze+AAAA[0m[Pipeline] }
Failed in branch sonar
[8mha:////4EVuw45fw2UYSt60itxsVRhoFEVz7SABII7aUzqqHWLTAAAApR+LCAAAAAAAAP9tjTEOwjAQBC9BFLSUPOKCRIOEqNJabniBiY1xYt0Z2yGpeBFf4w8EIlGxxWpnm3m+YJkiHDlabA11jlLjMPjeTgsHjt3F84Atn7FhSuwNSjNI1qaeUXI2MKcoYSFgZajxnBzZDGvRqruqvCJbnXKcvoOA0ukbPKAQkzmrmL8wRthce52Yfp6/AhhDyFDu9p/avgF/VhBfvgAAAA==[0m[Pipeline] // parallel
Post stage
[8mha:////4HcUseTgauJg48/VVnzVJxL8RghWPLLMZ8v0ceaWiXL8AAAApR+LCAAAAAAAAP9tjTEOwjAQBC9BFLSUPOIiQRUhqrRWGl5gYmOcWHfGdkgqXsTX+AMWkajYYrWzzbzesI4BThwM9poGS7Gz6N1o8sKJw3B1PGHPF+yYIjuNrZ5aVrpZsOWkYUlRwkrARlPnOFoyCbailw9ZOUmmOqeQv6OA0qo7PKEQ2ZxkSF+YA+xuo4pMP89fAcw+Qbmvcx1q/wGERntovgAAAA==[0m[Pipeline] junit
Recording test results
[8mha:////4DAVnAGALve/ORGeKTHqeN8mTz2TtM2JbNXBec2jG4w7AAAApR+LCAAAAAAAAP9tjTEOwjAQBC9BFLSUPOKCEA1CqWgtN7zAJMY4se6C7eBUvIiv8QcsIlGxxWpnm3m9YRk81OwNdpp6S6GxOLjR5IWJfX91nLDjCzZMgZ1GqZPkVp9mlBw1zClKWAhYaWocB0smwlp06qEqp8hU5+jzdxRQ2vYOTyhENkfl4xcmD5vb2Aamn+evAKYhQrk75Npvhw9I6/a8vgAAAA==[0m[Pipeline] cobertura
[Cobertura] Skipping Cobertura coverage report as build was not SUCCESS or better ...

[8mha:////4DAHtU3TMfgPwYEOQIyy51oIcIff1wKZdbJK8j0YUMHNAAAApR+LCAAAAAAAAP9tjTEOwjAQBC9BFLSUPOIiEA1CqWgtN7zAJMY4se6C7eBUvIiv8QcsIlGxxWpnm3m9YRk81OwNdpp6S6GxOLjR5IWJfX91nLDjCzZMgZ1GqZPkVp9mlBw1zClKWAhYaWocB0smwlp06qEqp8hU5+jzdxRQ2vYOTyhENkfl4xcmD5vb2Aamn+evAKZhiFDut7l2hw/csH/dvgAAAA==[0m[Pipeline] }
[8mha:////4Mnug87tgUvdXWS2loT6IJXBQOrzLvnZIcuLlWSN9AMCAAAAph+LCAAAAAAAAP9tjTEOwjAQBC9BFLSUPOIiRRRIiCqtlYYXmNgYJ9adsR2SihfxNf6ARSQqtljtbDOvN6xjgBMHg72mwVLsLHo3mrxw4jBcHU/Y8wU7pshOY6unlpVuFmw5aVhSlLASsNHUOY6WTIKt6OVDVk6Sqc4p5O8ooLTqDk8oRDYnGdIX5gC726gi08/zVwCz9wnKfZ2rPnwA5PLsLL4AAAA=[0m[Pipeline] // withEnv
[8mha:////4LceFnviwMj00TXt1HPVrYPl5dNKmwkzwo+cTcH+pkLDAAAApB+LCAAAAAAAAP9tjTEOwjAQBC9BFLSUPMKRCB2iSmul4QUmPowT687YDknFi/gaf8AiEhVbrHa2mdcb1jHAiYMRPdJgKXZWeDeavMTEYbg6nkTPF9ExRXYoWpxa1tgs2HJCWFKUsJKwQeocR0smwVb26qEqp8hU5xTyd5RQWn2HJxQym5MK6QtzgN1t1JHp5/krgNn7BOWhzrWvP8n4YnC+AAAA[0m[Pipeline] }
[8mha:////4DVgWEpgHaOrwfZSZhSW21X9Qs5cfsUvmlByiLemwy3pAAAApB+LCAAAAAAAAP9tjTEOwjAQBC9BFLSUPMKRonSIitZKwwtMbIwT686xLyQVL+Jr/AGLSFRssdrZZl5v2KYIJ4pW9AYHh6lzIvjJ5iVmisPN0yx6uoqOMJE3ojVzS9qcV2yJDawpSthI2BnsPCWHlmEve/VQlVdoqwvH/B0llE6P8IRCZjOryF9YIhzuk06EP89fASwhMJRNk6uuP+f4YBq+AAAA[0m[Pipeline] // stage
[8mha:////4NBuNOmZPbpRSN7vM01YHPMIYbxGYTS77am5AyAN4N1kAAAAqB+LCAAAAAAAAP9tjTEOwjAUQ3+LOrAycohUIJhQJ9aoCycITQhJo/9LkpJOnIircQcClZjwYNmWrPd8QRU8NOQ1swp7g6EzbHCjzokl8v3FUWKWzqwjDOQUa1VqSarjXFuKCmYVJSw4LBV2joJBHWHFrbiL2gnU9Sn6vB04lEbe4AEFz+QofPyWycP6OspA+OP8BcA0RCi3m2y7/edZvQGAwQmjwgAAAA==[0m[Pipeline] stage
[8mha:////4DZS/fcDwox2k1FHVlwslCmVp16qosW0HMmUHG3E/6LnAAAApx+LCAAAAAAAAP9tjTEOwjAUQ3+LOrAycoh0ARbE1DXKwglCE0La6P/yk9JOnIircQdaKjHhwbItWe/1hiIynIidaCy2HmPtRRd6NyUxELfXQINo6CJqwkjBCmUHRcZWS1WULCzKclhJWFusA0WPLsFGNvqhy6DRlefE03aUkHtzhydkciInzelbRobtrTeR8Mf5C4CxS5Dv9rMd5mfxAUxleXrCAAAA[0m[Pipeline] { (deploy)
Stage "deploy" skipped due to earlier failure(s)
[8mha:////4KugC05PzKQ25idcnhoRilOSjeEyGWWZEeI2x6BjaiHRAAAApB+LCAAAAAAAAP9tjTEOwjAQBC9BFLSUPOLSICgQVVrLDS8wsTFOrDtjOyQVL+Jr/IFAJCq2WO1sM88XLFOEI0eLraHOUWocBt/baeHAsbt4HrDlMzZMib1BaQbJ2tQzSs4G5hQlLASsDDWekyObYS1adVeVV2SrU47TdxBQOn2DBxRiMmcV8xfGCJtrrxPTz/NXAGMIGcrt/lO7N9bpw82+AAAA[0m[Pipeline] }
[8mha:////4CYRv1CSZ2WOw1BUuKqIOrcRlkOl/W+zhHKJ+4x2GV5fAAAApR+LCAAAAAAAAP9tjTEOwjAQBC9BFLSUPOLSgISEqNJabniBiY1xYt0Z2yGpeBFf4w8EIlGxxWpnm3m+YJkiHDlabA11jlLjMPjeTgsHjt3F84Atn7FhSuwNSjNI1qaeUXI2MKcoYSFgZajxnBzZDGvRqruqvCJbnXKcvoOA0ukbPKAQkzmrmL8wRthce52Yfp6/AhhDyFBu95/avQG5CpylvgAAAA==[0m[Pipeline] // stage
[8mha:////4Evi/iNiwWvR/RgvAliZpQCtHkvHzBtQjBPWo8HUyl9KAAAApR+LCAAAAAAAAP9tjTEOwjAQBC9BFLSUPOIiEA1CqWgtN7zAJMY4se6C7eBUvIiv8QcsIlGxxWpnm3m9YRk81OwNdpp6S6GxOLjR5IWJfX91nLDjCzZMgZ1GqZPkVp9mlBw1zClKWAhYaWocB0smwlp06qEqp8hU5+jzdxRQ2vYOTyhENkfl4xcmD5vb2Aamn+evAKZhiFDuD7l22w+Duvc/vgAAAA==[0m[Pipeline] }
[8mha:////4HbpX/Hh6y53B5yvuZPzkZEbwnqqO3s42thCefU7N9Y7AAAApR+LCAAAAAAAAP9tjTEOwjAQBC9BFLSUPOISIVEhqrRWGl5gYmOcWHfGdkgqXsTX+AMWkajYYrWzzbzesI4BThwM9poGS7Gz6N1o8sKJw3B1PGHPF+yYIjuNrZ5aVrpZsOWkYUlRwkrARlPnOFoyCbailw9ZOUmmOqeQv6OA0qo7PKEQ2ZxkSF+YA+xuo4pMP89fAczeJygPda59/QFp0IjJvgAAAA==[0m[Pipeline] // withEnv
[8mha:////4ByLygAOB08eYVnn+YPzvA8sNpOKSeDr5O1a07O39TKcAAAApB+LCAAAAAAAAP9tjTEOwjAQBC9BFLSUPMJRCipERWu54QUmMcaOdWfsC0nFi/gaf8AiEhVbrHa2mdcb1jnBkZIV3uDgMHdOxDDassREabgGmoSni+gIMwUjlJkU9ea0oCI2sKSqYSVhY7ALlB1ahq30+qGboNE2Z07lO0ioXX+HJ1SymFkn/sKcYHcb+0z48/wVwBwjQ71vS7XtB5lg/l6+AAAA[0m[Pipeline] }
[8mha:////4FGdXS6tSficpQkQQZP+u1FWOiFiqHNNKQKzGZHnEnbKAAAApR+LCAAAAAAAAP9tjTEOwjAQBC9BFLSUPOICSFQoFa3lhheYxBgn1l2wHZyKF/E1/oBFJCq2WO1sM683LIOHmr3BTlNvKTQWBzeavDCx76+OE3Z8wYYpsNModZLc6tOMkqOGOUUJCwErTY3jYMlEWItOPVTlFJnqHH3+jgJK297hCYXI5qh8/MLkYXMb28D08/wVwDQMEcrDPtdu+wGhIm2vvgAAAA==[0m[Pipeline] // withEnv
[8mha:////4C03lkxQ+mifi9mSxSjBptCxkPLZnfBF7+nwzDewwDGgAAAAox+LCAAAAAAAAP9tjTESgjAQRT84FraWHiIUauVY2WZoPEGEGAOZXUwWofJEXs07yMiMlb/67zXv9cYyRRw5OtVYaj2lyqsu9G56auDYXgMPquGLqpgSB6tKO5Rc29OMJYvFvCzHQmNlqQqcPDnBWjfmYYpgyBVniZM7aOS+vuOJTE9lMVG+MEZsbn2dmH6dvwGMXSfI91tBtvsAQxN0Dr0AAAA=[0m[Pipeline] }
[8mha:////4J+/fBtAhON808mlkYoDULEeBx4i/Db7E/cxmLW55MJAAAAAox+LCAAAAAAAAP9tjTESgjAQRT84FraWHiIUauVY2WZoPEGEGAOZXUwWofJEXs07yMiMlb/67zXv9cYyRRw5OtVYaj2lyqsu9G56auDYXgMPquGLqpgSB6tKO5Rc29OMJYvFvCzHQmNlqQqcPDnBWjfmYYpgyBVniZM7aOS+vuOJTE9lMVG+MEZsbn2dmH6dvwGMXSfI9ztBtv0A8FowIr0AAAA=[0m[Pipeline] // node
[8mha:////4KaERXSZ1qALKKA30yX0OS9Chf9qnXIIv0YHVyOSovZFAAAAox+LCAAAAAAAAP9tjbEOgjAURS8YB1dHP6IkJkzGybVh8Qsq1Fpo3sP2IUx+kb/mP0gkcfJO95zlvN5Yp4gjR6daS52nVHvVh8HNT40cu2vgUbV8UTVT4mBVZceKG3tasGKxWJblWGlsLNWBkycn2OrWPEwRDLniLHF2B43cN3c8kem5LCbKF6aI3W1oEtOv8zeAqe8FeVkKsv0H1kNXaL0AAAA=[0m[Pipeline] End of Pipeline
ERROR: script returned exit code 1
Finished: FAILURE
