Started by user unknown or anonymous
Replayed [8mha:////4Dk9lTzhJjAMnL2RYqJFoaKyU8yrg7DkigmxUhso4yyRAAAAqx+LCAAAAAAAAP9b85aBtbiIQTGjNKU4P08vOT+vOD8nVc83PyU1x6OyILUoJzMv2y+/JJUBAhiZGBgqihhk0NSjKDWzXb3RdlLBUSYGJk8GtpzUvPSSDB8G5tKinBIGIZ+sxLJE/ZzEvHT94JKizLx0a6BxUmjGOUNodHsLgAzmEgZF/az8JP2CzIJUoI2pusXJRZkFJbppRfm5QHauvqGlPgChHzA51gAAAA==[0m#19
Running in Durability level: MAX_SURVIVABILITY
[8mha:////4LORMNGCYHQA/adXSaSlnZCM00hZWRK35ZjRcAmFgk7pAAAAoh+LCAAAAAAAAP9tjTEOwjAQBM8BClpKHuFItIiK1krDC0x8GCfWnbEdkooX8TX+gCESFVvtrLSa5wtWKcKBo5UdUu8otU4GP9jS5Mixv3geZcdn2TIl9igbHBs2eJyx4YwwR1SwULBGaj0nRzbDRnX6rmuvydanHMu2V1A5c4MHCFXMWcf8hSnC9jqYxPTz/BXAFEIGsfuclm8zQVqFvQAAAA==[0m[Pipeline] Start of Pipeline
[8mha:////4Dj3AS/WzCW/0A/ZgK7FhUPSHerSX5Oc5+J59NktZPqNAAAApR+LCAAAAAAAAP9tjTEOwjAUQ3+KOrAycohUghExsUZZOEFIQkgb/d8mKe3EibgadyBQiQlLlmxL1nu+oE4RjhQdby12HpP2vA+jK4lPFLtroIm3dOGaMFGwXNpJkrGnpUrKFhaxClYC1hZ1oOTRZdiIVt1VExS65pxj2Q4CKm8GeAAThZxVzN8yR9jeRpMIf5y/AJj7DGxXvP/86jduZBmjwAAAAA==[0m[Pipeline] node
Running on [8mha:////4FQoCZMPsoVITXtp4K65RfV8uaU5EOGbtnzDAfgXHvOhAAAAnh+LCAAAAAAAAP9b85aBtbiIQTGjNKU4P08vOT+vOD8nVc83PyU1x6OyILUoJzMv2y+/JJUBAhiZGBgqihhk0NSjKDWzXb3RdlLBUSYGJk8GtpzUvPSSDB8G5tKinBIGIZ+sxLJE/ZzEvHT94JKizLx0a6BxUmjGOUNodHsLgAz2EgZh/eT83ILSktQifY3cxGIgrakPAHib2iPIAAAA[0mJenkins in /var/jenkins_home/jobs/pipeline-script-from-scm/workspace
[8mha:////4KyxiPH3lDPNebQAZj+FfGm5TolSN+2Ca/Vpw20xwXN4AAAApR+LCAAAAAAAAP9tjTEOwjAUQ3+KOrAycoh0gA0xsUZZOEFIQkgb/d8mKe3EibgadyBQiQlLlmxL1nu+oE4RjhQdby12HpP2vA+jK4lPFLtroIm3dOGaMFGwXNpJkrGnpUrKFhaxClYC1hZ1oOTRZdiIVt1VExS65pxj2Q4CKm8GeAAThZxVzN8yR9jeRpMIf5y/AJj7DGxXvP/86jfoP95RwAAAAA==[0m[Pipeline] {
[8mha:////4Hdzy4SMXFAeoMx+kBC+m7dV5s/ZRzUnG8tz0kHvZXHbAAAApR+LCAAAAAAAAP9tjTEOwjAUQ3+KOrAycoh0gQkxsUZZOEFIQkgb/d8mKe3EibgadyBQiQlLlmxL1nu+oE4RjhQdby12HpP2vA+jK4lPFLtroIm3dOGaMFGwXNpJkrGnpUrKFhaxClYC1hZ1oOTRZdiIVt1VExS65pxj2Q4CKm8GeAAThZxVzN8yR9jeRpMIf5y/AJj7DGxXvP/86jc09154wAAAAA==[0m[Pipeline] stage
[8mha:////4NDBY1Ijr/gGvCvP7x7QgMqzasDiTCWBWdLgI5VkYc26AAAApR+LCAAAAAAAAP9tjTEOwjAUQ3+KOrAycoh0ggUxsUZZOEFIQkgb/d8mKe3EibgadyBQiQlLlmxL1nu+oE4RjhQdby12HpP2vA+jK4lPFLtroIm3dOGaMFGwXNpJkrGnpUrKFhaxClYC1hZ1oOTRZdiIVt1VExS65pxj2Q4CKm8GeAAThZxVzN8yR9jeRpMIf5y/AJj7DGxXvP/86jek7ggRwAAAAA==[0m[Pipeline] { (Declarative: Checkout SCM)
[8mha:////4LOn+k1KNCmg4ADsPMZ+p7ncXfCJn9tGTDSuH46f5wO0AAAAoh+LCAAAAAAAAP9tjTEOAiEURD9rLGwtPQTbaWGsbAmNJ0AWEZb8zwLrbuWJvJp3kLiJlZNMMm+a93rDOic4UbLcG+wdZu14DKOti0+U+lugiXu6ck2YKRguzSSpM+cFJRUDS1gDKwEbgzpQdmgLbIVXD9UGhba9lFS/o4DGdQM8gYlqLiqVL8wJdvexy4Q/z18BzLEA29ce4gfg7KmOvAAAAA==[0m[Pipeline] checkout
No credentials specified
 > git rev-parse --is-inside-work-tree # timeout=10
Fetching changes from the remote Git repository
 > git config remote.origin.url https://github.com/superigno/berlin-clock # timeout=10
Fetching upstream changes from https://github.com/superigno/berlin-clock
 > git --version # timeout=10
 > git fetch --tags --progress -- https://github.com/superigno/berlin-clock +refs/heads/*:refs/remotes/origin/* # timeout=10
 > git rev-parse refs/remotes/origin/master^{commit} # timeout=10
 > git rev-parse refs/remotes/origin/origin/master^{commit} # timeout=10
Checking out Revision 3d265ac8ee913c993b8c01b13e6aaaa417c38840 (refs/remotes/origin/master)
 > git config core.sparsecheckout # timeout=10
 > git checkout -f 3d265ac8ee913c993b8c01b13e6aaaa417c38840 # timeout=10
Commit message: "commit"
 > git rev-list --no-walk 3d265ac8ee913c993b8c01b13e6aaaa417c38840 # timeout=10
[8mha:////4PKFvXC83Tew1YCj2ADDfbWoNotlsIdTd1hHoFe1ttXXAAAAoh+LCAAAAAAAAP9tjTEOAiEURD9rLGwtPQTbGRNjZUtoPAGyiLDkfxZYdytP5NW8g8RNrJxkknnTvNcb1jnBiZLl3mDvMGvHYxhtXXyi1N8CTdzTlWvCTMFwaSZJnTkvKKkYWMIaWAnYGNSBskNbYCu8eqg2KLTtpaT6HQU0rhvgCUxUc1GpfGFOsLuPXSb8ef4KYI6xADvU7j9Dg2gqvAAAAA==[0m[Pipeline] }
[8mha:////4A4YrKZiMWJLSOyDEDasZ+Y01qMAkEMkMW6IRoTR/blpAAAAoh+LCAAAAAAAAP9tjTEOAiEURD9rLGwtPQRbWRhjZUtoPAGyiLDkfxZYdytP5NW8g8RNrJxkknnTvNcb1jnBiZLl3mDvMGvHYxhtXXyi1N8CTdzTlWvCTMFwaSZJnTkvKKkYWMIaWAnYGNSBskNbYCu8eqg2KLTtpaT6HQU0rhvgCUxUc1GpfGFOsLuPXSb8ef4KYI6xADvU7j9J+wGOvAAAAA==[0m[Pipeline] // stage
[8mha:////4I4WcfVU+Qee22HcRfwLuebzlN5TESEv8wEq3ZFMaYsiAAAAph+LCAAAAAAAAP9tjTEOwjAQBM9BKWgpeYQDEh2iorXc8AITG+PEugv2haTiRXyNPxCIRMVWOyut5vmCMic4UPKycdgGzHWQXez91ORAqb1EGmRDZ1kTZopOajdosu44oyZ2MEcUsFCwdFhHygE9w0o15m6qaNBXJ07TtldQBHuDBwg1mdkk/sKYYH3tbSb8ef4KYOwYxI6h2G4+x/INtuQqUcEAAAA=[0m[Pipeline] withEnv
[8mha:////4IXAAoHy9emSkTGCiJNABCbmFmUvD8YscKPnC+Lr3fiXAAAApR+LCAAAAAAAAP9tjTEOwjAUQ3+DOrAycoiUzoiJNerCCUITQtLo/zZJSSdOxNW4Ay2VmPBg2Zas93pDGQOcKBjuNHYWY2t570czJ54pdDdPmTu68pYwkte80bkhpc9rbShpWFUw2AjYamw9RYsmwU44+ZCVl2iqSwrzdhTArBrgCYWYyUmG9C1TgP19VJHwx/kLgKlPwOrDYvXyLD8BobDcwgAAAA==[0m[Pipeline] {
[8mha:////4Hpyo5mbU58ZC7ZaoVrIPw2Cs1KIZUVI2TZltXYLJobOAAAAph+LCAAAAAAAAP9tjTEOwjAUQ3+LOrAycohUZUVMrFEWThCaEJJG/7dJSjpxIq7GHWipxIQHy7ZkvdcbqhjgRMEwp7GzGFvLej+aObFMobt5yszRlbWEkbxmQmdBSp/XKihpWFWUsOGw1dh6ihZNgh138iFrL9HUlxTm7cihtGqAJxR8JicZ0rdMAfb3UUXCH+cvAKY+Qdk0ix2WZ/UBbwyqm8IAAAA=[0m[Pipeline] stage
[8mha:////4MjppaIHEi4ewsX/etGzooNMf4YRgVs3P4GQu0w+0NuoAAAAph+LCAAAAAAAAP9tjTEOwjAUQ3+LOrAycohUwIiYukZZOEFoQkgb/V9+UtqJE3E17kBLJSY8WLYl673eUESGE7ETjcXWY6y96ELvpiQG4vYaaBANXURNGClYoeygyNhqqYqShUVZDisJa4t1oOjRJdjIRj90GTS68px42o4Scm/u8IRMTuSkOX3LyLC99SYS/jh/ATB2CfLdfrbD/Cw+y7kUycIAAAA=[0m[Pipeline] { (Declarative: Tool Install)
[8mha:////4JWJ+DuVP/PIcIbSKIhA+D4kEYPA1LfPrBhrUQPtFRChAAAApB+LCAAAAAAAAP9tjTEOwjAQBC9BFLSUPOIiBB2iSmu54QUmNsaJdWdsh6TiRXyNPxCIRMUWq51t5vmCZYpw5GixNdQ5So3D4Hs7LRw4dhfPA7Z8xoYpsTcozSBZm3pGydnAnKKEhYCVocZzcmQzrEWr7qryimx1ynH6DgJKp2/wgEJM5qxi/sIYYXPtdWL6ef4KYAwZyu3uU/vwBgq0rvS+AAAA[0m[Pipeline] tool
[8mha:////4Dr+kDesGezvQOGloHnn+tyFefveJTyoPj4ohLWq/TXWAAAApB+LCAAAAAAAAP9tjTEOwjAQBC9BFLSUPOIihKgQVVrLDS8wsTFOrDtjOyQVL+Jr/IFAJCq2WO1sM88XLFOEI0eLraHOUWocBt/baeHAsbt4HrDlMzZMib1BaQbJ2tQzSs4G5hQlLASsDDWekyObYS1adVeVV2SrU47TdxBQOn2DBxRiMmcV8xfGCJtrrxPTz/NXAGPIUG53n9qHN0uFte2+AAAA[0m[Pipeline] envVarsForTool
[8mha:////4DSuI/9kV6v5vuamYMs3aklxcEkSWELEuD3wA3+2iYQDAAAApR+LCAAAAAAAAP9tjTEOwjAQBC9BFLSUPOIihESDqNJabniBiY1xYt0Z2yGpeBFf4w8EIlGxxWpnm3m+YJkiHDlabA11jlLjMPjeTgsHjt3F84Atn7FhSuwNSjNI1qaeUXI2MKcoYSFgZajxnBzZDGvRqruqvCJbnXKcvoOA0ukbPKAQkzmrmL8wRthce52Yfp6/AhhDhnK7+9Q+vAGI1pjGvgAAAA==[0m[Pipeline] tool
[8mha:////4CvgDhk2Zi86STcTXkHMVdXW4B2/Ax1cm4ZBBQg8eWKqAAAApR+LCAAAAAAAAP9tjTEOwjAQBC9BFLSUPOIiREGBqNJabniBiY1xYt0Z2yGpeBFf4w8EIlGxxWpnm3m+YJkiHDlabA11jlLjMPjeTgsHjt3F84Atn7FhSuwNSjNI1qaeUXI2MKcoYSFgZajxnBzZDGvRqruqvCJbnXKcvoOA0ukbPKAQkzmrmL8wRthce52Yfp6/AhhDhnK7+9Q+vAHJ54PfvgAAAA==[0m[Pipeline] envVarsForTool
[8mha:////4BnXDb4qLoY0CA4wKRTGxhQ/cOzan7PF8GwkSvo7hVwLAAAApR+LCAAAAAAAAP9tjTEOwjAQBC9BFLSUPOIiRIOEqNJabniBiY1xYt0Z2yGpeBFf4w8EIlGxxWpnm3m+YJkiHDlabA11jlLjMPjeTgsHjt3F84Atn7FhSuwNSjNI1qaeUXI2MKcoYSFgZajxnBzZDGvRqruqvCJbnXKcvoOA0ukbPKAQkzmrmL8wRthce52Yfp6/AhhDyFBu95/avQFudLBjvgAAAA==[0m[Pipeline] }
[8mha:////4HdG53dbLCRDXt16QM2zZL0/q38y0ntfeEJtmOoWiZBfAAAApB+LCAAAAAAAAP9tjTEOwjAQBC9BFLSUPOIi6BCiSmu54QUmNsaJdWdsh6TiRXyNPxCIRMUWq51t5vmCZYpw5GixNdQ5So3D4Hs7LRw4dhfPA7Z8xoYpsTcozSBZm3pGydnAnKKEhYCVocZzcmQzrEWr7qryimx1ynH6DgJKp2/wgEJM5qxi/sIYYXPtdWL6ef4KYAwhQ7ndf2r3Bl2X69++AAAA[0m[Pipeline] // stage
[8mha:////4KmyNMnHB1mP/jVLtzg7O3H0smqc0dCVwQ957GHjbLb3AAAAph+LCAAAAAAAAP9tjTEOwjAUQ3+LOrAycoiUsiKmrlEWThCSENJG/5ckpZ04EVfjDgQqMeHBsi1Z7/mCKgY4UrCsM9g7jMqxwY82JzZR6C+eJtbRmSnCSN4wYSZB2rRLFZQMLCpKWHFYG1SeokObYMM7eZe1l2jrUwp5O3Aonb7BAwqeyUmG9C1zgO111JHwx/kLgHlIUDZNtv3u86ze+beK58IAAAA=[0m[Pipeline] withEnv
[8mha:////4PjuwOHJr53UwQIqhdb/wshfxHzZEOxiIdm79nRP9DLJAAAAph+LCAAAAAAAAP9tjTEOwjAUQ3+LOrAycogUWBFT1ygLJwhNCGmj/8tPSjtxIq7GHWipxIQHy7ZkvdcbishwInaisdh6jLUXXejdlMRA3F4DDaKhi6gJIwUrlB0UGVstVVGysCjLYSVhbbEOFD26BBvZ6Icug0ZXnhNP21FC7s0dnpDJiZw0p28ZGba33kTCH+cvAMYuQX7Yzbafn8UHbGnGmsIAAAA=[0m[Pipeline] {
[8mha:////4ERaB/ci0PlRPIR8yt8mT10q+MtHBZIi75Dxl/V2l17VAAAAph+LCAAAAAAAAP9tjTEOwjAUQ3+DOrAycohUdEVMrFEXThCaEJJG/7dJSjpxIq7GHWipxIQHy7ZkvdcbyhjgRMFwp7GzGFvLez+aOfFMobt5ytzRlbeEkbzmjc4NKX1ea0NJw6qCwUbAVmPrKVo0CXbCyYesvERTXVKYt6MAZtUATyjETE4ypG+ZAuzvo4qEP85fAEx9AlYfFquXZ/kBAsTc3cIAAAA=[0m[Pipeline] stage
[8mha:////4BTFxIrHAGBxOEXvhvoFzAKib0LHY3kNHd2HiP4VRnVEAAAAph+LCAAAAAAAAP9tjTEOwjAUQ3+LOrAycohUKiNiYo2ycILQhJA0+r9NUtKJE3E17kBLJSY8WLYl673eUMUAJwqGOY2dxdha1vvRzIllCt3NU2aOrqwljOQ1EzoLUvq8VkFJw6qihA2HrcbWU7RoEuy4kw9Ze4mmvqQwb0cOpVUDPKHgMznJkL5lCrC/jyoS/jh/ATD1CcqmWeywPKsPpnFij8IAAAA=[0m[Pipeline] { (install and sonar parallel)
[8mha:////4CqCPq8kOFNm62S8fIjYHImxmpyrss/7DovjoVfFHNQ/AAAApB+LCAAAAAAAAP9tjTEOwjAQBC9BFLSUPOIiAR2iSmu54QUmNsaJdWdsh6TiRXyNPxCIRMUWq51t5vmCZYpw5GixNdQ5So3D4Hs7LRw4dhfPA7Z8xoYpsTcozSBZm3pGydnAnKKEhYCVocZzcmQzrEWr7qryimx1ynH6DgJKp2/wgEJM5qxi/sIYYXPtdWL6ef4KYAwZyu3uU/vwBrANZ3i+AAAA[0m[Pipeline] tool
[8mha:////4CQIacguFYwp+sh9dvlDs+U9SG6PbGRjgJQKI3VBobaOAAAApB+LCAAAAAAAAP9tjTEOwjAQBC9BFLSUPOIigagQVVrLDS8wsTFOrDtjOyQVL+Jr/IFAJCq2WO1sM88XLFOEI0eLraHOUWocBt/baeHAsbt4HrDlMzZMib1BaQbJ2tQzSs4G5hQlLASsDDWekyObYS1adVeVV2SrU47TdxBQOn2DBxRiMmcV8xfGCJtrrxPTz/NXAGPIUG53n9qHN/E8fGG+AAAA[0m[Pipeline] envVarsForTool
[8mha:////4Efaj5m6VdIxQ79PAuz+K12Xxo+1Ro7twe4iDxys82aLAAAApR+LCAAAAAAAAP9tjTEOwjAQBC9BFLSUPOIigUSDqNJabniBiY1xYt0Z2yGpeBFf4w8EIlGxxWpnm3m+YJkiHDlabA11jlLjMPjeTgsHjt3F84Atn7FhSuwNSjNI1qaeUXI2MKcoYSFgZajxnBzZDGvRqruqvCJbnXKcvoOA0ukbPKAQkzmrmL8wRthce52Yfp6/AhhDhnK7+9Q+vAEyb1FKvgAAAA==[0m[Pipeline] tool
[8mha:////4Cg6xJM5wK8MlEkKJqsafbTqgXcnDhtHmFC32K0JA5H1AAAApR+LCAAAAAAAAP9tjTEOwjAQBC9BFLSUPOIiQUGBqNJabniBiY1xYt0Z2yGpeBFf4w8EIlGxxWpnm3m+YJkiHDlabA11jlLjMPjeTgsHjt3F84Atn7FhSuwNSjNI1qaeUXI2MKcoYSFgZajxnBzZDGvRqruqvCJbnXKcvoOA0ukbPKAQkzmrmL8wRthce52Yfp6/AhhDhnK7+9Q+vAFzXkpTvgAAAA==[0m[Pipeline] envVarsForTool
[8mha:////4CazAU5pM4ZkJisHKnQyXdbIfVv+T3XK+jtnN6Dz7GoBAAAAqB+LCAAAAAAAAP9tjTEOwjAUQ3+LOrAycohUggUJMXWNsnCC0ISQNvq//KS0EyfiatyBlkpMeLBsS9Z7vaGIDCdiJxqLrcdYe9GF3k1JDMTtNdAgGrqImjBSsELZQZGx1VIVJQuLshxWEtYW60DRo0uwkY1+6DJodOU58bQdJeTe3OEJmZzISXP6lpFhe+tNJPxx/gJg7BLku/1sh/lZfAClXiskwgAAAA==[0m[Pipeline] withEnv
[8mha:////4Fb8oc60h7wSwjSViubuq28ZsNWW8YHsbWi7KJ9OFSa+AAAApx+LCAAAAAAAAP9tjTEOwjAUQ3+LOrAycohUYgIhpq5RFk4QmhDSRv+Xn5R24kRcjTvQUokJD5ZtyXqvNxSR4UTsRGOx9RhrL7rQuymJgbi9BhpEQxdRE0YKVig7KDK2WqqiZGFRlsNKwtpiHSh6dAk2stEPXQaNrjwnnrajhNybOzwhkxM5aU7fMjJsb72JhD/OXwCMXYJ8t5/tMD+LD0QKVszCAAAA[0m[Pipeline] {
[8mha:////4FshlelAIicet0im63INSvqRkCxEr8hwpGryP33jPlfeAAAAqB+LCAAAAAAAAP9tjTEOwjAUQ3+LOrAycogUwYRQJ9aoCycITQhJo/9LkpJOnIircQcClZjwYNmWrPd8QRU8NOQ1swp7g6EzbHCjzokl8v3FUWKWzqwjDOQUa1VqSarjXFuKCmYVJSw4LBV2joJBHWHFrbiL2gnU9Sn6vB04lEbe4AEFz+QofPyWycP6OspA+OP8BcA0RCi3+2y7zedZvQH4j6CMwgAAAA==[0m[Pipeline] parallel
[8mha:////4Fh2v67/zCJgzNQrtTAYJT+ubKbYDJwN+UWCh9+DvkVEAAAAph+LCAAAAAAAAP9tjTEOwjAUQ3+LOrAycogUwYiYukZZOEFoQkgb/V9+UtqJE3E17kBLJSY8WLYl673eUESGE7ETjcXWY6y96ELvpiQG4vYaaBANXURNGClYoeygyNhqqYqShUVZDisJa4t1oOjRJdjIRj90GTS68px42o4Scm/u8IRMTuSkOX3LyLC99SYS/jh/ATB2CfLDbrb9/Cw+GVyAIcIAAAA=[0m[Pipeline] { (Branch: install)
[8mha:////4IxIEhbIGVmflGQA9MuFMlm2aZmo3ia2M2za/hrmLE8NAAAAph+LCAAAAAAAAP9tjTEOwjAUQ3+DOrAycogUqSNiYo26cILQhJA0+r9NUtKJE3E17kBLJSY8WLYl673eUMYAJwqGO42dxdha3vvRzIlnCt3NU+aOrrwljOQ1b3RuSOnzWhtKGlYVDDYCthpbT9GiSbATTj5k5SWa6pLCvB0FMKsGeEIhZnKSIX3LFGB/H1Uk/HH+AmDqE7D6sFi9PMsPvI/c6sIAAAA=[0m[Pipeline] { (Branch: sonar)
[8mha:////4DxiBnrnoIS6tp9XOJWefOR+m1khHYLYUzCAKzAC5ym5AAAApB+LCAAAAAAAAP9tjTEOwjAQBC9BFLSUPOIiAR2iSmu54QUmNsaJdWdsh6TiRXyNPxCIRMUWq51t5vmCZYpw5GixNdQ5So3D4Hs7LRw4dhfPA7Z8xoYpsTcozSBZm3pGydnAnKKEhYCVocZzcmQzrEWr7qryimx1ynH6DgJKp2/wgEJM5qxi/sIYYXPtdWL6ef4KYAwZyt32U/vwBq1seBO+AAAA[0m[Pipeline] sh
[8mha:////4A53UxX4XYOrtgJSZDd9S+Z6+2NXa9VouPM75bi6T7eiAAAAox+LCAAAAAAAAP9tjTESwiAURH/iWNhaeghSZKwcK1uGxhNggghh/idAJJUn8mreQTQzVm6xs2+b93zBOgY4UtDMKhwMxs4w7yZdFssUhqujzCxdWEcYySkmVBbUq9OCgpKCJVUNKw4bhZ2jaFAn2HIr77JxEnVzTqF8Bw616Ud4QMWLOcmQvjAH2N2mPhL+PH8FMPsEddt+au/fWFYUrL4AAAA=[0m[Pipeline] sh
+ mvn -U clean test cobertura:cobertura -Dcobertura.report.format=xml
+ mvn sonar:sonar -Dsonar.host.url=http://172.21.96.1:9004
[INFO] Scanning for projects...
[INFO] Scanning for projects...
[INFO] 
[INFO] ------------------------------------------------------------------------
[INFO] Building berlin-clock 1.1-SNAPSHOT
[INFO] ------------------------------------------------------------------------
[INFO] 
[INFO] --- sonar-maven-plugin:3.7.0.1746:sonar (default-cli) @ berlin-clock ---
Downloading: https://repo.maven.apache.org/maven2/org/codehaus/mojo/maven-metadata.xml
Downloading: https://repo.maven.apache.org/maven2/org/apache/maven/plugins/maven-metadata.xml
[INFO] User cache: /var/jenkins_home/.sonar/cache
[INFO] SonarQube version: 7.8.0
[INFO] Default locale: "en", source code encoding: "UTF-8"
[WARNING] SonarQube scanners will require Java 11+ starting on next version
Progress (1): 1.4/14 kBProgress (1): 2.7/14 kBProgress (2): 2.7/14 kB | 1.4/20 kBProgress (2): 2.7/14 kB | 2.7/20 kBProgress (2): 4.1/14 kB | 2.7/20 kBProgress (2): 4.1/14 kB | 4.1/20 kBProgress (2): 5.5/14 kB | 4.1/20 kBProgress (2): 5.5/14 kB | 5.5/20 kBProgress (2): 6.9/14 kB | 5.5/20 kBProgress (2): 6.9/14 kB | 6.9/20 kBProgress (2): 8.2/14 kB | 6.9/20 kBProgress (2): 8.2/14 kB | 8.2/20 kBProgress (2): 9.6/14 kB | 8.2/20 kBProgress (2): 9.6/14 kB | 9.6/20 kBProgress (2): 11/14 kB | 9.6/20 kB Progress (2): 11/14 kB | 11/20 kB Progress (2): 11/14 kB | 12/20 kBProgress (2): 11/14 kB | 14/20 kBProgress (2): 11/14 kB | 15/20 kBProgress (2): 11/14 kB | 16/20 kBProgress (2): 11/14 kB | 18/20 kBProgress (2): 11/14 kB | 19/20 kBProgress (2): 12/14 kB | 19/20 kBProgress (2): 12/14 kB | 20 kB   Progress (2): 14 kB | 20 kB                              Downloaded: https://repo.maven.apache.org/maven2/org/apache/maven/plugins/maven-metadata.xml (14 kB at 7.0 kB/s)
Downloaded: https://repo.maven.apache.org/maven2/org/codehaus/mojo/maven-metadata.xml (20 kB at 11 kB/s)
Downloading: https://repo.maven.apache.org/maven2/org/codehaus/mojo/cobertura-maven-plugin/maven-metadata.xml
Progress (1): 605 B                   Downloaded: https://repo.maven.apache.org/maven2/org/codehaus/mojo/cobertura-maven-plugin/maven-metadata.xml (605 B at 1.9 kB/s)
[INFO] 
[INFO] ------------------------------------------------------------------------
[INFO] Building berlin-clock 1.1-SNAPSHOT
[INFO] ------------------------------------------------------------------------
[INFO] 
[INFO] --- maven-clean-plugin:2.5:clean (default-clean) @ berlin-clock ---
[INFO] Load global settings
[INFO] Deleting /var/jenkins_home/jobs/pipeline-script-from-scm/workspace/target
[INFO] 
[INFO] --- maven-resources-plugin:2.6:resources (default-resources) @ berlin-clock ---
[INFO] Using 'UTF-8' encoding to copy filtered resources.
[INFO] skip non existing resourceDirectory /var/jenkins_home/jobs/pipeline-script-from-scm/workspace/src/main/resources
[INFO] 
[INFO] --- maven-compiler-plugin:3.1:compile (default-compile) @ berlin-clock ---
[INFO] Load global settings (done) | time=1111ms
[INFO] Server id: BF41A1F2-AW-DEfIe60HdSCUiXpXw
[INFO] User cache: /var/jenkins_home/.sonar/cache
[INFO] Load/download plugins
[INFO] Load plugins index
[INFO] Load plugins index (done) | time=271ms
[INFO] Load/download plugins (done) | time=406ms
[INFO] Changes detected - recompiling the module!
[INFO] Compiling 20 source files to /var/jenkins_home/jobs/pipeline-script-from-scm/workspace/target/classes
[INFO] Process project properties
[INFO] Execute project builders
[INFO] Execute project builders (done) | time=15ms
[INFO] Project key: ken:berlin-clock
[INFO] Base dir: /var/jenkins_home/jobs/pipeline-script-from-scm/workspace
[INFO] Working dir: /var/jenkins_home/jobs/pipeline-script-from-scm/workspace/target/sonar
[INFO] Load project settings for component key: 'ken:berlin-clock'
[INFO] Load project settings for component key: 'ken:berlin-clock' (done) | time=151ms
[INFO] Load quality profiles
[INFO] Load quality profiles (done) | time=471ms
[INFO] Load active rules
[INFO] 
[INFO] --- maven-resources-plugin:2.6:testResources (default-testResources) @ berlin-clock ---
[INFO] Using 'UTF-8' encoding to copy filtered resources.
[INFO] skip non existing resourceDirectory /var/jenkins_home/jobs/pipeline-script-from-scm/workspace/src/test/resources
[INFO] 
[INFO] --- maven-compiler-plugin:3.1:testCompile (default-testCompile) @ berlin-clock ---
[INFO] Changes detected - recompiling the module!
[INFO] Compiling 13 source files to /var/jenkins_home/jobs/pipeline-script-from-scm/workspace/target/test-classes
[INFO] 
[INFO] --- maven-surefire-plugin:2.12.4:test (default-test) @ berlin-clock ---
[INFO] Surefire report directory: /var/jenkins_home/jobs/pipeline-script-from-scm/workspace/target/surefire-reports

-------------------------------------------------------
 T E S T S
-------------------------------------------------------
Running ken.kata.techtest.parser.BerlinClockParserTest
Tests run: 2, Failures: 0, Errors: 0, Skipped: 0, Time elapsed: 0.373 sec
Running ken.kata.techtest.BerlinClockLoadTest
Tests run: 1, Failures: 0, Errors: 0, Skipped: 0, Time elapsed: 0.273 sec
Running ken.kata.techtest.clock.SecondsTest
Tests run: 3, Failures: 0, Errors: 0, Skipped: 0, Time elapsed: 0.024 sec
Running ken.kata.techtest.clock.HoursTest
RROO OOOO
Tests run: 5, Failures: 0, Errors: 0, Skipped: 0, Time elapsed: 0.037 sec
Running ken.kata.techtest.clock.MinutesTest
Tests run: 5, Failures: 0, Errors: 0, Skipped: 0, Time elapsed: 0.002 sec
Running ken.kata.techtest.clock.HoursTimeUnitBottomPartTest
Tests run: 3, Failures: 0, Errors: 0, Skipped: 0, Time elapsed: 0.011 sec
Running ken.kata.techtest.clock.SecondsTimeUnitPartTest
Tests run: 2, Failures: 0, Errors: 0, Skipped: 0, Time elapsed: 0.001 sec
Running ken.kata.techtest.clock.HoursTimeUnitTopPartTest
Tests run: 3, Failures: 0, Errors: 0, Skipped: 0, Time elapsed: 0.01 sec
Running ken.kata.techtest.clock.MinutesTimeUnitTopPartTest
Tests run: 4, Failures: 0, Errors: 0, Skipped: 0, Time elapsed: 0.001 sec
Running ken.kata.techtest.clock.MinutesTimeUnitBottomPartTest
Tests run: 4, Failures: 0, Errors: 0, Skipped: 0, Time elapsed: 0.001 sec
Running ken.kata.techtest.BerlinClockUTest
13::17:01 -> O RROO RRRO YYROOOOOOOO YYOO
23::59:59 -> O RRRR RRRO YYRYYRYYRYY YYYY
24::00:00 -> Y RRRR RRRR OOOOOOOOOOO OOOO
24::00:01 -> O RRRR RRRR OOOOOOOOOOO OOOO
01::00:00 -> Y OOOO ROOO OOOOOOOOOOO OOOO
10::10:10 -> Y RROO OOOO YYOOOOOOOOO OOOO
16::16:16 -> Y RRRO ROOO YYROOOOOOOO YOOO
Tests run: 8, Failures: 0, Errors: 0, Skipped: 0, Time elapsed: 0.107 sec

Results :

Tests run: 40, Failures: 0, Errors: 0, Skipped: 0

[INFO] 
[INFO] >>> cobertura-maven-plugin:2.7:cobertura (default-cli) > [cobertura]test @ berlin-clock >>>
[INFO] 
[INFO] --- maven-resources-plugin:2.6:resources (default-resources) @ berlin-clock ---
[INFO] Using 'UTF-8' encoding to copy filtered resources.
[INFO] skip non existing resourceDirectory /var/jenkins_home/jobs/pipeline-script-from-scm/workspace/src/main/resources
[INFO] 
[INFO] --- maven-compiler-plugin:3.1:compile (default-compile) @ berlin-clock ---
[INFO] Nothing to compile - all classes are up to date
[INFO] 
[INFO] --- cobertura-maven-plugin:2.7:instrument (default-cli) @ berlin-clock ---
[INFO] Cobertura 2.1.1 - GNU GPL License (NO WARRANTY) - See COPYRIGHT file
[WARN] Unable to instrument file /var/jenkins_home/jobs/pipeline-script-from-scm/workspace/target/generated-classes/cobertura/ken/kata/techtest/clock/TimeUnitPart.class
java.lang.IllegalArgumentException: INVOKESPECIAL/STATIC on interfaces require ASM 5
	at org.objectweb.asm.MethodVisitor.visitMethodInsn(Unknown Source) ~[asm-5.0.1.jar:5.0.1]
	at org.objectweb.asm.ClassReader.a(Unknown Source) ~[asm-5.0.1.jar:5.0.1]
	at org.objectweb.asm.ClassReader.b(Unknown Source) ~[asm-5.0.1.jar:5.0.1]
	at org.objectweb.asm.ClassReader.accept(Unknown Source) ~[asm-5.0.1.jar:5.0.1]
	at org.objectweb.asm.ClassReader.accept(Unknown Source) ~[asm-5.0.1.jar:5.0.1]
	at net.sourceforge.cobertura.instrument.CoberturaInstrumenter.instrumentClass(CoberturaInstrumenter.java:161) [cobertura-2.1.1.jar:2.1.1]
	at net.sourceforge.cobertura.instrument.CoberturaInstrumenter.instrumentClass(CoberturaInstrumenter.java:129) [cobertura-2.1.1.jar:2.1.1]
	at net.sourceforge.cobertura.instrument.CoberturaInstrumenter.addInstrumentationToSingleClass(CoberturaInstrumenter.java:243) [cobertura-2.1.1.jar:2.1.1]
	at net.sourceforge.cobertura.instrument.CodeInstrumentationTask.addInstrumentationToSingleClass(CodeInstrumentationTask.java:299) [cobertura-2.1.1.jar:2.1.1]
	at net.sourceforge.cobertura.instrument.CodeInstrumentationTask.addInstrumentation(CodeInstrumentationTask.java:308) [cobertura-2.1.1.jar:2.1.1]
	at net.sourceforge.cobertura.instrument.CodeInstrumentationTask.instrument(CodeInstrumentationTask.java:90) [cobertura-2.1.1.jar:2.1.1]
	at net.sourceforge.cobertura.dsl.Cobertura.instrumentCode(Cobertura.java:74) [cobertura-2.1.1.jar:2.1.1]
	at net.sourceforge.cobertura.instrument.InstrumentMain.instrument(InstrumentMain.java:82) [cobertura-2.1.1.jar:2.1.1]
	at net.sourceforge.cobertura.instrument.InstrumentMain.main(InstrumentMain.java:99) [cobertura-2.1.1.jar:2.1.1]
[INFO] Cobertura: Saved information on 19 classes.
[INFO] Cobertura: Saved information on 19 classes.

[INFO] Instrumentation was successful.
[INFO] NOT adding cobertura ser file to attached artifacts list.
[INFO] 
[INFO] --- maven-resources-plugin:2.6:testResources (default-testResources) @ berlin-clock ---
[INFO] Using 'UTF-8' encoding to copy filtered resources.
[INFO] skip non existing resourceDirectory /var/jenkins_home/jobs/pipeline-script-from-scm/workspace/src/test/resources
[INFO] 
[INFO] --- maven-compiler-plugin:3.1:testCompile (default-testCompile) @ berlin-clock ---
[INFO] Nothing to compile - all classes are up to date
[INFO] 
[INFO] --- maven-surefire-plugin:2.12.4:test (default-test) @ berlin-clock ---
[INFO] Surefire report directory: /var/jenkins_home/jobs/pipeline-script-from-scm/workspace/target/surefire-reports

-------------------------------------------------------
 T E S T S
-------------------------------------------------------
Running ken.kata.techtest.parser.BerlinClockParserTest
Tests run: 2, Failures: 0, Errors: 0, Skipped: 0, Time elapsed: 0.698 sec
Running ken.kata.techtest.BerlinClockLoadTest
Tests run: 1, Failures: 0, Errors: 0, Skipped: 0, Time elapsed: 0.138 sec
Running ken.kata.techtest.clock.SecondsTest
Tests run: 3, Failures: 0, Errors: 0, Skipped: 0, Time elapsed: 0.007 sec
Running ken.kata.techtest.clock.HoursTest
RROO OOOO
Tests run: 5, Failures: 0, Errors: 0, Skipped: 0, Time elapsed: 0.022 sec
Running ken.kata.techtest.clock.MinutesTest
Tests run: 5, Failures: 0, Errors: 0, Skipped: 0, Time elapsed: 0.004 sec
Running ken.kata.techtest.clock.HoursTimeUnitBottomPartTest
Tests run: 3, Failures: 0, Errors: 0, Skipped: 0, Time elapsed: 0.011 sec
Running ken.kata.techtest.clock.SecondsTimeUnitPartTest
Tests run: 2, Failures: 0, Errors: 0, Skipped: 0, Time elapsed: 0.073 sec
Running ken.kata.techtest.clock.HoursTimeUnitTopPartTest
Tests run: 3, Failures: 0, Errors: 0, Skipped: 0, Time elapsed: 0.03 sec
Running ken.kata.techtest.clock.MinutesTimeUnitTopPartTest
Tests run: 4, Failures: 0, Errors: 0, Skipped: 0, Time elapsed: 0.044 sec
Running ken.kata.techtest.clock.MinutesTimeUnitBottomPartTest
Tests run: 4, Failures: 0, Errors: 0, Skipped: 0, Time elapsed: 0.025 sec
Running ken.kata.techtest.BerlinClockUTest
13::17:01 -> O RROO RRRO YYROOOOOOOO YYOO
23::59:59 -> O RRRR RRRO YYRYYRYYRYY YYYY
24::00:00 -> Y RRRR RRRR OOOOOOOOOOO OOOO
24::00:01 -> O RRRR RRRR OOOOOOOOOOO OOOO
01::00:00 -> Y OOOO ROOO OOOOOOOOOOO OOOO
10::10:10 -> Y RROO OOOO YYOOOOOOOOO OOOO
16::16:16 -> Y RRRO ROOO YYROOOOOOOO YOOO
Tests run: 8, Failures: 0, Errors: 0, Skipped: 0, Time elapsed: 0.19 sec
[INFO] Load active rules (done) | time=7115ms
[INFO] Indexing files...
[INFO] Project configuration:
[INFO] 34 files indexed
[INFO] 0 files ignored because of scm ignore settings
[INFO] Quality profile for java: Sonar way
[INFO] Quality profile for xml: Sonar way
[INFO] ------------- Run sensors on module berlin-clock
[INFO] Load metrics repository
[INFO] Load metrics repository (done) | time=57ms
[INFO] Cobertura: Loaded information on 19 classes.
[INFO] Cobertura: Saved information on 19 classes.

Results :

Tests run: 40, Failures: 0, Errors: 0, Skipped: 0

[INFO] 
[INFO] <<< cobertura-maven-plugin:2.7:cobertura (default-cli) < [cobertura]test @ berlin-clock <<<
[INFO] 
[INFO] 
[INFO] --- cobertura-maven-plugin:2.7:cobertura (default-cli) @ berlin-clock ---
[INFO] Cobertura 2.1.1 - GNU GPL License (NO WARRANTY) - See COPYRIGHT file
[INFO] Cobertura: Loaded information on 19 classes.
[WARN] JavaNCSS got an error while parsing the java file /var/jenkins_home/jobs/pipeline-script-from-scm/workspace/src/main/java/ken/kata/techtest/clock/AbstractTimeUnit.java
ParseException in STDIN
Last useful checkpoint: "ken.kata.techtest.clock.AbstractTimeUnit.display(int)"
Encountered " ">" "> "" at line 20, column 35.
Was expecting one of:
    "assert" ...
    "boolean" ...
    "byte" ...
    "char" ...
    "double" ...
    "enum" ...
    "false" ...
    "float" ...
    "int" ...
    "long" ...
    "new" ...
    "null" ...
    "short" ...
    "super" ...
    "this" ...
    "true" ...
    "void" ...
    <INTEGER_LITERAL> ...
    <FLOATING_POINT_LITERAL> ...
    <CHARACTER_LITERAL> ...
    <STRING_LITERAL> ...
    <IDENTIFIER> ...
    "(" ...
    "!" ...
    "~" ...
    "++" ...
    "--" ...
    "+" ...
    "-" ...
    

[WARN] JavaNCSS got an error while parsing the java file /var/jenkins_home/jobs/pipeline-script-from-scm/workspace/src/main/java/ken/kata/techtest/clock/hours/Hours.java
ParseException in STDIN
Last useful checkpoint: "ken.kata.techtest.clock.hours.Hoursken.kata.techtest.clock.hours.Hours.Hours()"
Encountered " ">" "> "" at line 11, column 26.
Was expecting one of:
    "assert" ...
    "boolean" ...
    "byte" ...
    "char" ...
    "double" ...
    "enum" ...
    "false" ...
    "float" ...
    "int" ...
    "long" ...
    "new" ...
    "null" ...
    "short" ...
    "super" ...
    "this" ...
    "true" ...
    "void" ...
    <INTEGER_LITERAL> ...
    <FLOATING_POINT_LITERAL> ...
    <CHARACTER_LITERAL> ...
    <STRING_LITERAL> ...
    <IDENTIFIER> ...
    "(" ...
    "!" ...
    "~" ...
    "++" ...
    "--" ...
    "+" ...
    "-" ...
    

[WARN] JavaNCSS got an error while parsing the java file /var/jenkins_home/jobs/pipeline-script-from-scm/workspace/src/main/java/ken/kata/techtest/clock/hours/HoursFactory.java
ParseException in STDIN
Last useful checkpoint: "ken.kata.techtest.clock.hours.HoursFactory.createTopPart()"
Encountered " ">" "> "" at line 25, column 26.
Was expecting one of:
    "assert" ...
    "boolean" ...
    "byte" ...
    "char" ...
    "double" ...
    "enum" ...
    "false" ...
    "float" ...
    "int" ...
    "long" ...
    "new" ...
    "null" ...
    "short" ...
    "super" ...
    "this" ...
    "true" ...
    "void" ...
    <INTEGER_LITERAL> ...
    <FLOATING_POINT_LITERAL> ...
    <CHARACTER_LITERAL> ...
    <STRING_LITERAL> ...
    <IDENTIFIER> ...
    "(" ...
    "!" ...
    "~" ...
    "++" ...
    "--" ...
    "+" ...
    "-" ...
    

[WARN] JavaNCSS got an error while parsing the java file /var/jenkins_home/jobs/pipeline-script-from-scm/workspace/src/main/java/ken/kata/techtest/clock/minutes/Minutes.java
ParseException in STDIN
Last useful checkpoint: "ken.kata.techtest.clock.minutes.Minutesken.kata.techtest.clock.minutes.Minutes.Minutes()"
Encountered " ">" "> "" at line 11, column 26.
Was expecting one of:
    "assert" ...
    "boolean" ...
    "byte" ...
    "char" ...
    "double" ...
    "enum" ...
    "false" ...
    "float" ...
    "int" ...
    "long" ...
    "new" ...
    "null" ...
    "short" ...
    "super" ...
    "this" ...
    "true" ...
    "void" ...
    <INTEGER_LITERAL> ...
    <FLOATING_POINT_LITERAL> ...
    <CHARACTER_LITERAL> ...
    <STRING_LITERAL> ...
    <IDENTIFIER> ...
    "(" ...
    "!" ...
    "~" ...
    "++" ...
    "--" ...
    "+" ...
    "-" ...
    

[WARN] JavaNCSS got an error while parsing the java file /var/jenkins_home/jobs/pipeline-script-from-scm/workspace/src/main/java/ken/kata/techtest/clock/minutes/MinutesFactory.java
ParseException in STDIN
Last useful checkpoint: "ken.kata.techtest.clock.minutes.MinutesFactory.createTopPart()"
Encountered " ">" "> "" at line 32, column 26.
Was expecting one of:
    "assert" ...
    "boolean" ...
    "byte" ...
    "char" ...
    "double" ...
    "enum" ...
    "false" ...
    "float" ...
    "int" ...
    "long" ...
    "new" ...
    "null" ...
    "short" ...
    "super" ...
    "this" ...
    "true" ...
    "void" ...
    <INTEGER_LITERAL> ...
    <FLOATING_POINT_LITERAL> ...
    <CHARACTER_LITERAL> ...
    <STRING_LITERAL> ...
    <IDENTIFIER> ...
    "(" ...
    "!" ...
    "~" ...
    "++" ...
    "--" ...
    "+" ...
    "-" ...
    

[WARN] JavaNCSS got an error while parsing the java file /var/jenkins_home/jobs/pipeline-script-from-scm/workspace/src/main/java/ken/kata/techtest/clock/seconds/Seconds.java
ParseException in STDIN
Last useful checkpoint: "ken.kata.techtest.clock.seconds.Secondsken.kata.techtest.clock.seconds.Seconds.Seconds()"
Encountered " ">" "> "" at line 11, column 26.
Was expecting one of:
    "assert" ...
    "boolean" ...
    "byte" ...
    "char" ...
    "double" ...
    "enum" ...
    "false" ...
    "float" ...
    "int" ...
    "long" ...
    "new" ...
    "null" ...
    "short" ...
    "super" ...
    "this" ...
    "true" ...
    "void" ...
    <INTEGER_LITERAL> ...
    <FLOATING_POINT_LITERAL> ...
    <CHARACTER_LITERAL> ...
    <STRING_LITERAL> ...
    <IDENTIFIER> ...
    "(" ...
    "!" ...
    "~" ...
    "++" ...
    "--" ...
    "+" ...
    "-" ...
    

[WARN] JavaNCSS got an error while parsing the java file /var/jenkins_home/jobs/pipeline-script-from-scm/workspace/src/main/java/ken/kata/techtest/clock/seconds/SecondsFactory.java
ParseException in STDIN
Last useful checkpoint: "ken.kata.techtest.clock.seconds.SecondsFactory.createPart()"
Encountered " ">" "> "" at line 21, column 26.
Was expecting one of:
    "assert" ...
    "boolean" ...
    "byte" ...
    "char" ...
    "double" ...
    "enum" ...
    "false" ...
    "float" ...
    "int" ...
    "long" ...
    "new" ...
    "null" ...
    "short" ...
    "super" ...
    "this" ...
    "true" ...
    "void" ...
    <INTEGER_LITERAL> ...
    <FLOATING_POINT_LITERAL> ...
    <CHARACTER_LITERAL> ...
    <STRING_LITERAL> ...
    <IDENTIFIER> ...
    "(" ...
    "!" ...
    "~" ...
    "++" ...
    "--" ...
    "+" ...
    "-" ...
    

Report time: 695ms

[ERROR] net.sourceforge.cobertura.javancss.parser.ParseException: Encountered " ">" "> "" at line 20, column 35.
Was expecting one of:
    "assert" ...
    "boolean" ...
    "byte" ...
    "char" ...
    "double" ...
    "enum" ...
    "false" ...
    "float" ...
    "int" ...
    "long" ...
    "new" ...
    "null" ...
    "short" ...
    "super" ...
    "this" ...
    "true" ...
    "void" ...
    <INTEGER_LITERAL> ...
    <FLOATING_POINT_LITERAL> ...
    <CHARACTER_LITERAL> ...
    <STRING_LITERAL> ...
    <IDENTIFIER> ...
    "(" ...
    "!" ...
    "~" ...
    "++" ...
    "--" ...
    "+" ...
    "-" ...
    
	at net.sourceforge.cobertura.javancss.parser.JavaParser.generateParseException(JavaParser.java:10490)
	at net.sourceforge.cobertura.javancss.parser.JavaParser.jj_consume_token(JavaParser.java:10366)
	at net.sourceforge.cobertura.javancss.parser.JavaParser.UnaryExpression(JavaParser.java:3175)
	at net.sourceforge.cobertura.javancss.parser.JavaParser.MultiplicativeExpression(JavaParser.java:3090)
	at net.sourceforge.cobertura.javancss.parser.JavaParser.AdditiveExpression(JavaParser.java:3085)
	at net.sourceforge.cobertura.javancss.parser.JavaParser.ShiftExpression(JavaParser.java:3027)
	at net.sourceforge.cobertura.javancss.parser.JavaParser.RelationalExpression(JavaParser.java:2990)
	at net.sourceforge.cobertura.javancss.parser.JavaParser.InstanceOfExpression(JavaParser.java:2977)
	at net.sourceforge.cobertura.javancss.parser.JavaParser.AssigmentExpression(JavaParser.java:2959)
	at net.sourceforge.cobertura.javancss.parser.JavaParser.EqualityExpression(JavaParser.java:2886)
	at net.sourceforge.cobertura.javancss.parser.JavaParser.AndExpression(JavaParser.java:2860)
	at net.sourceforge.cobertura.javancss.parser.JavaParser.ExclusiveOrExpression(JavaParser.java:2843)
	at net.sourceforge.cobertura.javancss.parser.JavaParser.InclusiveOrExpression(JavaParser.java:2826)
	at net.sourceforge.cobertura.javancss.parser.JavaParser.ConditionalAndExpression(JavaParser.java:2808)
	at net.sourceforge.cobertura.javancss.parser.JavaParser.ConditionalOrExpression(JavaParser.java:2790)
	at net.sourceforge.cobertura.javancss.parser.JavaParser.ConditionalExpression(JavaParser.java:2774)
	at net.sourceforge.cobertura.javancss.parser.JavaParser.Expression(JavaParser.java:2718)
	at net.sourceforge.cobertura.javancss.parser.JavaParser.ArgumentList(JavaParser.java:3620)
	at net.sourceforge.cobertura.javancss.parser.JavaParser.Arguments(JavaParser.java:3610)
	at net.sourceforge.cobertura.javancss.parser.JavaParser.PrimarySuffix(JavaParser.java:3511)
	at net.sourceforge.cobertura.javancss.parser.JavaParser.PrimaryExpression(JavaParser.java:3384)
	at net.sourceforge.cobertura.javancss.parser.JavaParser.PostfixExpression(JavaParser.java:3330)
	at net.sourceforge.cobertura.javancss.parser.JavaParser.UnaryExpressionNotPlusMinus(JavaParser.java:3237)
	at net.sourceforge.cobertura.javancss.parser.JavaParser.UnaryExpression(JavaParser.java:3171)
	at net.sourceforge.cobertura.javancss.parser.JavaParser.MultiplicativeExpression(JavaParser.java:3090)
	at net.sourceforge.cobertura.javancss.parser.JavaParser.AdditiveExpression(JavaParser.java:3061)
	at net.sourceforge.cobertura.javancss.parser.JavaParser.ShiftExpression(JavaParser.java:3027)
	at net.sourceforge.cobertura.javancss.parser.JavaParser.RelationalExpression(JavaParser.java:2990)
	at net.sourceforge.cobertura.javancss.parser.JavaParser.InstanceOfExpression(JavaParser.java:2977)
	at net.sourceforge.cobertura.javancss.parser.JavaParser.AssigmentExpression(JavaParser.java:2959)
	at net.sourceforge.cobertura.javancss.parser.JavaParser.EqualityExpression(JavaParser.java:2886)
	at net.sourceforge.cobertura.javancss.parser.JavaParser.AndExpression(JavaParser.java:2860)
	at net.sourceforge.cobertura.javancss.parser.JavaParser.ExclusiveOrExpression(JavaParser.java:2843)
	at net.sourceforge.cobertura.javancss.parser.JavaParser.InclusiveOrExpression(JavaParser.java:2826)
	at net.sourceforge.cobertura.javancss.parser.JavaParser.ConditionalAndExpression(JavaParser.java:2808)
	at net.sourceforge.cobertura.javancss.parser.JavaParser.ConditionalOrExpression(JavaParser.java:2790)
	at net.sourceforge.cobertura.javancss.parser.JavaParser.ConditionalExpression(JavaParser.java:2774)
	at net.sourceforge.cobertura.javancss.parser.JavaParser.Expression(JavaParser.java:2718)
	at net.sourceforge.cobertura.javancss.parser.JavaParser.ReturnStatement(JavaParser.java:4572)
	at net.sourceforge.cobertura.javancss.parser.JavaParser.Statement(JavaParser.java:3825)
	at net.sourceforge.cobertura.javancss.parser.JavaParser.BlockStatement(JavaParser.java:3984)
	at net.sourceforge.cobertura.javancss.parser.JavaParser.Block(JavaParser.java:3934)
	at net.sourceforge.cobertura.javancss.parser.JavaParser.MethodDeclaration(JavaParser.java:1987)
	at net.sourceforge.cobertura.javancss.parser.JavaParser.ClassBodyDeclaration(JavaParser.java:1039)
	at net.sourceforge.cobertura.javancss.parser.JavaParser.ClassBody(JavaParser.java:898)
	at net.sourceforge.cobertura.javancss.parser.JavaParser.UnmodifiedClassDeclaration(JavaParser.java:824)
	at net.sourceforge.cobertura.javancss.parser.JavaParser.ClassDeclaration(JavaParser.java:728)
	at net.sourceforge.cobertura.javancss.parser.JavaParser.TypeDeclaration(JavaParser.java:575)
	at net.sourceforge.cobertura.javancss.parser.JavaParser.CompilationUnit(JavaParser.java:318)
	at net.sourceforge.cobertura.javancss.parser.JavaParser.parse(JavaParser.java:100)
	at net.sourceforge.cobertura.javancss.Javancss._measureSource(Javancss.java:192)
	at net.sourceforge.cobertura.javancss.Javancss._measureRoot(Javancss.java:268)
	at net.sourceforge.cobertura.javancss.Javancss.<init>(Javancss.java:347)
	at net.sourceforge.cobertura.javancss.JavancssFactory.newInstance(JavancssFactory.java:40)
	at net.sourceforge.cobertura.reporting.ComplexityCalculator.getFunctionMetricsForSingleFile(ComplexityCalculator.java:243)
	at net.sourceforge.cobertura.reporting.ComplexityCalculator.getAccumlatedCCNForSingleFile(ComplexityCalculator.java:143)
	at net.sourceforge.cobertura.reporting.ComplexityCalculator.getCCNForSourceFileNameInternal(ComplexityCalculator.java:273)
	at net.sourceforge.cobertura.reporting.ComplexityCalculator.getCCNForPackageInternal(ComplexityCalculator.java:208)
	at net.sourceforge.cobertura.reporting.ComplexityCalculator.getCCNForProject(ComplexityCalculator.java:174)
	at net.sourceforge.cobertura.reporting.xml.XMLReport.<init>(XMLReport.java:70)
	at net.sourceforge.cobertura.reporting.xml.XMLReportFormatStrategy.save(XMLReportFormatStrategy.java:18)
	at net.sourceforge.cobertura.reporting.NativeReport.export(NativeReport.java:31)
	at net.sourceforge.cobertura.reporting.CompositeReport.export(CompositeReport.java:19)
	at net.sourceforge.cobertura.reporting.ReportMain.parseArgumentsAndReport(ReportMain.java:91)
	at net.sourceforge.cobertura.reporting.ReportMain.generateReport(ReportMain.java:141)
	at net.sourceforge.cobertura.reporting.ReportMain.main(ReportMain.java:151)
net.sourceforge.cobertura.javancss.parser.ParseException: Encountered " ">" "> "" at line 11, column 26.
Was expecting one of:
    "assert" ...
    "boolean" ...
    "byte" ...
    "char" ...
    "double" ...
    "enum" ...
    "false" ...
    "float" ...
    "int" ...
    "long" ...
    "new" ...
    "null" ...
    "short" ...
    "super" ...
    "this" ...
    "true" ...
    "void" ...
    <INTEGER_LITERAL> ...
    <FLOATING_POINT_LITERAL> ...
    <CHARACTER_LITERAL> ...
    <STRING_LITERAL> ...
    <IDENTIFIER> ...
    "(" ...
    "!" ...
    "~" ...
    "++" ...
    "--" ...
    "+" ...
    "-" ...
    
	at net.sourceforge.cobertura.javancss.parser.JavaParser.generateParseException(JavaParser.java:10490)
	at net.sourceforge.cobertura.javancss.parser.JavaParser.jj_consume_token(JavaParser.java:10366)
	at net.sourceforge.cobertura.javancss.parser.JavaParser.UnaryExpression(JavaParser.java:3175)
	at net.sourceforge.cobertura.javancss.parser.JavaParser.MultiplicativeExpression(JavaParser.java:3090)
	at net.sourceforge.cobertura.javancss.parser.JavaParser.AdditiveExpression(JavaParser.java:3085)
	at net.sourceforge.cobertura.javancss.parser.JavaParser.ShiftExpression(JavaParser.java:3027)
	at net.sourceforge.cobertura.javancss.parser.JavaParser.RelationalExpression(JavaParser.java:2990)
	at net.sourceforge.cobertura.javancss.parser.JavaParser.InstanceOfExpression(JavaParser.java:2977)
	at net.sourceforge.cobertura.javancss.parser.JavaParser.AssigmentExpression(JavaParser.java:2959)
	at net.sourceforge.cobertura.javancss.parser.JavaParser.EqualityExpression(JavaParser.java:2886)
	at net.sourceforge.cobertura.javancss.parser.JavaParser.AndExpression(JavaParser.java:2860)
	at net.sourceforge.cobertura.javancss.parser.JavaParser.ExclusiveOrExpression(JavaParser.java:2843)
	at net.sourceforge.cobertura.javancss.parser.JavaParser.InclusiveOrExpression(JavaParser.java:2826)
	at net.sourceforge.cobertura.javancss.parser.JavaParser.ConditionalAndExpression(JavaParser.java:2808)
	at net.sourceforge.cobertura.javancss.parser.JavaParser.ConditionalOrExpression(JavaParser.java:2790)
	at net.sourceforge.cobertura.javancss.parser.JavaParser.ConditionalExpression(JavaParser.java:2774)
	at net.sourceforge.cobertura.javancss.parser.JavaParser.Expression(JavaParser.java:2718)
	at net.sourceforge.cobertura.javancss.parser.JavaParser.ArgumentList(JavaParser.java:3620)
	at net.sourceforge.cobertura.javancss.parser.JavaParser.Arguments(JavaParser.java:3610)
	at net.sourceforge.cobertura.javancss.parser.JavaParser.AllocationExpression(JavaParser.java:3665)
	at net.sourceforge.cobertura.javancss.parser.JavaParser.PrimaryPrefix(JavaParser.java:3456)
	at net.sourceforge.cobertura.javancss.parser.JavaParser.PrimaryExpression(JavaParser.java:3376)
	at net.sourceforge.cobertura.javancss.parser.JavaParser.PostfixExpression(JavaParser.java:3330)
	at net.sourceforge.cobertura.javancss.parser.JavaParser.UnaryExpressionNotPlusMinus(JavaParser.java:3237)
	at net.sourceforge.cobertura.javancss.parser.JavaParser.UnaryExpression(JavaParser.java:3171)
	at net.sourceforge.cobertura.javancss.parser.JavaParser.MultiplicativeExpression(JavaParser.java:3090)
	at net.sourceforge.cobertura.javancss.parser.JavaParser.AdditiveExpression(JavaParser.java:3061)
	at net.sourceforge.cobertura.javancss.parser.JavaParser.ShiftExpression(JavaParser.java:3027)
	at net.sourceforge.cobertura.javancss.parser.JavaParser.RelationalExpression(JavaParser.java:2990)
	at net.sourceforge.cobertura.javancss.parser.JavaParser.InstanceOfExpression(JavaParser.java:2977)
	at net.sourceforge.cobertura.javancss.parser.JavaParser.AssigmentExpression(JavaParser.java:2959)
	at net.sourceforge.cobertura.javancss.parser.JavaParser.EqualityExpression(JavaParser.java:2886)
	at net.sourceforge.cobertura.javancss.parser.JavaParser.AndExpression(JavaParser.java:2860)
	at net.sourceforge.cobertura.javancss.parser.JavaParser.ExclusiveOrExpression(JavaParser.java:2843)
	at net.sourceforge.cobertura.javancss.parser.JavaParser.InclusiveOrExpression(JavaParser.java:2826)
	at net.sourceforge.cobertura.javancss.parser.JavaParser.ConditionalAndExpression(JavaParser.java:2808)
	at net.sourceforge.cobertura.javancss.parser.JavaParser.ConditionalOrExpression(JavaParser.java:2790)
	at net.sourceforge.cobertura.javancss.parser.JavaParser.ConditionalExpression(JavaParser.java:2774)
	at net.sourceforge.cobertura.javancss.parser.JavaParser.Expression(JavaParser.java:2718)
	at net.sourceforge.cobertura.javancss.parser.JavaParser.StatementExpression(JavaParser.java:4106)
	at net.sourceforge.cobertura.javancss.parser.JavaParser.Statement(JavaParser.java:3795)
	at net.sourceforge.cobertura.javancss.parser.JavaParser.BlockStatement(JavaParser.java:3984)
	at net.sourceforge.cobertura.javancss.parser.JavaParser.ConstructorDeclaration(JavaParser.java:2375)
	at net.sourceforge.cobertura.javancss.parser.JavaParser.ClassBodyDeclaration(JavaParser.java:1037)
	at net.sourceforge.cobertura.javancss.parser.JavaParser.ClassBody(JavaParser.java:898)
	at net.sourceforge.cobertura.javancss.parser.JavaParser.UnmodifiedClassDeclaration(JavaParser.java:824)
	at net.sourceforge.cobertura.javancss.parser.JavaParser.ClassDeclaration(JavaParser.java:728)
	at net.sourceforge.cobertura.javancss.parser.JavaParser.TypeDeclaration(JavaParser.java:575)
	at net.sourceforge.cobertura.javancss.parser.JavaParser.CompilationUnit(JavaParser.java:318)
	at net.sourceforge.cobertura.javancss.parser.JavaParser.parse(JavaParser.java:100)
	at net.sourceforge.cobertura.javancss.Javancss._measureSource(Javancss.java:192)
	at net.sourceforge.cobertura.javancss.Javancss._measureRoot(Javancss.java:268)
	at net.sourceforge.cobertura.javancss.Javancss.<init>(Javancss.java:347)
	at net.sourceforge.cobertura.javancss.JavancssFactory.newInstance(JavancssFactory.java:40)
	at net.sourceforge.cobertura.reporting.ComplexityCalculator.getFunctionMetricsForSingleFile(ComplexityCalculator.java:243)
	at net.sourceforge.cobertura.reporting.ComplexityCalculator.getAccumlatedCCNForSingleFile(ComplexityCalculator.java:143)
	at net.sourceforge.cobertura.reporting.ComplexityCalculator.getCCNForSourceFileNameInternal(ComplexityCalculator.java:273)
	at net.sourceforge.cobertura.reporting.ComplexityCalculator.getCCNForPackageInternal(ComplexityCalculator.java:208)
	at net.sourceforge.cobertura.reporting.ComplexityCalculator.getCCNForProject(ComplexityCalculator.java:174)
	at net.sourceforge.cobertura.reporting.xml.XMLReport.<init>(XMLReport.java:70)
	at net.sourceforge.cobertura.reporting.xml.XMLReportFormatStrategy.save(XMLReportFormatStrategy.java:18)
	at net.sourceforge.cobertura.reporting.NativeReport.export(NativeReport.java:31)
	at net.sourceforge.cobertura.reporting.CompositeReport.export(CompositeReport.java:19)
	at net.sourceforge.cobertura.reporting.ReportMain.parseArgumentsAndReport(ReportMain.java:91)
	at net.sourceforge.cobertura.reporting.ReportMain.generateReport(ReportMain.java:141)
	at net.sourceforge.cobertura.reporting.ReportMain.main(ReportMain.java:151)
net.sourceforge.cobertura.javancss.parser.ParseException: Encountered " ">" "> "" at line 25, column 26.
Was expecting one of:
    "assert" ...
    "boolean" ...
    "byte" ...
    "char" ...
    "double" ...
    "enum" ...
    "false" ...
    "float" ...
    "int" ...
    "long" ...
    "new" ...
    "null" ...
    "short" ...
    "super" ...
    "this" ...
    "true" ...
    "void" ...
    <INTEGER_LITERAL> ...
    <FLOATING_POINT_LITERAL> ...
    <CHARACTER_LITERAL> ...
    <STRING_LITERAL> ...
    <IDENTIFIER> ...
    "(" ...
    "!" ...
    "~" ...
    "++" ...
    "--" ...
    "+" ...
    "-" ...
    
	at net.sourceforge.cobertura.javancss.parser.JavaParser.generateParseException(JavaParser.java:10490)
	at net.sourceforge.cobertura.javancss.parser.JavaParser.jj_consume_token(JavaParser.java:10366)
	at net.sourceforge.cobertura.javancss.parser.JavaParser.UnaryExpression(JavaParser.java:3175)
	at net.sourceforge.cobertura.javancss.parser.JavaParser.MultiplicativeExpression(JavaParser.java:3090)
	at net.sourceforge.cobertura.javancss.parser.JavaParser.AdditiveExpression(JavaParser.java:3085)
	at net.sourceforge.cobertura.javancss.parser.JavaParser.ShiftExpression(JavaParser.java:3027)
	at net.sourceforge.cobertura.javancss.parser.JavaParser.RelationalExpression(JavaParser.java:2990)
	at net.sourceforge.cobertura.javancss.parser.JavaParser.InstanceOfExpression(JavaParser.java:2977)
	at net.sourceforge.cobertura.javancss.parser.JavaParser.AssigmentExpression(JavaParser.java:2959)
	at net.sourceforge.cobertura.javancss.parser.JavaParser.EqualityExpression(JavaParser.java:2886)
	at net.sourceforge.cobertura.javancss.parser.JavaParser.AndExpression(JavaParser.java:2860)
	at net.sourceforge.cobertura.javancss.parser.JavaParser.ExclusiveOrExpression(JavaParser.java:2843)
	at net.sourceforge.cobertura.javancss.parser.JavaParser.InclusiveOrExpression(JavaParser.java:2826)
	at net.sourceforge.cobertura.javancss.parser.JavaParser.ConditionalAndExpression(JavaParser.java:2808)
	at net.sourceforge.cobertura.javancss.parser.JavaParser.ConditionalOrExpression(JavaParser.java:2790)
	at net.sourceforge.cobertura.javancss.parser.JavaParser.ConditionalExpression(JavaParser.java:2774)
	at net.sourceforge.cobertura.javancss.parser.JavaParser.Expression(JavaParser.java:2718)
	at net.sourceforge.cobertura.javancss.parser.JavaParser.ArgumentList(JavaParser.java:3632)
	at net.sourceforge.cobertura.javancss.parser.JavaParser.Arguments(JavaParser.java:3610)
	at net.sourceforge.cobertura.javancss.parser.JavaParser.AllocationExpression(JavaParser.java:3665)
	at net.sourceforge.cobertura.javancss.parser.JavaParser.PrimaryPrefix(JavaParser.java:3456)
	at net.sourceforge.cobertura.javancss.parser.JavaParser.PrimaryExpression(JavaParser.java:3376)
	at net.sourceforge.cobertura.javancss.parser.JavaParser.PostfixExpression(JavaParser.java:3330)
	at net.sourceforge.cobertura.javancss.parser.JavaParser.UnaryExpressionNotPlusMinus(JavaParser.java:3237)
	at net.sourceforge.cobertura.javancss.parser.JavaParser.UnaryExpression(JavaParser.java:3171)
	at net.sourceforge.cobertura.javancss.parser.JavaParser.MultiplicativeExpression(JavaParser.java:3090)
	at net.sourceforge.cobertura.javancss.parser.JavaParser.AdditiveExpression(JavaParser.java:3061)
	at net.sourceforge.cobertura.javancss.parser.JavaParser.ShiftExpression(JavaParser.java:3027)
	at net.sourceforge.cobertura.javancss.parser.JavaParser.RelationalExpression(JavaParser.java:2990)
	at net.sourceforge.cobertura.javancss.parser.JavaParser.InstanceOfExpression(JavaParser.java:2977)
	at net.sourceforge.cobertura.javancss.parser.JavaParser.AssigmentExpression(JavaParser.java:2959)
	at net.sourceforge.cobertura.javancss.parser.JavaParser.EqualityExpression(JavaParser.java:2886)
	at net.sourceforge.cobertura.javancss.parser.JavaParser.AndExpression(JavaParser.java:2860)
	at net.sourceforge.cobertura.javancss.parser.JavaParser.ExclusiveOrExpression(JavaParser.java:2843)
	at net.sourceforge.cobertura.javancss.parser.JavaParser.InclusiveOrExpression(JavaParser.java:2826)
	at net.sourceforge.cobertura.javancss.parser.JavaParser.ConditionalAndExpression(JavaParser.java:2808)
	at net.sourceforge.cobertura.javancss.parser.JavaParser.ConditionalOrExpression(JavaParser.java:2790)
	at net.sourceforge.cobertura.javancss.parser.JavaParser.ConditionalExpression(JavaParser.java:2774)
	at net.sourceforge.cobertura.javancss.parser.JavaParser.Expression(JavaParser.java:2718)
	at net.sourceforge.cobertura.javancss.parser.JavaParser.ReturnStatement(JavaParser.java:4572)
	at net.sourceforge.cobertura.javancss.parser.JavaParser.Statement(JavaParser.java:3825)
	at net.sourceforge.cobertura.javancss.parser.JavaParser.BlockStatement(JavaParser.java:3984)
	at net.sourceforge.cobertura.javancss.parser.JavaParser.Block(JavaParser.java:3934)
	at net.sourceforge.cobertura.javancss.parser.JavaParser.MethodDeclaration(JavaParser.java:1987)
	at net.sourceforge.cobertura.javancss.parser.JavaParser.ClassBodyDeclaration(JavaParser.java:1039)
	at net.sourceforge.cobertura.javancss.parser.JavaParser.ClassBody(JavaParser.java:898)
	at net.sourceforge.cobertura.javancss.parser.JavaParser.UnmodifiedClassDeclaration(JavaParser.java:824)
	at net.sourceforge.cobertura.javancss.parser.JavaParser.ClassDeclaration(JavaParser.java:728)
	at net.sourceforge.cobertura.javancss.parser.JavaParser.TypeDeclaration(JavaParser.java:575)
	at net.sourceforge.cobertura.javancss.parser.JavaParser.CompilationUnit(JavaParser.java:318)
	at net.sourceforge.cobertura.javancss.parser.JavaParser.parse(JavaParser.java:100)
	at net.sourceforge.cobertura.javancss.Javancss._measureSource(Javancss.java:192)
	at net.sourceforge.cobertura.javancss.Javancss._measureRoot(Javancss.java:268)
	at net.sourceforge.cobertura.javancss.Javancss.<init>(Javancss.java:347)
	at net.sourceforge.cobertura.javancss.JavancssFactory.newInstance(JavancssFactory.java:40)
	at net.sourceforge.cobertura.reporting.ComplexityCalculator.getFunctionMetricsForSingleFile(ComplexityCalculator.java:243)
	at net.sourceforge.cobertura.reporting.ComplexityCalculator.getAccumlatedCCNForSingleFile(ComplexityCalculator.java:143)
	at net.sourceforge.cobertura.reporting.ComplexityCalculator.getCCNForSourceFileNameInternal(ComplexityCalculator.java:273)
	at net.sourceforge.cobertura.reporting.ComplexityCalculator.getCCNForPackageInternal(ComplexityCalculator.java:208)
	at net.sourceforge.cobertura.reporting.ComplexityCalculator.getCCNForProject(ComplexityCalculator.java:174)
	at net.sourceforge.cobertura.reporting.xml.XMLReport.<init>(XMLReport.java:70)
	at net.sourceforge.cobertura.reporting.xml.XMLReportFormatStrategy.save(XMLReportFormatStrategy.java:18)
	at net.sourceforge.cobertura.reporting.NativeReport.export(NativeReport.java:31)
	at net.sourceforge.cobertura.reporting.CompositeReport.export(CompositeReport.java:19)
	at net.sourceforge.cobertura.reporting.ReportMain.parseArgumentsAndReport(ReportMain.java:91)
	at net.sourceforge.cobertura.reporting.ReportMain.generateReport(ReportMain.java:141)
	at net.sourceforge.cobertura.reporting.ReportMain.main(ReportMain.java:151)
net.sourceforge.cobertura.javancss.parser.ParseException: Encountered " ">" "> "" at line 11, column 26.
Was expecting one of:
    "assert" ...
    "boolean" ...
    "byte" ...
    "char" ...
    "double" ...
    "enum" ...
    "false" ...
    "float" ...
    "int" ...
    "long" ...
    "new" ...
    "null" ...
    "short" ...
    "super" ...
    "this" ...
    "true" ...
    "void" ...
    <INTEGER_LITERAL> ...
    <FLOATING_POINT_LITERAL> ...
    <CHARACTER_LITERAL> ...
    <STRING_LITERAL> ...
    <IDENTIFIER> ...
    "(" ...
    "!" ...
    "~" ...
    "++" ...
    "--" ...
    "+" ...
    "-" ...
    
	at net.sourceforge.cobertura.javancss.parser.JavaParser.generateParseException(JavaParser.java:10490)
	at net.sourceforge.cobertura.javancss.parser.JavaParser.jj_consume_token(JavaParser.java:10366)
	at net.sourceforge.cobertura.javancss.parser.JavaParser.UnaryExpression(JavaParser.java:3175)
	at net.sourceforge.cobertura.javancss.parser.JavaParser.MultiplicativeExpression(JavaParser.java:3090)
	at net.sourceforge.cobertura.javancss.parser.JavaParser.AdditiveExpression(JavaParser.java:3085)
	at net.sourceforge.cobertura.javancss.parser.JavaParser.ShiftExpression(JavaParser.java:3027)
	at net.sourceforge.cobertura.javancss.parser.JavaParser.RelationalExpression(JavaParser.java:2990)
	at net.sourceforge.cobertura.javancss.parser.JavaParser.InstanceOfExpression(JavaParser.java:2977)
	at net.sourceforge.cobertura.javancss.parser.JavaParser.AssigmentExpression(JavaParser.java:2959)
	at net.sourceforge.cobertura.javancss.parser.JavaParser.EqualityExpression(JavaParser.java:2886)
	at net.sourceforge.cobertura.javancss.parser.JavaParser.AndExpression(JavaParser.java:2860)
	at net.sourceforge.cobertura.javancss.parser.JavaParser.ExclusiveOrExpression(JavaParser.java:2843)
	at net.sourceforge.cobertura.javancss.parser.JavaParser.InclusiveOrExpression(JavaParser.java:2826)
	at net.sourceforge.cobertura.javancss.parser.JavaParser.ConditionalAndExpression(JavaParser.java:2808)
	at net.sourceforge.cobertura.javancss.parser.JavaParser.ConditionalOrExpression(JavaParser.java:2790)
	at net.sourceforge.cobertura.javancss.parser.JavaParser.ConditionalExpression(JavaParser.java:2774)
	at net.sourceforge.cobertura.javancss.parser.JavaParser.Expression(JavaParser.java:2718)
	at net.sourceforge.cobertura.javancss.parser.JavaParser.ArgumentList(JavaParser.java:3620)
	at net.sourceforge.cobertura.javancss.parser.JavaParser.Arguments(JavaParser.java:3610)
	at net.sourceforge.cobertura.javancss.parser.JavaParser.AllocationExpression(JavaParser.java:3665)
	at net.sourceforge.cobertura.javancss.parser.JavaParser.PrimaryPrefix(JavaParser.java:3456)
	at net.sourceforge.cobertura.javancss.parser.JavaParser.PrimaryExpression(JavaParser.java:3376)
	at net.sourceforge.cobertura.javancss.parser.JavaParser.PostfixExpression(JavaParser.java:3330)
	at net.sourceforge.cobertura.javancss.parser.JavaParser.UnaryExpressionNotPlusMinus(JavaParser.java:3237)
	at net.sourceforge.cobertura.javancss.parser.JavaParser.UnaryExpression(JavaParser.java:3171)
	at net.sourceforge.cobertura.javancss.parser.JavaParser.MultiplicativeExpression(JavaParser.java:3090)
	at net.sourceforge.cobertura.javancss.parser.JavaParser.AdditiveExpression(JavaParser.java:3061)
	at net.sourceforge.cobertura.javancss.parser.JavaParser.ShiftExpression(JavaParser.java:3027)
	at net.sourceforge.cobertura.javancss.parser.JavaParser.RelationalExpression(JavaParser.java:2990)
	at net.sourceforge.cobertura.javancss.parser.JavaParser.InstanceOfExpression(JavaParser.java:2977)
	at net.sourceforge.cobertura.javancss.parser.JavaParser.AssigmentExpression(JavaParser.java:2959)
	at net.sourceforge.cobertura.javancss.parser.JavaParser.EqualityExpression(JavaParser.java:2886)
	at net.sourceforge.cobertura.javancss.parser.JavaParser.AndExpression(JavaParser.java:2860)
	at net.sourceforge.cobertura.javancss.parser.JavaParser.ExclusiveOrExpression(JavaParser.java:2843)
	at net.sourceforge.cobertura.javancss.parser.JavaParser.InclusiveOrExpression(JavaParser.java:2826)
	at net.sourceforge.cobertura.javancss.parser.JavaParser.ConditionalAndExpression(JavaParser.java:2808)
	at net.sourceforge.cobertura.javancss.parser.JavaParser.ConditionalOrExpression(JavaParser.java:2790)
	at net.sourceforge.cobertura.javancss.parser.JavaParser.ConditionalExpression(JavaParser.java:2774)
	at net.sourceforge.cobertura.javancss.parser.JavaParser.Expression(JavaParser.java:2718)
	at net.sourceforge.cobertura.javancss.parser.JavaParser.StatementExpression(JavaParser.java:4106)
	at net.sourceforge.cobertura.javancss.parser.JavaParser.Statement(JavaParser.java:3795)
	at net.sourceforge.cobertura.javancss.parser.JavaParser.BlockStatement(JavaParser.java:3984)
	at net.sourceforge.cobertura.javancss.parser.JavaParser.ConstructorDeclaration(JavaParser.java:2375)
	at net.sourceforge.cobertura.javancss.parser.JavaParser.ClassBodyDeclaration(JavaParser.java:1037)
	at net.sourceforge.cobertura.javancss.parser.JavaParser.ClassBody(JavaParser.java:898)
	at net.sourceforge.cobertura.javancss.parser.JavaParser.UnmodifiedClassDeclaration(JavaParser.java:824)
	at net.sourceforge.cobertura.javancss.parser.JavaParser.ClassDeclaration(JavaParser.java:728)
	at net.sourceforge.cobertura.javancss.parser.JavaParser.TypeDeclaration(JavaParser.java:575)
	at net.sourceforge.cobertura.javancss.parser.JavaParser.CompilationUnit(JavaParser.java:318)
	at net.sourceforge.cobertura.javancss.parser.JavaParser.parse(JavaParser.java:100)
	at net.sourceforge.cobertura.javancss.Javancss._measureSource(Javancss.java:192)
	at net.sourceforge.cobertura.javancss.Javancss._measureRoot(Javancss.java:268)
	at net.sourceforge.cobertura.javancss.Javancss.<init>(Javancss.java:347)
	at net.sourceforge.cobertura.javancss.JavancssFactory.newInstance(JavancssFactory.java:40)
	at net.sourceforge.cobertura.reporting.ComplexityCalculator.getFunctionMetricsForSingleFile(ComplexityCalculator.java:243)
	at net.sourceforge.cobertura.reporting.ComplexityCalculator.getAccumlatedCCNForSingleFile(ComplexityCalculator.java:143)
	at net.sourceforge.cobertura.reporting.ComplexityCalculator.getCCNForSourceFileNameInternal(ComplexityCalculator.java:273)
	at net.sourceforge.cobertura.reporting.ComplexityCalculator.getCCNForPackageInternal(ComplexityCalculator.java:208)
	at net.sourceforge.cobertura.reporting.ComplexityCalculator.getCCNForProject(ComplexityCalculator.java:174)
	at net.sourceforge.cobertura.reporting.xml.XMLReport.<init>(XMLReport.java:70)
	at net.sourceforge.cobertura.reporting.xml.XMLReportFormatStrategy.save(XMLReportFormatStrategy.java:18)
	at net.sourceforge.cobertura.reporting.NativeReport.export(NativeReport.java:31)
	at net.sourceforge.cobertura.reporting.CompositeReport.export(CompositeReport.java:19)
	at net.sourceforge.cobertura.reporting.ReportMain.parseArgumentsAndReport(ReportMain.java:91)
	at net.sourceforge.cobertura.reporting.ReportMain.generateReport(ReportMain.java:141)
	at net.sourceforge.cobertura.reporting.ReportMain.main(ReportMain.java:151)
net.sourceforge.cobertura.javancss.parser.ParseException: Encountered " ">" "> "" at line 32, column 26.
Was expecting one of:
    "assert" ...
    "boolean" ...
    "byte" ...
    "char" ...
    "double" ...
    "enum" ...
    "false" ...
    "float" ...
    "int" ...
    "long" ...
    "new" ...
    "null" ...
    "short" ...
    "super" ...
    "this" ...
    "true" ...
    "void" ...
    <INTEGER_LITERAL> ...
    <FLOATING_POINT_LITERAL> ...
    <CHARACTER_LITERAL> ...
    <STRING_LITERAL> ...
    <IDENTIFIER> ...
    "(" ...
    "!" ...
    "~" ...
    "++" ...
    "--" ...
    "+" ...
    "-" ...
    
	at net.sourceforge.cobertura.javancss.parser.JavaParser.generateParseException(JavaParser.java:10490)
	at net.sourceforge.cobertura.javancss.parser.JavaParser.jj_consume_token(JavaParser.java:10366)
	at net.sourceforge.cobertura.javancss.parser.JavaParser.UnaryExpression(JavaParser.java:3175)
	at net.sourceforge.cobertura.javancss.parser.JavaParser.MultiplicativeExpression(JavaParser.java:3090)
	at net.sourceforge.cobertura.javancss.parser.JavaParser.AdditiveExpression(JavaParser.java:3085)
	at net.sourceforge.cobertura.javancss.parser.JavaParser.ShiftExpression(JavaParser.java:3027)
	at net.sourceforge.cobertura.javancss.parser.JavaParser.RelationalExpression(JavaParser.java:2990)
	at net.sourceforge.cobertura.javancss.parser.JavaParser.InstanceOfExpression(JavaParser.java:2977)
	at net.sourceforge.cobertura.javancss.parser.JavaParser.AssigmentExpression(JavaParser.java:2959)
	at net.sourceforge.cobertura.javancss.parser.JavaParser.EqualityExpression(JavaParser.java:2886)
	at net.sourceforge.cobertura.javancss.parser.JavaParser.AndExpression(JavaParser.java:2860)
	at net.sourceforge.cobertura.javancss.parser.JavaParser.ExclusiveOrExpression(JavaParser.java:2843)
	at net.sourceforge.cobertura.javancss.parser.JavaParser.InclusiveOrExpression(JavaParser.java:2826)
	at net.sourceforge.cobertura.javancss.parser.JavaParser.ConditionalAndExpression(JavaParser.java:2808)
	at net.sourceforge.cobertura.javancss.parser.JavaParser.ConditionalOrExpression(JavaParser.java:2790)
	at net.sourceforge.cobertura.javancss.parser.JavaParser.ConditionalExpression(JavaParser.java:2774)
	at net.sourceforge.cobertura.javancss.parser.JavaParser.Expression(JavaParser.java:2718)
	at net.sourceforge.cobertura.javancss.parser.JavaParser.ArgumentList(JavaParser.java:3632)
	at net.sourceforge.cobertura.javancss.parser.JavaParser.Arguments(JavaParser.java:3610)
	at net.sourceforge.cobertura.javancss.parser.JavaParser.AllocationExpression(JavaParser.java:3665)
	at net.sourceforge.cobertura.javancss.parser.JavaParser.PrimaryPrefix(JavaParser.java:3456)
	at net.sourceforge.cobertura.javancss.parser.JavaParser.PrimaryExpression(JavaParser.java:3376)
	at net.sourceforge.cobertura.javancss.parser.JavaParser.PostfixExpression(JavaParser.java:3330)
	at net.sourceforge.cobertura.javancss.parser.JavaParser.UnaryExpressionNotPlusMinus(JavaParser.java:3237)
	at net.sourceforge.cobertura.javancss.parser.JavaParser.UnaryExpression(JavaParser.java:3171)
	at net.sourceforge.cobertura.javancss.parser.JavaParser.MultiplicativeExpression(JavaParser.java:3090)
	at net.sourceforge.cobertura.javancss.parser.JavaParser.AdditiveExpression(JavaParser.java:3061)
	at net.sourceforge.cobertura.javancss.parser.JavaParser.ShiftExpression(JavaParser.java:3027)
	at net.sourceforge.cobertura.javancss.parser.JavaParser.RelationalExpression(JavaParser.java:2990)
	at net.sourceforge.cobertura.javancss.parser.JavaParser.InstanceOfExpression(JavaParser.java:2977)
	at net.sourceforge.cobertura.javancss.parser.JavaParser.AssigmentExpression(JavaParser.java:2959)
	at net.sourceforge.cobertura.javancss.parser.JavaParser.EqualityExpression(JavaParser.java:2886)
	at net.sourceforge.cobertura.javancss.parser.JavaParser.AndExpression(JavaParser.java:2860)
	at net.sourceforge.cobertura.javancss.parser.JavaParser.ExclusiveOrExpression(JavaParser.java:2843)
	at net.sourceforge.cobertura.javancss.parser.JavaParser.InclusiveOrExpression(JavaParser.java:2826)
	at net.sourceforge.cobertura.javancss.parser.JavaParser.ConditionalAndExpression(JavaParser.java:2808)
	at net.sourceforge.cobertura.javancss.parser.JavaParser.ConditionalOrExpression(JavaParser.java:2790)
	at net.sourceforge.cobertura.javancss.parser.JavaParser.ConditionalExpression(JavaParser.java:2774)
	at net.sourceforge.cobertura.javancss.parser.JavaParser.Expression(JavaParser.java:2718)
	at net.sourceforge.cobertura.javancss.parser.JavaParser.ReturnStatement(JavaParser.java:4572)
	at net.sourceforge.cobertura.javancss.parser.JavaParser.Statement(JavaParser.java:3825)
	at net.sourceforge.cobertura.javancss.parser.JavaParser.BlockStatement(JavaParser.java:3984)
	at net.sourceforge.cobertura.javancss.parser.JavaParser.Block(JavaParser.java:3934)
	at net.sourceforge.cobertura.javancss.parser.JavaParser.MethodDeclaration(JavaParser.java:1987)
	at net.sourceforge.cobertura.javancss.parser.JavaParser.ClassBodyDeclaration(JavaParser.java:1039)
	at net.sourceforge.cobertura.javancss.parser.JavaParser.ClassBody(JavaParser.java:898)
	at net.sourceforge.cobertura.javancss.parser.JavaParser.UnmodifiedClassDeclaration(JavaParser.java:824)
	at net.sourceforge.cobertura.javancss.parser.JavaParser.ClassDeclaration(JavaParser.java:728)
	at net.sourceforge.cobertura.javancss.parser.JavaParser.TypeDeclaration(JavaParser.java:575)
	at net.sourceforge.cobertura.javancss.parser.JavaParser.CompilationUnit(JavaParser.java:318)
	at net.sourceforge.cobertura.javancss.parser.JavaParser.parse(JavaParser.java:100)
	at net.sourceforge.cobertura.javancss.Javancss._measureSource(Javancss.java:192)
	at net.sourceforge.cobertura.javancss.Javancss._measureRoot(Javancss.java:268)
	at net.sourceforge.cobertura.javancss.Javancss.<init>(Javancss.java:347)
	at net.sourceforge.cobertura.javancss.JavancssFactory.newInstance(JavancssFactory.java:40)
	at net.sourceforge.cobertura.reporting.ComplexityCalculator.getFunctionMetricsForSingleFile(ComplexityCalculator.java:243)
	at net.sourceforge.cobertura.reporting.ComplexityCalculator.getAccumlatedCCNForSingleFile(ComplexityCalculator.java:143)
	at net.sourceforge.cobertura.reporting.ComplexityCalculator.getCCNForSourceFileNameInternal(ComplexityCalculator.java:273)
	at net.sourceforge.cobertura.reporting.ComplexityCalculator.getCCNForPackageInternal(ComplexityCalculator.java:208)
	at net.sourceforge.cobertura.reporting.ComplexityCalculator.getCCNForProject(ComplexityCalculator.java:174)
	at net.sourceforge.cobertura.reporting.xml.XMLReport.<init>(XMLReport.java:70)
	at net.sourceforge.cobertura.reporting.xml.XMLReportFormatStrategy.save(XMLReportFormatStrategy.java:18)
	at net.sourceforge.cobertura.reporting.NativeReport.export(NativeReport.java:31)
	at net.sourceforge.cobertura.reporting.CompositeReport.export(CompositeReport.java:19)
	at net.sourceforge.cobertura.reporting.ReportMain.parseArgumentsAndReport(ReportMain.java:91)
	at net.sourceforge.cobertura.reporting.ReportMain.generateReport(ReportMain.java:141)
	at net.sourceforge.cobertura.reporting.ReportMain.main(ReportMain.java:151)
net.sourceforge.cobertura.javancss.parser.ParseException: Encountered " ">" "> "" at line 11, column 26.
Was expecting one of:
    "assert" ...
    "boolean" ...
    "byte" ...
    "char" ...
    "double" ...
    "enum" ...
    "false" ...
    "float" ...
    "int" ...
    "long" ...
    "new" ...
    "null" ...
    "short" ...
    "super" ...
    "this" ...
    "true" ...
    "void" ...
    <INTEGER_LITERAL> ...
    <FLOATING_POINT_LITERAL> ...
    <CHARACTER_LITERAL> ...
    <STRING_LITERAL> ...
    <IDENTIFIER> ...
    "(" ...
    "!" ...
    "~" ...
    "++" ...
    "--" ...
    "+" ...
    "-" ...
    
	at net.sourceforge.cobertura.javancss.parser.JavaParser.generateParseException(JavaParser.java:10490)
	at net.sourceforge.cobertura.javancss.parser.JavaParser.jj_consume_token(JavaParser.java:10366)
	at net.sourceforge.cobertura.javancss.parser.JavaParser.UnaryExpression(JavaParser.java:3175)
	at net.sourceforge.cobertura.javancss.parser.JavaParser.MultiplicativeExpression(JavaParser.java:3090)
	at net.sourceforge.cobertura.javancss.parser.JavaParser.AdditiveExpression(JavaParser.java:3085)
	at net.sourceforge.cobertura.javancss.parser.JavaParser.ShiftExpression(JavaParser.java:3027)
	at net.sourceforge.cobertura.javancss.parser.JavaParser.RelationalExpression(JavaParser.java:2990)
	at net.sourceforge.cobertura.javancss.parser.JavaParser.InstanceOfExpression(JavaParser.java:2977)
	at net.sourceforge.cobertura.javancss.parser.JavaParser.AssigmentExpression(JavaParser.java:2959)
	at net.sourceforge.cobertura.javancss.parser.JavaParser.EqualityExpression(JavaParser.java:2886)
	at net.sourceforge.cobertura.javancss.parser.JavaParser.AndExpression(JavaParser.java:2860)
	at net.sourceforge.cobertura.javancss.parser.JavaParser.ExclusiveOrExpression(JavaParser.java:2843)
	at net.sourceforge.cobertura.javancss.parser.JavaParser.InclusiveOrExpression(JavaParser.java:2826)
	at net.sourceforge.cobertura.javancss.parser.JavaParser.ConditionalAndExpression(JavaParser.java:2808)
	at net.sourceforge.cobertura.javancss.parser.JavaParser.ConditionalOrExpression(JavaParser.java:2790)
	at net.sourceforge.cobertura.javancss.parser.JavaParser.ConditionalExpression(JavaParser.java:2774)
	at net.sourceforge.cobertura.javancss.parser.JavaParser.Expression(JavaParser.java:2718)
	at net.sourceforge.cobertura.javancss.parser.JavaParser.ArgumentList(JavaParser.java:3620)
	at net.sourceforge.cobertura.javancss.parser.JavaParser.Arguments(JavaParser.java:3610)
	at net.sourceforge.cobertura.javancss.parser.JavaParser.AllocationExpression(JavaParser.java:3665)
	at net.sourceforge.cobertura.javancss.parser.JavaParser.PrimaryPrefix(JavaParser.java:3456)
	at net.sourceforge.cobertura.javancss.parser.JavaParser.PrimaryExpression(JavaParser.java:3376)
	at net.sourceforge.cobertura.javancss.parser.JavaParser.PostfixExpression(JavaParser.java:3330)
	at net.sourceforge.cobertura.javancss.parser.JavaParser.UnaryExpressionNotPlusMinus(JavaParser.java:3237)
	at net.sourceforge.cobertura.javancss.parser.JavaParser.UnaryExpression(JavaParser.java:3171)
	at net.sourceforge.cobertura.javancss.parser.JavaParser.MultiplicativeExpression(JavaParser.java:3090)
	at net.sourceforge.cobertura.javancss.parser.JavaParser.AdditiveExpression(JavaParser.java:3061)
	at net.sourceforge.cobertura.javancss.parser.JavaParser.ShiftExpression(JavaParser.java:3027)
	at net.sourceforge.cobertura.javancss.parser.JavaParser.RelationalExpression(JavaParser.java:2990)
	at net.sourceforge.cobertura.javancss.parser.JavaParser.InstanceOfExpression(JavaParser.java:2977)
	at net.sourceforge.cobertura.javancss.parser.JavaParser.AssigmentExpression(JavaParser.java:2959)
	at net.sourceforge.cobertura.javancss.parser.JavaParser.EqualityExpression(JavaParser.java:2886)
	at net.sourceforge.cobertura.javancss.parser.JavaParser.AndExpression(JavaParser.java:2860)
	at net.sourceforge.cobertura.javancss.parser.JavaParser.ExclusiveOrExpression(JavaParser.java:2843)
	at net.sourceforge.cobertura.javancss.parser.JavaParser.InclusiveOrExpression(JavaParser.java:2826)
	at net.sourceforge.cobertura.javancss.parser.JavaParser.ConditionalAndExpression(JavaParser.java:2808)
	at net.sourceforge.cobertura.javancss.parser.JavaParser.ConditionalOrExpression(JavaParser.java:2790)
	at net.sourceforge.cobertura.javancss.parser.JavaParser.ConditionalExpression(JavaParser.java:2774)
	at net.sourceforge.cobertura.javancss.parser.JavaParser.Expression(JavaParser.java:2718)
	at net.sourceforge.cobertura.javancss.parser.JavaParser.StatementExpression(JavaParser.java:4106)
	at net.sourceforge.cobertura.javancss.parser.JavaParser.Statement(JavaParser.java:3795)
	at net.sourceforge.cobertura.javancss.parser.JavaParser.BlockStatement(JavaParser.java:3984)
	at net.sourceforge.cobertura.javancss.parser.JavaParser.ConstructorDeclaration(JavaParser.java:2375)
	at net.sourceforge.cobertura.javancss.parser.JavaParser.ClassBodyDeclaration(JavaParser.java:1037)
	at net.sourceforge.cobertura.javancss.parser.JavaParser.ClassBody(JavaParser.java:898)
	at net.sourceforge.cobertura.javancss.parser.JavaParser.UnmodifiedClassDeclaration(JavaParser.java:824)
	at net.sourceforge.cobertura.javancss.parser.JavaParser.ClassDeclaration(JavaParser.java:728)
	at net.sourceforge.cobertura.javancss.parser.JavaParser.TypeDeclaration(JavaParser.java:575)
	at net.sourceforge.cobertura.javancss.parser.JavaParser.CompilationUnit(JavaParser.java:318)
	at net.sourceforge.cobertura.javancss.parser.JavaParser.parse(JavaParser.java:100)
	at net.sourceforge.cobertura.javancss.Javancss._measureSource(Javancss.java:192)
	at net.sourceforge.cobertura.javancss.Javancss._measureRoot(Javancss.java:268)
	at net.sourceforge.cobertura.javancss.Javancss.<init>(Javancss.java:347)
	at net.sourceforge.cobertura.javancss.JavancssFactory.newInstance(JavancssFactory.java:40)
	at net.sourceforge.cobertura.reporting.ComplexityCalculator.getFunctionMetricsForSingleFile(ComplexityCalculator.java:243)
	at net.sourceforge.cobertura.reporting.ComplexityCalculator.getAccumlatedCCNForSingleFile(ComplexityCalculator.java:143)
	at net.sourceforge.cobertura.reporting.ComplexityCalculator.getCCNForSourceFileNameInternal(ComplexityCalculator.java:273)
	at net.sourceforge.cobertura.reporting.ComplexityCalculator.getCCNForPackageInternal(ComplexityCalculator.java:208)
	at net.sourceforge.cobertura.reporting.ComplexityCalculator.getCCNForProject(ComplexityCalculator.java:174)
	at net.sourceforge.cobertura.reporting.xml.XMLReport.<init>(XMLReport.java:70)
	at net.sourceforge.cobertura.reporting.xml.XMLReportFormatStrategy.save(XMLReportFormatStrategy.java:18)
	at net.sourceforge.cobertura.reporting.NativeReport.export(NativeReport.java:31)
	at net.sourceforge.cobertura.reporting.CompositeReport.export(CompositeReport.java:19)
	at net.sourceforge.cobertura.reporting.ReportMain.parseArgumentsAndReport(ReportMain.java:91)
	at net.sourceforge.cobertura.reporting.ReportMain.generateReport(ReportMain.java:141)
	at net.sourceforge.cobertura.reporting.ReportMain.main(ReportMain.java:151)
net.sourceforge.cobertura.javancss.parser.ParseException: Encountered " ">" "> "" at line 21, column 26.
Was expecting one of:
    "assert" ...
    "boolean" ...
    "byte" ...
    "char" ...
    "double" ...
    "enum" ...
    "false" ...
    "float" ...
    "int" ...
    "long" ...
    "new" ...
    "null" ...
    "short" ...
    "super" ...
    "this" ...
    "true" ...
    "void" ...
    <INTEGER_LITERAL> ...
    <FLOATING_POINT_LITERAL> ...
    <CHARACTER_LITERAL> ...
    <STRING_LITERAL> ...
    <IDENTIFIER> ...
    "(" ...
    "!" ...
    "~" ...
    "++" ...
    "--" ...
    "+" ...
    "-" ...
    
	at net.sourceforge.cobertura.javancss.parser.JavaParser.generateParseException(JavaParser.java:10490)
	at net.sourceforge.cobertura.javancss.parser.JavaParser.jj_consume_token(JavaParser.java:10366)
	at net.sourceforge.cobertura.javancss.parser.JavaParser.UnaryExpression(JavaParser.java:3175)
	at net.sourceforge.cobertura.javancss.parser.JavaParser.MultiplicativeExpression(JavaParser.java:3090)
	at net.sourceforge.cobertura.javancss.parser.JavaParser.AdditiveExpression(JavaParser.java:3085)
	at net.sourceforge.cobertura.javancss.parser.JavaParser.ShiftExpression(JavaParser.java:3027)
	at net.sourceforge.cobertura.javancss.parser.JavaParser.RelationalExpression(JavaParser.java:2990)
	at net.sourceforge.cobertura.javancss.parser.JavaParser.InstanceOfExpression(JavaParser.java:2977)
	at net.sourceforge.cobertura.javancss.parser.JavaParser.AssigmentExpression(JavaParser.java:2959)
	at net.sourceforge.cobertura.javancss.parser.JavaParser.EqualityExpression(JavaParser.java:2886)
	at net.sourceforge.cobertura.javancss.parser.JavaParser.AndExpression(JavaParser.java:2860)
	at net.sourceforge.cobertura.javancss.parser.JavaParser.ExclusiveOrExpression(JavaParser.java:2843)
	at net.sourceforge.cobertura.javancss.parser.JavaParser.InclusiveOrExpression(JavaParser.java:2826)
	at net.sourceforge.cobertura.javancss.parser.JavaParser.ConditionalAndExpression(JavaParser.java:2808)
	at net.sourceforge.cobertura.javancss.parser.JavaParser.ConditionalOrExpression(JavaParser.java:2790)
	at net.sourceforge.cobertura.javancss.parser.JavaParser.ConditionalExpression(JavaParser.java:2774)
	at net.sourceforge.cobertura.javancss.parser.JavaParser.Expression(JavaParser.java:2718)
	at net.sourceforge.cobertura.javancss.parser.JavaParser.ArgumentList(JavaParser.java:3632)
	at net.sourceforge.cobertura.javancss.parser.JavaParser.Arguments(JavaParser.java:3610)
	at net.sourceforge.cobertura.javancss.parser.JavaParser.AllocationExpression(JavaParser.java:3665)
	at net.sourceforge.cobertura.javancss.parser.JavaParser.PrimaryPrefix(JavaParser.java:3456)
	at net.sourceforge.cobertura.javancss.parser.JavaParser.PrimaryExpression(JavaParser.java:3376)
	at net.sourceforge.cobertura.javancss.parser.JavaParser.PostfixExpression(JavaParser.java:3330)
	at net.sourceforge.cobertura.javancss.parser.JavaParser.UnaryExpressionNotPlusMinus(JavaParser.java:3237)
	at net.sourceforge.cobertura.javancss.parser.JavaParser.UnaryExpression(JavaParser.java:3171)
	at net.sourceforge.cobertura.javancss.parser.JavaParser.MultiplicativeExpression(JavaParser.java:3090)
	at net.sourceforge.cobertura.javancss.parser.JavaParser.AdditiveExpression(JavaParser.java:3061)
	at net.sourceforge.cobertura.javancss.parser.JavaParser.ShiftExpression(JavaParser.java:3027)
	at net.sourceforge.cobertura.javancss.parser.JavaParser.RelationalExpression(JavaParser.java:2990)
	at net.sourceforge.cobertura.javancss.parser.JavaParser.InstanceOfExpression(JavaParser.java:2977)
	at net.sourceforge.cobertura.javancss.parser.JavaParser.AssigmentExpression(JavaParser.java:2959)
	at net.sourceforge.cobertura.javancss.parser.JavaParser.EqualityExpression(JavaParser.java:2886)
	at net.sourceforge.cobertura.javancss.parser.JavaParser.AndExpression(JavaParser.java:2860)
	at net.sourceforge.cobertura.javancss.parser.JavaParser.ExclusiveOrExpression(JavaParser.java:2843)
	at net.sourceforge.cobertura.javancss.parser.JavaParser.InclusiveOrExpression(JavaParser.java:2826)
	at net.sourceforge.cobertura.javancss.parser.JavaParser.ConditionalAndExpression(JavaParser.java:2808)
	at net.sourceforge.cobertura.javancss.parser.JavaParser.ConditionalOrExpression(JavaParser.java:2790)
	at net.sourceforge.cobertura.javancss.parser.JavaParser.ConditionalExpression(JavaParser.java:2774)
	at net.sourceforge.cobertura.javancss.parser.JavaParser.Expression(JavaParser.java:2718)
	at net.sourceforge.cobertura.javancss.parser.JavaParser.ReturnStatement(JavaParser.java:4572)
	at net.sourceforge.cobertura.javancss.parser.JavaParser.Statement(JavaParser.java:3825)
	at net.sourceforge.cobertura.javancss.parser.JavaParser.BlockStatement(JavaParser.java:3984)
	at net.sourceforge.cobertura.javancss.parser.JavaParser.Block(JavaParser.java:3934)
	at net.sourceforge.cobertura.javancss.parser.JavaParser.MethodDeclaration(JavaParser.java:1987)
	at net.sourceforge.cobertura.javancss.parser.JavaParser.ClassBodyDeclaration(JavaParser.java:1039)
	at net.sourceforge.cobertura.javancss.parser.JavaParser.ClassBody(JavaParser.java:898)
	at net.sourceforge.cobertura.javancss.parser.JavaParser.UnmodifiedClassDeclaration(JavaParser.java:824)
	at net.sourceforge.cobertura.javancss.parser.JavaParser.ClassDeclaration(JavaParser.java:728)
	at net.sourceforge.cobertura.javancss.parser.JavaParser.TypeDeclaration(JavaParser.java:575)
	at net.sourceforge.cobertura.javancss.parser.JavaParser.CompilationUnit(JavaParser.java:318)
	at net.sourceforge.cobertura.javancss.parser.JavaParser.parse(JavaParser.java:100)
	at net.sourceforge.cobertura.javancss.Javancss._measureSource(Javancss.java:192)
	at net.sourceforge.cobertura.javancss.Javancss._measureRoot(Javancss.java:268)
	at net.sourceforge.cobertura.javancss.Javancss.<init>(Javancss.java:347)
	at net.sourceforge.cobertura.javancss.JavancssFactory.newInstance(JavancssFactory.java:40)
	at net.sourceforge.cobertura.reporting.ComplexityCalculator.getFunctionMetricsForSingleFile(ComplexityCalculator.java:243)
	at net.sourceforge.cobertura.reporting.ComplexityCalculator.getAccumlatedCCNForSingleFile(ComplexityCalculator.java:143)
	at net.sourceforge.cobertura.reporting.ComplexityCalculator.getCCNForSourceFileNameInternal(ComplexityCalculator.java:273)
	at net.sourceforge.cobertura.reporting.ComplexityCalculator.getCCNForPackageInternal(ComplexityCalculator.java:208)
	at net.sourceforge.cobertura.reporting.ComplexityCalculator.getCCNForProject(ComplexityCalculator.java:174)
	at net.sourceforge.cobertura.reporting.xml.XMLReport.<init>(XMLReport.java:70)
	at net.sourceforge.cobertura.reporting.xml.XMLReportFormatStrategy.save(XMLReportFormatStrategy.java:18)
	at net.sourceforge.cobertura.reporting.NativeReport.export(NativeReport.java:31)
	at net.sourceforge.cobertura.reporting.CompositeReport.export(CompositeReport.java:19)
	at net.sourceforge.cobertura.reporting.ReportMain.parseArgumentsAndReport(ReportMain.java:91)
	at net.sourceforge.cobertura.reporting.ReportMain.generateReport(ReportMain.java:141)
	at net.sourceforge.cobertura.reporting.ReportMain.main(ReportMain.java:151)

[INFO] Cobertura Report generation was successful.
[INFO] ------------------------------------------------------------------------
[INFO] BUILD SUCCESS
[INFO] ------------------------------------------------------------------------
[INFO] Total time: 19.465 s
[INFO] Finished at: 2020-01-10T02:38:55Z
[INFO] Final Memory: 25M/166M
[INFO] ------------------------------------------------------------------------
[8mha:////4FlatLSHTA/iyV1s9wN8mBUurafyPj32LI0OcG2hCykiAAAApR+LCAAAAAAAAP9tjTEOwjAQBC9BFLSUPOIigUSDqNJabniBiY1xYt0Z2yGpeBFf4w8EIlGxxWpnm3m+YJkiHDlabA11jlLjMPjeTgsHjt3F84Atn7FhSuwNSjNI1qaeUXI2MKcoYSFgZajxnBzZDGvRqruqvCJbnXKcvoOA0ukbPKAQkzmrmL8wRthce52Yfp6/AhhDyFDu9p/avgEjVhSLvgAAAA==[0m[Pipeline] }
[INFO] Sensor JavaSquidSensor [java]
[INFO] Configured Java source version (sonar.java.source): 8
[INFO] JavaClasspath initialization
[WARNING] Bytecode of dependencies was not provided for analysis of source files, you might end up with less precise results. Bytecode can be provided using sonar.java.libraries property.
[INFO] JavaClasspath initialization (done) | time=20ms
[INFO] JavaTestClasspath initialization
[INFO] JavaTestClasspath initialization (done) | time=1ms
[INFO] Java Main Files AST scan
[INFO] 20 source files to be analyzed
[INFO] Load project repositories
[INFO] Load project repositories (done) | time=36ms
[INFO] 20/20 source files have been analyzed
[INFO] Java Main Files AST scan (done) | time=2251ms
[INFO] Java Test Files AST scan
[INFO] 13 source files to be analyzed
[INFO] 13/13 source files have been analyzed
[INFO] Java Test Files AST scan (done) | time=697ms
[INFO] Sensor JavaSquidSensor [java] (done) | time=4120ms
[INFO] Sensor JaCoCo XML Report Importer [jacoco]
[INFO] Sensor JaCoCo XML Report Importer [jacoco] (done) | time=5ms
[INFO] Sensor SurefireSensor [java]
[INFO] parsing [/var/jenkins_home/jobs/pipeline-script-from-scm/workspace/target/surefire-reports]
[INFO] Sensor SurefireSensor [java] (done) | time=78ms
[INFO] Sensor JaCoCoSensor [java]
[INFO] Sensor JaCoCoSensor [java] (done) | time=1ms
[INFO] Sensor JavaXmlSensor [java]
[INFO] 1 source files to be analyzed
[INFO] 1/1 source files have been analyzed
[INFO] Sensor JavaXmlSensor [java] (done) | time=292ms
[INFO] Sensor HTML [web]
[INFO] Sensor HTML [web] (done) | time=23ms
[INFO] Sensor XML Sensor [xml]
[INFO] 1 source files to be analyzed
[INFO] Sensor XML Sensor [xml] (done) | time=254ms
[INFO] 1/1 source files have been analyzed
[INFO] ------------- Run sensors on project
[INFO] Sensor Zero Coverage Sensor
[INFO] Sensor Zero Coverage Sensor (done) | time=17ms
[INFO] Sensor Java CPD Block Indexer
[INFO] Sensor Java CPD Block Indexer (done) | time=56ms
[INFO] 16 files had no CPD blocks
[INFO] Calculating CPD for 4 files
[INFO] CPD calculation finished
[INFO] Analysis report generated in 161ms, dir size=136 KB
[INFO] Analysis report compressed in 151ms, zip size=67 KB
[INFO] Analysis report uploaded in 142ms
[INFO] ANALYSIS SUCCESSFUL, you can browse http://172.21.96.1:9004/dashboard?id=ken%3Aberlin-clock
[INFO] Note that you will be able to access the updated dashboard once the server has processed the submitted analysis report
[INFO] More about the report processing at http://172.21.96.1:9004/api/ce/task?id=AW-NUbxv60HdSCUiXrgQ
[INFO] Analysis total time: 18.828 s
[INFO] ------------------------------------------------------------------------
[INFO] BUILD SUCCESS
[INFO] ------------------------------------------------------------------------
[INFO] Total time: 25.426 s
[INFO] Finished at: 2020-01-10T02:39:01Z
[INFO] Final Memory: 29M/282M
[INFO] ------------------------------------------------------------------------
[8mha:////4JMok42QXcK/TLuMhfncsbspFYqjmkDjxw1FJOn7AxZaAAAApB+LCAAAAAAAAP9tjTESwiAURH/iWNhaeghSpLBwrGwZGk+ACSKE+Z8AkVSeyKt5B9HMWLnFzr5t3vMF6xjgSEEzq3AwGDvDvJt0WSxTGK6OMrN0YR1hJKeYUFlQr04LCkoKllQ1rDhsFHaOokGdYMutvMvGSdTNOYXyHTjUph/hARUv5iRD+sIcYHeb+kj48/wVwOx9grrdf6p9AxC1Tze+AAAA[0m[Pipeline] }
[8mha:////4IhNxpl7EMAtKMEMUc2mHJWqvJIGjxe+0juafCgpgX4gAAAApR+LCAAAAAAAAP9tjTEOwjAQBC9BFLSUPOKCRIOEqNJabniBiY1xYt0Z2yGpeBFf4w8EIlGxxWpnm3m+YJkiHDlabA11jlLjMPjeTgsHjt3F84Atn7FhSuwNSjNI1qaeUXI2MKcoYSFgZajxnBzZDGvRqruqvCJbnXKcvoOA0ukbPKAQkzmrmL8wRthce52Yfp6/AhhDyFDu9p/avgF/VhBfvgAAAA==[0m[Pipeline] // parallel
Post stage
[8mha:////4EQNaPn/IL4tTxP4lMaE+L/888yv6cSobQoOoPmz+6rvAAAApR+LCAAAAAAAAP9tjTEOwjAQBC9BFLSUPOIiQRUhqrRWGl5gYmOcWHfGdkgqXsTX+AMWkajYYrWzzbzesI4BThwM9poGS7Gz6N1o8sKJw3B1PGHPF+yYIjuNrZ5aVrpZsOWkYUlRwkrARlPnOFoyCbailw9ZOUmmOqeQv6OA0qo7PKEQ2ZxkSF+YA+xuo4pMP89fAcw+Qbmvcx1q/wGERntovgAAAA==[0m[Pipeline] junit
Recording test results
[8mha:////4MGkboqAcd59MpyV5m1nYHFKJl1Sd+nB+YqR3AcxJtsWAAAApR+LCAAAAAAAAP9tjTEOwjAQBC9BFLSUPOKCEA1CqWgtN7zAJMY4se6C7eBUvIiv8QcsIlGxxWpnm3m9YRk81OwNdpp6S6GxOLjR5IWJfX91nLDjCzZMgZ1GqZPkVp9mlBw1zClKWAhYaWocB0smwlp06qEqp8hU5+jzdxRQ2vYOTyhENkfl4xcmD5vb2Aamn+evAKYhQrk75Npvhw9I6/a8vgAAAA==[0m[Pipeline] cobertura
[Cobertura] Publishing Cobertura coverage report...

[Cobertura] Publishing Cobertura coverage results...

[Cobertura] Cobertura coverage report found.

[8mha:////4OfQVeHiu7pR17EpQbMzeLweAWGmcwGowABEbVIXBuP8AAAApR+LCAAAAAAAAP9tjTEOwjAQBC9BFLSUPOIiEA1CqWgtN7zAJMY4se6C7eBUvIiv8QcsIlGxxWpnm3m9YRk81OwNdpp6S6GxOLjR5IWJfX91nLDjCzZMgZ1GqZPkVp9mlBw1zClKWAhYaWocB0smwlp06qEqp8hU5+jzdxRQ2vYOTyhENkfl4xcmD5vb2Aamn+evAKZhiFDut7l2hw/csH/dvgAAAA==[0m[Pipeline] }
[8mha:////4Khnsr6Yh+r/fT1/Z56XME3rQZIbvyu8liZBXNnvyQw3AAAAph+LCAAAAAAAAP9tjTEOwjAQBC9BFLSUPOIiRRRIiCqtlYYXmNgYJ9adsR2SihfxNf6ARSQqtljtbDOvN6xjgBMHg72mwVLsLHo3mrxw4jBcHU/Y8wU7pshOY6unlpVuFmw5aVhSlLASsNHUOY6WTIKt6OVDVk6Sqc4p5O8ooLTqDk8oRDYnGdIX5gC726gi08/zVwCz9wnKfZ2rPnwA5PLsLL4AAAA=[0m[Pipeline] // withEnv
[8mha:////4MGh8YKRrgUkquW2lFuQwbPwigXnX7Pn9YcBSwDPySo3AAAApB+LCAAAAAAAAP9tjTEOwjAQBC9BFLSUPMKRCB2iSmul4QUmPowT687YDknFi/gaf8AiEhVbrHa2mdcb1jHAiYMRPdJgKXZWeDeavMTEYbg6nkTPF9ExRXYoWpxa1tgs2HJCWFKUsJKwQeocR0smwVb26qEqp8hU5xTyd5RQWn2HJxQym5MK6QtzgN1t1JHp5/krgNn7BOWhzrWvP8n4YnC+AAAA[0m[Pipeline] }
[8mha:////4PrsgANgDDc/+O417bRpL35oWWfv7Flx+fpo7KXNwCCRAAAApB+LCAAAAAAAAP9tjTEOwjAQBC9BFLSUPMKRonSIitZKwwtMbIwT686xLyQVL+Jr/AGLSFRssdrZZl5v2KYIJ4pW9AYHh6lzIvjJ5iVmisPN0yx6uoqOMJE3ojVzS9qcV2yJDawpSthI2BnsPCWHlmEve/VQlVdoqwvH/B0llE6P8IRCZjOryF9YIhzuk06EP89fASwhMJRNk6uuP+f4YBq+AAAA[0m[Pipeline] // stage
[8mha:////4P64cEJ0o2uuUVq2uCWIDJR5M7i5SmqPKIhBgDPhC3doAAAAqB+LCAAAAAAAAP9tjTEOwjAUQ3+LOrAycohUIJhQJ9aoCycITQhJo/9LkpJOnIircQcClZjwYNmWrPd8QRU8NOQ1swp7g6EzbHCjzokl8v3FUWKWzqwjDOQUa1VqSarjXFuKCmYVJSw4LBV2joJBHWHFrbiL2gnU9Sn6vB04lEbe4AEFz+QofPyWycP6OspA+OP8BcA0RCi3m2y7/edZvQGAwQmjwgAAAA==[0m[Pipeline] stage
[8mha:////4IS7XDMraaqHPNkYSEcuF2R6wwDKR7zOsuPz0DnSF7g/AAAApx+LCAAAAAAAAP9tjTEOwjAUQ3+LOrAycoh0ARbE1DXKwglCE0La6P/yk9JOnIircQdaKjHhwbItWe/1hiIynIidaCy2HmPtRRd6NyUxELfXQINo6CJqwkjBCmUHRcZWS1WULCzKclhJWFusA0WPLsFGNvqhy6DRlefE03aUkHtzhydkciInzelbRobtrTeR8Mf5C4CxS5Dv9rMd5mfxAUxleXrCAAAA[0m[Pipeline] { (deploy)
[8mha:////4JSH0T8hzrKXFjvUflP69qWRcPxvD20JErdkX5D2LoXCAAAApB+LCAAAAAAAAP9tjTEOwjAQBC9BFLSUPOLSICgQVVrLDS8wsTFOrDtjOyQVL+Jr/IFAJCq2WO1sM88XLFOEI0eLraHOUWocBt/baeHAsbt4HrDlMzZMib1BaQbJ2tQzSs4G5hQlLASsDDWekyObYS1adVeVV2SrU47TdxBQOn2DBxRiMmcV8xfGCJtrrxPTz/NXAGPIUG53n9qHN+EEkMO+AAAA[0m[Pipeline] tool
[8mha:////4I7mZJHJfbRAyIRJmDPdnnallgseVvw0SyZykTTUPyC6AAAApR+LCAAAAAAAAP9tjTEOwjAQBC9BFLSUPOLSIISEqNJabniBiY1xYt0Z2yGpeBFf4w8EIlGxxWpnm3m+YJkiHDlabA11jlLjMPjeTgsHjt3F84Atn7FhSuwNSjNI1qaeUXI2MKcoYSFgZajxnBzZDGvRqruqvCJbnXKcvoOA0ukbPKAQkzmrmL8wRthce52Yfp6/AhhDhnK7+9Q+vAEuGAhEvgAAAA==[0m[Pipeline] envVarsForTool
[8mha:////4DAHpUZ5JOWe9BRFOEP8UVzvp/c/TiAOIPG+LyYXgEWfAAAApR+LCAAAAAAAAP9tjTEOwjAQBC9BFLSUPOLSICSEqNJabniBiY1xYt0Z2yGpeBFf4w8EIlGxxWpnm3m+YJkiHDlabA11jlLjMPjeTgsHjt3F84Atn7FhSuwNSjNI1qaeUXI2MKcoYSFgZajxnBzZDGvRqruqvCJbnXKcvoOA0ukbPKAQkzmrmL8wRthce52Yfp6/AhhDhnK7+9Q+vAFvKRNdvgAAAA==[0m[Pipeline] tool
[8mha:////4Nsv3NAHhmUmqZMVvjqaFzdB3AcvOBeplR2akt8Apy9uAAAApR+LCAAAAAAAAP9tjTEOwjAQBC9BFLSUPOJCATQoFa3lhheYxBgn1l2wHZyKF/E1/oBFJCq2WO1sM683LIOHmr3BTlNvKTQWBzeavDCx76+OE3Z8wYYpsNModZLc6tOMkqOGOUUJCwErTY3jYMlEWItOPVTlFJnqHH3+jgJK297hCYXI5qh8/MLkYXMb28D08/wVwDREKHeHXPvt8AER+BONvgAAAA==[0m[Pipeline] envVarsForTool
[8mha:////4E90Qfwfl/s8+DLqL2DvFirnyHuqIe7G0cgHwNjsSC43AAAAqB+LCAAAAAAAAP9tjTEOwjAUQ3+LOrAycohUSMCCOrFGXThBaEJIGv1fkpR04kRcjTsQqMSEB8u2ZL3nC6rgoSGvmVXYGwydYYMbdU4ske8vjhKzdGYdYSCnWKtSS1Id59pSVDCrKGHBYamwcxQM6ggrbsVd1E6grk/R5+3AoTTyBg8oeCZH4eO3TB7W11EGwh/nLwCmIUK53WfbbT7P6g1BOOlYwgAAAA==[0m[Pipeline] withEnv
[8mha:////4Ii3yeTKzdxn4l6yXvGBnxRnFLuIC9d+fXDizpQ0idRkAAAApx+LCAAAAAAAAP9tjTEOwjAUQ3+LOrAycohUIDEhpq5RFk4QmhDSRv+Xn5R24kRcjTvQUokJD5ZtyXqvNxSR4UTsRGOx9RhrL7rQuymJgbi9BhpEQxdRE0YKVig7KDK2WqqiZGFRlsNKwtpiHSh6dAk2stEPXQaNrjwnnrajhNybOzwhkxM5aU7fMjJsb72JhD/OXwCMXYL8sJttPz+LDwMT42zCAAAA[0m[Pipeline] {
[8mha:////4D6QYfDMs2ywd/VAIl8J8FS0lEiRfLKRKfgoqld7QvQ0AAAApB+LCAAAAAAAAP9tjTEOwjAQBC9BFLSUPOIigagQVVrLDS8wsTFOrDtjOyQVL+Jr/IFAJCq2WO1sM88XLFOEI0eLraHOUWocBt/baeHAsbt4HrDlMzZMib1BaQbJ2tQzSs4G5hQlLASsDDWekyObYS1adVeVV2SrU47TdxBQOn2DBxRiMmcV8xfGCJtrrxPTz/NXAGPIUO63n9qFN1+P256+AAAA[0m[Pipeline] sh
+ mvn deploy -DskipTests
[INFO] Scanning for projects...
[INFO] 
[INFO] ------------------------------------------------------------------------
[INFO] Building berlin-clock 1.1-SNAPSHOT
[INFO] ------------------------------------------------------------------------
[INFO] 
[INFO] --- maven-resources-plugin:2.6:resources (default-resources) @ berlin-clock ---
[INFO] Using 'UTF-8' encoding to copy filtered resources.
[INFO] skip non existing resourceDirectory /var/jenkins_home/jobs/pipeline-script-from-scm/workspace/src/main/resources
[INFO] 
[INFO] --- maven-compiler-plugin:3.1:compile (default-compile) @ berlin-clock ---
[INFO] Nothing to compile - all classes are up to date
[INFO] 
[INFO] --- maven-resources-plugin:2.6:testResources (default-testResources) @ berlin-clock ---
[INFO] Using 'UTF-8' encoding to copy filtered resources.
[INFO] skip non existing resourceDirectory /var/jenkins_home/jobs/pipeline-script-from-scm/workspace/src/test/resources
[INFO] 
[INFO] --- maven-compiler-plugin:3.1:testCompile (default-testCompile) @ berlin-clock ---
[INFO] Nothing to compile - all classes are up to date
[INFO] 
[INFO] --- maven-surefire-plugin:2.12.4:test (default-test) @ berlin-clock ---
[INFO] Tests are skipped.
[INFO] 
[INFO] --- maven-jar-plugin:2.4:jar (default-jar) @ berlin-clock ---
[INFO] Building jar: /var/jenkins_home/jobs/pipeline-script-from-scm/workspace/target/berlin-clock-1.1-SNAPSHOT.jar
[INFO] 
[INFO] --- maven-install-plugin:2.4:install (default-install) @ berlin-clock ---
[INFO] Installing /var/jenkins_home/jobs/pipeline-script-from-scm/workspace/target/berlin-clock-1.1-SNAPSHOT.jar to /var/jenkins_home/.m2/repository/ken/berlin-clock/1.1-SNAPSHOT/berlin-clock-1.1-SNAPSHOT.jar
[INFO] Installing /var/jenkins_home/jobs/pipeline-script-from-scm/workspace/pom.xml to /var/jenkins_home/.m2/repository/ken/berlin-clock/1.1-SNAPSHOT/berlin-clock-1.1-SNAPSHOT.pom
[INFO] 
[INFO] --- maven-deploy-plugin:2.7:deploy (default-deploy) @ berlin-clock ---
Downloading: http://172.21.96.1:8081/artifactory/example-repo-local/ken/berlin-clock/1.1-SNAPSHOT/maven-metadata.xml
[WARNING] Could not transfer metadata ken:berlin-clock:1.1-SNAPSHOT/maven-metadata.xml from/to artifactory (http://172.21.96.1:8081/artifactory/example-repo-local/): Not authorized , ReasonPhrase:Unauthorized.
[INFO] ------------------------------------------------------------------------
[INFO] BUILD FAILURE
[INFO] ------------------------------------------------------------------------
[INFO] Total time: 4.276 s
[INFO] Finished at: 2020-01-10T02:39:09Z
[INFO] Final Memory: 13M/138M
[INFO] ------------------------------------------------------------------------
[ERROR] Failed to execute goal org.apache.maven.plugins:maven-deploy-plugin:2.7:deploy (default-deploy) on project berlin-clock: Failed to retrieve remote metadata ken:berlin-clock:1.1-SNAPSHOT/maven-metadata.xml: Could not transfer metadata ken:berlin-clock:1.1-SNAPSHOT/maven-metadata.xml from/to artifactory (http://172.21.96.1:8081/artifactory/example-repo-local/): Not authorized , ReasonPhrase:Unauthorized. -> [Help 1]
[ERROR] 
[ERROR] To see the full stack trace of the errors, re-run Maven with the -e switch.
[ERROR] Re-run Maven using the -X switch to enable full debug logging.
[ERROR] 
[ERROR] For more information about the errors and possible solutions, please read the following articles:
[ERROR] [Help 1] http://cwiki.apache.org/confluence/display/MAVEN/MojoExecutionException
[8mha:////4PAbMYDnRP0DxOtJvGWiV6gfSGYdpXUr3GMASLfM5Qh1AAAApB+LCAAAAAAAAP9tjTEOwjAQBC9BFLSUPOIiIagQVVrLDS8wsTFOrDtjOyQVL+Jr/IFAJCq2WO1sM88XLFOEI0eLraHOUWocBt/baeHAsbt4HrDlMzZMib1BaQbJ2tQzSs4G5hQlLASsDDWekyObYS1adVeVV2SrU47TdxBQOn2DBxRiMmcV8xfGCJtrrxPTz/NXAGMIGcr97lPbN5RlVvO+AAAA[0m[Pipeline] }
[8mha:////4MoghZPZK9P/xxmBNgEyn57A7j1I+bIHKHb7rGSQg9TZAAAApB+LCAAAAAAAAP9tjTEOwjAQBC9BFLSUPOIiilSIitZKwwtMYowd686xHZyKF/E1/kAgEhVbrHa2mecL1jHAkYNGq6g3FFuD3o16Xpg59FfHGS1fsGWK7BQ2KjfcqdOCDScFS4oSVgI2ilrH0ZBOsBVW3mXlJOnqnML8HQSUphvgAYWYzUmG9IUpwO42dpHp5/krgMn7BGVdf2r/BovnA6G+AAAA[0m[Pipeline] // withEnv
[8mha:////4JCwAQxCONQkF/SB9auqZKDxOLPAHeFPqEYzL+ukwB3KAAAApB+LCAAAAAAAAP9tjTEOwjAQBC9BFLSUPOLSQBpEldZKwwtMbIwT687YDknFi/gaf8AiEhVbrHa2mdcb1jHAiYPBXtNgKXYWvRtNXjhxGK6OJ+z5gh1TZKex1VPLSjcLtpw0LClKWAnYaOocR0smwVb08iErJ8lU5xTydxRQWnWHJxQim5MM6QtzgN1tVJHp5/krgNn7BOWhzrWvP8cx6KC+AAAA[0m[Pipeline] }
[8mha:////4G+/4y6mSO4UKr+ZKeanhvgaiG6uyPjxbHt2xLUqf4YRAAAApR+LCAAAAAAAAP9tjTEOwjAQBC9BFLSUPMJpiCgQVVorDS8w8WGcWHfGdkgqXsTX+AMWkajYYrWzzbzesI4BThyM6JEGS7GzwrvR5CUmDsPV8SR6voiOKbJD0eLUssZmwZYTwpKihJWEDVLnOFoyCbayVw9VOUWmOqeQv6OE0uo7PKGQ2ZxUSF+YA+xuo45MP89fAczeJyjrQ659/QHYs73yvgAAAA==[0m[Pipeline] // stage
[8mha:////4Np0FH9zkQ95U7HBsYCVqzikYB8wAj/S0mb3ktRJxISvAAAAph+LCAAAAAAAAP9tjTEOwjAQBC9BFLSUPOIikJCQUCpayw0vMIkxTqy7YDs4FS/ia/wBi0hUbLHa2WZeb1gGDzV7g52m3lJoLA5uNHlhYt9fHSfs+IINU2CnUeokudWnGSVHDXOKEhYCVpoax8GSibAWnXqoyiky1Tn6/B0FlLa9wxMKkc1R+fiFycPmNraB6ef5K4BpGCKU+0Ou3fYDkmLcUr4AAAA=[0m[Pipeline] }
[8mha:////4LEOg98sdOUshW0LUUxsUSNlrj/VzEl/C6/xTiqPDR2fAAAAph+LCAAAAAAAAP9tjTEOwjAQBC9BFLSUPOKCkCgQSkVrueEFJjHGiXUXbAen4kV8jT9gEYmKLVY728zrDcvgoWZvsNPUWwqNxcGNJi9M7Pur44QdX7BhCuw0Sp0kt/o0o+SoYU5RwkLASlPjOFgyEdaiUw9VOUWmOkefv6OA0rZ3eEIhsjkqH78wedjcxjYw/Tx/BTANQ4Ryf8i1234AoYGH7r4AAAA=[0m[Pipeline] // withEnv
[8mha:////4JfrRd6dPk0qw3Z4FZprf4xPdfjMATD2B9ymakJ15r62AAAApB+LCAAAAAAAAP9tjTEOwjAQBC9BFLSUPMIhDQ2iSmul4QUmPowT687YDknFi/gaf8AiEhVbrHa2mdcb1jHAiYMRPdJgKXZWeDeavMTEYbg6nkTPF9ExRXYoWpxa1tgs2HJCWFKUsJKwQeocR0smwVb26qEqp8hU5xTyd5RQWn2HJxQym5MK6QtzgN1t1JHp5/krgNn7BOVhn6uuP6GpSqS+AAAA[0m[Pipeline] }
[8mha:////4OG6vxDYez7LkiI5uwl+MTAJLRReCojwVbOzBYYDFwGAAAAApB+LCAAAAAAAAP9tjTEOwjAQBC9BFLSUPMIhDQ2iSmul4QUmPowT687YDknFi/gaf8AiEhVbrHa2mdcb1jHAiYMRPdJgKXZWeDeavMTEYbg6nkTPF9ExRXYoWpxa1tgs2HJCWFKUsJKwQeocR0smwVb26qEqp8hU5xTyd5RQWn2HJxQym5MK6QtzgN1t1JHp5/krgNn7BOWhzlXvP5JKERi+AAAA[0m[Pipeline] // withEnv
[8mha:////4M8wzKqetZO23NlDnyQXFvkGA5K15bdJkOJtf9Da2Tl3AAAApB+LCAAAAAAAAP9tjTEOwjAQBDdBFLSUPMKREKJBVLRWGl5gEmOcWHfBvpBUvIiv8QciIlGx1c4083pjmSKOHJ1qLLWeUuVVF3o3PTVwbK+BB9XwRVVMiYNVpR1Kru1pxpLFYl6WY6GxslQFTp6cYK0b8zBFMOSKs8TJHTRyX9/xRKanspgoXxgjNre+Tky/zt8Axq4T5PutINt9AF1IgLW9AAAA[0m[Pipeline] }
[8mha:////4MdTuwKhn9IlGs7oAXLfh5vRwz9WbtbACybZe8dt0bPuAAAAox+LCAAAAAAAAP9tjbEOgjAURS8YB1dHP6IMJC7GybVh8Qsq1Fpo3sP2IUx+kb/mP0gkcfJO95zlvN5Yp4gjR6daS52nVHvVh8HNT40cu2vgUbV8UTVT4mBVZceKG3tasGKxWJblWGlsLNWBkycn2OrWPEwRDLniLHF2B43cN3c8kem5LCbKF6aI3W1oEtOv8zeAqe8F+b4UZOUHTvSEFr0AAAA=[0m[Pipeline] // node
[8mha:////4M6VuK3oMSl+7wWEKuhnDKZDcrI8jYhvEBHcsxa7wG71AAAApB+LCAAAAAAAAP9tjTEOwjAQBDdBFLSUPMKREKJBVLRWGl5gEmOcWHfBvpBUvIiv8QciIlGx1c4083pjmSKOHJ1qLLWeUuVVF3o3PTVwbK+BB9XwRVVMiYNVpR1Kru1pxpLFYl6WY6GxslQFTp6cYK0b8zBFMOSKs8TJHTRyX9/xRKanspgoXxgjNre+Tky/zt8Axq4T5PudINt+AMgYo9O9AAAA[0m[Pipeline] End of Pipeline
ERROR: script returned exit code 1
Finished: FAILURE
